# JRE version: OpenJDK Runtime Environment (25.0+36) (build 25+36-3489)
# Java VM: OpenJDK 64-Bit Server VM (25+36-3489, mixed mode, sharing, tiered, compressed oops, compressed class ptrs, g1 gc, windows-amd64)
GC Precious Log:
 CardTable entry size: 512
 Card Set container configuration: InlinePtr #cards 4 size 8 Array Of Cards #cards 16 size 48 Howl #buckets 8 coarsen threshold 3686 Howl Bitmap #cards 512 size 80 coarsen threshold 460 Card regions per heap region 1 cards per card region 4096
 CPUs: 12 total, 12 available
 Memory: 16027M
 Large Page Support: Disabled
 NUMA Support: Disabled
 Compressed Oops: Enabled (Zero based)
 Heap Region Size: 2M
 Heap Min Capacity: 8M
 Heap Initial Capacity: 252M
 Heap Max Capacity: 4008M
 Pre-touch: Disabled
 Parallel Workers: 10
 Concurrent Workers: 3
 Concurrent Refinement Workers: 10
 Periodic GC: Disabled
Heap:
 garbage-first heap   total reserved 4104192K, committed 342016K, used 253386K [0x0000000705800000, 0x0000000800000000)
  region size 2048K, 28 young (57344K), 2 survivors (4096K)
GC Heap Usage History (20 events):
Event: 23.105 {heap Before GC invocations=6 (full 0):
 garbage-first heap   total reserved 4104192K, committed 280576K, used 252610K [0x0000000705800000, 0x0000000800000000)
  region size 2048K, 32 young (65536K), 5 survivors (10240K)
}
Event: 23.114 {heap After GC invocations=7 (full 0):
 garbage-first heap   total reserved 4104192K, committed 280576K, used 200291K [0x0000000705800000, 0x0000000800000000)
  region size 2048K, 3 young (6144K), 3 survivors (6144K)
}
Event: 24.489 {heap Before GC invocations=7 (full 0):
 garbage-first heap   total reserved 4104192K, committed 280576K, used 255587K [0x0000000705800000, 0x0000000800000000)
  region size 2048K, 30 young (61440K), 3 survivors (6144K)
}
Event: 24.493 {heap After GC invocations=8 (full 0):
 garbage-first heap   total reserved 4104192K, committed 280576K, used 200114K [0x0000000705800000, 0x0000000800000000)
  region size 2048K, 1 young (2048K), 1 survivors (2048K)
}
Event: 26.528 {heap Before GC invocations=9 (full 0):
 garbage-first heap   total reserved 4104192K, committed 337920K, used 257458K [0x0000000705800000, 0x0000000800000000)
  region size 2048K, 29 young (59392K), 1 survivors (2048K)
}
Event: 26.531 {heap After GC invocations=10 (full 0):
 garbage-first heap   total reserved 4104192K, committed 337920K, used 200106K [0x0000000705800000, 0x0000000800000000)
  region size 2048K, 1 young (2048K), 1 survivors (2048K)
}
Event: 29.352 {heap Before GC invocations=10 (full 0):
 garbage-first heap   total reserved 4104192K, committed 337920K, used 310698K [0x0000000705800000, 0x0000000800000000)
  region size 2048K, 56 young (114688K), 1 survivors (2048K)
}
Event: 29.354 {heap After GC invocations=11 (full 0):
 garbage-first heap   total reserved 4104192K, committed 337920K, used 198390K [0x0000000705800000, 0x0000000800000000)
  region size 2048K, 1 young (2048K), 1 survivors (2048K)
}
Event: 32.378 {heap Before GC invocations=11 (full 0):
 garbage-first heap   total reserved 4104192K, committed 337920K, used 317174K [0x0000000705800000, 0x0000000800000000)
  region size 2048K, 59 young (120832K), 1 survivors (2048K)
}
Event: 32.379 {heap After GC invocations=12 (full 0):
 garbage-first heap   total reserved 4104192K, committed 337920K, used 198391K [0x0000000705800000, 0x0000000800000000)
  region size 2048K, 1 young (2048K), 1 survivors (2048K)
}
Event: 44.597 {heap Before GC invocations=13 (full 0):
 garbage-first heap   total reserved 4104192K, committed 337920K, used 319223K [0x0000000705800000, 0x0000000800000000)
  region size 2048K, 59 young (120832K), 1 survivors (2048K)
}
Event: 44.603 {heap After GC invocations=14 (full 0):
 garbage-first heap   total reserved 4104192K, committed 337920K, used 202701K [0x0000000705800000, 0x0000000800000000)
  region size 2048K, 2 young (4096K), 2 survivors (4096K)
}
Event: 65.294 {heap Before GC invocations=14 (full 0):
 garbage-first heap   total reserved 4104192K, committed 337920K, used 317389K [0x0000000705800000, 0x0000000800000000)
  region size 2048K, 58 young (118784K), 2 survivors (4096K)
}
Event: 65.297 {heap After GC invocations=15 (full 0):
 garbage-first heap   total reserved 4104192K, committed 337920K, used 202464K [0x0000000705800000, 0x0000000800000000)
  region size 2048K, 2 young (4096K), 2 survivors (4096K)
}
Event: 102.602 {heap Before GC invocations=15 (full 0):
 garbage-first heap   total reserved 4104192K, committed 337920K, used 317152K [0x0000000705800000, 0x0000000800000000)
  region size 2048K, 58 young (118784K), 2 survivors (4096K)
}
Event: 102.604 {heap After GC invocations=16 (full 0):
 garbage-first heap   total reserved 4104192K, committed 337920K, used 202490K [0x0000000705800000, 0x0000000800000000)
  region size 2048K, 2 young (4096K), 2 survivors (4096K)
}
Event: 140.876 {heap Before GC invocations=17 (full 0):
 garbage-first heap   total reserved 4104192K, committed 342016K, used 317178K [0x0000000705800000, 0x0000000800000000)
  region size 2048K, 58 young (118784K), 2 survivors (4096K)
}
Event: 140.887 {heap After GC invocations=18 (full 0):
 garbage-first heap   total reserved 4104192K, committed 342016K, used 202251K [0x0000000705800000, 0x0000000800000000)
  region size 2048K, 2 young (4096K), 2 survivors (4096K)
}
Event: 182.367 {heap Before GC invocations=18 (full 0):
 garbage-first heap   total reserved 4104192K, committed 342016K, used 321035K [0x0000000705800000, 0x0000000800000000)
  region size 2048K, 60 young (122880K), 2 survivors (4096K)
}
Event: 182.373 {heap After GC invocations=19 (full 0):
 garbage-first heap   total reserved 4104192K, committed 342016K, used 202186K [0x0000000705800000, 0x0000000800000000)
  region size 2048K, 2 young (4096K), 2 survivors (4096K)
}

