# JRE version: Java(TM) SE Runtime Environment (21.0.8+12) (build 21.0.8+12-LTS-250)
# Java VM: Java HotSpot(TM) 64-Bit Server VM (21.0.8+12-LTS-250, mixed mode, sharing, tiered, compressed oops, compressed class ptrs, g1 gc, windows-amd64)
GC Precious Log:
 CardTable entry size: 512
 Card Set container configuration: InlinePtr #cards 5 size 8 Array Of Cards #cards 12 size 40 Howl #buckets 4 coarsen threshold 1843 Howl Bitmap #cards 512 size 80 coarsen threshold 460 Card regions per heap region 1 cards per card region 2048
 CPUs: 4 total, 4 available
 Memory: 8061M
 Large Page Support: Disabled
 NUMA Support: Disabled
 Compressed Oops: Enabled (32-bit)
 Heap Region Size: 1M
 Heap Min Capacity: 8M
 Heap Initial Capacity: 126M
 Heap Max Capacity: 2016M
 Pre-touch: Disabled
 Parallel Workers: 4
 Concurrent Workers: 1
 Concurrent Refinement Workers: 4
 Periodic GC: Disabled
Heap:
 garbage-first heap   total 357376K, used 269807K [0x0000000082000000, 0x0000000100000000)
  region size 1024K, 68 young (69632K), 4 survivors (4096K)
 Metaspace       used 22280K, committed 22528K, reserved 1114112K
  class space    used 2777K, committed 2880K, reserved 1048576K
GC Heap History (20 events):
Event: 229.389 GC heap before
{Heap before GC invocations=33 (full 0):
 garbage-first heap   total 129024K, used 90876K [0x0000000082000000, 0x0000000100000000)
  region size 1024K, 76 young (77824K), 1 survivors (1024K)
 Metaspace       used 13706K, committed 13952K, reserved 1114112K
  class space    used 1418K, committed 1536K, reserved 1048576K
}
Event: 229.390 GC heap after
{Heap after GC invocations=34 (full 0):
 garbage-first heap   total 129024K, used 15108K [0x0000000082000000, 0x0000000100000000)
  region size 1024K, 1 young (1024K), 1 survivors (1024K)
 Metaspace       used 13706K, committed 13952K, reserved 1114112K
  class space    used 1418K, committed 1536K, reserved 1048576K
}
Event: 231.069 GC heap before
{Heap before GC invocations=34 (full 0):
 garbage-first heap   total 129024K, used 106244K [0x0000000082000000, 0x0000000100000000)
  region size 1024K, 50 young (51200K), 1 survivors (1024K)
 Metaspace       used 15038K, committed 15296K, reserved 1114112K
  class space    used 1680K, committed 1792K, reserved 1048576K
}
Event: 231.072 GC heap after
{Heap after GC invocations=35 (full 0):
 garbage-first heap   total 129024K, used 67194K [0x0000000082000000, 0x0000000100000000)
  region size 1024K, 10 young (10240K), 10 survivors (10240K)
 Metaspace       used 15038K, committed 15296K, reserved 1114112K
  class space    used 1680K, committed 1792K, reserved 1048576K
}
Event: 231.771 GC heap before
{Heap before GC invocations=36 (full 0):
 garbage-first heap   total 199680K, used 197242K [0x0000000082000000, 0x0000000100000000)
  region size 1024K, 14 young (14336K), 10 survivors (10240K)
 Metaspace       used 15040K, committed 15296K, reserved 1114112K
  class space    used 1682K, committed 1792K, reserved 1048576K
}
Event: 231.776 GC heap after
{Heap after GC invocations=37 (full 0):
 garbage-first heap   total 209920K, used 194900K [0x0000000082000000, 0x0000000100000000)
  region size 1024K, 1 young (1024K), 1 survivors (1024K)
 Metaspace       used 15040K, committed 15296K, reserved 1114112K
  class space    used 1682K, committed 1792K, reserved 1048576K
}
Event: 232.110 GC heap before
{Heap before GC invocations=37 (full 0):
 garbage-first heap   total 209920K, used 203092K [0x0000000082000000, 0x0000000100000000)
  region size 1024K, 10 young (10240K), 1 survivors (1024K)
 Metaspace       used 15604K, committed 15872K, reserved 1114112K
  class space    used 1751K, committed 1856K, reserved 1048576K
}
Event: 232.115 GC heap after
{Heap after GC invocations=38 (full 0):
 garbage-first heap   total 211968K, used 200360K [0x0000000082000000, 0x0000000100000000)
  region size 1024K, 2 young (2048K), 2 survivors (2048K)
 Metaspace       used 15604K, committed 15872K, reserved 1114112K
  class space    used 1751K, committed 1856K, reserved 1048576K
}
Event: 232.383 GC heap before
{Heap before GC invocations=38 (full 0):
 garbage-first heap   total 211968K, used 207528K [0x0000000082000000, 0x0000000100000000)
  region size 1024K, 10 young (10240K), 2 survivors (2048K)
 Metaspace       used 16916K, committed 17152K, reserved 1114112K
  class space    used 1985K, committed 2112K, reserved 1048576K
}
Event: 232.385 GC heap after
{Heap after GC invocations=39 (full 0):
 garbage-first heap   total 211968K, used 200585K [0x0000000082000000, 0x0000000100000000)
  region size 1024K, 1 young (1024K), 1 survivors (1024K)
 Metaspace       used 16916K, committed 17152K, reserved 1114112K
  class space    used 1985K, committed 2112K, reserved 1048576K
}
Event: 233.954 GC heap before
{Heap before GC invocations=40 (full 0):
 garbage-first heap   total 337920K, used 209801K [0x0000000082000000, 0x0000000100000000)
  region size 1024K, 10 young (10240K), 1 survivors (1024K)
 Metaspace       used 17911K, committed 18176K, reserved 1114112K
  class space    used 2145K, committed 2304K, reserved 1048576K
}
Event: 233.956 GC heap after
{Heap after GC invocations=41 (full 0):
 garbage-first heap   total 337920K, used 200755K [0x0000000082000000, 0x0000000100000000)
  region size 1024K, 1 young (1024K), 1 survivors (1024K)
 Metaspace       used 17911K, committed 18176K, reserved 1114112K
  class space    used 2145K, committed 2304K, reserved 1048576K
}
Event: 242.203 GC heap before
{Heap before GC invocations=41 (full 0):
 garbage-first heap   total 337920K, used 319539K [0x0000000082000000, 0x0000000100000000)
  region size 1024K, 116 young (118784K), 1 survivors (1024K)
 Metaspace       used 22108K, committed 22400K, reserved 1114112K
  class space    used 2762K, committed 2880K, reserved 1048576K
}
Event: 242.210 GC heap after
{Heap after GC invocations=42 (full 0):
 garbage-first heap   total 337920K, used 205403K [0x0000000082000000, 0x0000000100000000)
  region size 1024K, 4 young (4096K), 4 survivors (4096K)
 Metaspace       used 22108K, committed 22400K, reserved 1114112K
  class space    used 2762K, committed 2880K, reserved 1048576K
}
Event: 243.389 GC heap before
{Heap before GC invocations=42 (full 0):
 garbage-first heap   total 337920K, used 314971K [0x0000000082000000, 0x0000000100000000)
  region size 1024K, 111 young (113664K), 4 survivors (4096K)
 Metaspace       used 22134K, committed 22400K, reserved 1114112K
  class space    used 2762K, committed 2880K, reserved 1048576K
}
Event: 243.394 GC heap after
{Heap after GC invocations=43 (full 0):
 garbage-first heap   total 337920K, used 205304K [0x0000000082000000, 0x0000000100000000)
  region size 1024K, 4 young (4096K), 4 survivors (4096K)
 Metaspace       used 22134K, committed 22400K, reserved 1114112K
  class space    used 2762K, committed 2880K, reserved 1048576K
}
Event: 244.151 GC heap before
{Heap before GC invocations=44 (full 0):
 garbage-first heap   total 357376K, used 313848K [0x0000000082000000, 0x0000000100000000)
  region size 1024K, 110 young (112640K), 4 survivors (4096K)
 Metaspace       used 22150K, committed 22400K, reserved 1114112K
  class space    used 2762K, committed 2880K, reserved 1048576K
}
Event: 244.156 GC heap after
{Heap after GC invocations=45 (full 0):
 garbage-first heap   total 357376K, used 205602K [0x0000000082000000, 0x0000000100000000)
  region size 1024K, 4 young (4096K), 4 survivors (4096K)
 Metaspace       used 22150K, committed 22400K, reserved 1114112K
  class space    used 2762K, committed 2880K, reserved 1048576K
}
Event: 250.006 GC heap before
{Heap before GC invocations=45 (full 0):
 garbage-first heap   total 357376K, used 332578K [0x0000000082000000, 0x0000000100000000)
  region size 1024K, 129 young (132096K), 4 survivors (4096K)
 Metaspace       used 22187K, committed 22464K, reserved 1114112K
  class space    used 2763K, committed 2880K, reserved 1048576K
}
Event: 250.011 GC heap after
{Heap after GC invocations=46 (full 0):
 garbage-first heap   total 357376K, used 205295K [0x0000000082000000, 0x0000000100000000)
  region size 1024K, 4 young (4096K), 4 survivors (4096K)
 Metaspace       used 22187K, committed 22464K, reserved 1114112K
  class space    used 2763K, committed 2880K, reserved 1048576K
}

