# JRE version: OpenJDK Runtime Environment Microsoft-11933218 (21.0.8+9) (build 21.0.8+9-LTS)
# Java VM: OpenJDK 64-Bit Server VM Microsoft-11933218 (21.0.8+9-LTS, mixed mode, sharing, tiered, compressed oops, compressed class ptrs, g1 gc, windows-amd64)
GC Precious Log:
 CardTable entry size: 512
 Card Set container configuration: InlinePtr #cards 4 size 8 Array Of Cards #cards 16 size 48 Howl #buckets 8 coarsen threshold 3686 Howl Bitmap #cards 512 size 80 coarsen threshold 460 Card regions per heap region 1 cards per card region 4096
 CPUs: 12 total, 12 available
 Memory: 16091M
 Large Page Support: Disabled
 NUMA Support: Disabled
 Compressed Oops: Enabled (Zero based)
 Heap Region Size: 2M
 Heap Min Capacity: 8M
 Heap Initial Capacity: 252M
 Heap Max Capacity: 4024M
 Pre-touch: Disabled
 Parallel Workers: 10
 Concurrent Workers: 3
 Concurrent Refinement Workers: 10
 Periodic GC: Disabled
Heap:
 garbage-first heap   total 624640K, used 220966K [0x0000000704800000, 0x0000000800000000)
  region size 2048K, 13 young (26624K), 2 survivors (4096K)
 Metaspace       used 26764K, committed 27200K, reserved 1114112K
  class space    used 3374K, committed 3584K, reserved 1048576K
GC Heap History (20 events):
Event: 13.361 GC heap before
{Heap before GC invocations=10 (full 0):
 garbage-first heap   total 258048K, used 252250K [0x0000000704800000, 0x0000000800000000)
  region size 2048K, 33 young (67584K), 1 survivors (2048K)
 Metaspace       used 23103K, committed 23360K, reserved 1114112K
  class space    used 2828K, committed 2944K, reserved 1048576K
}
Event: 13.370 GC heap after
{Heap after GC invocations=11 (full 0):
 garbage-first heap   total 266240K, used 196824K [0x0000000704800000, 0x0000000800000000)
  region size 2048K, 4 young (8192K), 4 survivors (8192K)
 Metaspace       used 23103K, committed 23360K, reserved 1114112K
  class space    used 2828K, committed 2944K, reserved 1048576K
}
Event: 17.656 GC heap before
{Heap before GC invocations=11 (full 0):
 garbage-first heap   total 266240K, used 241880K [0x0000000704800000, 0x0000000800000000)
  region size 2048K, 26 young (53248K), 4 survivors (8192K)
 Metaspace       used 23452K, committed 23808K, reserved 1114112K
  class space    used 2828K, committed 2944K, reserved 1048576K
}
Event: 17.660 GC heap after
{Heap after GC invocations=12 (full 0):
 garbage-first heap   total 266240K, used 196018K [0x0000000704800000, 0x0000000800000000)
  region size 2048K, 1 young (2048K), 1 survivors (2048K)
 Metaspace       used 23452K, committed 23808K, reserved 1114112K
  class space    used 2828K, committed 2944K, reserved 1048576K
}
Event: 19.452 GC heap before
{Heap before GC invocations=12 (full 0):
 garbage-first heap   total 266240K, used 247218K [0x0000000704800000, 0x0000000800000000)
  region size 2048K, 26 young (53248K), 1 survivors (2048K)
 Metaspace       used 23521K, committed 23872K, reserved 1114112K
  class space    used 2828K, committed 2944K, reserved 1048576K
}
Event: 19.454 GC heap after
{Heap after GC invocations=13 (full 0):
 garbage-first heap   total 266240K, used 196021K [0x0000000704800000, 0x0000000800000000)
  region size 2048K, 1 young (2048K), 1 survivors (2048K)
 Metaspace       used 23521K, committed 23872K, reserved 1114112K
  class space    used 2828K, committed 2944K, reserved 1048576K
}
Event: 22.110 GC heap before
{Heap before GC invocations=14 (full 0):
 garbage-first heap   total 331776K, used 247221K [0x0000000704800000, 0x0000000800000000)
  region size 2048K, 26 young (53248K), 1 survivors (2048K)
 Metaspace       used 23562K, committed 23872K, reserved 1114112K
  class space    used 2828K, committed 2944K, reserved 1048576K
}
Event: 22.113 GC heap after
{Heap after GC invocations=15 (full 0):
 garbage-first heap   total 624640K, used 196023K [0x0000000704800000, 0x0000000800000000)
  region size 2048K, 1 young (2048K), 1 survivors (2048K)
 Metaspace       used 23562K, committed 23872K, reserved 1114112K
  class space    used 2828K, committed 2944K, reserved 1048576K
}
Event: 25.286 GC heap before
{Heap before GC invocations=15 (full 0):
 garbage-first heap   total 624640K, used 560567K [0x0000000704800000, 0x0000000800000000)
  region size 2048K, 180 young (368640K), 1 survivors (2048K)
 Metaspace       used 23590K, committed 23872K, reserved 1114112K
  class space    used 2829K, committed 2944K, reserved 1048576K
}
Event: 25.288 GC heap after
{Heap after GC invocations=16 (full 0):
 garbage-first heap   total 624640K, used 196029K [0x0000000704800000, 0x0000000800000000)
  region size 2048K, 1 young (2048K), 1 survivors (2048K)
 Metaspace       used 23590K, committed 23872K, reserved 1114112K
  class space    used 2829K, committed 2944K, reserved 1048576K
}
Event: 26.991 GC heap before
{Heap before GC invocations=16 (full 0):
 garbage-first heap   total 624640K, used 568765K [0x0000000704800000, 0x0000000800000000)
  region size 2048K, 183 young (374784K), 1 survivors (2048K)
 Metaspace       used 23603K, committed 23872K, reserved 1114112K
  class space    used 2829K, committed 2944K, reserved 1048576K
}
Event: 26.992 GC heap after
{Heap after GC invocations=17 (full 0):
 garbage-first heap   total 624640K, used 196062K [0x0000000704800000, 0x0000000800000000)
  region size 2048K, 1 young (2048K), 1 survivors (2048K)
 Metaspace       used 23603K, committed 23872K, reserved 1114112K
  class space    used 2829K, committed 2944K, reserved 1048576K
}
Event: 27.985 GC heap before
{Heap before GC invocations=17 (full 0):
 garbage-first heap   total 624640K, used 568798K [0x0000000704800000, 0x0000000800000000)
  region size 2048K, 183 young (374784K), 1 survivors (2048K)
 Metaspace       used 23618K, committed 23936K, reserved 1114112K
  class space    used 2829K, committed 2944K, reserved 1048576K
}
Event: 27.987 GC heap after
{Heap after GC invocations=18 (full 0):
 garbage-first heap   total 624640K, used 196068K [0x0000000704800000, 0x0000000800000000)
  region size 2048K, 1 young (2048K), 1 survivors (2048K)
 Metaspace       used 23618K, committed 23936K, reserved 1114112K
  class space    used 2829K, committed 2944K, reserved 1048576K
}
Event: 30.481 GC heap before
{Heap before GC invocations=18 (full 0):
 garbage-first heap   total 624640K, used 568804K [0x0000000704800000, 0x0000000800000000)
  region size 2048K, 183 young (374784K), 1 survivors (2048K)
 Metaspace       used 26651K, committed 27072K, reserved 1114112K
  class space    used 3367K, committed 3584K, reserved 1048576K
}
Event: 30.486 GC heap after
{Heap after GC invocations=19 (full 0):
 garbage-first heap   total 624640K, used 200481K [0x0000000704800000, 0x0000000800000000)
  region size 2048K, 2 young (4096K), 2 survivors (4096K)
 Metaspace       used 26651K, committed 27072K, reserved 1114112K
  class space    used 3367K, committed 3584K, reserved 1048576K
}
Event: 34.204 GC heap before
{Heap before GC invocations=19 (full 0):
 garbage-first heap   total 624640K, used 571169K [0x0000000704800000, 0x0000000800000000)
  region size 2048K, 183 young (374784K), 2 survivors (4096K)
 Metaspace       used 26708K, committed 27136K, reserved 1114112K
  class space    used 3367K, committed 3584K, reserved 1048576K
}
Event: 34.207 GC heap after
{Heap after GC invocations=20 (full 0):
 garbage-first heap   total 624640K, used 200448K [0x0000000704800000, 0x0000000800000000)
  region size 2048K, 2 young (4096K), 2 survivors (4096K)
 Metaspace       used 26708K, committed 27136K, reserved 1114112K
  class space    used 3367K, committed 3584K, reserved 1048576K
}
Event: 37.522 GC heap before
{Heap before GC invocations=20 (full 0):
 garbage-first heap   total 624640K, used 571136K [0x0000000704800000, 0x0000000800000000)
  region size 2048K, 183 young (374784K), 2 survivors (4096K)
 Metaspace       used 26723K, committed 27136K, reserved 1114112K
  class space    used 3367K, committed 3584K, reserved 1048576K
}
Event: 37.524 GC heap after
{Heap after GC invocations=21 (full 0):
 garbage-first heap   total 624640K, used 200486K [0x0000000704800000, 0x0000000800000000)
  region size 2048K, 2 young (4096K), 2 survivors (4096K)
 Metaspace       used 26723K, committed 27136K, reserved 1114112K
  class space    used 3367K, committed 3584K, reserved 1048576K
}

