# JRE version: Java(TM) SE Runtime Environment (21.0.8+12) (build 21.0.8+12-LTS-250)
# Java VM: Java HotSpot(TM) 64-Bit Server VM (21.0.8+12-LTS-250, mixed mode, sharing, tiered, compressed oops, compressed class ptrs, g1 gc, windows-amd64)
GC Precious Log:
 CardTable entry size: 512
 Card Set container configuration: InlinePtr #cards 5 size 8 Array Of Cards #cards 12 size 40 Howl #buckets 4 coarsen threshold 1843 Howl Bitmap #cards 512 size 80 coarsen threshold 460 Card regions per heap region 1 cards per card region 2048
 CPUs: 4 total, 4 available
 Memory: 8061M
 Large Page Support: Disabled
 NUMA Support: Disabled
 Compressed Oops: Enabled (32-bit)
 Heap Region Size: 1M
 Heap Min Capacity: 8M
 Heap Initial Capacity: 126M
 Heap Max Capacity: 2016M
 Pre-touch: Disabled
 Parallel Workers: 4
 Concurrent Workers: 1
 Concurrent Refinement Workers: 4
 Periodic GC: Disabled
Heap:
 garbage-first heap   total 348160K, used 288030K [0x0000000082000000, 0x0000000100000000)
  region size 1024K, 83 young (84992K), 1 survivors (1024K)
 Metaspace       used 22005K, committed 22272K, reserved 1114112K
  class space    used 2719K, committed 2816K, reserved 1048576K
GC Heap History (20 events):
Event: 368.559 GC heap before
{Heap before GC invocations=28 (full 0):
 garbage-first heap   total 348160K, used 325975K [0x0000000082000000, 0x0000000100000000)
  region size 1024K, 122 young (124928K), 4 survivors (4096K)
 Metaspace       used 21996K, committed 22272K, reserved 1114112K
  class space    used 2717K, committed 2816K, reserved 1048576K
}
Event: 368.564 GC heap after
{Heap after GC invocations=29 (full 0):
 garbage-first heap   total 348160K, used 205145K [0x0000000082000000, 0x0000000100000000)
  region size 1024K, 4 young (4096K), 4 survivors (4096K)
 Metaspace       used 21996K, committed 22272K, reserved 1114112K
  class space    used 2717K, committed 2816K, reserved 1048576K
}
Event: 407.383 GC heap before
{Heap before GC invocations=30 (full 0):
 garbage-first heap   total 348160K, used 325977K [0x0000000082000000, 0x0000000100000000)
  region size 1024K, 122 young (124928K), 4 survivors (4096K)
 Metaspace       used 21996K, committed 22272K, reserved 1114112K
  class space    used 2717K, committed 2816K, reserved 1048576K
}
Event: 407.389 GC heap after
{Heap after GC invocations=31 (full 0):
 garbage-first heap   total 348160K, used 205338K [0x0000000082000000, 0x0000000100000000)
  region size 1024K, 4 young (4096K), 4 survivors (4096K)
 Metaspace       used 21996K, committed 22272K, reserved 1114112K
  class space    used 2717K, committed 2816K, reserved 1048576K
}
Event: 446.377 GC heap before
{Heap before GC invocations=31 (full 0):
 garbage-first heap   total 348160K, used 326170K [0x0000000082000000, 0x0000000100000000)
  region size 1024K, 122 young (124928K), 4 survivors (4096K)
 Metaspace       used 21996K, committed 22272K, reserved 1114112K
  class space    used 2717K, committed 2816K, reserved 1048576K
}
Event: 446.383 GC heap after
{Heap after GC invocations=32 (full 0):
 garbage-first heap   total 348160K, used 205152K [0x0000000082000000, 0x0000000100000000)
  region size 1024K, 4 young (4096K), 4 survivors (4096K)
 Metaspace       used 21996K, committed 22272K, reserved 1114112K
  class space    used 2717K, committed 2816K, reserved 1048576K
}
Event: 485.160 GC heap before
{Heap before GC invocations=33 (full 0):
 garbage-first heap   total 348160K, used 325984K [0x0000000082000000, 0x0000000100000000)
  region size 1024K, 122 young (124928K), 4 survivors (4096K)
 Metaspace       used 21996K, committed 22272K, reserved 1114112K
  class space    used 2717K, committed 2816K, reserved 1048576K
}
Event: 485.166 GC heap after
{Heap after GC invocations=34 (full 0):
 garbage-first heap   total 348160K, used 205136K [0x0000000082000000, 0x0000000100000000)
  region size 1024K, 4 young (4096K), 4 survivors (4096K)
 Metaspace       used 21996K, committed 22272K, reserved 1114112K
  class space    used 2717K, committed 2816K, reserved 1048576K
}
Event: 524.251 GC heap before
{Heap before GC invocations=34 (full 0):
 garbage-first heap   total 348160K, used 325968K [0x0000000082000000, 0x0000000100000000)
  region size 1024K, 122 young (124928K), 4 survivors (4096K)
 Metaspace       used 21996K, committed 22272K, reserved 1114112K
  class space    used 2717K, committed 2816K, reserved 1048576K
}
Event: 524.257 GC heap after
{Heap after GC invocations=35 (full 0):
 garbage-first heap   total 348160K, used 205549K [0x0000000082000000, 0x0000000100000000)
  region size 1024K, 2 young (2048K), 2 survivors (2048K)
 Metaspace       used 21996K, committed 22272K, reserved 1114112K
  class space    used 2717K, committed 2816K, reserved 1048576K
}
Event: 563.461 GC heap before
{Heap before GC invocations=36 (full 0):
 garbage-first heap   total 348160K, used 327405K [0x0000000082000000, 0x0000000100000000)
  region size 1024K, 121 young (123904K), 2 survivors (2048K)
 Metaspace       used 21996K, committed 22272K, reserved 1114112K
  class space    used 2717K, committed 2816K, reserved 1048576K
}
Event: 563.463 GC heap after
{Heap after GC invocations=37 (full 0):
 garbage-first heap   total 348160K, used 205480K [0x0000000082000000, 0x0000000100000000)
  region size 1024K, 1 young (1024K), 1 survivors (1024K)
 Metaspace       used 21996K, committed 22272K, reserved 1114112K
  class space    used 2717K, committed 2816K, reserved 1048576K
}
Event: 603.759 GC heap before
{Heap before GC invocations=37 (full 0):
 garbage-first heap   total 348160K, used 329384K [0x0000000082000000, 0x0000000100000000)
  region size 1024K, 122 young (124928K), 1 survivors (1024K)
 Metaspace       used 21996K, committed 22272K, reserved 1114112K
  class space    used 2717K, committed 2816K, reserved 1048576K
}
Event: 603.760 GC heap after
{Heap after GC invocations=38 (full 0):
 garbage-first heap   total 348160K, used 205511K [0x0000000082000000, 0x0000000100000000)
  region size 1024K, 1 young (1024K), 1 survivors (1024K)
 Metaspace       used 21996K, committed 22272K, reserved 1114112K
  class space    used 2717K, committed 2816K, reserved 1048576K
}
Event: 643.223 GC heap before
{Heap before GC invocations=39 (full 0):
 garbage-first heap   total 348160K, used 328391K [0x0000000082000000, 0x0000000100000000)
  region size 1024K, 121 young (123904K), 1 survivors (1024K)
 Metaspace       used 21996K, committed 22272K, reserved 1114112K
  class space    used 2717K, committed 2816K, reserved 1048576K
}
Event: 643.225 GC heap after
{Heap after GC invocations=40 (full 0):
 garbage-first heap   total 348160K, used 205445K [0x0000000082000000, 0x0000000100000000)
  region size 1024K, 1 young (1024K), 1 survivors (1024K)
 Metaspace       used 21996K, committed 22272K, reserved 1114112K
  class space    used 2717K, committed 2816K, reserved 1048576K
}
Event: 683.011 GC heap before
{Heap before GC invocations=40 (full 0):
 garbage-first heap   total 348160K, used 328325K [0x0000000082000000, 0x0000000100000000)
  region size 1024K, 121 young (123904K), 1 survivors (1024K)
 Metaspace       used 21996K, committed 22272K, reserved 1114112K
  class space    used 2717K, committed 2816K, reserved 1048576K
}
Event: 683.013 GC heap after
{Heap after GC invocations=41 (full 0):
 garbage-first heap   total 348160K, used 205063K [0x0000000082000000, 0x0000000100000000)
  region size 1024K, 1 young (1024K), 1 survivors (1024K)
 Metaspace       used 21996K, committed 22272K, reserved 1114112K
  class space    used 2717K, committed 2816K, reserved 1048576K
}
Event: 722.532 GC heap before
{Heap before GC invocations=41 (full 0):
 garbage-first heap   total 348160K, used 327943K [0x0000000082000000, 0x0000000100000000)
  region size 1024K, 121 young (123904K), 1 survivors (1024K)
 Metaspace       used 21996K, committed 22272K, reserved 1114112K
  class space    used 2717K, committed 2816K, reserved 1048576K
}
Event: 722.533 GC heap after
{Heap after GC invocations=42 (full 0):
 garbage-first heap   total 348160K, used 205086K [0x0000000082000000, 0x0000000100000000)
  region size 1024K, 1 young (1024K), 1 survivors (1024K)
 Metaspace       used 21996K, committed 22272K, reserved 1114112K
  class space    used 2717K, committed 2816K, reserved 1048576K
}

