# JRE version: OpenJDK Runtime Environment Microsoft-11933218 (21.0.8+9) (build 21.0.8+9-LTS)
# Java VM: OpenJDK 64-Bit Server VM Microsoft-11933218 (21.0.8+9-LTS, mixed mode, sharing, tiered, compressed oops, compressed class ptrs, g1 gc, windows-amd64)
GC Precious Log:
 CardTable entry size: 512
 Card Set container configuration: InlinePtr #cards 4 size 8 Array Of Cards #cards 16 size 48 Howl #buckets 8 coarsen threshold 3686 Howl Bitmap #cards 512 size 80 coarsen threshold 460 Card regions per heap region 1 cards per card region 4096
 CPUs: 12 total, 12 available
 Memory: 16091M
 Large Page Support: Disabled
 NUMA Support: Disabled
 Compressed Oops: Enabled (Zero based)
 Heap Region Size: 2M
 Heap Min Capacity: 8M
 Heap Initial Capacity: 252M
 Heap Max Capacity: 4024M
 Pre-touch: Disabled
 Parallel Workers: 10
 Concurrent Workers: 3
 Concurrent Refinement Workers: 10
 Periodic GC: Disabled
Heap:
 garbage-first heap   total 595968K, used 353326K [0x0000000704800000, 0x0000000800000000)
  region size 2048K, 80 young (163840K), 2 survivors (4096K)
 Metaspace       used 21768K, committed 22016K, reserved 1114112K
  class space    used 2804K, committed 2944K, reserved 1048576K
GC Heap History (20 events):
Event: 12.236 GC heap before
{Heap before GC invocations=9 (full 0):
 garbage-first heap   total 258048K, used 252832K [0x0000000704800000, 0x0000000800000000)
  region size 2048K, 34 young (69632K), 1 survivors (2048K)
 Metaspace       used 18328K, committed 18624K, reserved 1114112K
  class space    used 2252K, committed 2368K, reserved 1048576K
}
Event: 12.243 GC heap after
{Heap after GC invocations=10 (full 0):
 garbage-first heap   total 266240K, used 193813K [0x0000000704800000, 0x0000000800000000)
  region size 2048K, 4 young (8192K), 4 survivors (8192K)
 Metaspace       used 18328K, committed 18624K, reserved 1114112K
  class space    used 2252K, committed 2368K, reserved 1048576K
}
Event: 14.588 GC heap before
{Heap before GC invocations=10 (full 0):
 garbage-first heap   total 266240K, used 240917K [0x0000000704800000, 0x0000000800000000)
  region size 2048K, 27 young (55296K), 4 survivors (8192K)
 Metaspace       used 18506K, committed 18752K, reserved 1114112K
  class space    used 2252K, committed 2368K, reserved 1048576K
}
Event: 14.592 GC heap after
{Heap after GC invocations=11 (full 0):
 garbage-first heap   total 266240K, used 193801K [0x0000000704800000, 0x0000000800000000)
  region size 2048K, 1 young (2048K), 1 survivors (2048K)
 Metaspace       used 18506K, committed 18752K, reserved 1114112K
  class space    used 2252K, committed 2368K, reserved 1048576K
}
Event: 17.725 GC heap before
{Heap before GC invocations=11 (full 0):
 garbage-first heap   total 266240K, used 247049K [0x0000000704800000, 0x0000000800000000)
  region size 2048K, 27 young (55296K), 1 survivors (2048K)
 Metaspace       used 18613K, committed 18816K, reserved 1114112K
  class space    used 2256K, committed 2368K, reserved 1048576K
}
Event: 17.727 GC heap after
{Heap after GC invocations=12 (full 0):
 garbage-first heap   total 266240K, used 193727K [0x0000000704800000, 0x0000000800000000)
  region size 2048K, 1 young (2048K), 1 survivors (2048K)
 Metaspace       used 18613K, committed 18816K, reserved 1114112K
  class space    used 2256K, committed 2368K, reserved 1048576K
}
Event: 20.374 GC heap before
{Heap before GC invocations=13 (full 0):
 garbage-first heap   total 327680K, used 246975K [0x0000000704800000, 0x0000000800000000)
  region size 2048K, 27 young (55296K), 1 survivors (2048K)
 Metaspace       used 18628K, committed 18880K, reserved 1114112K
  class space    used 2256K, committed 2368K, reserved 1048576K
}
Event: 20.376 GC heap after
{Heap after GC invocations=14 (full 0):
 garbage-first heap   total 327680K, used 193726K [0x0000000704800000, 0x0000000800000000)
  region size 2048K, 1 young (2048K), 1 survivors (2048K)
 Metaspace       used 18628K, committed 18880K, reserved 1114112K
  class space    used 2256K, committed 2368K, reserved 1048576K
}
Event: 24.301 GC heap before
{Heap before GC invocations=14 (full 0):
 garbage-first heap   total 327680K, used 306366K [0x0000000704800000, 0x0000000800000000)
  region size 2048K, 56 young (114688K), 1 survivors (2048K)
 Metaspace       used 18628K, committed 18880K, reserved 1114112K
  class space    used 2256K, committed 2368K, reserved 1048576K
}
Event: 24.304 GC heap after
{Heap after GC invocations=15 (full 0):
 garbage-first heap   total 327680K, used 193729K [0x0000000704800000, 0x0000000800000000)
  region size 2048K, 1 young (2048K), 1 survivors (2048K)
 Metaspace       used 18628K, committed 18880K, reserved 1114112K
  class space    used 2256K, committed 2368K, reserved 1048576K
}
Event: 27.674 GC heap before
{Heap before GC invocations=15 (full 0):
 garbage-first heap   total 327680K, used 306369K [0x0000000704800000, 0x0000000800000000)
  region size 2048K, 56 young (114688K), 1 survivors (2048K)
 Metaspace       used 18628K, committed 18880K, reserved 1114112K
  class space    used 2256K, committed 2368K, reserved 1048576K
}
Event: 27.676 GC heap after
{Heap after GC invocations=16 (full 0):
 garbage-first heap   total 327680K, used 193731K [0x0000000704800000, 0x0000000800000000)
  region size 2048K, 1 young (2048K), 1 survivors (2048K)
 Metaspace       used 18628K, committed 18880K, reserved 1114112K
  class space    used 2256K, committed 2368K, reserved 1048576K
}
Event: 30.607 GC heap before
{Heap before GC invocations=17 (full 0):
 garbage-first heap   total 327680K, used 304323K [0x0000000704800000, 0x0000000800000000)
  region size 2048K, 56 young (114688K), 1 survivors (2048K)
 Metaspace       used 18652K, committed 18944K, reserved 1114112K
  class space    used 2256K, committed 2368K, reserved 1048576K
}
Event: 30.609 GC heap after
{Heap after GC invocations=18 (full 0):
 garbage-first heap   total 595968K, used 193734K [0x0000000704800000, 0x0000000800000000)
  region size 2048K, 1 young (2048K), 1 survivors (2048K)
 Metaspace       used 18652K, committed 18944K, reserved 1114112K
  class space    used 2256K, committed 2368K, reserved 1048576K
}
Event: 34.511 GC heap before
{Heap before GC invocations=18 (full 0):
 garbage-first heap   total 595968K, used 548038K [0x0000000704800000, 0x0000000800000000)
  region size 2048K, 174 young (356352K), 1 survivors (2048K)
 Metaspace       used 18659K, committed 19008K, reserved 1114112K
  class space    used 2257K, committed 2432K, reserved 1048576K
}
Event: 34.514 GC heap after
{Heap after GC invocations=19 (full 0):
 garbage-first heap   total 595968K, used 193332K [0x0000000704800000, 0x0000000800000000)
  region size 2048K, 1 young (2048K), 1 survivors (2048K)
 Metaspace       used 18659K, committed 19008K, reserved 1114112K
  class space    used 2257K, committed 2432K, reserved 1048576K
}
Event: 37.928 GC heap before
{Heap before GC invocations=19 (full 0):
 garbage-first heap   total 595968K, used 547636K [0x0000000704800000, 0x0000000800000000)
  region size 2048K, 174 young (356352K), 1 survivors (2048K)
 Metaspace       used 18661K, committed 19008K, reserved 1114112K
  class space    used 2257K, committed 2432K, reserved 1048576K
}
Event: 37.929 GC heap after
{Heap after GC invocations=20 (full 0):
 garbage-first heap   total 595968K, used 193335K [0x0000000704800000, 0x0000000800000000)
  region size 2048K, 1 young (2048K), 1 survivors (2048K)
 Metaspace       used 18661K, committed 19008K, reserved 1114112K
  class space    used 2257K, committed 2432K, reserved 1048576K
}
Event: 40.581 GC heap before
{Heap before GC invocations=20 (full 0):
 garbage-first heap   total 595968K, used 410423K [0x0000000704800000, 0x0000000800000000)
  region size 2048K, 109 young (223232K), 1 survivors (2048K)
 Metaspace       used 21441K, committed 21696K, reserved 1114112K
  class space    used 2754K, committed 2880K, reserved 1048576K
}
Event: 40.584 GC heap after
{Heap after GC invocations=21 (full 0):
 garbage-first heap   total 595968K, used 195630K [0x0000000704800000, 0x0000000800000000)
  region size 2048K, 2 young (4096K), 2 survivors (4096K)
 Metaspace       used 21441K, committed 21696K, reserved 1114112K
  class space    used 2754K, committed 2880K, reserved 1048576K
}

