# JRE version: OpenJDK Runtime Environment (25.0+36) (build 25+36-3489)
# Java VM: OpenJDK 64-Bit Server VM (25+36-3489, mixed mode, sharing, tiered, compressed oops, compressed class ptrs, g1 gc, windows-amd64)
GC Precious Log:
 CardTable entry size: 512
 Card Set container configuration: InlinePtr #cards 4 size 8 Array Of Cards #cards 16 size 48 Howl #buckets 8 coarsen threshold 3686 Howl Bitmap #cards 512 size 80 coarsen threshold 460 Card regions per heap region 1 cards per card region 4096
 CPUs: 12 total, 12 available
 Memory: 16027M
 Large Page Support: Disabled
 NUMA Support: Disabled
 Compressed Oops: Enabled (Zero based)
 Heap Region Size: 2M
 Heap Min Capacity: 8M
 Heap Initial Capacity: 252M
 Heap Max Capacity: 4008M
 Pre-touch: Disabled
 Parallel Workers: 10
 Concurrent Workers: 3
 Concurrent Refinement Workers: 10
 Periodic GC: Disabled
Heap:
 garbage-first heap   total reserved 4104192K, committed 382976K, used 329660K [0x0000000705800000, 0x0000000800000000)
  region size 2048K, 54 young (110592K), 1 survivors (2048K)
GC Heap Usage History (20 events):
Event: 5.010 {heap Before GC invocations=8 (full 0):
 garbage-first heap   total reserved 4104192K, committed 268288K, used 248399K [0x0000000705800000, 0x0000000800000000)
  region size 2048K, 12 young (24576K), 1 survivors (2048K)
}
Event: 5.012 {heap After GC invocations=9 (full 0):
 garbage-first heap   total reserved 4104192K, committed 268288K, used 225865K [0x0000000705800000, 0x0000000800000000)
  region size 2048K, 1 young (2048K), 1 survivors (2048K)
}
Event: 6.649 {heap Before GC invocations=10 (full 0):
 garbage-first heap   total reserved 4104192K, committed 382976K, used 244297K [0x0000000705800000, 0x0000000800000000)
  region size 2048K, 10 young (20480K), 1 survivors (2048K)
}
Event: 6.650 {heap After GC invocations=11 (full 0):
 garbage-first heap   total reserved 4104192K, committed 382976K, used 225943K [0x0000000705800000, 0x0000000800000000)
  region size 2048K, 1 young (2048K), 1 survivors (2048K)
}
Event: 8.718 {heap Before GC invocations=11 (full 0):
 garbage-first heap   total reserved 4104192K, committed 382976K, used 357015K [0x0000000705800000, 0x0000000800000000)
  region size 2048K, 65 young (133120K), 1 survivors (2048K)
}
Event: 8.719 {heap After GC invocations=12 (full 0):
 garbage-first heap   total reserved 4104192K, committed 382976K, used 225311K [0x0000000705800000, 0x0000000800000000)
  region size 2048K, 1 young (2048K), 1 survivors (2048K)
}
Event: 9.983 {heap Before GC invocations=12 (full 0):
 garbage-first heap   total reserved 4104192K, committed 382976K, used 360479K [0x0000000705800000, 0x0000000800000000)
  region size 2048K, 67 young (137216K), 1 survivors (2048K)
}
Event: 9.985 {heap After GC invocations=13 (full 0):
 garbage-first heap   total reserved 4104192K, committed 382976K, used 225340K [0x0000000705800000, 0x0000000800000000)
  region size 2048K, 1 young (2048K), 1 survivors (2048K)
}
Event: 11.278 {heap Before GC invocations=14 (full 0):
 garbage-first heap   total reserved 4104192K, committed 382976K, used 360508K [0x0000000705800000, 0x0000000800000000)
  region size 2048K, 67 young (137216K), 1 survivors (2048K)
}
Event: 11.280 {heap After GC invocations=15 (full 0):
 garbage-first heap   total reserved 4104192K, committed 382976K, used 225331K [0x0000000705800000, 0x0000000800000000)
  region size 2048K, 1 young (2048K), 1 survivors (2048K)
}
Event: 13.182 {heap Before GC invocations=15 (full 0):
 garbage-first heap   total reserved 4104192K, committed 382976K, used 362547K [0x0000000705800000, 0x0000000800000000)
  region size 2048K, 67 young (137216K), 1 survivors (2048K)
}
Event: 13.186 {heap After GC invocations=16 (full 0):
 garbage-first heap   total reserved 4104192K, committed 382976K, used 227133K [0x0000000705800000, 0x0000000800000000)
  region size 2048K, 1 young (2048K), 1 survivors (2048K)
}
Event: 14.289 {heap Before GC invocations=16 (full 0):
 garbage-first heap   total reserved 4104192K, committed 382976K, used 360253K [0x0000000705800000, 0x0000000800000000)
  region size 2048K, 66 young (135168K), 1 survivors (2048K)
}
Event: 14.292 {heap After GC invocations=17 (full 0):
 garbage-first heap   total reserved 4104192K, committed 382976K, used 227118K [0x0000000705800000, 0x0000000800000000)
  region size 2048K, 1 young (2048K), 1 survivors (2048K)
}
Event: 17.024 {heap Before GC invocations=18 (full 0):
 garbage-first heap   total reserved 4104192K, committed 382976K, used 358190K [0x0000000705800000, 0x0000000800000000)
  region size 2048K, 66 young (135168K), 1 survivors (2048K)
}
Event: 17.026 {heap After GC invocations=19 (full 0):
 garbage-first heap   total reserved 4104192K, committed 382976K, used 225094K [0x0000000705800000, 0x0000000800000000)
  region size 2048K, 1 young (2048K), 1 survivors (2048K)
}
Event: 18.697 {heap Before GC invocations=19 (full 0):
 garbage-first heap   total reserved 4104192K, committed 382976K, used 360262K [0x0000000705800000, 0x0000000800000000)
  region size 2048K, 67 young (137216K), 1 survivors (2048K)
}
Event: 18.699 {heap After GC invocations=20 (full 0):
 garbage-first heap   total reserved 4104192K, committed 382976K, used 223225K [0x0000000705800000, 0x0000000800000000)
  region size 2048K, 1 young (2048K), 1 survivors (2048K)
}
Event: 20.621 {heap Before GC invocations=20 (full 0):
 garbage-first heap   total reserved 4104192K, committed 382976K, used 360441K [0x0000000705800000, 0x0000000800000000)
  region size 2048K, 68 young (139264K), 1 survivors (2048K)
}
Event: 20.623 {heap After GC invocations=21 (full 0):
 garbage-first heap   total reserved 4104192K, committed 382976K, used 223164K [0x0000000705800000, 0x0000000800000000)
  region size 2048K, 1 young (2048K), 1 survivors (2048K)
}

