# JRE version: Java(TM) SE Runtime Environment (21.0.8+12) (build 21.0.8+12-LTS-250)
# Java VM: Java HotSpot(TM) 64-Bit Server VM (21.0.8+12-LTS-250, mixed mode, sharing, tiered, compressed oops, compressed class ptrs, g1 gc, windows-amd64)
GC Precious Log:
 CardTable entry size: 512
 Card Set container configuration: InlinePtr #cards 5 size 8 Array Of Cards #cards 12 size 40 Howl #buckets 4 coarsen threshold 1843 Howl Bitmap #cards 512 size 80 coarsen threshold 460 Card regions per heap region 1 cards per card region 2048
 CPUs: 4 total, 4 available
 Memory: 8061M
 Large Page Support: Disabled
 NUMA Support: Disabled
 Compressed Oops: Enabled (32-bit)
 Heap Region Size: 1M
 Heap Min Capacity: 8M
 Heap Initial Capacity: 126M
 Heap Max Capacity: 2016M
 Pre-touch: Disabled
 Parallel Workers: 4
 Concurrent Workers: 1
 Concurrent Refinement Workers: 4
 Periodic GC: Disabled
Heap:
 garbage-first heap   total 496640K, used 439799K [0x0000000082000000, 0x0000000100000000)
  region size 1024K, 149 young (152576K), 1 survivors (1024K)
 Metaspace       used 16540K, committed 16768K, reserved 1114112K
  class space    used 2058K, committed 2176K, reserved 1048576K
GC Heap History (20 events):
Event: 7.843 GC heap before
{Heap before GC invocations=2 (full 0):
 garbage-first heap   total 129024K, used 100547K [0x0000000082000000, 0x0000000100000000)
  region size 1024K, 59 young (60416K), 2 survivors (2048K)
 Metaspace       used 14148K, committed 14464K, reserved 1114112K
  class space    used 1899K, committed 2048K, reserved 1048576K
}
Event: 7.846 GC heap after
{Heap after GC invocations=3 (full 0):
 garbage-first heap   total 129024K, used 44464K [0x0000000082000000, 0x0000000100000000)
  region size 1024K, 3 young (3072K), 3 survivors (3072K)
 Metaspace       used 14148K, committed 14464K, reserved 1114112K
  class space    used 1899K, committed 2048K, reserved 1048576K
}
Event: 9.681 GC heap before
{Heap before GC invocations=3 (full 0):
 garbage-first heap   total 129024K, used 114096K [0x0000000082000000, 0x0000000100000000)
  region size 1024K, 72 young (73728K), 3 survivors (3072K)
 Metaspace       used 14542K, committed 14848K, reserved 1114112K
  class space    used 1927K, committed 2112K, reserved 1048576K
}
Event: 9.685 GC heap after
{Heap after GC invocations=4 (full 0):
 garbage-first heap   total 129024K, used 50112K [0x0000000082000000, 0x0000000100000000)
  region size 1024K, 9 young (9216K), 9 survivors (9216K)
 Metaspace       used 14542K, committed 14848K, reserved 1114112K
  class space    used 1927K, committed 2112K, reserved 1048576K
}
Event: 9.952 GC heap before
{Heap before GC invocations=4 (full 0):
 garbage-first heap   total 129024K, used 75712K [0x0000000082000000, 0x0000000100000000)
  region size 1024K, 19 young (19456K), 9 survivors (9216K)
 Metaspace       used 14612K, committed 14912K, reserved 1114112K
  class space    used 1940K, committed 2112K, reserved 1048576K
}
Event: 9.957 GC heap after
{Heap after GC invocations=5 (full 0):
 garbage-first heap   total 129024K, used 71094K [0x0000000082000000, 0x0000000100000000)
  region size 1024K, 5 young (5120K), 5 survivors (5120K)
 Metaspace       used 14612K, committed 14912K, reserved 1114112K
  class space    used 1940K, committed 2112K, reserved 1048576K
}
Event: 11.026 GC heap before
{Heap before GC invocations=6 (full 0):
 garbage-first heap   total 228352K, used 227766K [0x0000000082000000, 0x0000000100000000)
  region size 1024K, 8 young (8192K), 5 survivors (5120K)
 Metaspace       used 14705K, committed 15040K, reserved 1114112K
  class space    used 1949K, committed 2112K, reserved 1048576K
}
Event: 11.030 GC heap after
{Heap after GC invocations=7 (full 0):
 garbage-first heap   total 234496K, used 225465K [0x0000000082000000, 0x0000000100000000)
  region size 1024K, 1 young (1024K), 1 survivors (1024K)
 Metaspace       used 14705K, committed 15040K, reserved 1114112K
  class space    used 1949K, committed 2112K, reserved 1048576K
}
Event: 13.457 GC heap before
{Heap before GC invocations=7 (full 0):
 garbage-first heap   total 234496K, used 232633K [0x0000000082000000, 0x0000000100000000)
  region size 1024K, 8 young (8192K), 1 survivors (1024K)
 Metaspace       used 15069K, committed 15360K, reserved 1114112K
  class space    used 1988K, committed 2112K, reserved 1048576K
}
Event: 13.462 GC heap after
{Heap after GC invocations=8 (full 0):
 garbage-first heap   total 236544K, used 225785K [0x0000000082000000, 0x0000000100000000)
  region size 1024K, 1 young (1024K), 1 survivors (1024K)
 Metaspace       used 15069K, committed 15360K, reserved 1114112K
  class space    used 1988K, committed 2112K, reserved 1048576K
}
Event: 15.287 GC heap before
{Heap before GC invocations=8 (full 0):
 garbage-first heap   total 236544K, used 232953K [0x0000000082000000, 0x0000000100000000)
  region size 1024K, 9 young (9216K), 1 survivors (1024K)
 Metaspace       used 15563K, committed 15808K, reserved 1114112K
  class space    used 1997K, committed 2112K, reserved 1048576K
}
Event: 15.291 GC heap after
{Heap after GC invocations=9 (full 0):
 garbage-first heap   total 236544K, used 226053K [0x0000000082000000, 0x0000000100000000)
  region size 1024K, 1 young (1024K), 1 survivors (1024K)
 Metaspace       used 15563K, committed 15808K, reserved 1114112K
  class space    used 1997K, committed 2112K, reserved 1048576K
}
Event: 15.773 GC heap before
{Heap before GC invocations=10 (full 0):
 garbage-first heap   total 380928K, used 279301K [0x0000000082000000, 0x0000000100000000)
  region size 1024K, 9 young (9216K), 1 survivors (1024K)
 Metaspace       used 15649K, committed 16000K, reserved 1114112K
  class space    used 2003K, committed 2176K, reserved 1048576K
}
Event: 15.774 GC heap after
{Heap after GC invocations=11 (full 0):
 garbage-first heap   total 380928K, used 272185K [0x0000000082000000, 0x0000000100000000)
  region size 1024K, 1 young (1024K), 1 survivors (1024K)
 Metaspace       used 15649K, committed 16000K, reserved 1114112K
  class space    used 2003K, committed 2176K, reserved 1048576K
}
Event: 21.762 GC heap before
{Heap before GC invocations=11 (full 0):
 garbage-first heap   total 380928K, used 373561K [0x0000000082000000, 0x0000000100000000)
  region size 1024K, 82 young (83968K), 1 survivors (1024K)
 Metaspace       used 16373K, committed 16640K, reserved 1114112K
  class space    used 2051K, committed 2176K, reserved 1048576K
}
Event: 21.765 GC heap after
{Heap after GC invocations=12 (full 0):
 garbage-first heap   total 380928K, used 289334K [0x0000000082000000, 0x0000000100000000)
  region size 1024K, 1 young (1024K), 1 survivors (1024K)
 Metaspace       used 16373K, committed 16640K, reserved 1114112K
  class space    used 2051K, committed 2176K, reserved 1048576K
}
Event: 22.258 GC heap before
{Heap before GC invocations=12 (full 0):
 garbage-first heap   total 380928K, used 297526K [0x0000000082000000, 0x0000000100000000)
  region size 1024K, 10 young (10240K), 1 survivors (1024K)
 Metaspace       used 16396K, committed 16704K, reserved 1114112K
  class space    used 2051K, committed 2176K, reserved 1048576K
}
Event: 22.260 GC heap after
{Heap after GC invocations=13 (full 0):
 garbage-first heap   total 380928K, used 289318K [0x0000000082000000, 0x0000000100000000)
  region size 1024K, 1 young (1024K), 1 survivors (1024K)
 Metaspace       used 16396K, committed 16704K, reserved 1114112K
  class space    used 2051K, committed 2176K, reserved 1048576K
}
Event: 22.915 GC heap before
{Heap before GC invocations=14 (full 0):
 garbage-first heap   total 496640K, used 353830K [0x0000000082000000, 0x0000000100000000)
  region size 1024K, 64 young (65536K), 1 survivors (1024K)
 Metaspace       used 16456K, committed 16768K, reserved 1114112K
  class space    used 2051K, committed 2176K, reserved 1048576K
}
Event: 22.917 GC heap after
{Heap after GC invocations=15 (full 0):
 garbage-first heap   total 496640K, used 289271K [0x0000000082000000, 0x0000000100000000)
  region size 1024K, 1 young (1024K), 1 survivors (1024K)
 Metaspace       used 16456K, committed 16768K, reserved 1114112K
  class space    used 2051K, committed 2176K, reserved 1048576K
}

