# JRE version: OpenJDK Runtime Environment (25.0+36) (build 25+36-3489)
# Java VM: OpenJDK 64-Bit Server VM (25+36-3489, mixed mode, sharing, tiered, compressed oops, compressed class ptrs, g1 gc, windows-amd64)
GC Precious Log:
 CardTable entry size: 512
 Card Set container configuration: InlinePtr #cards 4 size 8 Array Of Cards #cards 16 size 48 Howl #buckets 8 coarsen threshold 3686 Howl Bitmap #cards 512 size 80 coarsen threshold 460 Card regions per heap region 1 cards per card region 4096
 CPUs: 12 total, 12 available
 Memory: 16027M
 Large Page Support: Disabled
 NUMA Support: Disabled
 Compressed Oops: Enabled (Zero based)
 Heap Region Size: 2M
 Heap Min Capacity: 8M
 Heap Initial Capacity: 252M
 Heap Max Capacity: 4008M
 Pre-touch: Disabled
 Parallel Workers: 10
 Concurrent Workers: 3
 Concurrent Refinement Workers: 10
 Periodic GC: Disabled
Heap:
 garbage-first heap   total reserved 4104192K, committed 536576K, used 452636K [0x0000000705800000, 0x0000000800000000)
  region size 2048K, 67 young (137216K), 1 survivors (2048K)
GC Heap Usage History (20 events):
Event: 6.580 {heap Before GC invocations=3 (full 0):
 garbage-first heap   total reserved 4104192K, committed 260096K, used 190766K [0x0000000705800000, 0x0000000800000000)
  region size 2048K, 75 young (153600K), 4 survivors (8192K)
}
Event: 6.588 {heap After GC invocations=4 (full 0):
 garbage-first heap   total reserved 4104192K, committed 260096K, used 54448K [0x0000000705800000, 0x0000000800000000)
  region size 2048K, 7 young (14336K), 7 survivors (14336K)
}
Event: 6.826 {heap Before GC invocations=4 (full 0):
 garbage-first heap   total reserved 4104192K, committed 260096K, used 150704K [0x0000000705800000, 0x0000000800000000)
  region size 2048K, 21 young (43008K), 7 survivors (14336K)
}
Event: 6.834 {heap After GC invocations=5 (full 0):
 garbage-first heap   total reserved 4104192K, committed 260096K, used 130229K [0x0000000705800000, 0x0000000800000000)
  region size 2048K, 8 young (16384K), 8 survivors (16384K)
}
Event: 7.190 {heap Before GC invocations=6 (full 0):
 garbage-first heap   total reserved 4104192K, committed 260096K, used 255157K [0x0000000705800000, 0x0000000800000000)
  region size 2048K, 23 young (47104K), 8 survivors (16384K)
}
Event: 7.199 {heap After GC invocations=7 (full 0):
 garbage-first heap   total reserved 4104192K, committed 282624K, used 232484K [0x0000000705800000, 0x0000000800000000)
  region size 2048K, 6 young (12288K), 6 survivors (12288K)
}
Event: 14.041 {heap Before GC invocations=7 (full 0):
 garbage-first heap   total reserved 4104192K, committed 282624K, used 259108K [0x0000000705800000, 0x0000000800000000)
  region size 2048K, 20 young (40960K), 6 survivors (12288K)
}
Event: 14.050 {heap After GC invocations=8 (full 0):
 garbage-first heap   total reserved 4104192K, committed 284672K, used 240156K [0x0000000705800000, 0x0000000800000000)
  region size 2048K, 3 young (6144K), 3 survivors (6144K)
}
Event: 16.246 {heap Before GC invocations=8 (full 0):
 garbage-first heap   total reserved 4104192K, committed 284672K, used 254492K [0x0000000705800000, 0x0000000800000000)
  region size 2048K, 11 young (22528K), 3 survivors (6144K)
}
Event: 16.250 {heap After GC invocations=9 (full 0):
 garbage-first heap   total reserved 4104192K, committed 284672K, used 240402K [0x0000000705800000, 0x0000000800000000)
  region size 2048K, 1 young (2048K), 1 survivors (2048K)
}
Event: 16.524 {heap Before GC invocations=10 (full 0):
 garbage-first heap   total reserved 4104192K, committed 413696K, used 342802K [0x0000000705800000, 0x0000000800000000)
  region size 2048K, 11 young (22528K), 1 survivors (2048K)
}
Event: 16.526 {heap After GC invocations=11 (full 0):
 garbage-first heap   total reserved 4104192K, committed 413696K, used 322529K [0x0000000705800000, 0x0000000800000000)
  region size 2048K, 1 young (2048K), 1 survivors (2048K)
}
Event: 22.178 {heap Before GC invocations=11 (full 0):
 garbage-first heap   total reserved 4104192K, committed 413696K, used 386017K [0x0000000705800000, 0x0000000800000000)
  region size 2048K, 32 young (65536K), 1 survivors (2048K)
}
Event: 22.184 {heap After GC invocations=12 (full 0):
 garbage-first heap   total reserved 4104192K, committed 413696K, used 321851K [0x0000000705800000, 0x0000000800000000)
  region size 2048K, 1 young (2048K), 1 survivors (2048K)
}
Event: 54.742 {heap Before GC invocations=12 (full 0):
 garbage-first heap   total reserved 4104192K, committed 413696K, used 389435K [0x0000000705800000, 0x0000000800000000)
  region size 2048K, 34 young (69632K), 1 survivors (2048K)
}
Event: 54.745 {heap After GC invocations=13 (full 0):
 garbage-first heap   total reserved 4104192K, committed 413696K, used 321964K [0x0000000705800000, 0x0000000800000000)
  region size 2048K, 1 young (2048K), 1 survivors (2048K)
}
Event: 76.964 {heap Before GC invocations=14 (full 0):
 garbage-first heap   total reserved 4104192K, committed 536576K, used 381356K [0x0000000705800000, 0x0000000800000000)
  region size 2048K, 31 young (63488K), 1 survivors (2048K)
}
Event: 76.969 {heap After GC invocations=15 (full 0):
 garbage-first heap   total reserved 4104192K, committed 536576K, used 319887K [0x0000000705800000, 0x0000000800000000)
  region size 2048K, 1 young (2048K), 1 survivors (2048K)
}
Event: 92.987 {heap Before GC invocations=15 (full 0):
 garbage-first heap   total reserved 4104192K, committed 536576K, used 502159K [0x0000000705800000, 0x0000000800000000)
  region size 2048K, 90 young (184320K), 1 survivors (2048K)
}
Event: 92.988 {heap After GC invocations=16 (full 0):
 garbage-first heap   total reserved 4104192K, committed 536576K, used 319516K [0x0000000705800000, 0x0000000800000000)
  region size 2048K, 1 young (2048K), 1 survivors (2048K)
}

