# JRE version: OpenJDK Runtime Environment Microsoft-11933218 (21.0.8+9) (build 21.0.8+9-LTS)
# Java VM: OpenJDK 64-Bit Server VM Microsoft-11933218 (21.0.8+9-LTS, mixed mode, sharing, tiered, compressed oops, compressed class ptrs, g1 gc, windows-amd64)
GC Precious Log:
 CardTable entry size: 512
 Card Set container configuration: InlinePtr #cards 4 size 8 Array Of Cards #cards 16 size 48 Howl #buckets 8 coarsen threshold 3686 Howl Bitmap #cards 512 size 80 coarsen threshold 460 Card regions per heap region 1 cards per card region 4096
 CPUs: 12 total, 12 available
 Memory: 16091M
 Large Page Support: Disabled
 NUMA Support: Disabled
 Compressed Oops: Enabled (Zero based)
 Heap Region Size: 2M
 Heap Min Capacity: 8M
 Heap Initial Capacity: 252M
 Heap Max Capacity: 4024M
 Pre-touch: Disabled
 Parallel Workers: 10
 Concurrent Workers: 3
 Concurrent Refinement Workers: 10
 Periodic GC: Disabled
Heap:
 garbage-first heap   total 892928K, used 657608K [0x0000000704800000, 0x0000000800000000)
  region size 2048K, 171 young (350208K), 5 survivors (10240K)
 Metaspace       used 17754K, committed 18048K, reserved 1114112K
  class space    used 2224K, committed 2368K, reserved 1048576K
GC Heap History (20 events):
Event: 89.475 GC heap before
{Heap before GC invocations=42 (full 0):
 garbage-first heap   total 600064K, used 562899K [0x0000000704800000, 0x0000000800000000)
  region size 2048K, 165 young (337920K), 1 survivors (2048K)
 Metaspace       used 15870K, committed 16128K, reserved 1114112K
  class space    used 2011K, committed 2112K, reserved 1048576K
}
Event: 89.477 GC heap after
{Heap after GC invocations=43 (full 0):
 garbage-first heap   total 600064K, used 227025K [0x0000000704800000, 0x0000000800000000)
  region size 2048K, 1 young (2048K), 1 survivors (2048K)
 Metaspace       used 15870K, committed 16128K, reserved 1114112K
  class space    used 2011K, committed 2112K, reserved 1048576K
}
Event: 148.355 GC heap before
{Heap before GC invocations=43 (full 0):
 garbage-first heap   total 600064K, used 560849K [0x0000000704800000, 0x0000000800000000)
  region size 2048K, 165 young (337920K), 1 survivors (2048K)
 Metaspace       used 15934K, committed 16192K, reserved 1114112K
  class space    used 2011K, committed 2112K, reserved 1048576K
}
Event: 148.358 GC heap after
{Heap after GC invocations=44 (full 0):
 garbage-first heap   total 600064K, used 233425K [0x0000000704800000, 0x0000000800000000)
  region size 2048K, 4 young (8192K), 4 survivors (8192K)
 Metaspace       used 15934K, committed 16192K, reserved 1114112K
  class space    used 2011K, committed 2112K, reserved 1048576K
}
Event: 151.121 GC heap before
{Heap before GC invocations=44 (full 0):
 garbage-first heap   total 600064K, used 557009K [0x0000000704800000, 0x0000000800000000)
  region size 2048K, 162 young (331776K), 4 survivors (8192K)
 Metaspace       used 15935K, committed 16192K, reserved 1114112K
  class space    used 2011K, committed 2112K, reserved 1048576K
}
Event: 151.126 GC heap after
{Heap after GC invocations=45 (full 0):
 garbage-first heap   total 600064K, used 233645K [0x0000000704800000, 0x0000000800000000)
  region size 2048K, 4 young (8192K), 4 survivors (8192K)
 Metaspace       used 15935K, committed 16192K, reserved 1114112K
  class space    used 2011K, committed 2112K, reserved 1048576K
}
Event: 153.884 GC heap before
{Heap before GC invocations=45 (full 0):
 garbage-first heap   total 600064K, used 557229K [0x0000000704800000, 0x0000000800000000)
  region size 2048K, 162 young (331776K), 4 survivors (8192K)
 Metaspace       used 15936K, committed 16192K, reserved 1114112K
  class space    used 2011K, committed 2112K, reserved 1048576K
}
Event: 153.888 GC heap after
{Heap after GC invocations=46 (full 0):
 garbage-first heap   total 600064K, used 233661K [0x0000000704800000, 0x0000000800000000)
  region size 2048K, 4 young (8192K), 4 survivors (8192K)
 Metaspace       used 15936K, committed 16192K, reserved 1114112K
  class space    used 2011K, committed 2112K, reserved 1048576K
}
Event: 155.848 GC heap before
{Heap before GC invocations=46 (full 0):
 garbage-first heap   total 600064K, used 487613K [0x0000000704800000, 0x0000000800000000)
  region size 2048K, 109 young (223232K), 4 survivors (8192K)
 Metaspace       used 15992K, committed 16256K, reserved 1114112K
  class space    used 2012K, committed 2112K, reserved 1048576K
}
Event: 155.850 GC heap after
{Heap after GC invocations=47 (full 0):
 garbage-first heap   total 600064K, used 276722K [0x0000000704800000, 0x0000000800000000)
  region size 2048K, 4 young (8192K), 4 survivors (8192K)
 Metaspace       used 15992K, committed 16256K, reserved 1114112K
  class space    used 2012K, committed 2112K, reserved 1048576K
}
Event: 155.858 GC heap before
{Heap before GC invocations=48 (full 0):
 garbage-first heap   total 600064K, used 282866K [0x0000000704800000, 0x0000000800000000)
  region size 2048K, 5 young (10240K), 4 survivors (8192K)
 Metaspace       used 15992K, committed 16256K, reserved 1114112K
  class space    used 2012K, committed 2112K, reserved 1048576K
}
Event: 155.860 GC heap after
{Heap after GC invocations=49 (full 0):
 garbage-first heap   total 600064K, used 283066K [0x0000000704800000, 0x0000000800000000)
  region size 2048K, 4 young (8192K), 4 survivors (8192K)
 Metaspace       used 15992K, committed 16256K, reserved 1114112K
  class space    used 2012K, committed 2112K, reserved 1048576K
}
Event: 155.893 GC heap before
{Heap before GC invocations=50 (full 0):
 garbage-first heap   total 600064K, used 293306K [0x0000000704800000, 0x0000000800000000)
  region size 2048K, 6 young (12288K), 4 survivors (8192K)
 Metaspace       used 16014K, committed 16320K, reserved 1114112K
  class space    used 2015K, committed 2176K, reserved 1048576K
}
Event: 155.896 GC heap after
{Heap after GC invocations=51 (full 0):
 garbage-first heap   total 600064K, used 288960K [0x0000000704800000, 0x0000000800000000)
  region size 2048K, 4 young (8192K), 4 survivors (8192K)
 Metaspace       used 16014K, committed 16320K, reserved 1114112K
  class space    used 2015K, committed 2176K, reserved 1048576K
}
Event: 155.962 GC heap before
{Heap before GC invocations=52 (full 0):
 garbage-first heap   total 600064K, used 303296K [0x0000000704800000, 0x0000000800000000)
  region size 2048K, 9 young (18432K), 4 survivors (8192K)
 Metaspace       used 16415K, committed 16704K, reserved 1114112K
  class space    used 2083K, committed 2240K, reserved 1048576K
}
Event: 155.963 GC heap after
{Heap after GC invocations=53 (full 0):
 garbage-first heap   total 600064K, used 296580K [0x0000000704800000, 0x0000000800000000)
  region size 2048K, 4 young (8192K), 4 survivors (8192K)
 Metaspace       used 16415K, committed 16704K, reserved 1114112K
  class space    used 2083K, committed 2240K, reserved 1048576K
}
Event: 155.997 GC heap before
{Heap before GC invocations=54 (full 0):
 garbage-first heap   total 600064K, used 304772K [0x0000000704800000, 0x0000000800000000)
  region size 2048K, 6 young (12288K), 4 survivors (8192K)
 Metaspace       used 16423K, committed 16704K, reserved 1114112K
  class space    used 2086K, committed 2240K, reserved 1048576K
}
Event: 155.999 GC heap after
{Heap after GC invocations=55 (full 0):
 garbage-first heap   total 892928K, used 302689K [0x0000000704800000, 0x0000000800000000)
  region size 2048K, 4 young (8192K), 4 survivors (8192K)
 Metaspace       used 16423K, committed 16704K, reserved 1114112K
  class space    used 2086K, committed 2240K, reserved 1048576K
}
Event: 160.666 GC heap before
{Heap before GC invocations=55 (full 0):
 garbage-first heap   total 892928K, used 853601K [0x0000000704800000, 0x0000000800000000)
  region size 2048K, 261 young (534528K), 4 survivors (8192K)
 Metaspace       used 17628K, committed 17920K, reserved 1114112K
  class space    used 2218K, committed 2368K, reserved 1048576K
}
Event: 160.678 GC heap after
{Heap after GC invocations=56 (full 0):
 garbage-first heap   total 892928K, used 248008K [0x0000000704800000, 0x0000000800000000)
  region size 2048K, 5 young (10240K), 5 survivors (10240K)
 Metaspace       used 17628K, committed 17920K, reserved 1114112K
  class space    used 2218K, committed 2368K, reserved 1048576K
}

