# JRE version: Java(TM) SE Runtime Environment (21.0.8+12) (build 21.0.8+12-LTS-250)
# Java VM: Java HotSpot(TM) 64-Bit Server VM (21.0.8+12-LTS-250, mixed mode, sharing, tiered, compressed oops, compressed class ptrs, g1 gc, windows-amd64)
GC Precious Log:
 CardTable entry size: 512
 Card Set container configuration: InlinePtr #cards 5 size 8 Array Of Cards #cards 12 size 40 Howl #buckets 4 coarsen threshold 1843 Howl Bitmap #cards 512 size 80 coarsen threshold 460 Card regions per heap region 1 cards per card region 2048
 CPUs: 4 total, 4 available
 Memory: 8061M
 Large Page Support: Disabled
 NUMA Support: Disabled
 Compressed Oops: Enabled (32-bit)
 Heap Region Size: 1M
 Heap Min Capacity: 8M
 Heap Initial Capacity: 126M
 Heap Max Capacity: 2016M
 Pre-touch: Disabled
 Parallel Workers: 4
 Concurrent Workers: 1
 Concurrent Refinement Workers: 4
 Periodic GC: Disabled
Heap:
 garbage-first heap   total 339968K, used 207583K [0x0000000082000000, 0x0000000100000000)
  region size 1024K, 16 young (16384K), 3 survivors (3072K)
 Metaspace       used 21052K, committed 21312K, reserved 1114112K
  class space    used 2607K, committed 2688K, reserved 1048576K
GC Heap History (20 events):
Event: 130.908 GC heap before
{Heap before GC invocations=67 (full 0):
 garbage-first heap   total 339968K, used 318800K [0x0000000082000000, 0x0000000100000000)
  region size 1024K, 125 young (128000K), 1 survivors (1024K)
 Metaspace       used 17974K, committed 18240K, reserved 1114112K
  class space    used 2118K, committed 2240K, reserved 1048576K
}
Event: 130.909 GC heap after
{Heap after GC invocations=68 (full 0):
 garbage-first heap   total 339968K, used 191857K [0x0000000082000000, 0x0000000100000000)
  region size 1024K, 1 young (1024K), 1 survivors (1024K)
 Metaspace       used 17974K, committed 18240K, reserved 1114112K
  class space    used 2118K, committed 2240K, reserved 1048576K
}
Event: 133.188 GC heap before
{Heap before GC invocations=69 (full 0):
 garbage-first heap   total 339968K, used 317809K [0x0000000082000000, 0x0000000100000000)
  region size 1024K, 125 young (128000K), 1 survivors (1024K)
 Metaspace       used 17976K, committed 18240K, reserved 1114112K
  class space    used 2118K, committed 2240K, reserved 1048576K
}
Event: 133.190 GC heap after
{Heap after GC invocations=70 (full 0):
 garbage-first heap   total 339968K, used 191857K [0x0000000082000000, 0x0000000100000000)
  region size 1024K, 1 young (1024K), 1 survivors (1024K)
 Metaspace       used 17976K, committed 18240K, reserved 1114112K
  class space    used 2118K, committed 2240K, reserved 1048576K
}
Event: 135.320 GC heap before
{Heap before GC invocations=70 (full 0):
 garbage-first heap   total 339968K, used 317809K [0x0000000082000000, 0x0000000100000000)
  region size 1024K, 125 young (128000K), 1 survivors (1024K)
 Metaspace       used 17981K, committed 18240K, reserved 1114112K
  class space    used 2118K, committed 2240K, reserved 1048576K
}
Event: 135.322 GC heap after
{Heap after GC invocations=71 (full 0):
 garbage-first heap   total 339968K, used 191868K [0x0000000082000000, 0x0000000100000000)
  region size 1024K, 1 young (1024K), 1 survivors (1024K)
 Metaspace       used 17981K, committed 18240K, reserved 1114112K
  class space    used 2118K, committed 2240K, reserved 1048576K
}
Event: 137.619 GC heap before
{Heap before GC invocations=72 (full 0):
 garbage-first heap   total 339968K, used 318844K [0x0000000082000000, 0x0000000100000000)
  region size 1024K, 125 young (128000K), 1 survivors (1024K)
 Metaspace       used 17983K, committed 18240K, reserved 1114112K
  class space    used 2118K, committed 2240K, reserved 1048576K
}
Event: 137.620 GC heap after
{Heap after GC invocations=73 (full 0):
 garbage-first heap   total 339968K, used 191874K [0x0000000082000000, 0x0000000100000000)
  region size 1024K, 1 young (1024K), 1 survivors (1024K)
 Metaspace       used 17983K, committed 18240K, reserved 1114112K
  class space    used 2118K, committed 2240K, reserved 1048576K
}
Event: 139.749 GC heap before
{Heap before GC invocations=73 (full 0):
 garbage-first heap   total 339968K, used 318850K [0x0000000082000000, 0x0000000100000000)
  region size 1024K, 125 young (128000K), 1 survivors (1024K)
 Metaspace       used 17986K, committed 18240K, reserved 1114112K
  class space    used 2118K, committed 2240K, reserved 1048576K
}
Event: 139.750 GC heap after
{Heap after GC invocations=74 (full 0):
 garbage-first heap   total 339968K, used 191878K [0x0000000082000000, 0x0000000100000000)
  region size 1024K, 1 young (1024K), 1 survivors (1024K)
 Metaspace       used 17986K, committed 18240K, reserved 1114112K
  class space    used 2118K, committed 2240K, reserved 1048576K
}
Event: 141.550 GC heap before
{Heap before GC invocations=75 (full 0):
 garbage-first heap   total 339968K, used 318854K [0x0000000082000000, 0x0000000100000000)
  region size 1024K, 125 young (128000K), 1 survivors (1024K)
 Metaspace       used 17987K, committed 18240K, reserved 1114112K
  class space    used 2118K, committed 2240K, reserved 1048576K
}
Event: 141.551 GC heap after
{Heap after GC invocations=76 (full 0):
 garbage-first heap   total 339968K, used 191886K [0x0000000082000000, 0x0000000100000000)
  region size 1024K, 1 young (1024K), 1 survivors (1024K)
 Metaspace       used 17987K, committed 18240K, reserved 1114112K
  class space    used 2118K, committed 2240K, reserved 1048576K
}
Event: 144.574 GC heap before
{Heap before GC invocations=76 (full 0):
 garbage-first heap   total 339968K, used 318862K [0x0000000082000000, 0x0000000100000000)
  region size 1024K, 125 young (128000K), 1 survivors (1024K)
 Metaspace       used 17987K, committed 18240K, reserved 1114112K
  class space    used 2118K, committed 2240K, reserved 1048576K
}
Event: 144.575 GC heap after
{Heap after GC invocations=77 (full 0):
 garbage-first heap   total 339968K, used 191885K [0x0000000082000000, 0x0000000100000000)
  region size 1024K, 1 young (1024K), 1 survivors (1024K)
 Metaspace       used 17987K, committed 18240K, reserved 1114112K
  class space    used 2118K, committed 2240K, reserved 1048576K
}
Event: 146.652 GC heap before
{Heap before GC invocations=78 (full 0):
 garbage-first heap   total 339968K, used 317837K [0x0000000082000000, 0x0000000100000000)
  region size 1024K, 125 young (128000K), 1 survivors (1024K)
 Metaspace       used 17995K, committed 18240K, reserved 1114112K
  class space    used 2119K, committed 2240K, reserved 1048576K
}
Event: 146.654 GC heap after
{Heap after GC invocations=79 (full 0):
 garbage-first heap   total 339968K, used 191941K [0x0000000082000000, 0x0000000100000000)
  region size 1024K, 1 young (1024K), 1 survivors (1024K)
 Metaspace       used 17995K, committed 18240K, reserved 1114112K
  class space    used 2119K, committed 2240K, reserved 1048576K
}
Event: 150.505 GC heap before
{Heap before GC invocations=79 (full 0):
 garbage-first heap   total 339968K, used 318917K [0x0000000082000000, 0x0000000100000000)
  region size 1024K, 125 young (128000K), 1 survivors (1024K)
 Metaspace       used 18011K, committed 18304K, reserved 1114112K
  class space    used 2119K, committed 2240K, reserved 1048576K
}
Event: 150.507 GC heap after
{Heap after GC invocations=80 (full 0):
 garbage-first heap   total 339968K, used 191963K [0x0000000082000000, 0x0000000100000000)
  region size 1024K, 1 young (1024K), 1 survivors (1024K)
 Metaspace       used 18011K, committed 18304K, reserved 1114112K
  class space    used 2119K, committed 2240K, reserved 1048576K
}
Event: 155.585 GC heap before
{Heap before GC invocations=81 (full 0):
 garbage-first heap   total 339968K, used 307675K [0x0000000082000000, 0x0000000100000000)
  region size 1024K, 116 young (118784K), 1 survivors (1024K)
 Metaspace       used 20986K, committed 21184K, reserved 1114112K
  class space    used 2595K, committed 2688K, reserved 1048576K
}
Event: 155.590 GC heap after
{Heap after GC invocations=82 (full 0):
 garbage-first heap   total 339968K, used 194271K [0x0000000082000000, 0x0000000100000000)
  region size 1024K, 3 young (3072K), 3 survivors (3072K)
 Metaspace       used 20986K, committed 21184K, reserved 1114112K
  class space    used 2595K, committed 2688K, reserved 1048576K
}

