# JRE version: Java(TM) SE Runtime Environment (21.0.8+12) (build 21.0.8+12-LTS-250)
# Java VM: Java HotSpot(TM) 64-Bit Server VM (21.0.8+12-LTS-250, mixed mode, sharing, tiered, compressed oops, compressed class ptrs, g1 gc, windows-amd64)
GC Precious Log:
 CardTable entry size: 512
 Card Set container configuration: InlinePtr #cards 5 size 8 Array Of Cards #cards 12 size 40 Howl #buckets 4 coarsen threshold 1843 Howl Bitmap #cards 512 size 80 coarsen threshold 460 Card regions per heap region 1 cards per card region 2048
 CPUs: 4 total, 4 available
 Memory: 8061M
 Large Page Support: Disabled
 NUMA Support: Disabled
 Compressed Oops: Enabled (32-bit)
 Heap Region Size: 1M
 Heap Min Capacity: 8M
 Heap Initial Capacity: 126M
 Heap Max Capacity: 2016M
 Pre-touch: Disabled
 Parallel Workers: 4
 Concurrent Workers: 1
 Concurrent Refinement Workers: 4
 Periodic GC: Disabled
Heap:
 garbage-first heap   total 347136K, used 249563K [0x0000000082000000, 0x0000000100000000)
  region size 1024K, 49 young (50176K), 5 survivors (5120K)
 Metaspace       used 22619K, committed 22848K, reserved 1114112K
  class space    used 2777K, committed 2880K, reserved 1048576K
GC Heap History (20 events):
Event: 13.292 GC heap before
{Heap before GC invocations=6 (full 0):
 garbage-first heap   total 129024K, used 85003K [0x0000000082000000, 0x0000000100000000)
  region size 1024K, 75 young (76800K), 6 survivors (6144K)
 Metaspace       used 13398K, committed 13632K, reserved 1114112K
  class space    used 1404K, committed 1472K, reserved 1048576K
}
Event: 13.297 GC heap after
{Heap after GC invocations=7 (full 0):
 garbage-first heap   total 129024K, used 14542K [0x0000000082000000, 0x0000000100000000)
  region size 1024K, 6 young (6144K), 6 survivors (6144K)
 Metaspace       used 13398K, committed 13632K, reserved 1114112K
  class space    used 1404K, committed 1472K, reserved 1048576K
}
Event: 15.117 GC heap before
{Heap before GC invocations=7 (full 0):
 garbage-first heap   total 129024K, used 108750K [0x0000000082000000, 0x0000000100000000)
  region size 1024K, 52 young (53248K), 6 survivors (6144K)
 Metaspace       used 14761K, committed 15040K, reserved 1114112K
  class space    used 1675K, committed 1792K, reserved 1048576K
}
Event: 15.123 GC heap after
{Heap after GC invocations=8 (full 0):
 garbage-first heap   total 129024K, used 72550K [0x0000000082000000, 0x0000000100000000)
  region size 1024K, 10 young (10240K), 10 survivors (10240K)
 Metaspace       used 14761K, committed 15040K, reserved 1114112K
  class space    used 1675K, committed 1792K, reserved 1048576K
}
Event: 15.136 GC heap before
{Heap before GC invocations=9 (full 0):
 garbage-first heap   total 129024K, used 74598K [0x0000000082000000, 0x0000000100000000)
  region size 1024K, 11 young (11264K), 10 survivors (10240K)
 Metaspace       used 14760K, committed 15040K, reserved 1114112K
  class space    used 1674K, committed 1792K, reserved 1048576K
}
Event: 15.140 GC heap after
{Heap after GC invocations=10 (full 0):
 garbage-first heap   total 129024K, used 75735K [0x0000000082000000, 0x0000000100000000)
  region size 1024K, 1 young (1024K), 1 survivors (1024K)
 Metaspace       used 14760K, committed 15040K, reserved 1114112K
  class space    used 1674K, committed 1792K, reserved 1048576K
}
Event: 15.692 GC heap before
{Heap before GC invocations=11 (full 0):
 garbage-first heap   total 196608K, used 195543K [0x0000000082000000, 0x0000000100000000)
  region size 1024K, 4 young (4096K), 1 survivors (1024K)
 Metaspace       used 14762K, committed 15040K, reserved 1114112K
  class space    used 1677K, committed 1792K, reserved 1048576K
}
Event: 15.693 GC heap after
{Heap after GC invocations=12 (full 0):
 garbage-first heap   total 197632K, used 192400K [0x0000000082000000, 0x0000000100000000)
  region size 1024K, 1 young (1024K), 1 survivors (1024K)
 Metaspace       used 14762K, committed 15040K, reserved 1114112K
  class space    used 1677K, committed 1792K, reserved 1048576K
}
Event: 15.875 GC heap before
{Heap before GC invocations=12 (full 0):
 garbage-first heap   total 197632K, used 195472K [0x0000000082000000, 0x0000000100000000)
  region size 1024K, 3 young (3072K), 1 survivors (1024K)
 Metaspace       used 14764K, committed 15040K, reserved 1114112K
  class space    used 1677K, committed 1792K, reserved 1048576K
}
Event: 15.877 GC heap after
{Heap after GC invocations=13 (full 0):
 garbage-first heap   total 199680K, used 195525K [0x0000000082000000, 0x0000000100000000)
  region size 1024K, 1 young (1024K), 1 survivors (1024K)
 Metaspace       used 14764K, committed 15040K, reserved 1114112K
  class space    used 1677K, committed 1792K, reserved 1048576K
}
Event: 15.943 GC heap before
{Heap before GC invocations=13 (full 0):
 garbage-first heap   total 199680K, used 197573K [0x0000000082000000, 0x0000000100000000)
  region size 1024K, 4 young (4096K), 1 survivors (1024K)
 Metaspace       used 14785K, committed 15040K, reserved 1114112K
  class space    used 1677K, committed 1792K, reserved 1048576K
}
Event: 15.945 GC heap after
{Heap after GC invocations=14 (full 0):
 garbage-first heap   total 202752K, used 197874K [0x0000000082000000, 0x0000000100000000)
  region size 1024K, 1 young (1024K), 1 survivors (1024K)
 Metaspace       used 14785K, committed 15040K, reserved 1114112K
  class space    used 1677K, committed 1792K, reserved 1048576K
}
Event: 16.050 GC heap before
{Heap before GC invocations=15 (full 0):
 garbage-first heap   total 332800K, used 199922K [0x0000000082000000, 0x0000000100000000)
  region size 1024K, 4 young (4096K), 1 survivors (1024K)
 Metaspace       used 14893K, committed 15104K, reserved 1114112K
  class space    used 1691K, committed 1792K, reserved 1048576K
}
Event: 16.052 GC heap after
{Heap after GC invocations=16 (full 0):
 garbage-first heap   total 332800K, used 200174K [0x0000000082000000, 0x0000000100000000)
  region size 1024K, 1 young (1024K), 1 survivors (1024K)
 Metaspace       used 14893K, committed 15104K, reserved 1114112K
  class space    used 1691K, committed 1792K, reserved 1048576K
}
Event: 26.615 GC heap before
{Heap before GC invocations=16 (full 0):
 garbage-first heap   total 332800K, used 254446K [0x0000000082000000, 0x0000000100000000)
  region size 1024K, 55 young (56320K), 1 survivors (1024K)
 Metaspace       used 18798K, committed 19072K, reserved 1114112K
  class space    used 2227K, committed 2368K, reserved 1048576K
}
Event: 26.618 GC heap after
{Heap after GC invocations=17 (full 0):
 garbage-first heap   total 332800K, used 201001K [0x0000000082000000, 0x0000000100000000)
  region size 1024K, 2 young (2048K), 2 survivors (2048K)
 Metaspace       used 18798K, committed 19072K, reserved 1114112K
  class space    used 2227K, committed 2368K, reserved 1048576K
}
Event: 35.999 GC heap before
{Heap before GC invocations=17 (full 0):
 garbage-first heap   total 332800K, used 248105K [0x0000000082000000, 0x0000000100000000)
  region size 1024K, 50 young (51200K), 2 survivors (2048K)
 Metaspace       used 21612K, committed 21824K, reserved 1114112K
  class space    used 2714K, committed 2816K, reserved 1048576K
}
Event: 36.004 GC heap after
{Heap after GC invocations=18 (full 0):
 garbage-first heap   total 332800K, used 203071K [0x0000000082000000, 0x0000000100000000)
  region size 1024K, 4 young (4096K), 4 survivors (4096K)
 Metaspace       used 21612K, committed 21824K, reserved 1114112K
  class space    used 2714K, committed 2816K, reserved 1048576K
}
Event: 49.616 GC heap before
{Heap before GC invocations=19 (full 0):
 garbage-first heap   total 347136K, used 271679K [0x0000000082000000, 0x0000000100000000)
  region size 1024K, 70 young (71680K), 4 survivors (4096K)
 Metaspace       used 22583K, committed 22848K, reserved 1114112K
  class space    used 2770K, committed 2880K, reserved 1048576K
}
Event: 49.621 GC heap after
{Heap after GC invocations=20 (full 0):
 garbage-first heap   total 347136K, used 205531K [0x0000000082000000, 0x0000000100000000)
  region size 1024K, 5 young (5120K), 5 survivors (5120K)
 Metaspace       used 22583K, committed 22848K, reserved 1114112K
  class space    used 2770K, committed 2880K, reserved 1048576K
}

