# JRE version: Java(TM) SE Runtime Environment (21.0.8+12) (build 21.0.8+12-LTS-250)
# Java VM: Java HotSpot(TM) 64-Bit Server VM (21.0.8+12-LTS-250, mixed mode, sharing, tiered, compressed oops, compressed class ptrs, g1 gc, windows-amd64)
GC Precious Log:
 CardTable entry size: 512
 Card Set container configuration: InlinePtr #cards 5 size 8 Array Of Cards #cards 12 size 40 Howl #buckets 4 coarsen threshold 1843 Howl Bitmap #cards 512 size 80 coarsen threshold 460 Card regions per heap region 1 cards per card region 2048
 CPUs: 4 total, 4 available
 Memory: 8061M
 Large Page Support: Disabled
 NUMA Support: Disabled
 Compressed Oops: Enabled (32-bit)
 Heap Region Size: 1M
 Heap Min Capacity: 8M
 Heap Initial Capacity: 126M
 Heap Max Capacity: 2016M
 Pre-touch: Disabled
 Parallel Workers: 4
 Concurrent Workers: 1
 Concurrent Refinement Workers: 4
 Periodic GC: Disabled
Heap:
 garbage-first heap   total 373760K, used 231508K [0x0000000082000000, 0x0000000100000000)
  region size 1024K, 36 young (36864K), 4 survivors (4096K)
 Metaspace       used 22162K, committed 22464K, reserved 1114112K
  class space    used 2767K, committed 2944K, reserved 1048576K
GC Heap History (20 events):
Event: 2.198 GC heap before
{Heap before GC invocations=1 (full 0):
 garbage-first heap   total 129024K, used 25564K [0x0000000082000000, 0x0000000100000000)
  region size 1024K, 22 young (22528K), 2 survivors (2048K)
 Metaspace       used 12422K, committed 12608K, reserved 1114112K
  class space    used 1376K, committed 1472K, reserved 1048576K
}
Event: 2.203 GC heap after
{Heap after GC invocations=2 (full 0):
 garbage-first heap   total 129024K, used 8455K [0x0000000082000000, 0x0000000100000000)
  region size 1024K, 3 young (3072K), 3 survivors (3072K)
 Metaspace       used 12422K, committed 12608K, reserved 1114112K
  class space    used 1376K, committed 1472K, reserved 1048576K
}
Event: 2.836 GC heap before
{Heap before GC invocations=2 (full 0):
 garbage-first heap   total 129024K, used 57607K [0x0000000082000000, 0x0000000100000000)
  region size 1024K, 51 young (52224K), 3 survivors (3072K)
 Metaspace       used 12529K, committed 12736K, reserved 1114112K
  class space    used 1376K, committed 1472K, reserved 1048576K
}
Event: 2.839 GC heap after
{Heap after GC invocations=3 (full 0):
 garbage-first heap   total 129024K, used 8396K [0x0000000082000000, 0x0000000100000000)
  region size 1024K, 3 young (3072K), 3 survivors (3072K)
 Metaspace       used 12529K, committed 12736K, reserved 1114112K
  class space    used 1376K, committed 1472K, reserved 1048576K
}
Event: 5.229 GC heap before
{Heap before GC invocations=3 (full 0):
 garbage-first heap   total 129024K, used 81100K [0x0000000082000000, 0x0000000100000000)
  region size 1024K, 75 young (76800K), 3 survivors (3072K)
 Metaspace       used 13999K, committed 14272K, reserved 1114112K
  class space    used 1625K, committed 1728K, reserved 1048576K
}
Event: 5.233 GC heap after
{Heap after GC invocations=4 (full 0):
 garbage-first heap   total 129024K, used 12851K [0x0000000082000000, 0x0000000100000000)
  region size 1024K, 7 young (7168K), 7 survivors (7168K)
 Metaspace       used 13999K, committed 14272K, reserved 1114112K
  class space    used 1625K, committed 1728K, reserved 1048576K
}
Event: 5.589 GC heap before
{Heap before GC invocations=4 (full 0):
 garbage-first heap   total 129024K, used 73267K [0x0000000082000000, 0x0000000100000000)
  region size 1024K, 17 young (17408K), 7 survivors (7168K)
 Metaspace       used 14206K, committed 14464K, reserved 1114112K
  class space    used 1671K, committed 1792K, reserved 1048576K
}
Event: 5.593 GC heap after
{Heap after GC invocations=5 (full 0):
 garbage-first heap   total 129024K, used 67454K [0x0000000082000000, 0x0000000100000000)
  region size 1024K, 8 young (8192K), 8 survivors (8192K)
 Metaspace       used 14206K, committed 14464K, reserved 1114112K
  class space    used 1671K, committed 1792K, reserved 1048576K
}
Event: 6.175 GC heap before
{Heap before GC invocations=6 (full 0):
 garbage-first heap   total 192512K, used 190334K [0x0000000082000000, 0x0000000100000000)
  region size 1024K, 13 young (13312K), 8 survivors (8192K)
 Metaspace       used 14230K, committed 14464K, reserved 1114112K
  class space    used 1674K, committed 1792K, reserved 1048576K
}
Event: 6.180 GC heap after
{Heap after GC invocations=7 (full 0):
 garbage-first heap   total 201728K, used 187184K [0x0000000082000000, 0x0000000100000000)
  region size 1024K, 5 young (5120K), 5 survivors (5120K)
 Metaspace       used 14230K, committed 14464K, reserved 1114112K
  class space    used 1674K, committed 1792K, reserved 1048576K
}
Event: 6.234 GC heap before
{Heap before GC invocations=7 (full 0):
 garbage-first heap   total 201728K, used 190256K [0x0000000082000000, 0x0000000100000000)
  region size 1024K, 9 young (9216K), 5 survivors (5120K)
 Metaspace       used 14259K, committed 14464K, reserved 1114112K
  class space    used 1674K, committed 1792K, reserved 1048576K
}
Event: 6.237 GC heap after
{Heap after GC invocations=8 (full 0):
 garbage-first heap   total 201728K, used 190414K [0x0000000082000000, 0x0000000100000000)
  region size 1024K, 2 young (2048K), 2 survivors (2048K)
 Metaspace       used 14259K, committed 14464K, reserved 1114112K
  class space    used 1674K, committed 1792K, reserved 1048576K
}
Event: 6.335 GC heap before
{Heap before GC invocations=8 (full 0):
 garbage-first heap   total 201728K, used 196558K [0x0000000082000000, 0x0000000100000000)
  region size 1024K, 9 young (9216K), 2 survivors (2048K)
 Metaspace       used 14811K, committed 15040K, reserved 1114112K
  class space    used 1756K, committed 1856K, reserved 1048576K
}
Event: 6.337 GC heap after
{Heap after GC invocations=9 (full 0):
 garbage-first heap   total 204800K, used 194802K [0x0000000082000000, 0x0000000100000000)
  region size 1024K, 2 young (2048K), 2 survivors (2048K)
 Metaspace       used 14811K, committed 15040K, reserved 1114112K
  class space    used 1756K, committed 1856K, reserved 1048576K
}
Event: 6.450 GC heap before
{Heap before GC invocations=10 (full 0):
 garbage-first heap   total 329728K, used 200946K [0x0000000082000000, 0x0000000100000000)
  region size 1024K, 9 young (9216K), 2 survivors (2048K)
 Metaspace       used 16170K, committed 16384K, reserved 1114112K
  class space    used 1981K, committed 2112K, reserved 1048576K
}
Event: 6.452 GC heap after
{Heap after GC invocations=11 (full 0):
 garbage-first heap   total 329728K, used 194713K [0x0000000082000000, 0x0000000100000000)
  region size 1024K, 1 young (1024K), 1 survivors (1024K)
 Metaspace       used 16170K, committed 16384K, reserved 1114112K
  class space    used 1981K, committed 2112K, reserved 1048576K
}
Event: 13.110 GC heap before
{Heap before GC invocations=11 (full 0):
 garbage-first heap   total 329728K, used 282777K [0x0000000082000000, 0x0000000100000000)
  region size 1024K, 86 young (88064K), 1 survivors (1024K)
 Metaspace       used 21059K, committed 21376K, reserved 1114112K
  class space    used 2748K, committed 2880K, reserved 1048576K
}
Event: 13.116 GC heap after
{Heap after GC invocations=12 (full 0):
 garbage-first heap   total 329728K, used 199511K [0x0000000082000000, 0x0000000100000000)
  region size 1024K, 4 young (4096K), 4 survivors (4096K)
 Metaspace       used 21059K, committed 21376K, reserved 1114112K
  class space    used 2748K, committed 2880K, reserved 1048576K
}
Event: 28.850 GC heap before
{Heap before GC invocations=12 (full 0):
 garbage-first heap   total 329728K, used 292695K [0x0000000082000000, 0x0000000100000000)
  region size 1024K, 96 young (98304K), 4 survivors (4096K)
 Metaspace       used 22117K, committed 22464K, reserved 1114112K
  class space    used 2760K, committed 2944K, reserved 1048576K
}
Event: 28.854 GC heap after
{Heap after GC invocations=13 (full 0):
 garbage-first heap   total 329728K, used 199764K [0x0000000082000000, 0x0000000100000000)
  region size 1024K, 4 young (4096K), 4 survivors (4096K)
 Metaspace       used 22117K, committed 22464K, reserved 1114112K
  class space    used 2760K, committed 2944K, reserved 1048576K
}

