# JRE version: OpenJDK Runtime Environment (25.0+36) (build 25+36-3489)
# Java VM: OpenJDK 64-Bit Server VM (25+36-3489, mixed mode, sharing, tiered, compressed oops, compressed class ptrs, g1 gc, windows-amd64)
GC Precious Log:
 CardTable entry size: 512
 Card Set container configuration: InlinePtr #cards 4 size 8 Array Of Cards #cards 16 size 48 Howl #buckets 8 coarsen threshold 3686 Howl Bitmap #cards 512 size 80 coarsen threshold 460 Card regions per heap region 1 cards per card region 4096
 CPUs: 12 total, 12 available
 Memory: 16027M
 Large Page Support: Disabled
 NUMA Support: Disabled
 Compressed Oops: Enabled (Zero based)
 Heap Region Size: 2M
 Heap Min Capacity: 8M
 Heap Initial Capacity: 252M
 Heap Max Capacity: 4008M
 Pre-touch: Disabled
 Parallel Workers: 10
 Concurrent Workers: 3
 Concurrent Refinement Workers: 10
 Periodic GC: Disabled
Heap:
 garbage-first heap   total reserved 4104192K, committed 346112K, used 217246K [0x0000000705800000, 0x0000000800000000)
  region size 2048K, 9 young (18432K), 1 survivors (2048K)
GC Heap Usage History (16 events):
Event: 1.295 {heap Before GC invocations=0 (full 0):
 garbage-first heap   total reserved 4104192K, committed 260096K, used 54419K [0x0000000705800000, 0x0000000800000000)
  region size 2048K, 24 young (49152K), 0 survivors (0K)
}
Event: 1.300 {heap After GC invocations=1 (full 0):
 garbage-first heap   total reserved 4104192K, committed 260096K, used 12933K [0x0000000705800000, 0x0000000800000000)
  region size 2048K, 3 young (6144K), 3 survivors (6144K)
}
Event: 1.613 {heap Before GC invocations=1 (full 0):
 garbage-first heap   total reserved 4104192K, committed 260096K, used 121477K [0x0000000705800000, 0x0000000800000000)
  region size 2048K, 56 young (114688K), 3 survivors (6144K)
}
Event: 1.621 {heap After GC invocations=2 (full 0):
 garbage-first heap   total reserved 4104192K, committed 260096K, used 12427K [0x0000000705800000, 0x0000000800000000)
  region size 2048K, 3 young (6144K), 3 survivors (6144K)
}
Event: 2.322 {heap Before GC invocations=2 (full 0):
 garbage-first heap   total reserved 4104192K, committed 260096K, used 204939K [0x0000000705800000, 0x0000000800000000)
  region size 2048K, 47 young (96256K), 3 survivors (6144K)
}
Event: 2.330 {heap After GC invocations=3 (full 0):
 garbage-first heap   total reserved 4104192K, committed 260096K, used 125930K [0x0000000705800000, 0x0000000800000000)
  region size 2048K, 7 young (14336K), 7 survivors (14336K)
}
Event: 2.335 {heap Before GC invocations=3 (full 0):
 garbage-first heap   total reserved 4104192K, committed 260096K, used 127978K [0x0000000705800000, 0x0000000800000000)
  region size 2048K, 8 young (16384K), 7 survivors (14336K)
}
Event: 2.341 {heap After GC invocations=4 (full 0):
 garbage-first heap   total reserved 4104192K, committed 260096K, used 128748K [0x0000000705800000, 0x0000000800000000)
  region size 2048K, 1 young (2048K), 1 survivors (2048K)
}
Event: 6.654 {heap Before GC invocations=5 (full 0):
 garbage-first heap   total reserved 4104192K, committed 260096K, used 253676K [0x0000000705800000, 0x0000000800000000)
  region size 2048K, 34 young (69632K), 1 survivors (2048K)
}
Event: 6.660 {heap After GC invocations=6 (full 0):
 garbage-first heap   total reserved 4104192K, committed 272384K, used 199922K [0x0000000705800000, 0x0000000800000000)
  region size 2048K, 6 young (12288K), 6 survivors (12288K)
}
Event: 7.877 {heap Before GC invocations=6 (full 0):
 garbage-first heap   total reserved 4104192K, committed 272384K, used 247026K [0x0000000705800000, 0x0000000800000000)
  region size 2048K, 28 young (57344K), 6 survivors (12288K)
}
Event: 7.888 {heap After GC invocations=7 (full 0):
 garbage-first heap   total reserved 4104192K, committed 272384K, used 203173K [0x0000000705800000, 0x0000000800000000)
  region size 2048K, 2 young (4096K), 2 survivors (4096K)
}
Event: 8.797 {heap Before GC invocations=7 (full 0):
 garbage-first heap   total reserved 4104192K, committed 272384K, used 248229K [0x0000000705800000, 0x0000000800000000)
  region size 2048K, 24 young (49152K), 2 survivors (4096K)
}
Event: 8.802 {heap After GC invocations=8 (full 0):
 garbage-first heap   total reserved 4104192K, committed 272384K, used 203032K [0x0000000705800000, 0x0000000800000000)
  region size 2048K, 2 young (4096K), 2 survivors (4096K)
}
Event: 23.967 {heap Before GC invocations=9 (full 0):
 garbage-first heap   total reserved 4104192K, committed 346112K, used 248088K [0x0000000705800000, 0x0000000800000000)
  region size 2048K, 25 young (51200K), 2 survivors (4096K)
}
Event: 23.970 {heap After GC invocations=10 (full 0):
 garbage-first heap   total reserved 4104192K, committed 346112K, used 202910K [0x0000000705800000, 0x0000000800000000)
  region size 2048K, 1 young (2048K), 1 survivors (2048K)
}

