# JRE version: Java(TM) SE Runtime Environment (21.0.8+12) (build 21.0.8+12-LTS-250)
# Java VM: Java HotSpot(TM) 64-Bit Server VM (21.0.8+12-LTS-250, mixed mode, sharing, tiered, compressed oops, compressed class ptrs, g1 gc, windows-amd64)
GC Precious Log:
 CardTable entry size: 512
 Card Set container configuration: InlinePtr #cards 5 size 8 Array Of Cards #cards 12 size 40 Howl #buckets 4 coarsen threshold 1843 Howl Bitmap #cards 512 size 80 coarsen threshold 460 Card regions per heap region 1 cards per card region 2048
 CPUs: 4 total, 4 available
 Memory: 8061M
 Large Page Support: Disabled
 NUMA Support: Disabled
 Compressed Oops: Enabled (32-bit)
 Heap Region Size: 1M
 Heap Min Capacity: 8M
 Heap Initial Capacity: 126M
 Heap Max Capacity: 2016M
 Pre-touch: Disabled
 Parallel Workers: 4
 Concurrent Workers: 1
 Concurrent Refinement Workers: 4
 Periodic GC: Disabled
Heap:
 garbage-first heap   total 403456K, used 259983K [0x0000000082000000, 0x0000000100000000)
  region size 1024K, 55 young (56320K), 2 survivors (2048K)
 Metaspace       used 22131K, committed 22400K, reserved 1114112K
  class space    used 2737K, committed 2880K, reserved 1048576K
GC Heap History (20 events):
Event: 6.329 GC heap before
{Heap before GC invocations=35 (full 0):
 garbage-first heap   total 375808K, used 169920K [0x0000000082000000, 0x0000000100000000)
  region size 1024K, 3 young (3072K), 1 survivors (1024K)
 Metaspace       used 13770K, committed 13952K, reserved 1114112K
  class space    used 1611K, committed 1664K, reserved 1048576K
}
Event: 6.330 GC heap after
{Heap after GC invocations=36 (full 0):
 garbage-first heap   total 375808K, used 169150K [0x0000000082000000, 0x0000000100000000)
  region size 1024K, 1 young (1024K), 1 survivors (1024K)
 Metaspace       used 13770K, committed 13952K, reserved 1114112K
  class space    used 1611K, committed 1664K, reserved 1048576K
}
Event: 6.339 GC heap before
{Heap before GC invocations=36 (full 0):
 garbage-first heap   total 375808K, used 171198K [0x0000000082000000, 0x0000000100000000)
  region size 1024K, 2 young (2048K), 1 survivors (1024K)
 Metaspace       used 13770K, committed 13952K, reserved 1114112K
  class space    used 1611K, committed 1664K, reserved 1048576K
}
Event: 6.340 GC heap after
{Heap after GC invocations=37 (full 0):
 garbage-first heap   total 375808K, used 171209K [0x0000000082000000, 0x0000000100000000)
  region size 1024K, 1 young (1024K), 1 survivors (1024K)
 Metaspace       used 13770K, committed 13952K, reserved 1114112K
  class space    used 1611K, committed 1664K, reserved 1048576K
}
Event: 6.362 GC heap before
{Heap before GC invocations=38 (full 0):
 garbage-first heap   total 375808K, used 175305K [0x0000000082000000, 0x0000000100000000)
  region size 1024K, 2 young (2048K), 1 survivors (1024K)
 Metaspace       used 13770K, committed 13952K, reserved 1114112K
  class space    used 1611K, committed 1664K, reserved 1048576K
}
Event: 6.363 GC heap after
{Heap after GC invocations=39 (full 0):
 garbage-first heap   total 375808K, used 175308K [0x0000000082000000, 0x0000000100000000)
  region size 1024K, 1 young (1024K), 1 survivors (1024K)
 Metaspace       used 13770K, committed 13952K, reserved 1114112K
  class space    used 1611K, committed 1664K, reserved 1048576K
}
Event: 6.384 GC heap before
{Heap before GC invocations=40 (full 0):
 garbage-first heap   total 375808K, used 179404K [0x0000000082000000, 0x0000000100000000)
  region size 1024K, 2 young (2048K), 1 survivors (1024K)
 Metaspace       used 13770K, committed 13952K, reserved 1114112K
  class space    used 1611K, committed 1664K, reserved 1048576K
}
Event: 6.385 GC heap after
{Heap after GC invocations=41 (full 0):
 garbage-first heap   total 375808K, used 179407K [0x0000000082000000, 0x0000000100000000)
  region size 1024K, 1 young (1024K), 1 survivors (1024K)
 Metaspace       used 13770K, committed 13952K, reserved 1114112K
  class space    used 1611K, committed 1664K, reserved 1048576K
}
Event: 6.410 GC heap before
{Heap before GC invocations=42 (full 0):
 garbage-first heap   total 375808K, used 183503K [0x0000000082000000, 0x0000000100000000)
  region size 1024K, 2 young (2048K), 1 survivors (1024K)
 Metaspace       used 13770K, committed 13952K, reserved 1114112K
  class space    used 1611K, committed 1664K, reserved 1048576K
}
Event: 6.411 GC heap after
{Heap after GC invocations=43 (full 0):
 garbage-first heap   total 375808K, used 183511K [0x0000000082000000, 0x0000000100000000)
  region size 1024K, 1 young (1024K), 1 survivors (1024K)
 Metaspace       used 13770K, committed 13952K, reserved 1114112K
  class space    used 1611K, committed 1664K, reserved 1048576K
}
Event: 6.435 GC heap before
{Heap before GC invocations=44 (full 0):
 garbage-first heap   total 375808K, used 187607K [0x0000000082000000, 0x0000000100000000)
  region size 1024K, 2 young (2048K), 1 survivors (1024K)
 Metaspace       used 13770K, committed 13952K, reserved 1114112K
  class space    used 1611K, committed 1664K, reserved 1048576K
}
Event: 6.436 GC heap after
{Heap after GC invocations=45 (full 0):
 garbage-first heap   total 375808K, used 187623K [0x0000000082000000, 0x0000000100000000)
  region size 1024K, 1 young (1024K), 1 survivors (1024K)
 Metaspace       used 13770K, committed 13952K, reserved 1114112K
  class space    used 1611K, committed 1664K, reserved 1048576K
}
Event: 6.471 GC heap before
{Heap before GC invocations=46 (full 0):
 garbage-first heap   total 375808K, used 191719K [0x0000000082000000, 0x0000000100000000)
  region size 1024K, 2 young (2048K), 1 survivors (1024K)
 Metaspace       used 13774K, committed 13952K, reserved 1114112K
  class space    used 1613K, committed 1664K, reserved 1048576K
}
Event: 6.472 GC heap after
{Heap after GC invocations=47 (full 0):
 garbage-first heap   total 375808K, used 192103K [0x0000000082000000, 0x0000000100000000)
  region size 1024K, 1 young (1024K), 1 survivors (1024K)
 Metaspace       used 13774K, committed 13952K, reserved 1114112K
  class space    used 1613K, committed 1664K, reserved 1048576K
}
Event: 13.364 GC heap before
{Heap before GC invocations=48 (full 0):
 garbage-first heap   total 375808K, used 259687K [0x0000000082000000, 0x0000000100000000)
  region size 1024K, 67 young (68608K), 1 survivors (1024K)
 Metaspace       used 20436K, committed 20736K, reserved 1114112K
  class space    used 2674K, committed 2816K, reserved 1048576K
}
Event: 13.371 GC heap after
{Heap after GC invocations=49 (full 0):
 garbage-first heap   total 375808K, used 202896K [0x0000000082000000, 0x0000000100000000)
  region size 1024K, 10 young (10240K), 10 survivors (10240K)
 Metaspace       used 20436K, committed 20736K, reserved 1114112K
  class space    used 2674K, committed 2816K, reserved 1048576K
}
Event: 34.145 GC heap before
{Heap before GC invocations=50 (full 0):
 garbage-first heap   total 375808K, used 306320K [0x0000000082000000, 0x0000000100000000)
  region size 1024K, 110 young (112640K), 10 survivors (10240K)
 Metaspace       used 22018K, committed 22336K, reserved 1114112K
  class space    used 2729K, committed 2880K, reserved 1048576K
}
Event: 34.159 GC heap after
{Heap after GC invocations=51 (full 0):
 garbage-first heap   total 375808K, used 206698K [0x0000000082000000, 0x0000000100000000)
  region size 1024K, 2 young (2048K), 2 survivors (2048K)
 Metaspace       used 22018K, committed 22336K, reserved 1114112K
  class space    used 2729K, committed 2880K, reserved 1048576K
}
Event: 44.233 GC heap before
{Heap before GC invocations=51 (full 0):
 garbage-first heap   total 375808K, used 306026K [0x0000000082000000, 0x0000000100000000)
  region size 1024K, 101 young (103424K), 2 survivors (2048K)
 Metaspace       used 22098K, committed 22400K, reserved 1114112K
  class space    used 2731K, committed 2880K, reserved 1048576K
}
Event: 44.235 GC heap after
{Heap after GC invocations=52 (full 0):
 garbage-first heap   total 375808K, used 206735K [0x0000000082000000, 0x0000000100000000)
  region size 1024K, 2 young (2048K), 2 survivors (2048K)
 Metaspace       used 22098K, committed 22400K, reserved 1114112K
  class space    used 2731K, committed 2880K, reserved 1048576K
}

