# JRE version: OpenJDK Runtime Environment (25.0+36) (build 25+36-3489)
# Java VM: OpenJDK 64-Bit Server VM (25+36-3489, mixed mode, sharing, tiered, compressed oops, compressed class ptrs, g1 gc, windows-amd64)
GC Precious Log:
 CardTable entry size: 512
 Card Set container configuration: InlinePtr #cards 4 size 8 Array Of Cards #cards 16 size 48 Howl #buckets 8 coarsen threshold 3686 Howl Bitmap #cards 512 size 80 coarsen threshold 460 Card regions per heap region 1 cards per card region 4096
 CPUs: 12 total, 12 available
 Memory: 16027M
 Large Page Support: Disabled
 NUMA Support: Disabled
 Compressed Oops: Enabled (Zero based)
 Heap Region Size: 2M
 Heap Min Capacity: 8M
 Heap Initial Capacity: 252M
 Heap Max Capacity: 4008M
 Pre-touch: Disabled
 Parallel Workers: 10
 Concurrent Workers: 3
 Concurrent Refinement Workers: 10
 Periodic GC: Disabled
Heap:
 garbage-first heap   total reserved 4104192K, committed 921600K, used 599180K [0x0000000705800000, 0x0000000800000000)
  region size 2048K, 25 young (51200K), 1 survivors (2048K)
GC Heap Usage History (20 events):
Event: 6.796 {heap Before GC invocations=8 (full 0):
 garbage-first heap   total reserved 4104192K, committed 389120K, used 318026K [0x0000000705800000, 0x0000000800000000)
  region size 2048K, 14 young (28672K), 1 survivors (2048K)
}
Event: 6.798 {heap After GC invocations=9 (full 0):
 garbage-first heap   total reserved 4104192K, committed 389120K, used 291561K [0x0000000705800000, 0x0000000800000000)
  region size 2048K, 1 young (2048K), 1 survivors (2048K)
}
Event: 7.917 {heap Before GC invocations=9 (full 0):
 garbage-first heap   total reserved 4104192K, committed 389120K, used 377577K [0x0000000705800000, 0x0000000800000000)
  region size 2048K, 34 young (69632K), 1 survivors (2048K)
}
Event: 7.920 {heap After GC invocations=10 (full 0):
 garbage-first heap   total reserved 4104192K, committed 389120K, used 313004K [0x0000000705800000, 0x0000000800000000)
  region size 2048K, 1 young (2048K), 1 survivors (2048K)
}
Event: 8.930 {heap Before GC invocations=10 (full 0):
 garbage-first heap   total reserved 4104192K, committed 389120K, used 321196K [0x0000000705800000, 0x0000000800000000)
  region size 2048K, 6 young (12288K), 1 survivors (2048K)
}
Event: 8.939 {heap After GC invocations=11 (full 0):
 garbage-first heap   total reserved 4104192K, committed 389120K, used 232905K [0x0000000705800000, 0x0000000800000000)
  region size 2048K, 1 young (2048K), 1 survivors (2048K)
}
Event: 10.578 {heap Before GC invocations=12 (full 0):
 garbage-first heap   total reserved 4104192K, committed 393216K, used 390601K [0x0000000705800000, 0x0000000800000000)
  region size 2048K, 39 young (79872K), 1 survivors (2048K)
}
Event: 10.580 {heap After GC invocations=13 (full 0):
 garbage-first heap   total reserved 4104192K, committed 395264K, used 310905K [0x0000000705800000, 0x0000000800000000)
  region size 2048K, 1 young (2048K), 1 survivors (2048K)
}
Event: 13.688 {heap Before GC invocations=13 (full 0):
 garbage-first heap   total reserved 4104192K, committed 456704K, used 456313K [0x0000000705800000, 0x0000000800000000)
  region size 2048K, 21 young (43008K), 1 survivors (2048K)
}
Event: 13.692 {heap After GC invocations=14 (full 0):
 garbage-first heap   total reserved 4104192K, committed 460800K, used 333221K [0x0000000705800000, 0x0000000800000000)
  region size 2048K, 1 young (2048K), 1 survivors (2048K)
}
Event: 13.694 {heap Before GC invocations=14 (full 0):
 garbage-first heap   total reserved 4104192K, committed 460800K, used 333221K [0x0000000705800000, 0x0000000800000000)
  region size 2048K, 2 young (4096K), 1 survivors (2048K)
}
Event: 13.695 {heap After GC invocations=15 (full 0):
 garbage-first heap   total reserved 4104192K, committed 460800K, used 333254K [0x0000000705800000, 0x0000000800000000)
  region size 2048K, 1 young (2048K), 1 survivors (2048K)
}
Event: 14.954 {heap Before GC invocations=16 (full 0):
 garbage-first heap   total reserved 4104192K, committed 604160K, used 603590K [0x0000000705800000, 0x0000000800000000)
  region size 2048K, 20 young (40960K), 1 survivors (2048K)
}
Event: 14.959 {heap After GC invocations=17 (full 0):
 garbage-first heap   total reserved 4104192K, committed 606208K, used 552229K [0x0000000705800000, 0x0000000800000000)
  region size 2048K, 1 young (2048K), 1 survivors (2048K)
}
Event: 15.586 {heap Before GC invocations=17 (full 0):
 garbage-first heap   total reserved 4104192K, committed 606208K, used 580901K [0x0000000705800000, 0x0000000800000000)
  region size 2048K, 15 young (30720K), 1 survivors (2048K)
}
Event: 15.592 {heap After GC invocations=18 (full 0):
 garbage-first heap   total reserved 4104192K, committed 606208K, used 552101K [0x0000000705800000, 0x0000000800000000)
  region size 2048K, 1 young (2048K), 1 survivors (2048K)
}
Event: 15.997 {heap Before GC invocations=18 (full 0):
 garbage-first heap   total reserved 4104192K, committed 606208K, used 580773K [0x0000000705800000, 0x0000000800000000)
  region size 2048K, 15 young (30720K), 1 survivors (2048K)
}
Event: 15.999 {heap After GC invocations=19 (full 0):
 garbage-first heap   total reserved 4104192K, committed 606208K, used 552174K [0x0000000705800000, 0x0000000800000000)
  region size 2048K, 1 young (2048K), 1 survivors (2048K)
}
Event: 24.076 {heap Before GC invocations=20 (full 0):
 garbage-first heap   total reserved 4104192K, committed 921600K, used 597230K [0x0000000705800000, 0x0000000800000000)
  region size 2048K, 23 young (47104K), 1 survivors (2048K)
}
Event: 24.083 {heap After GC invocations=21 (full 0):
 garbage-first heap   total reserved 4104192K, committed 921600K, used 552076K [0x0000000705800000, 0x0000000800000000)
  region size 2048K, 1 young (2048K), 1 survivors (2048K)
}

