# JRE version: Java(TM) SE Runtime Environment (21.0.8+12) (build 21.0.8+12-LTS-250)
# Java VM: Java HotSpot(TM) 64-Bit Server VM (21.0.8+12-LTS-250, mixed mode, sharing, tiered, compressed oops, compressed class ptrs, g1 gc, windows-amd64)
GC Precious Log:
 CardTable entry size: 512
 Card Set container configuration: InlinePtr #cards 5 size 8 Array Of Cards #cards 12 size 40 Howl #buckets 4 coarsen threshold 1843 Howl Bitmap #cards 512 size 80 coarsen threshold 460 Card regions per heap region 1 cards per card region 2048
 CPUs: 4 total, 4 available
 Memory: 8061M
 Large Page Support: Disabled
 NUMA Support: Disabled
 Compressed Oops: Enabled (32-bit)
 Heap Region Size: 1M
 Heap Min Capacity: 8M
 Heap Initial Capacity: 126M
 Heap Max Capacity: 2016M
 Pre-touch: Disabled
 Parallel Workers: 4
 Concurrent Workers: 1
 Concurrent Refinement Workers: 4
 Periodic GC: Disabled
Heap:
 garbage-first heap   total 347136K, used 229737K [0x0000000082000000, 0x0000000100000000)
  region size 1024K, 29 young (29696K), 6 survivors (6144K)
 Metaspace       used 22413K, committed 22656K, reserved 1114112K
  class space    used 2742K, committed 2880K, reserved 1048576K
GC Heap History (20 events):
Event: 2.947 GC heap before
{Heap before GC invocations=2 (full 0):
 garbage-first heap   total 129024K, used 68863K [0x0000000082000000, 0x0000000100000000)
  region size 1024K, 60 young (61440K), 3 survivors (3072K)
 Metaspace       used 12257K, committed 12416K, reserved 1114112K
  class space    used 1340K, committed 1408K, reserved 1048576K
}
Event: 2.953 GC heap after
{Heap after GC invocations=3 (full 0):
 garbage-first heap   total 129024K, used 13942K [0x0000000082000000, 0x0000000100000000)
  region size 1024K, 5 young (5120K), 5 survivors (5120K)
 Metaspace       used 12257K, committed 12416K, reserved 1114112K
  class space    used 1340K, committed 1408K, reserved 1048576K
}
Event: 3.704 GC heap before
{Heap before GC invocations=3 (full 0):
 garbage-first heap   total 129024K, used 84598K [0x0000000082000000, 0x0000000100000000)
  region size 1024K, 75 young (76800K), 5 survivors (5120K)
 Metaspace       used 12425K, committed 12608K, reserved 1114112K
  class space    used 1340K, committed 1408K, reserved 1048576K
}
Event: 3.709 GC heap after
{Heap after GC invocations=4 (full 0):
 garbage-first heap   total 129024K, used 14480K [0x0000000082000000, 0x0000000100000000)
  region size 1024K, 6 young (6144K), 6 survivors (6144K)
 Metaspace       used 12425K, committed 12608K, reserved 1114112K
  class space    used 1340K, committed 1408K, reserved 1048576K
}
Event: 4.752 GC heap before
{Heap before GC invocations=4 (full 0):
 garbage-first heap   total 129024K, used 91280K [0x0000000082000000, 0x0000000100000000)
  region size 1024K, 35 young (35840K), 6 survivors (6144K)
 Metaspace       used 13854K, committed 14016K, reserved 1114112K
  class space    used 1612K, committed 1664K, reserved 1048576K
}
Event: 4.758 GC heap after
{Heap after GC invocations=5 (full 0):
 garbage-first heap   total 129024K, used 72964K [0x0000000082000000, 0x0000000100000000)
  region size 1024K, 10 young (10240K), 10 survivors (10240K)
 Metaspace       used 13854K, committed 14016K, reserved 1114112K
  class space    used 1612K, committed 1664K, reserved 1048576K
}
Event: 5.613 GC heap before
{Heap before GC invocations=6 (full 0):
 garbage-first heap   total 196608K, used 194820K [0x0000000082000000, 0x0000000100000000)
  region size 1024K, 14 young (14336K), 10 survivors (10240K)
 Metaspace       used 13857K, committed 14080K, reserved 1114112K
  class space    used 1615K, committed 1728K, reserved 1048576K
}
Event: 5.619 GC heap after
{Heap after GC invocations=7 (full 0):
 garbage-first heap   total 206848K, used 192051K [0x0000000082000000, 0x0000000100000000)
  region size 1024K, 1 young (1024K), 1 survivors (1024K)
 Metaspace       used 13857K, committed 14080K, reserved 1114112K
  class space    used 1615K, committed 1728K, reserved 1048576K
}
Event: 5.833 GC heap before
{Heap before GC invocations=7 (full 0):
 garbage-first heap   total 206848K, used 202291K [0x0000000082000000, 0x0000000100000000)
  region size 1024K, 10 young (10240K), 1 survivors (1024K)
 Metaspace       used 14418K, committed 14656K, reserved 1114112K
  class space    used 1684K, committed 1792K, reserved 1048576K
}
Event: 5.836 GC heap after
{Heap after GC invocations=8 (full 0):
 garbage-first heap   total 211968K, used 199922K [0x0000000082000000, 0x0000000100000000)
  region size 1024K, 2 young (2048K), 2 survivors (2048K)
 Metaspace       used 14418K, committed 14656K, reserved 1114112K
  class space    used 1684K, committed 1792K, reserved 1048576K
}
Event: 5.953 GC heap before
{Heap before GC invocations=8 (full 0):
 garbage-first heap   total 211968K, used 207090K [0x0000000082000000, 0x0000000100000000)
  region size 1024K, 10 young (10240K), 2 survivors (2048K)
 Metaspace       used 15985K, committed 16256K, reserved 1114112K
  class space    used 1966K, committed 2112K, reserved 1048576K
}
Event: 5.955 GC heap after
{Heap after GC invocations=9 (full 0):
 garbage-first heap   total 211968K, used 200263K [0x0000000082000000, 0x0000000100000000)
  region size 1024K, 1 young (1024K), 1 survivors (1024K)
 Metaspace       used 15985K, committed 16256K, reserved 1114112K
  class space    used 1966K, committed 2112K, reserved 1048576K
}
Event: 7.580 GC heap before
{Heap before GC invocations=10 (full 0):
 garbage-first heap   total 337920K, used 208455K [0x0000000082000000, 0x0000000100000000)
  region size 1024K, 10 young (10240K), 1 survivors (1024K)
 Metaspace       used 16787K, committed 17024K, reserved 1114112K
  class space    used 2100K, committed 2240K, reserved 1048576K
}
Event: 7.582 GC heap after
{Heap after GC invocations=11 (full 0):
 garbage-first heap   total 337920K, used 200610K [0x0000000082000000, 0x0000000100000000)
  region size 1024K, 1 young (1024K), 1 survivors (1024K)
 Metaspace       used 16787K, committed 17024K, reserved 1114112K
  class space    used 2100K, committed 2240K, reserved 1048576K
}
Event: 25.103 GC heap before
{Heap before GC invocations=11 (full 0):
 garbage-first heap   total 337920K, used 319394K [0x0000000082000000, 0x0000000100000000)
  region size 1024K, 116 young (118784K), 1 survivors (1024K)
 Metaspace       used 22097K, committed 22400K, reserved 1114112K
  class space    used 2733K, committed 2880K, reserved 1048576K
}
Event: 25.112 GC heap after
{Heap after GC invocations=12 (full 0):
 garbage-first heap   total 337920K, used 205370K [0x0000000082000000, 0x0000000100000000)
  region size 1024K, 4 young (4096K), 4 survivors (4096K)
 Metaspace       used 22097K, committed 22400K, reserved 1114112K
  class space    used 2733K, committed 2880K, reserved 1048576K
}
Event: 43.029 GC heap before
{Heap before GC invocations=12 (full 0):
 garbage-first heap   total 337920K, used 312890K [0x0000000082000000, 0x0000000100000000)
  region size 1024K, 110 young (112640K), 4 survivors (4096K)
 Metaspace       used 22314K, committed 22592K, reserved 1114112K
  class space    used 2733K, committed 2880K, reserved 1048576K
}
Event: 43.037 GC heap after
{Heap after GC invocations=13 (full 0):
 garbage-first heap   total 337920K, used 205750K [0x0000000082000000, 0x0000000100000000)
  region size 1024K, 4 young (4096K), 4 survivors (4096K)
 Metaspace       used 22314K, committed 22592K, reserved 1114112K
  class space    used 2733K, committed 2880K, reserved 1048576K
}
Event: 48.632 GC heap before
{Heap before GC invocations=14 (full 0):
 garbage-first heap   total 347136K, used 315318K [0x0000000082000000, 0x0000000100000000)
  region size 1024K, 111 young (113664K), 4 survivors (4096K)
 Metaspace       used 22386K, committed 22656K, reserved 1114112K
  class space    used 2735K, committed 2880K, reserved 1048576K
}
Event: 48.638 GC heap after
{Heap after GC invocations=15 (full 0):
 garbage-first heap   total 347136K, used 207209K [0x0000000082000000, 0x0000000100000000)
  region size 1024K, 6 young (6144K), 6 survivors (6144K)
 Metaspace       used 22386K, committed 22656K, reserved 1114112K
  class space    used 2735K, committed 2880K, reserved 1048576K
}

