# JRE version: Java(TM) SE Runtime Environment (21.0.8+12) (build 21.0.8+12-LTS-250)
# Java VM: Java HotSpot(TM) 64-Bit Server VM (21.0.8+12-LTS-250, mixed mode, sharing, tiered, compressed oops, compressed class ptrs, g1 gc, windows-amd64)
GC Precious Log:
 CardTable entry size: 512
 Card Set container configuration: InlinePtr #cards 5 size 8 Array Of Cards #cards 12 size 40 Howl #buckets 4 coarsen threshold 1843 Howl Bitmap #cards 512 size 80 coarsen threshold 460 Card regions per heap region 1 cards per card region 2048
 CPUs: 4 total, 4 available
 Memory: 8061M
 Large Page Support: Disabled
 NUMA Support: Disabled
 Compressed Oops: Enabled (32-bit)
 Heap Region Size: 1M
 Heap Min Capacity: 8M
 Heap Initial Capacity: 126M
 Heap Max Capacity: 2016M
 Pre-touch: Disabled
 Parallel Workers: 4
 Concurrent Workers: 1
 Concurrent Refinement Workers: 4
 Periodic GC: Disabled
Heap:
 garbage-first heap   total 440320K, used 388578K [0x0000000082000000, 0x0000000100000000)
  region size 1024K, 199 young (203776K), 6 survivors (6144K)
 Metaspace       used 20662K, committed 20928K, reserved 1114112K
  class space    used 2609K, committed 2752K, reserved 1048576K
GC Heap History (20 events):
Event: 7.590 GC heap before
{Heap before GC invocations=49 (full 0):
 garbage-first heap   total 242688K, used 144610K [0x0000000082000000, 0x0000000100000000)
  region size 1024K, 2 young (2048K), 1 survivors (1024K)
 Metaspace       used 13834K, committed 14144K, reserved 1114112K
  class space    used 1643K, committed 1792K, reserved 1048576K
}
Event: 7.591 GC heap after
{Heap after GC invocations=50 (full 0):
 garbage-first heap   total 242688K, used 144615K [0x0000000082000000, 0x0000000100000000)
  region size 1024K, 1 young (1024K), 1 survivors (1024K)
 Metaspace       used 13834K, committed 14144K, reserved 1114112K
  class space    used 1643K, committed 1792K, reserved 1048576K
}
Event: 7.615 GC heap before
{Heap before GC invocations=51 (full 0):
 garbage-first heap   total 249856K, used 148711K [0x0000000082000000, 0x0000000100000000)
  region size 1024K, 2 young (2048K), 1 survivors (1024K)
 Metaspace       used 13834K, committed 14144K, reserved 1114112K
  class space    used 1643K, committed 1792K, reserved 1048576K
}
Event: 7.616 GC heap after
{Heap after GC invocations=52 (full 0):
 garbage-first heap   total 249856K, used 148716K [0x0000000082000000, 0x0000000100000000)
  region size 1024K, 1 young (1024K), 1 survivors (1024K)
 Metaspace       used 13834K, committed 14144K, reserved 1114112K
  class space    used 1643K, committed 1792K, reserved 1048576K
}
Event: 7.639 GC heap before
{Heap before GC invocations=53 (full 0):
 garbage-first heap   total 256000K, used 152812K [0x0000000082000000, 0x0000000100000000)
  region size 1024K, 2 young (2048K), 1 survivors (1024K)
 Metaspace       used 13834K, committed 14144K, reserved 1114112K
  class space    used 1643K, committed 1792K, reserved 1048576K
}
Event: 7.641 GC heap after
{Heap after GC invocations=54 (full 0):
 garbage-first heap   total 435200K, used 152815K [0x0000000082000000, 0x0000000100000000)
  region size 1024K, 1 young (1024K), 1 survivors (1024K)
 Metaspace       used 13834K, committed 14144K, reserved 1114112K
  class space    used 1643K, committed 1792K, reserved 1048576K
}
Event: 18.380 GC heap before
{Heap before GC invocations=54 (full 0):
 garbage-first heap   total 435200K, used 432367K [0x0000000082000000, 0x0000000100000000)
  region size 1024K, 243 young (248832K), 1 survivors (1024K)
 Metaspace       used 17327K, committed 17600K, reserved 1114112K
  class space    used 2114K, committed 2240K, reserved 1048576K
}
Event: 18.383 GC heap after
{Heap after GC invocations=55 (full 0):
 garbage-first heap   total 440320K, used 190363K [0x0000000082000000, 0x0000000100000000)
  region size 1024K, 5 young (5120K), 5 survivors (5120K)
 Metaspace       used 17327K, committed 17600K, reserved 1114112K
  class space    used 2114K, committed 2240K, reserved 1048576K
}
Event: 21.082 GC heap before
{Heap before GC invocations=55 (full 0):
 garbage-first heap   total 440320K, used 411547K [0x0000000082000000, 0x0000000100000000)
  region size 1024K, 221 young (226304K), 5 survivors (5120K)
 Metaspace       used 17451K, committed 17728K, reserved 1114112K
  class space    used 2119K, committed 2240K, reserved 1048576K
}
Event: 21.085 GC heap after
{Heap after GC invocations=56 (full 0):
 garbage-first heap   total 440320K, used 190121K [0x0000000082000000, 0x0000000100000000)
  region size 1024K, 5 young (5120K), 5 survivors (5120K)
 Metaspace       used 17451K, committed 17728K, reserved 1114112K
  class space    used 2119K, committed 2240K, reserved 1048576K
}
Event: 25.114 GC heap before
{Heap before GC invocations=56 (full 0):
 garbage-first heap   total 440320K, used 411305K [0x0000000082000000, 0x0000000100000000)
  region size 1024K, 221 young (226304K), 5 survivors (5120K)
 Metaspace       used 17513K, committed 17792K, reserved 1114112K
  class space    used 2119K, committed 2240K, reserved 1048576K
}
Event: 25.117 GC heap after
{Heap after GC invocations=57 (full 0):
 garbage-first heap   total 440320K, used 190356K [0x0000000082000000, 0x0000000100000000)
  region size 1024K, 5 young (5120K), 5 survivors (5120K)
 Metaspace       used 17513K, committed 17792K, reserved 1114112K
  class space    used 2119K, committed 2240K, reserved 1048576K
}
Event: 30.298 GC heap before
{Heap before GC invocations=57 (full 0):
 garbage-first heap   total 440320K, used 410516K [0x0000000082000000, 0x0000000100000000)
  region size 1024K, 221 young (226304K), 5 survivors (5120K)
 Metaspace       used 17553K, committed 17792K, reserved 1114112K
  class space    used 2119K, committed 2240K, reserved 1048576K
}
Event: 30.300 GC heap after
{Heap after GC invocations=58 (full 0):
 garbage-first heap   total 440320K, used 190786K [0x0000000082000000, 0x0000000100000000)
  region size 1024K, 6 young (6144K), 6 survivors (6144K)
 Metaspace       used 17553K, committed 17792K, reserved 1114112K
  class space    used 2119K, committed 2240K, reserved 1048576K
}
Event: 33.482 GC heap before
{Heap before GC invocations=58 (full 0):
 garbage-first heap   total 440320K, used 408898K [0x0000000082000000, 0x0000000100000000)
  region size 1024K, 220 young (225280K), 6 survivors (6144K)
 Metaspace       used 17570K, committed 17856K, reserved 1114112K
  class space    used 2119K, committed 2240K, reserved 1048576K
}
Event: 33.485 GC heap after
{Heap after GC invocations=59 (full 0):
 garbage-first heap   total 440320K, used 190373K [0x0000000082000000, 0x0000000100000000)
  region size 1024K, 5 young (5120K), 5 survivors (5120K)
 Metaspace       used 17570K, committed 17856K, reserved 1114112K
  class space    used 2119K, committed 2240K, reserved 1048576K
}
Event: 39.044 GC heap before
{Heap before GC invocations=59 (full 0):
 garbage-first heap   total 440320K, used 410533K [0x0000000082000000, 0x0000000100000000)
  region size 1024K, 221 young (226304K), 5 survivors (5120K)
 Metaspace       used 17598K, committed 17920K, reserved 1114112K
  class space    used 2119K, committed 2240K, reserved 1048576K
}
Event: 39.046 GC heap after
{Heap after GC invocations=60 (full 0):
 garbage-first heap   total 440320K, used 190130K [0x0000000082000000, 0x0000000100000000)
  region size 1024K, 5 young (5120K), 5 survivors (5120K)
 Metaspace       used 17598K, committed 17920K, reserved 1114112K
  class space    used 2119K, committed 2240K, reserved 1048576K
}
Event: 44.836 GC heap before
{Heap before GC invocations=60 (full 0):
 garbage-first heap   total 440320K, used 410290K [0x0000000082000000, 0x0000000100000000)
  region size 1024K, 221 young (226304K), 5 survivors (5120K)
 Metaspace       used 17603K, committed 17920K, reserved 1114112K
  class space    used 2119K, committed 2240K, reserved 1048576K
}
Event: 44.839 GC heap after
{Heap after GC invocations=61 (full 0):
 garbage-first heap   total 440320K, used 190946K [0x0000000082000000, 0x0000000100000000)
  region size 1024K, 6 young (6144K), 6 survivors (6144K)
 Metaspace       used 17603K, committed 17920K, reserved 1114112K
  class space    used 2119K, committed 2240K, reserved 1048576K
}

