# JRE version: Java(TM) SE Runtime Environment (21.0.8+12) (build 21.0.8+12-LTS-250)
# Java VM: Java HotSpot(TM) 64-Bit Server VM (21.0.8+12-LTS-250, mixed mode, sharing, tiered, compressed oops, compressed class ptrs, g1 gc, windows-amd64)
GC Precious Log:
 CardTable entry size: 512
 Card Set container configuration: InlinePtr #cards 5 size 8 Array Of Cards #cards 12 size 40 Howl #buckets 4 coarsen threshold 1843 Howl Bitmap #cards 512 size 80 coarsen threshold 460 Card regions per heap region 1 cards per card region 2048
 CPUs: 4 total, 4 available
 Memory: 8061M
 Large Page Support: Disabled
 NUMA Support: Disabled
 Compressed Oops: Enabled (32-bit)
 Heap Region Size: 1M
 Heap Min Capacity: 8M
 Heap Initial Capacity: 126M
 Heap Max Capacity: 2016M
 Pre-touch: Disabled
 Parallel Workers: 4
 Concurrent Workers: 1
 Concurrent Refinement Workers: 4
 Periodic GC: Disabled
Heap:
 garbage-first heap   total 342016K, used 289232K [0x0000000082000000, 0x0000000100000000)
  region size 1024K, 85 young (87040K), 1 survivors (1024K)
 Metaspace       used 20821K, committed 21056K, reserved 1114112K
  class space    used 2715K, committed 2816K, reserved 1048576K
GC Heap History (20 events):
Event: 2.968 GC heap before
{Heap before GC invocations=3 (full 0):
 garbage-first heap   total 129024K, used 84771K [0x0000000082000000, 0x0000000100000000)
  region size 1024K, 75 young (76800K), 5 survivors (5120K)
 Metaspace       used 12335K, committed 12544K, reserved 1114112K
  class space    used 1340K, committed 1408K, reserved 1048576K
}
Event: 2.972 GC heap after
{Heap after GC invocations=4 (full 0):
 garbage-first heap   total 129024K, used 14083K [0x0000000082000000, 0x0000000100000000)
  region size 1024K, 5 young (5120K), 5 survivors (5120K)
 Metaspace       used 12335K, committed 12544K, reserved 1114112K
  class space    used 1340K, committed 1408K, reserved 1048576K
}
Event: 3.447 GC heap before
{Heap before GC invocations=4 (full 0):
 garbage-first heap   total 129024K, used 85763K [0x0000000082000000, 0x0000000100000000)
  region size 1024K, 75 young (76800K), 5 survivors (5120K)
 Metaspace       used 12488K, committed 12672K, reserved 1114112K
  class space    used 1341K, committed 1408K, reserved 1048576K
}
Event: 3.452 GC heap after
{Heap after GC invocations=5 (full 0):
 garbage-first heap   total 129024K, used 14556K [0x0000000082000000, 0x0000000100000000)
  region size 1024K, 6 young (6144K), 6 survivors (6144K)
 Metaspace       used 12488K, committed 12672K, reserved 1114112K
  class space    used 1341K, committed 1408K, reserved 1048576K
}
Event: 3.670 GC heap before
{Heap before GC invocations=5 (full 0):
 garbage-first heap   total 129024K, used 85212K [0x0000000082000000, 0x0000000100000000)
  region size 1024K, 75 young (76800K), 6 survivors (6144K)
 Metaspace       used 12539K, committed 12736K, reserved 1114112K
  class space    used 1341K, committed 1408K, reserved 1048576K
}
Event: 3.674 GC heap after
{Heap after GC invocations=6 (full 0):
 garbage-first heap   total 129024K, used 14403K [0x0000000082000000, 0x0000000100000000)
  region size 1024K, 6 young (6144K), 6 survivors (6144K)
 Metaspace       used 12539K, committed 12736K, reserved 1114112K
  class space    used 1341K, committed 1408K, reserved 1048576K
}
Event: 4.448 GC heap before
{Heap before GC invocations=6 (full 0):
 garbage-first heap   total 129024K, used 84035K [0x0000000082000000, 0x0000000100000000)
  region size 1024K, 75 young (76800K), 6 survivors (6144K)
 Metaspace       used 13755K, committed 14016K, reserved 1114112K
  class space    used 1573K, committed 1664K, reserved 1048576K
}
Event: 4.453 GC heap after
{Heap after GC invocations=7 (full 0):
 garbage-first heap   total 129024K, used 17478K [0x0000000082000000, 0x0000000100000000)
  region size 1024K, 9 young (9216K), 9 survivors (9216K)
 Metaspace       used 13755K, committed 14016K, reserved 1114112K
  class space    used 1573K, committed 1664K, reserved 1048576K
}
Event: 4.795 GC heap before
{Heap before GC invocations=7 (full 0):
 garbage-first heap   total 129024K, used 80966K [0x0000000082000000, 0x0000000100000000)
  region size 1024K, 25 young (25600K), 9 survivors (9216K)
 Metaspace       used 13959K, committed 14144K, reserved 1114112K
  class space    used 1613K, committed 1664K, reserved 1048576K
}
Event: 4.800 GC heap after
{Heap after GC invocations=8 (full 0):
 garbage-first heap   total 129024K, used 73186K [0x0000000082000000, 0x0000000100000000)
  region size 1024K, 10 young (10240K), 10 survivors (10240K)
 Metaspace       used 13959K, committed 14144K, reserved 1114112K
  class space    used 1613K, committed 1664K, reserved 1048576K
}
Event: 4.821 GC heap before
{Heap before GC invocations=9 (full 0):
 garbage-first heap   total 129024K, used 77282K [0x0000000082000000, 0x0000000100000000)
  region size 1024K, 11 young (11264K), 10 survivors (10240K)
 Metaspace       used 13959K, committed 14144K, reserved 1114112K
  class space    used 1613K, committed 1664K, reserved 1048576K
}
Event: 4.824 GC heap after
{Heap after GC invocations=10 (full 0):
 garbage-first heap   total 129024K, used 76954K [0x0000000082000000, 0x0000000100000000)
  region size 1024K, 1 young (1024K), 1 survivors (1024K)
 Metaspace       used 13959K, committed 14144K, reserved 1114112K
  class space    used 1613K, committed 1664K, reserved 1048576K
}
Event: 5.480 GC heap before
{Heap before GC invocations=11 (full 0):
 garbage-first heap   total 197632K, used 196762K [0x0000000082000000, 0x0000000100000000)
  region size 1024K, 4 young (4096K), 1 survivors (1024K)
 Metaspace       used 13969K, committed 14208K, reserved 1114112K
  class space    used 1615K, committed 1728K, reserved 1048576K
}
Event: 5.482 GC heap after
{Heap after GC invocations=12 (full 0):
 garbage-first heap   total 238592K, used 194270K [0x0000000082000000, 0x0000000100000000)
  region size 1024K, 1 young (1024K), 1 survivors (1024K)
 Metaspace       used 13969K, committed 14208K, reserved 1114112K
  class space    used 1615K, committed 1728K, reserved 1048576K
}
Event: 8.472 GC heap before
{Heap before GC invocations=12 (full 0):
 garbage-first heap   total 238592K, used 222942K [0x0000000082000000, 0x0000000100000000)
  region size 1024K, 30 young (30720K), 1 survivors (1024K)
 Metaspace       used 16870K, committed 17152K, reserved 1114112K
  class space    used 2082K, committed 2240K, reserved 1048576K
}
Event: 8.476 GC heap after
{Heap after GC invocations=13 (full 0):
 garbage-first heap   total 238592K, used 200166K [0x0000000082000000, 0x0000000100000000)
  region size 1024K, 4 young (4096K), 4 survivors (4096K)
 Metaspace       used 16870K, committed 17152K, reserved 1114112K
  class space    used 2082K, committed 2240K, reserved 1048576K
}
Event: 10.120 GC heap before
{Heap before GC invocations=13 (full 0):
 garbage-first heap   total 238592K, used 220646K [0x0000000082000000, 0x0000000100000000)
  region size 1024K, 24 young (24576K), 4 survivors (4096K)
 Metaspace       used 19655K, committed 19904K, reserved 1114112K
  class space    used 2581K, committed 2688K, reserved 1048576K
}
Event: 10.125 GC heap after
{Heap after GC invocations=14 (full 0):
 garbage-first heap   total 238592K, used 202492K [0x0000000082000000, 0x0000000100000000)
  region size 1024K, 3 young (3072K), 3 survivors (3072K)
 Metaspace       used 19655K, committed 19904K, reserved 1114112K
  class space    used 2581K, committed 2688K, reserved 1048576K
}
Event: 11.511 GC heap before
{Heap before GC invocations=15 (full 0):
 garbage-first heap   total 342016K, used 216828K [0x0000000082000000, 0x0000000100000000)
  region size 1024K, 16 young (16384K), 3 survivors (3072K)
 Metaspace       used 20802K, committed 21056K, reserved 1114112K
  class space    used 2711K, committed 2816K, reserved 1048576K
}
Event: 11.518 GC heap after
{Heap after GC invocations=16 (full 0):
 garbage-first heap   total 342016K, used 205264K [0x0000000082000000, 0x0000000100000000)
  region size 1024K, 1 young (1024K), 1 survivors (1024K)
 Metaspace       used 20802K, committed 21056K, reserved 1114112K
  class space    used 2711K, committed 2816K, reserved 1048576K
}

