# JRE version: Java(TM) SE Runtime Environment (21.0.8+12) (build 21.0.8+12-LTS-250)
# Java VM: Java HotSpot(TM) 64-Bit Server VM (21.0.8+12-LTS-250, mixed mode, sharing, tiered, compressed oops, compressed class ptrs, g1 gc, windows-amd64)
GC Precious Log:
 CardTable entry size: 512
 Card Set container configuration: InlinePtr #cards 5 size 8 Array Of Cards #cards 12 size 40 Howl #buckets 4 coarsen threshold 1843 Howl Bitmap #cards 512 size 80 coarsen threshold 460 Card regions per heap region 1 cards per card region 2048
 CPUs: 4 total, 4 available
 Memory: 8061M
 Large Page Support: Disabled
 NUMA Support: Disabled
 Compressed Oops: Enabled (32-bit)
 Heap Region Size: 1M
 Heap Min Capacity: 8M
 Heap Initial Capacity: 126M
 Heap Max Capacity: 2016M
 Pre-touch: Disabled
 Parallel Workers: 4
 Concurrent Workers: 1
 Concurrent Refinement Workers: 4
 Periodic GC: Disabled
Heap:
 garbage-first heap   total 345088K, used 216578K [0x0000000082000000, 0x0000000100000000)
  region size 1024K, 19 young (19456K), 5 survivors (5120K)
 Metaspace       used 22674K, committed 22976K, reserved 1114112K
  class space    used 2785K, committed 2944K, reserved 1048576K
GC Heap History (20 events):
Event: 10.736 GC heap before
{Heap before GC invocations=8 (full 0):
 garbage-first heap   total 129024K, used 96684K [0x0000000082000000, 0x0000000100000000)
  region size 1024K, 40 young (40960K), 6 survivors (6144K)
 Metaspace       used 14735K, committed 14976K, reserved 1114112K
  class space    used 1680K, committed 1792K, reserved 1048576K
}
Event: 10.745 GC heap after
{Heap after GC invocations=9 (full 0):
 garbage-first heap   total 129024K, used 73155K [0x0000000082000000, 0x0000000100000000)
  region size 1024K, 10 young (10240K), 10 survivors (10240K)
 Metaspace       used 14735K, committed 14976K, reserved 1114112K
  class space    used 1680K, committed 1792K, reserved 1048576K
}
Event: 10.782 GC heap before
{Heap before GC invocations=10 (full 0):
 garbage-first heap   total 129024K, used 75203K [0x0000000082000000, 0x0000000100000000)
  region size 1024K, 11 young (11264K), 10 survivors (10240K)
 Metaspace       used 14734K, committed 14976K, reserved 1114112K
  class space    used 1680K, committed 1792K, reserved 1048576K
}
Event: 10.787 GC heap after
{Heap after GC invocations=11 (full 0):
 garbage-first heap   total 158720K, used 74863K [0x0000000082000000, 0x0000000100000000)
  region size 1024K, 1 young (1024K), 1 survivors (1024K)
 Metaspace       used 14734K, committed 14976K, reserved 1114112K
  class space    used 1680K, committed 1792K, reserved 1048576K
}
Event: 10.824 GC heap before
{Heap before GC invocations=12 (full 0):
 garbage-first heap   total 158720K, used 78959K [0x0000000082000000, 0x0000000100000000)
  region size 1024K, 2 young (2048K), 1 survivors (1024K)
 Metaspace       used 14734K, committed 14976K, reserved 1114112K
  class space    used 1680K, committed 1792K, reserved 1048576K
}
Event: 10.825 GC heap after
{Heap after GC invocations=13 (full 0):
 garbage-first heap   total 158720K, used 78866K [0x0000000082000000, 0x0000000100000000)
  region size 1024K, 1 young (1024K), 1 survivors (1024K)
 Metaspace       used 14734K, committed 14976K, reserved 1114112K
  class space    used 1680K, committed 1792K, reserved 1048576K
}
Event: 12.595 GC heap before
{Heap before GC invocations=14 (full 0):
 garbage-first heap   total 191488K, used 190482K [0x0000000082000000, 0x0000000100000000)
  region size 1024K, 4 young (4096K), 1 survivors (1024K)
 Metaspace       used 14734K, committed 14976K, reserved 1114112K
  class space    used 1680K, committed 1792K, reserved 1048576K
}
Event: 12.596 GC heap after
{Heap after GC invocations=15 (full 0):
 garbage-first heap   total 192512K, used 187720K [0x0000000082000000, 0x0000000100000000)
  region size 1024K, 1 young (1024K), 1 survivors (1024K)
 Metaspace       used 14734K, committed 14976K, reserved 1114112K
  class space    used 1680K, committed 1792K, reserved 1048576K
}
Event: 12.680 GC heap before
{Heap before GC invocations=15 (full 0):
 garbage-first heap   total 196608K, used 194888K [0x0000000082000000, 0x0000000100000000)
  region size 1024K, 3 young (3072K), 1 survivors (1024K)
 Metaspace       used 14750K, committed 14976K, reserved 1114112K
  class space    used 1683K, committed 1792K, reserved 1048576K
}
Event: 12.682 GC heap after
{Heap after GC invocations=16 (full 0):
 garbage-first heap   total 198656K, used 194286K [0x0000000082000000, 0x0000000100000000)
  region size 1024K, 1 young (1024K), 1 survivors (1024K)
 Metaspace       used 14750K, committed 14976K, reserved 1114112K
  class space    used 1683K, committed 1792K, reserved 1048576K
}
Event: 12.779 GC heap before
{Heap before GC invocations=16 (full 0):
 garbage-first heap   total 198656K, used 196334K [0x0000000082000000, 0x0000000100000000)
  region size 1024K, 4 young (4096K), 1 survivors (1024K)
 Metaspace       used 14775K, committed 15040K, reserved 1114112K
  class space    used 1683K, committed 1792K, reserved 1048576K
}
Event: 12.781 GC heap after
{Heap after GC invocations=17 (full 0):
 garbage-first heap   total 201728K, used 196856K [0x0000000082000000, 0x0000000100000000)
  region size 1024K, 1 young (1024K), 1 survivors (1024K)
 Metaspace       used 14775K, committed 15040K, reserved 1114112K
  class space    used 1683K, committed 1792K, reserved 1048576K
}
Event: 12.824 GC heap before
{Heap before GC invocations=18 (full 0):
 garbage-first heap   total 332800K, used 198904K [0x0000000082000000, 0x0000000100000000)
  region size 1024K, 4 young (4096K), 1 survivors (1024K)
 Metaspace       used 15119K, committed 15296K, reserved 1114112K
  class space    used 1730K, committed 1792K, reserved 1048576K
}
Event: 12.825 GC heap after
{Heap after GC invocations=19 (full 0):
 garbage-first heap   total 332800K, used 198365K [0x0000000082000000, 0x0000000100000000)
  region size 1024K, 1 young (1024K), 1 survivors (1024K)
 Metaspace       used 15119K, committed 15296K, reserved 1114112K
  class space    used 1730K, committed 1792K, reserved 1048576K
}
Event: 18.223 GC heap before
{Heap before GC invocations=19 (full 0):
 garbage-first heap   total 332800K, used 248541K [0x0000000082000000, 0x0000000100000000)
  region size 1024K, 52 young (53248K), 1 survivors (1024K)
 Metaspace       used 21316K, committed 21632K, reserved 1114112K
  class space    used 2723K, committed 2880K, reserved 1048576K
}
Event: 18.230 GC heap after
{Heap after GC invocations=20 (full 0):
 garbage-first heap   total 332800K, used 201501K [0x0000000082000000, 0x0000000100000000)
  region size 1024K, 5 young (5120K), 5 survivors (5120K)
 Metaspace       used 21316K, committed 21632K, reserved 1114112K
  class space    used 2723K, committed 2880K, reserved 1048576K
}
Event: 33.157 GC heap before
{Heap before GC invocations=21 (full 0):
 garbage-first heap   total 345088K, used 264989K [0x0000000082000000, 0x0000000100000000)
  region size 1024K, 66 young (67584K), 5 survivors (5120K)
 Metaspace       used 22344K, committed 22592K, reserved 1114112K
  class space    used 2775K, committed 2880K, reserved 1048576K
}
Event: 33.162 GC heap after
{Heap after GC invocations=22 (full 0):
 garbage-first heap   total 345088K, used 203975K [0x0000000082000000, 0x0000000100000000)
  region size 1024K, 5 young (5120K), 5 survivors (5120K)
 Metaspace       used 22344K, committed 22592K, reserved 1114112K
  class space    used 2775K, committed 2880K, reserved 1048576K
}
Event: 38.623 GC heap before
{Heap before GC invocations=22 (full 0):
 garbage-first heap   total 345088K, used 278727K [0x0000000082000000, 0x0000000100000000)
  region size 1024K, 79 young (80896K), 5 survivors (5120K)
 Metaspace       used 22643K, committed 22976K, reserved 1114112K
  class space    used 2778K, committed 2944K, reserved 1048576K
}
Event: 38.629 GC heap after
{Heap after GC invocations=23 (full 0):
 garbage-first heap   total 345088K, used 204290K [0x0000000082000000, 0x0000000100000000)
  region size 1024K, 5 young (5120K), 5 survivors (5120K)
 Metaspace       used 22643K, committed 22976K, reserved 1114112K
  class space    used 2778K, committed 2944K, reserved 1048576K
}

