# JRE version: Java(TM) SE Runtime Environment (21.0.8+12) (build 21.0.8+12-LTS-250)
# Java VM: Java HotSpot(TM) 64-Bit Server VM (21.0.8+12-LTS-250, mixed mode, sharing, tiered, compressed oops, compressed class ptrs, g1 gc, windows-amd64)
GC Precious Log:
 CardTable entry size: 512
 Card Set container configuration: InlinePtr #cards 5 size 8 Array Of Cards #cards 12 size 40 Howl #buckets 4 coarsen threshold 1843 Howl Bitmap #cards 512 size 80 coarsen threshold 460 Card regions per heap region 1 cards per card region 2048
 CPUs: 4 total, 4 available
 Memory: 8061M
 Large Page Support: Disabled
 NUMA Support: Disabled
 Compressed Oops: Enabled (32-bit)
 Heap Region Size: 1M
 Heap Min Capacity: 8M
 Heap Initial Capacity: 126M
 Heap Max Capacity: 2016M
 Pre-touch: Disabled
 Parallel Workers: 4
 Concurrent Workers: 1
 Concurrent Refinement Workers: 4
 Periodic GC: Disabled
Heap:
 garbage-first heap   total 517120K, used 372368K [0x0000000082000000, 0x0000000100000000)
  region size 1024K, 88 young (90112K), 2 survivors (2048K)
 Metaspace       used 17243K, committed 17536K, reserved 1114112K
  class space    used 2148K, committed 2304K, reserved 1048576K
GC Heap History (20 events):
Event: 21.272 GC heap before
{Heap before GC invocations=11 (full 0):
 garbage-first heap   total 389120K, used 367152K [0x0000000082000000, 0x0000000100000000)
  region size 1024K, 80 young (81920K), 2 survivors (2048K)
 Metaspace       used 16956K, committed 17216K, reserved 1114112K
  class space    used 2141K, committed 2304K, reserved 1048576K
}
Event: 21.276 GC heap after
{Heap after GC invocations=12 (full 0):
 garbage-first heap   total 389120K, used 287293K [0x0000000082000000, 0x0000000100000000)
  region size 1024K, 2 young (2048K), 2 survivors (2048K)
 Metaspace       used 16956K, committed 17216K, reserved 1114112K
  class space    used 2141K, committed 2304K, reserved 1048576K
}
Event: 28.084 GC heap before
{Heap before GC invocations=13 (full 0):
 garbage-first heap   total 478208K, used 359997K [0x0000000082000000, 0x0000000100000000)
  region size 1024K, 75 young (76800K), 2 survivors (2048K)
 Metaspace       used 17036K, committed 17344K, reserved 1114112K
  class space    used 2142K, committed 2304K, reserved 1048576K
}
Event: 28.089 GC heap after
{Heap after GC invocations=14 (full 0):
 garbage-first heap   total 478208K, used 285426K [0x0000000082000000, 0x0000000100000000)
  region size 1024K, 2 young (2048K), 2 survivors (2048K)
 Metaspace       used 17036K, committed 17344K, reserved 1114112K
  class space    used 2142K, committed 2304K, reserved 1048576K
}
Event: 32.522 GC heap before
{Heap before GC invocations=14 (full 0):
 garbage-first heap   total 478208K, used 392946K [0x0000000082000000, 0x0000000100000000)
  region size 1024K, 108 young (110592K), 2 survivors (2048K)
 Metaspace       used 17054K, committed 17408K, reserved 1114112K
  class space    used 2142K, committed 2304K, reserved 1048576K
}
Event: 32.526 GC heap after
{Heap after GC invocations=15 (full 0):
 garbage-first heap   total 478208K, used 283346K [0x0000000082000000, 0x0000000100000000)
  region size 1024K, 2 young (2048K), 2 survivors (2048K)
 Metaspace       used 17054K, committed 17408K, reserved 1114112K
  class space    used 2142K, committed 2304K, reserved 1048576K
}
Event: 33.607 GC heap before
{Heap before GC invocations=16 (full 0):
 garbage-first heap   total 490496K, used 452306K [0x0000000082000000, 0x0000000100000000)
  region size 1024K, 165 young (168960K), 2 survivors (2048K)
 Metaspace       used 17134K, committed 17472K, reserved 1114112K
  class space    used 2142K, committed 2304K, reserved 1048576K
}
Event: 33.610 GC heap after
{Heap after GC invocations=17 (full 0):
 garbage-first heap   total 490496K, used 285405K [0x0000000082000000, 0x0000000100000000)
  region size 1024K, 2 young (2048K), 2 survivors (2048K)
 Metaspace       used 17134K, committed 17472K, reserved 1114112K
  class space    used 2142K, committed 2304K, reserved 1048576K
}
Event: 33.775 GC heap before
{Heap before GC invocations=17 (full 0):
 garbage-first heap   total 490496K, used 462557K [0x0000000082000000, 0x0000000100000000)
  region size 1024K, 175 young (179200K), 2 survivors (2048K)
 Metaspace       used 17146K, committed 17472K, reserved 1114112K
  class space    used 2142K, committed 2304K, reserved 1048576K
}
Event: 33.780 GC heap after
{Heap after GC invocations=18 (full 0):
 garbage-first heap   total 490496K, used 285322K [0x0000000082000000, 0x0000000100000000)
  region size 1024K, 2 young (2048K), 2 survivors (2048K)
 Metaspace       used 17146K, committed 17472K, reserved 1114112K
  class space    used 2142K, committed 2304K, reserved 1048576K
}
Event: 34.095 GC heap before
{Heap before GC invocations=19 (full 0):
 garbage-first heap   total 490496K, used 461450K [0x0000000082000000, 0x0000000100000000)
  region size 1024K, 175 young (179200K), 2 survivors (2048K)
 Metaspace       used 17155K, committed 17472K, reserved 1114112K
  class space    used 2142K, committed 2304K, reserved 1048576K
}
Event: 34.100 GC heap after
{Heap after GC invocations=20 (full 0):
 garbage-first heap   total 490496K, used 285321K [0x0000000082000000, 0x0000000100000000)
  region size 1024K, 2 young (2048K), 2 survivors (2048K)
 Metaspace       used 17155K, committed 17472K, reserved 1114112K
  class space    used 2142K, committed 2304K, reserved 1048576K
}
Event: 35.088 GC heap before
{Heap before GC invocations=20 (full 0):
 garbage-first heap   total 490496K, used 462473K [0x0000000082000000, 0x0000000100000000)
  region size 1024K, 175 young (179200K), 2 survivors (2048K)
 Metaspace       used 17185K, committed 17472K, reserved 1114112K
  class space    used 2142K, committed 2304K, reserved 1048576K
}
Event: 35.092 GC heap after
{Heap after GC invocations=21 (full 0):
 garbage-first heap   total 490496K, used 285322K [0x0000000082000000, 0x0000000100000000)
  region size 1024K, 2 young (2048K), 2 survivors (2048K)
 Metaspace       used 17185K, committed 17472K, reserved 1114112K
  class space    used 2142K, committed 2304K, reserved 1048576K
}
Event: 35.758 GC heap before
{Heap before GC invocations=22 (full 0):
 garbage-first heap   total 517120K, used 461450K [0x0000000082000000, 0x0000000100000000)
  region size 1024K, 174 young (178176K), 2 survivors (2048K)
 Metaspace       used 17201K, committed 17536K, reserved 1114112K
  class space    used 2142K, committed 2304K, reserved 1048576K
}
Event: 35.762 GC heap after
{Heap after GC invocations=23 (full 0):
 garbage-first heap   total 517120K, used 285321K [0x0000000082000000, 0x0000000100000000)
  region size 1024K, 2 young (2048K), 2 survivors (2048K)
 Metaspace       used 17201K, committed 17536K, reserved 1114112K
  class space    used 2142K, committed 2304K, reserved 1048576K
}
Event: 38.149 GC heap before
{Heap before GC invocations=23 (full 0):
 garbage-first heap   total 517120K, used 487049K [0x0000000082000000, 0x0000000100000000)
  region size 1024K, 200 young (204800K), 2 survivors (2048K)
 Metaspace       used 17213K, committed 17536K, reserved 1114112K
  class space    used 2142K, committed 2304K, reserved 1048576K
}
Event: 38.152 GC heap after
{Heap after GC invocations=24 (full 0):
 garbage-first heap   total 517120K, used 285322K [0x0000000082000000, 0x0000000100000000)
  region size 1024K, 2 young (2048K), 2 survivors (2048K)
 Metaspace       used 17213K, committed 17536K, reserved 1114112K
  class space    used 2142K, committed 2304K, reserved 1048576K
}
Event: 42.832 GC heap before
{Heap before GC invocations=25 (full 0):
 garbage-first heap   total 517120K, used 488074K [0x0000000082000000, 0x0000000100000000)
  region size 1024K, 200 young (204800K), 2 survivors (2048K)
 Metaspace       used 17214K, committed 17536K, reserved 1114112K
  class space    used 2142K, committed 2304K, reserved 1048576K
}
Event: 42.835 GC heap after
{Heap after GC invocations=26 (full 0):
 garbage-first heap   total 517120K, used 285328K [0x0000000082000000, 0x0000000100000000)
  region size 1024K, 2 young (2048K), 2 survivors (2048K)
 Metaspace       used 17214K, committed 17536K, reserved 1114112K
  class space    used 2142K, committed 2304K, reserved 1048576K
}

