# JRE version: Java(TM) SE Runtime Environment (21.0.8+12) (build 21.0.8+12-LTS-250)
# Java VM: Java HotSpot(TM) 64-Bit Server VM (21.0.8+12-LTS-250, mixed mode, sharing, tiered, compressed oops, compressed class ptrs, g1 gc, windows-amd64)
GC Precious Log:
 CardTable entry size: 512
 Card Set container configuration: InlinePtr #cards 5 size 8 Array Of Cards #cards 12 size 40 Howl #buckets 4 coarsen threshold 1843 Howl Bitmap #cards 512 size 80 coarsen threshold 460 Card regions per heap region 1 cards per card region 2048
 CPUs: 4 total, 4 available
 Memory: 8061M
 Large Page Support: Disabled
 NUMA Support: Disabled
 Compressed Oops: Enabled (32-bit)
 Heap Region Size: 1M
 Heap Min Capacity: 8M
 Heap Initial Capacity: 126M
 Heap Max Capacity: 2016M
 Pre-touch: Disabled
 Parallel Workers: 4
 Concurrent Workers: 1
 Concurrent Refinement Workers: 4
 Periodic GC: Disabled
Heap:
 garbage-first heap   total 402432K, used 258736K [0x0000000082000000, 0x0000000100000000)
  region size 1024K, 58 young (59392K), 5 survivors (5120K)
 Metaspace       used 23210K, committed 23552K, reserved 1114112K
  class space    used 2783K, committed 2944K, reserved 1048576K
GC Heap History (20 events):
Event: 39.076 GC heap before
{Heap before GC invocations=17 (full 0):
 garbage-first heap   total 157696K, used 92020K [0x0000000082000000, 0x0000000100000000)
  region size 1024K, 2 young (2048K), 1 survivors (1024K)
 Metaspace       used 14856K, committed 15104K, reserved 1114112K
  class space    used 1675K, committed 1792K, reserved 1048576K
}
Event: 39.077 GC heap after
{Heap after GC invocations=18 (full 0):
 garbage-first heap   total 157696K, used 91718K [0x0000000082000000, 0x0000000100000000)
  region size 1024K, 1 young (1024K), 1 survivors (1024K)
 Metaspace       used 14856K, committed 15104K, reserved 1114112K
  class space    used 1675K, committed 1792K, reserved 1048576K
}
Event: 39.529 GC heap before
{Heap before GC invocations=19 (full 0):
 garbage-first heap   total 196608K, used 194118K [0x0000000082000000, 0x0000000100000000)
  region size 1024K, 4 young (4096K), 1 survivors (1024K)
 Metaspace       used 14859K, committed 15104K, reserved 1114112K
  class space    used 1678K, committed 1792K, reserved 1048576K
}
Event: 39.530 GC heap after
{Heap after GC invocations=20 (full 0):
 garbage-first heap   total 197632K, used 192319K [0x0000000082000000, 0x0000000100000000)
  region size 1024K, 1 young (1024K), 1 survivors (1024K)
 Metaspace       used 14859K, committed 15104K, reserved 1114112K
  class space    used 1678K, committed 1792K, reserved 1048576K
}
Event: 39.591 GC heap before
{Heap before GC invocations=20 (full 0):
 garbage-first heap   total 197632K, used 195391K [0x0000000082000000, 0x0000000100000000)
  region size 1024K, 3 young (3072K), 1 survivors (1024K)
 Metaspace       used 14864K, committed 15104K, reserved 1114112K
  class space    used 1678K, committed 1792K, reserved 1048576K
}
Event: 39.593 GC heap after
{Heap after GC invocations=21 (full 0):
 garbage-first heap   total 200704K, used 196019K [0x0000000082000000, 0x0000000100000000)
  region size 1024K, 1 young (1024K), 1 survivors (1024K)
 Metaspace       used 14864K, committed 15104K, reserved 1114112K
  class space    used 1678K, committed 1792K, reserved 1048576K
}
Event: 39.675 GC heap before
{Heap before GC invocations=21 (full 0):
 garbage-first heap   total 200704K, used 198067K [0x0000000082000000, 0x0000000100000000)
  region size 1024K, 4 young (4096K), 1 survivors (1024K)
 Metaspace       used 14895K, committed 15168K, reserved 1114112K
  class space    used 1678K, committed 1792K, reserved 1048576K
}
Event: 39.676 GC heap after
{Heap after GC invocations=22 (full 0):
 garbage-first heap   total 202752K, used 198121K [0x0000000082000000, 0x0000000100000000)
  region size 1024K, 1 young (1024K), 1 survivors (1024K)
 Metaspace       used 14895K, committed 15168K, reserved 1114112K
  class space    used 1678K, committed 1792K, reserved 1048576K
}
Event: 39.719 GC heap before
{Heap before GC invocations=23 (full 0):
 garbage-first heap   total 334848K, used 200169K [0x0000000082000000, 0x0000000100000000)
  region size 1024K, 4 young (4096K), 1 survivors (1024K)
 Metaspace       used 15221K, committed 15424K, reserved 1114112K
  class space    used 1723K, committed 1792K, reserved 1048576K
}
Event: 39.721 GC heap after
{Heap after GC invocations=24 (full 0):
 garbage-first heap   total 334848K, used 199926K [0x0000000082000000, 0x0000000100000000)
  region size 1024K, 1 young (1024K), 1 survivors (1024K)
 Metaspace       used 15221K, committed 15424K, reserved 1114112K
  class space    used 1723K, committed 1792K, reserved 1048576K
}
Event: 46.220 GC heap before
{Heap before GC invocations=24 (full 0):
 garbage-first heap   total 334848K, used 258294K [0x0000000082000000, 0x0000000100000000)
  region size 1024K, 57 young (58368K), 1 survivors (1024K)
 Metaspace       used 21684K, committed 21952K, reserved 1114112K
  class space    used 2760K, committed 2880K, reserved 1048576K
}
Event: 46.228 GC heap after
{Heap after GC invocations=25 (full 0):
 garbage-first heap   total 402432K, used 205106K [0x0000000082000000, 0x0000000100000000)
  region size 1024K, 5 young (5120K), 5 survivors (5120K)
 Metaspace       used 21684K, committed 21952K, reserved 1114112K
  class space    used 2760K, committed 2880K, reserved 1048576K
}
Event: 61.747 GC heap before
{Heap before GC invocations=25 (full 0):
 garbage-first heap   total 402432K, used 294194K [0x0000000082000000, 0x0000000100000000)
  region size 1024K, 93 young (95232K), 5 survivors (5120K)
 Metaspace       used 22960K, committed 23296K, reserved 1114112K
  class space    used 2774K, committed 2944K, reserved 1048576K
}
Event: 61.755 GC heap after
{Heap after GC invocations=26 (full 0):
 garbage-first heap   total 402432K, used 206207K [0x0000000082000000, 0x0000000100000000)
  region size 1024K, 6 young (6144K), 6 survivors (6144K)
 Metaspace       used 22960K, committed 23296K, reserved 1114112K
  class space    used 2774K, committed 2944K, reserved 1048576K
}
Event: 71.661 GC heap before
{Heap before GC invocations=27 (full 0):
 garbage-first heap   total 402432K, used 318847K [0x0000000082000000, 0x0000000100000000)
  region size 1024K, 117 young (119808K), 6 survivors (6144K)
 Metaspace       used 23141K, committed 23488K, reserved 1114112K
  class space    used 2776K, committed 2944K, reserved 1048576K
}
Event: 71.667 GC heap after
{Heap after GC invocations=28 (full 0):
 garbage-first heap   total 402432K, used 206064K [0x0000000082000000, 0x0000000100000000)
  region size 1024K, 6 young (6144K), 6 survivors (6144K)
 Metaspace       used 23141K, committed 23488K, reserved 1114112K
  class space    used 2776K, committed 2944K, reserved 1048576K
}
Event: 81.782 GC heap before
{Heap before GC invocations=28 (full 0):
 garbage-first heap   total 402432K, used 337136K [0x0000000082000000, 0x0000000100000000)
  region size 1024K, 134 young (137216K), 6 survivors (6144K)
 Metaspace       used 23184K, committed 23488K, reserved 1114112K
  class space    used 2776K, committed 2944K, reserved 1048576K
}
Event: 81.792 GC heap after
{Heap after GC invocations=29 (full 0):
 garbage-first heap   total 402432K, used 205429K [0x0000000082000000, 0x0000000100000000)
  region size 1024K, 5 young (5120K), 5 survivors (5120K)
 Metaspace       used 23184K, committed 23488K, reserved 1114112K
  class space    used 2776K, committed 2944K, reserved 1048576K
}
Event: 105.545 GC heap before
{Heap before GC invocations=29 (full 0):
 garbage-first heap   total 402432K, used 352885K [0x0000000082000000, 0x0000000100000000)
  region size 1024K, 149 young (152576K), 5 survivors (5120K)
 Metaspace       used 23200K, committed 23488K, reserved 1114112K
  class space    used 2781K, committed 2944K, reserved 1048576K
}
Event: 105.550 GC heap after
{Heap after GC invocations=30 (full 0):
 garbage-first heap   total 402432K, used 205488K [0x0000000082000000, 0x0000000100000000)
  region size 1024K, 5 young (5120K), 5 survivors (5120K)
 Metaspace       used 23200K, committed 23488K, reserved 1114112K
  class space    used 2781K, committed 2944K, reserved 1048576K
}

