# JRE version: Java(TM) SE Runtime Environment (21.0.8+12) (build 21.0.8+12-LTS-250)
# Java VM: Java HotSpot(TM) 64-Bit Server VM (21.0.8+12-LTS-250, mixed mode, sharing, tiered, compressed oops, compressed class ptrs, g1 gc, windows-amd64)
GC Precious Log:
 CardTable entry size: 512
 Card Set container configuration: InlinePtr #cards 5 size 8 Array Of Cards #cards 12 size 40 Howl #buckets 4 coarsen threshold 1843 Howl Bitmap #cards 512 size 80 coarsen threshold 460 Card regions per heap region 1 cards per card region 2048
 CPUs: 4 total, 4 available
 Memory: 8061M
 Large Page Support: Disabled
 NUMA Support: Disabled
 Compressed Oops: Enabled (32-bit)
 Heap Region Size: 1M
 Heap Min Capacity: 8M
 Heap Initial Capacity: 126M
 Heap Max Capacity: 2016M
 Pre-touch: Disabled
 Parallel Workers: 4
 Concurrent Workers: 1
 Concurrent Refinement Workers: 4
 Periodic GC: Disabled
Heap:
 garbage-first heap   total 350208K, used 314519K [0x0000000082000000, 0x0000000100000000)
  region size 1024K, 109 young (111616K), 2 survivors (2048K)
 Metaspace       used 22474K, committed 22784K, reserved 1114112K
  class space    used 2747K, committed 2880K, reserved 1048576K
GC Heap History (20 events):
Event: 5.667 GC heap before
{Heap before GC invocations=4 (full 0):
 garbage-first heap   total 129024K, used 102306K [0x0000000082000000, 0x0000000100000000)
  region size 1024K, 45 young (46080K), 5 survivors (5120K)
 Metaspace       used 13861K, committed 14080K, reserved 1114112K
  class space    used 1612K, committed 1664K, reserved 1048576K
}
Event: 5.673 GC heap after
{Heap after GC invocations=5 (full 0):
 garbage-first heap   total 129024K, used 72580K [0x0000000082000000, 0x0000000100000000)
  region size 1024K, 10 young (10240K), 10 survivors (10240K)
 Metaspace       used 13861K, committed 14080K, reserved 1114112K
  class space    used 1612K, committed 1664K, reserved 1048576K
}
Event: 6.180 GC heap before
{Heap before GC invocations=6 (full 0):
 garbage-first heap   total 153600K, used 153476K [0x0000000082000000, 0x0000000100000000)
  region size 1024K, 13 young (13312K), 10 survivors (10240K)
 Metaspace       used 13859K, committed 14080K, reserved 1114112K
  class space    used 1612K, committed 1664K, reserved 1048576K
}
Event: 6.186 GC heap after
{Heap after GC invocations=7 (full 0):
 garbage-first heap   total 164864K, used 150773K [0x0000000082000000, 0x0000000100000000)
  region size 1024K, 1 young (1024K), 1 survivors (1024K)
 Metaspace       used 13859K, committed 14080K, reserved 1114112K
  class space    used 1612K, committed 1664K, reserved 1048576K
}
Event: 6.499 GC heap before
{Heap before GC invocations=7 (full 0):
 garbage-first heap   total 196608K, used 194805K [0x0000000082000000, 0x0000000100000000)
  region size 1024K, 3 young (3072K), 1 survivors (1024K)
 Metaspace       used 13865K, committed 14144K, reserved 1114112K
  class space    used 1615K, committed 1728K, reserved 1048576K
}
Event: 6.502 GC heap after
{Heap after GC invocations=8 (full 0):
 garbage-first heap   total 199680K, used 194275K [0x0000000082000000, 0x0000000100000000)
  region size 1024K, 2 young (2048K), 2 survivors (2048K)
 Metaspace       used 13865K, committed 14144K, reserved 1114112K
  class space    used 1615K, committed 1728K, reserved 1048576K
}
Event: 6.593 GC heap before
{Heap before GC invocations=8 (full 0):
 garbage-first heap   total 199680K, used 195299K [0x0000000082000000, 0x0000000100000000)
  region size 1024K, 4 young (4096K), 2 survivors (2048K)
 Metaspace       used 13873K, committed 14144K, reserved 1114112K
  class space    used 1615K, committed 1728K, reserved 1048576K
}
Event: 6.595 GC heap after
{Heap after GC invocations=9 (full 0):
 garbage-first heap   total 199680K, used 195378K [0x0000000082000000, 0x0000000100000000)
  region size 1024K, 1 young (1024K), 1 survivors (1024K)
 Metaspace       used 13873K, committed 14144K, reserved 1114112K
  class space    used 1615K, committed 1728K, reserved 1048576K
}
Event: 6.662 GC heap before
{Heap before GC invocations=10 (full 0):
 garbage-first heap   total 327680K, used 197426K [0x0000000082000000, 0x0000000100000000)
  region size 1024K, 4 young (4096K), 1 survivors (1024K)
 Metaspace       used 13902K, committed 14144K, reserved 1114112K
  class space    used 1615K, committed 1728K, reserved 1048576K
}
Event: 6.663 GC heap after
{Heap after GC invocations=11 (full 0):
 garbage-first heap   total 327680K, used 198131K [0x0000000082000000, 0x0000000100000000)
  region size 1024K, 1 young (1024K), 1 survivors (1024K)
 Metaspace       used 13902K, committed 14144K, reserved 1114112K
  class space    used 1615K, committed 1728K, reserved 1048576K
}
Event: 12.385 GC heap before
{Heap before GC invocations=11 (full 0):
 garbage-first heap   total 327680K, used 258547K [0x0000000082000000, 0x0000000100000000)
  region size 1024K, 59 young (60416K), 1 survivors (1024K)
 Metaspace       used 20798K, committed 21056K, reserved 1114112K
  class space    used 2723K, committed 2816K, reserved 1048576K
}
Event: 12.392 GC heap after
{Heap after GC invocations=12 (full 0):
 garbage-first heap   total 327680K, used 206401K [0x0000000082000000, 0x0000000100000000)
  region size 1024K, 8 young (8192K), 8 survivors (8192K)
 Metaspace       used 20798K, committed 21056K, reserved 1114112K
  class space    used 2723K, committed 2816K, reserved 1048576K
}
Event: 21.410 GC heap before
{Heap before GC invocations=12 (full 0):
 garbage-first heap   total 327680K, used 265793K [0x0000000082000000, 0x0000000100000000)
  region size 1024K, 67 young (68608K), 8 survivors (8192K)
 Metaspace       used 21975K, committed 22272K, reserved 1114112K
  class space    used 2739K, committed 2880K, reserved 1048576K
}
Event: 21.419 GC heap after
{Heap after GC invocations=13 (full 0):
 garbage-first heap   total 327680K, used 207918K [0x0000000082000000, 0x0000000100000000)
  region size 1024K, 2 young (2048K), 2 survivors (2048K)
 Metaspace       used 21975K, committed 22272K, reserved 1114112K
  class space    used 2739K, committed 2880K, reserved 1048576K
}
Event: 32.207 GC heap before
{Heap before GC invocations=14 (full 0):
 garbage-first heap   total 350208K, used 273454K [0x0000000082000000, 0x0000000100000000)
  region size 1024K, 67 young (68608K), 2 survivors (2048K)
 Metaspace       used 22183K, committed 22464K, reserved 1114112K
  class space    used 2739K, committed 2880K, reserved 1048576K
}
Event: 32.211 GC heap after
{Heap after GC invocations=15 (full 0):
 garbage-first heap   total 350208K, used 207122K [0x0000000082000000, 0x0000000100000000)
  region size 1024K, 1 young (1024K), 1 survivors (1024K)
 Metaspace       used 22183K, committed 22464K, reserved 1114112K
  class space    used 2739K, committed 2880K, reserved 1048576K
}
Event: 46.585 GC heap before
{Heap before GC invocations=15 (full 0):
 garbage-first heap   total 350208K, used 293138K [0x0000000082000000, 0x0000000100000000)
  region size 1024K, 86 young (88064K), 1 survivors (1024K)
 Metaspace       used 22291K, committed 22528K, reserved 1114112K
  class space    used 2739K, committed 2880K, reserved 1048576K
}
Event: 46.588 GC heap after
{Heap after GC invocations=16 (full 0):
 garbage-first heap   total 350208K, used 207105K [0x0000000082000000, 0x0000000100000000)
  region size 1024K, 2 young (2048K), 2 survivors (2048K)
 Metaspace       used 22291K, committed 22528K, reserved 1114112K
  class space    used 2739K, committed 2880K, reserved 1048576K
}
Event: 61.852 GC heap before
{Heap before GC invocations=16 (full 0):
 garbage-first heap   total 350208K, used 311553K [0x0000000082000000, 0x0000000100000000)
  region size 1024K, 105 young (107520K), 2 survivors (2048K)
 Metaspace       used 22412K, committed 22720K, reserved 1114112K
  class space    used 2739K, committed 2880K, reserved 1048576K
}
Event: 61.855 GC heap after
{Heap after GC invocations=17 (full 0):
 garbage-first heap   total 350208K, used 206999K [0x0000000082000000, 0x0000000100000000)
  region size 1024K, 2 young (2048K), 2 survivors (2048K)
 Metaspace       used 22412K, committed 22720K, reserved 1114112K
  class space    used 2739K, committed 2880K, reserved 1048576K
}

