# JRE version: OpenJDK Runtime Environment Microsoft-11933218 (21.0.8+9) (build 21.0.8+9-LTS)
# Java VM: OpenJDK 64-Bit Server VM Microsoft-11933218 (21.0.8+9-LTS, mixed mode, sharing, tiered, compressed oops, compressed class ptrs, g1 gc, windows-amd64)
GC Precious Log:
 CardTable entry size: 512
 Card Set container configuration: InlinePtr #cards 4 size 8 Array Of Cards #cards 16 size 48 Howl #buckets 8 coarsen threshold 3686 Howl Bitmap #cards 512 size 80 coarsen threshold 460 Card regions per heap region 1 cards per card region 4096
 CPUs: 12 total, 12 available
 Memory: 16091M
 Large Page Support: Disabled
 NUMA Support: Disabled
 Compressed Oops: Enabled (Zero based)
 Heap Region Size: 2M
 Heap Min Capacity: 8M
 Heap Initial Capacity: 252M
 Heap Max Capacity: 4024M
 Pre-touch: Disabled
 Parallel Workers: 10
 Concurrent Workers: 3
 Concurrent Refinement Workers: 10
 Periodic GC: Disabled
Heap:
 garbage-first heap   total 581632K, used 491294K [0x0000000704800000, 0x0000000800000000)
  region size 2048K, 50 young (102400K), 3 survivors (6144K)
 Metaspace       used 27640K, committed 28032K, reserved 1114112K
  class space    used 3397K, committed 3584K, reserved 1048576K
GC Heap History (20 events):
Event: 229.674 GC heap before
{Heap before GC invocations=83 (full 0):
 garbage-first heap   total 342016K, used 315720K [0x0000000704800000, 0x0000000800000000)
  region size 2048K, 58 young (118784K), 2 survivors (4096K)
 Metaspace       used 27090K, committed 27520K, reserved 1114112K
  class space    used 3372K, committed 3584K, reserved 1048576K
}
Event: 229.678 GC heap after
{Heap after GC invocations=84 (full 0):
 garbage-first heap   total 342016K, used 203125K [0x0000000704800000, 0x0000000800000000)
  region size 2048K, 2 young (4096K), 2 survivors (4096K)
 Metaspace       used 27090K, committed 27520K, reserved 1114112K
  class space    used 3372K, committed 3584K, reserved 1048576K
}
Event: 233.537 GC heap before
{Heap before GC invocations=84 (full 0):
 garbage-first heap   total 342016K, used 317813K [0x0000000704800000, 0x0000000800000000)
  region size 2048K, 58 young (118784K), 2 survivors (4096K)
 Metaspace       used 27095K, committed 27520K, reserved 1114112K
  class space    used 3372K, committed 3584K, reserved 1048576K
}
Event: 233.539 GC heap after
{Heap after GC invocations=85 (full 0):
 garbage-first heap   total 342016K, used 203267K [0x0000000704800000, 0x0000000800000000)
  region size 2048K, 2 young (4096K), 2 survivors (4096K)
 Metaspace       used 27095K, committed 27520K, reserved 1114112K
  class space    used 3372K, committed 3584K, reserved 1048576K
}
Event: 234.835 GC heap before
{Heap before GC invocations=86 (full 0):
 garbage-first heap   total 342016K, used 317955K [0x0000000704800000, 0x0000000800000000)
  region size 2048K, 58 young (118784K), 2 survivors (4096K)
 Metaspace       used 27095K, committed 27520K, reserved 1114112K
  class space    used 3372K, committed 3584K, reserved 1048576K
}
Event: 234.837 GC heap after
{Heap after GC invocations=87 (full 0):
 garbage-first heap   total 342016K, used 203134K [0x0000000704800000, 0x0000000800000000)
  region size 2048K, 2 young (4096K), 2 survivors (4096K)
 Metaspace       used 27095K, committed 27520K, reserved 1114112K
  class space    used 3372K, committed 3584K, reserved 1048576K
}
Event: 238.014 GC heap before
{Heap before GC invocations=87 (full 0):
 garbage-first heap   total 342016K, used 317822K [0x0000000704800000, 0x0000000800000000)
  region size 2048K, 58 young (118784K), 2 survivors (4096K)
 Metaspace       used 27095K, committed 27520K, reserved 1114112K
  class space    used 3372K, committed 3584K, reserved 1048576K
}
Event: 238.016 GC heap after
{Heap after GC invocations=88 (full 0):
 garbage-first heap   total 342016K, used 203052K [0x0000000704800000, 0x0000000800000000)
  region size 2048K, 2 young (4096K), 2 survivors (4096K)
 Metaspace       used 27095K, committed 27520K, reserved 1114112K
  class space    used 3372K, committed 3584K, reserved 1048576K
}
Event: 257.014 GC heap before
{Heap before GC invocations=89 (full 0):
 garbage-first heap   total 342016K, used 315692K [0x0000000704800000, 0x0000000800000000)
  region size 2048K, 58 young (118784K), 2 survivors (4096K)
 Metaspace       used 27116K, committed 27520K, reserved 1114112K
  class space    used 3372K, committed 3584K, reserved 1048576K
}
Event: 257.018 GC heap after
{Heap after GC invocations=90 (full 0):
 garbage-first heap   total 342016K, used 206589K [0x0000000704800000, 0x0000000800000000)
  region size 2048K, 3 young (6144K), 3 survivors (6144K)
 Metaspace       used 27116K, committed 27520K, reserved 1114112K
  class space    used 3372K, committed 3584K, reserved 1048576K
}
Event: 266.671 GC heap before
{Heap before GC invocations=90 (full 0):
 garbage-first heap   total 342016K, used 317181K [0x0000000704800000, 0x0000000800000000)
  region size 2048K, 57 young (116736K), 3 survivors (6144K)
 Metaspace       used 27128K, committed 27520K, reserved 1114112K
  class space    used 3372K, committed 3584K, reserved 1048576K
}
Event: 266.674 GC heap after
{Heap after GC invocations=91 (full 0):
 garbage-first heap   total 342016K, used 207220K [0x0000000704800000, 0x0000000800000000)
  region size 2048K, 4 young (8192K), 4 survivors (8192K)
 Metaspace       used 27128K, committed 27520K, reserved 1114112K
  class space    used 3372K, committed 3584K, reserved 1048576K
}
Event: 269.356 GC heap before
{Heap before GC invocations=92 (full 0):
 garbage-first heap   total 348160K, used 313716K [0x0000000704800000, 0x0000000800000000)
  region size 2048K, 56 young (114688K), 4 survivors (8192K)
 Metaspace       used 27401K, committed 27776K, reserved 1114112K
  class space    used 3392K, committed 3584K, reserved 1048576K
}
Event: 269.360 GC heap after
{Heap after GC invocations=93 (full 0):
 garbage-first heap   total 348160K, used 217759K [0x0000000704800000, 0x0000000800000000)
  region size 2048K, 7 young (14336K), 7 survivors (14336K)
 Metaspace       used 27401K, committed 27776K, reserved 1114112K
  class space    used 3392K, committed 3584K, reserved 1048576K
}
Event: 270.295 GC heap before
{Heap before GC invocations=93 (full 0):
 garbage-first heap   total 397312K, used 393887K [0x0000000704800000, 0x0000000800000000)
  region size 2048K, 35 young (71680K), 7 survivors (14336K)
 Metaspace       used 27522K, committed 27904K, reserved 1114112K
  class space    used 3392K, committed 3584K, reserved 1048576K
}
Event: 270.300 GC heap after
{Heap after GC invocations=94 (full 0):
 garbage-first heap   total 419840K, used 345857K [0x0000000704800000, 0x0000000800000000)
  region size 2048K, 7 young (14336K), 7 survivors (14336K)
 Metaspace       used 27522K, committed 27904K, reserved 1114112K
  class space    used 3392K, committed 3584K, reserved 1048576K
}
Event: 270.301 GC heap before
{Heap before GC invocations=94 (full 0):
 garbage-first heap   total 419840K, used 345857K [0x0000000704800000, 0x0000000800000000)
  region size 2048K, 8 young (16384K), 7 survivors (14336K)
 Metaspace       used 27522K, committed 27904K, reserved 1114112K
  class space    used 3392K, committed 3584K, reserved 1048576K
}
Event: 270.302 GC heap after
{Heap after GC invocations=95 (full 0):
 garbage-first heap   total 419840K, used 343120K [0x0000000704800000, 0x0000000800000000)
  region size 2048K, 1 young (2048K), 1 survivors (2048K)
 Metaspace       used 27522K, committed 27904K, reserved 1114112K
  class space    used 3392K, committed 3584K, reserved 1048576K
}
Event: 276.997 GC heap before
{Heap before GC invocations=96 (full 0):
 garbage-first heap   total 581632K, used 429136K [0x0000000704800000, 0x0000000800000000)
  region size 2048K, 21 young (43008K), 1 survivors (2048K)
 Metaspace       used 27585K, committed 28032K, reserved 1114112K
  class space    used 3392K, committed 3584K, reserved 1048576K
}
Event: 277.000 GC heap after
{Heap after GC invocations=97 (full 0):
 garbage-first heap   total 581632K, used 397086K [0x0000000704800000, 0x0000000800000000)
  region size 2048K, 3 young (6144K), 3 survivors (6144K)
 Metaspace       used 27585K, committed 28032K, reserved 1114112K
  class space    used 3392K, committed 3584K, reserved 1048576K
}

