# JRE version: Java(TM) SE Runtime Environment (21.0.8+12) (build 21.0.8+12-LTS-250)
# Java VM: Java HotSpot(TM) 64-Bit Server VM (21.0.8+12-LTS-250, mixed mode, sharing, tiered, compressed oops, compressed class ptrs, g1 gc, windows-amd64)
GC Precious Log:
 CardTable entry size: 512
 Card Set container configuration: InlinePtr #cards 5 size 8 Array Of Cards #cards 12 size 40 Howl #buckets 4 coarsen threshold 1843 Howl Bitmap #cards 512 size 80 coarsen threshold 460 Card regions per heap region 1 cards per card region 2048
 CPUs: 4 total, 4 available
 Memory: 8061M
 Large Page Support: Disabled
 NUMA Support: Disabled
 Compressed Oops: Enabled (32-bit)
 Heap Region Size: 1M
 Heap Min Capacity: 8M
 Heap Initial Capacity: 126M
 Heap Max Capacity: 2016M
 Pre-touch: Disabled
 Parallel Workers: 4
 Concurrent Workers: 1
 Concurrent Refinement Workers: 4
 Periodic GC: Disabled
Heap:
 garbage-first heap   total 372736K, used 253219K [0x0000000082000000, 0x0000000100000000)
  region size 1024K, 53 young (54272K), 5 survivors (5120K)
 Metaspace       used 22047K, committed 22336K, reserved 1114112K
  class space    used 2746K, committed 2880K, reserved 1048576K
GC Heap History (20 events):
Event: 5.657 GC heap before
{Heap before GC invocations=6 (full 0):
 garbage-first heap   total 129024K, used 85024K [0x0000000082000000, 0x0000000100000000)
  region size 1024K, 75 young (76800K), 6 survivors (6144K)
 Metaspace       used 12639K, committed 12800K, reserved 1114112K
  class space    used 1340K, committed 1408K, reserved 1048576K
}
Event: 5.662 GC heap after
{Heap after GC invocations=7 (full 0):
 garbage-first heap   total 129024K, used 14862K [0x0000000082000000, 0x0000000100000000)
  region size 1024K, 6 young (6144K), 6 survivors (6144K)
 Metaspace       used 12639K, committed 12800K, reserved 1114112K
  class space    used 1340K, committed 1408K, reserved 1048576K
}
Event: 6.222 GC heap before
{Heap before GC invocations=7 (full 0):
 garbage-first heap   total 129024K, used 85518K [0x0000000082000000, 0x0000000100000000)
  region size 1024K, 75 young (76800K), 6 survivors (6144K)
 Metaspace       used 12785K, committed 12928K, reserved 1114112K
  class space    used 1340K, committed 1408K, reserved 1048576K
}
Event: 6.227 GC heap after
{Heap after GC invocations=8 (full 0):
 garbage-first heap   total 129024K, used 14690K [0x0000000082000000, 0x0000000100000000)
  region size 1024K, 6 young (6144K), 6 survivors (6144K)
 Metaspace       used 12785K, committed 12928K, reserved 1114112K
  class space    used 1340K, committed 1408K, reserved 1048576K
}
Event: 7.571 GC heap before
{Heap before GC invocations=8 (full 0):
 garbage-first heap   total 129024K, used 90466K [0x0000000082000000, 0x0000000100000000)
  region size 1024K, 34 young (34816K), 6 survivors (6144K)
 Metaspace       used 14150K, committed 14336K, reserved 1114112K
  class space    used 1611K, committed 1664K, reserved 1048576K
}
Event: 7.577 GC heap after
{Heap after GC invocations=9 (full 0):
 garbage-first heap   total 129024K, used 72844K [0x0000000082000000, 0x0000000100000000)
  region size 1024K, 10 young (10240K), 10 survivors (10240K)
 Metaspace       used 14150K, committed 14336K, reserved 1114112K
  class space    used 1611K, committed 1664K, reserved 1048576K
}
Event: 7.609 GC heap before
{Heap before GC invocations=10 (full 0):
 garbage-first heap   total 129024K, used 76940K [0x0000000082000000, 0x0000000100000000)
  region size 1024K, 11 young (11264K), 10 survivors (10240K)
 Metaspace       used 14149K, committed 14336K, reserved 1114112K
  class space    used 1611K, committed 1664K, reserved 1048576K
}
Event: 7.614 GC heap after
{Heap after GC invocations=11 (full 0):
 garbage-first heap   total 129024K, used 77658K [0x0000000082000000, 0x0000000100000000)
  region size 1024K, 1 young (1024K), 1 survivors (1024K)
 Metaspace       used 14149K, committed 14336K, reserved 1114112K
  class space    used 1611K, committed 1664K, reserved 1048576K
}
Event: 8.398 GC heap before
{Heap before GC invocations=12 (full 0):
 garbage-first heap   total 196608K, used 194394K [0x0000000082000000, 0x0000000100000000)
  region size 1024K, 4 young (4096K), 1 survivors (1024K)
 Metaspace       used 14152K, committed 14336K, reserved 1114112K
  class space    used 1614K, committed 1664K, reserved 1048576K
}
Event: 8.399 GC heap after
{Heap after GC invocations=13 (full 0):
 garbage-first heap   total 197632K, used 192314K [0x0000000082000000, 0x0000000100000000)
  region size 1024K, 1 young (1024K), 1 survivors (1024K)
 Metaspace       used 14152K, committed 14336K, reserved 1114112K
  class space    used 1614K, committed 1664K, reserved 1048576K
}
Event: 8.468 GC heap before
{Heap before GC invocations=13 (full 0):
 garbage-first heap   total 197632K, used 195386K [0x0000000082000000, 0x0000000100000000)
  region size 1024K, 3 young (3072K), 1 survivors (1024K)
 Metaspace       used 14159K, committed 14336K, reserved 1114112K
  class space    used 1614K, committed 1664K, reserved 1048576K
}
Event: 8.469 GC heap after
{Heap after GC invocations=14 (full 0):
 garbage-first heap   total 199680K, used 195335K [0x0000000082000000, 0x0000000100000000)
  region size 1024K, 1 young (1024K), 1 survivors (1024K)
 Metaspace       used 14159K, committed 14336K, reserved 1114112K
  class space    used 1614K, committed 1664K, reserved 1048576K
}
Event: 8.521 GC heap before
{Heap before GC invocations=14 (full 0):
 garbage-first heap   total 199680K, used 197383K [0x0000000082000000, 0x0000000100000000)
  region size 1024K, 4 young (4096K), 1 survivors (1024K)
 Metaspace       used 14180K, committed 14400K, reserved 1114112K
  class space    used 1614K, committed 1664K, reserved 1048576K
}
Event: 8.522 GC heap after
{Heap after GC invocations=15 (full 0):
 garbage-first heap   total 202752K, used 198359K [0x0000000082000000, 0x0000000100000000)
  region size 1024K, 1 young (1024K), 1 survivors (1024K)
 Metaspace       used 14180K, committed 14400K, reserved 1114112K
  class space    used 1614K, committed 1664K, reserved 1048576K
}
Event: 8.565 GC heap before
{Heap before GC invocations=16 (full 0):
 garbage-first heap   total 334848K, used 200407K [0x0000000082000000, 0x0000000100000000)
  region size 1024K, 4 young (4096K), 1 survivors (1024K)
 Metaspace       used 14459K, committed 14656K, reserved 1114112K
  class space    used 1658K, committed 1728K, reserved 1048576K
}
Event: 8.566 GC heap after
{Heap after GC invocations=17 (full 0):
 garbage-first heap   total 334848K, used 200173K [0x0000000082000000, 0x0000000100000000)
  region size 1024K, 1 young (1024K), 1 survivors (1024K)
 Metaspace       used 14459K, committed 14656K, reserved 1114112K
  class space    used 1658K, committed 1728K, reserved 1048576K
}
Event: 14.967 GC heap before
{Heap before GC invocations=17 (full 0):
 garbage-first heap   total 334848K, used 256493K [0x0000000082000000, 0x0000000100000000)
  region size 1024K, 55 young (56320K), 1 survivors (1024K)
 Metaspace       used 21071K, committed 21440K, reserved 1114112K
  class space    used 2723K, committed 2880K, reserved 1048576K
}
Event: 14.973 GC heap after
{Heap after GC invocations=18 (full 0):
 garbage-first heap   total 334848K, used 205381K [0x0000000082000000, 0x0000000100000000)
  region size 1024K, 5 young (5120K), 5 survivors (5120K)
 Metaspace       used 21071K, committed 21440K, reserved 1114112K
  class space    used 2723K, committed 2880K, reserved 1048576K
}
Event: 20.405 GC heap before
{Heap before GC invocations=18 (full 0):
 garbage-first heap   total 334848K, used 263749K [0x0000000082000000, 0x0000000100000000)
  region size 1024K, 63 young (64512K), 5 survivors (5120K)
 Metaspace       used 22020K, committed 22336K, reserved 1114112K
  class space    used 2739K, committed 2880K, reserved 1048576K
}
Event: 20.411 GC heap after
{Heap after GC invocations=19 (full 0):
 garbage-first heap   total 334848K, used 206115K [0x0000000082000000, 0x0000000100000000)
  region size 1024K, 5 young (5120K), 5 survivors (5120K)
 Metaspace       used 22020K, committed 22336K, reserved 1114112K
  class space    used 2739K, committed 2880K, reserved 1048576K
}

