# JRE version: Java(TM) SE Runtime Environment (21.0.8+12) (build 21.0.8+12-LTS-250)
# Java VM: Java HotSpot(TM) 64-Bit Server VM (21.0.8+12-LTS-250, mixed mode, sharing, tiered, compressed oops, compressed class ptrs, g1 gc, windows-amd64)
GC Precious Log:
 CardTable entry size: 512
 Card Set container configuration: InlinePtr #cards 5 size 8 Array Of Cards #cards 12 size 40 Howl #buckets 4 coarsen threshold 1843 Howl Bitmap #cards 512 size 80 coarsen threshold 460 Card regions per heap region 1 cards per card region 2048
 CPUs: 4 total, 4 available
 Memory: 8061M
 Large Page Support: Disabled
 NUMA Support: Disabled
 Compressed Oops: Enabled (32-bit)
 Heap Region Size: 1M
 Heap Min Capacity: 8M
 Heap Initial Capacity: 126M
 Heap Max Capacity: 2016M
 Pre-touch: Disabled
 Parallel Workers: 4
 Concurrent Workers: 1
 Concurrent Refinement Workers: 4
 Periodic GC: Disabled
Heap:
 garbage-first heap   total 390144K, used 214931K [0x0000000082000000, 0x0000000100000000)
  region size 1024K, 25 young (25600K), 3 survivors (3072K)
 Metaspace       used 20685K, committed 20928K, reserved 1114112K
  class space    used 2613K, committed 2688K, reserved 1048576K
GC Heap History (20 events):
Event: 57.593 GC heap before
{Heap before GC invocations=86 (full 0):
 garbage-first heap   total 390144K, used 363202K [0x0000000082000000, 0x0000000100000000)
  region size 1024K, 174 young (178176K), 5 survivors (5120K)
 Metaspace       used 18161K, committed 18432K, reserved 1114112K
  class space    used 2217K, committed 2304K, reserved 1048576K
}
Event: 57.596 GC heap after
{Heap after GC invocations=87 (full 0):
 garbage-first heap   total 390144K, used 190701K [0x0000000082000000, 0x0000000100000000)
  region size 1024K, 6 young (6144K), 6 survivors (6144K)
 Metaspace       used 18161K, committed 18432K, reserved 1114112K
  class space    used 2217K, committed 2304K, reserved 1048576K
}
Event: 62.705 GC heap before
{Heap before GC invocations=87 (full 0):
 garbage-first heap   total 390144K, used 360685K [0x0000000082000000, 0x0000000100000000)
  region size 1024K, 173 young (177152K), 6 survivors (6144K)
 Metaspace       used 18186K, committed 18432K, reserved 1114112K
  class space    used 2218K, committed 2304K, reserved 1048576K
}
Event: 62.713 GC heap after
{Heap after GC invocations=88 (full 0):
 garbage-first heap   total 390144K, used 190241K [0x0000000082000000, 0x0000000100000000)
  region size 1024K, 5 young (5120K), 5 survivors (5120K)
 Metaspace       used 18186K, committed 18432K, reserved 1114112K
  class space    used 2218K, committed 2304K, reserved 1048576K
}
Event: 67.043 GC heap before
{Heap before GC invocations=89 (full 0):
 garbage-first heap   total 390144K, used 362273K [0x0000000082000000, 0x0000000100000000)
  region size 1024K, 174 young (178176K), 5 survivors (5120K)
 Metaspace       used 18188K, committed 18432K, reserved 1114112K
  class space    used 2218K, committed 2304K, reserved 1048576K
}
Event: 67.046 GC heap after
{Heap after GC invocations=90 (full 0):
 garbage-first heap   total 390144K, used 190212K [0x0000000082000000, 0x0000000100000000)
  region size 1024K, 1 young (1024K), 1 survivors (1024K)
 Metaspace       used 18188K, committed 18432K, reserved 1114112K
  class space    used 2218K, committed 2304K, reserved 1048576K
}
Event: 70.752 GC heap before
{Heap before GC invocations=90 (full 0):
 garbage-first heap   total 390144K, used 367364K [0x0000000082000000, 0x0000000100000000)
  region size 1024K, 174 young (178176K), 1 survivors (1024K)
 Metaspace       used 18189K, committed 18432K, reserved 1114112K
  class space    used 2218K, committed 2304K, reserved 1048576K
}
Event: 70.753 GC heap after
{Heap after GC invocations=91 (full 0):
 garbage-first heap   total 390144K, used 190248K [0x0000000082000000, 0x0000000100000000)
  region size 1024K, 1 young (1024K), 1 survivors (1024K)
 Metaspace       used 18189K, committed 18432K, reserved 1114112K
  class space    used 2218K, committed 2304K, reserved 1048576K
}
Event: 73.834 GC heap before
{Heap before GC invocations=92 (full 0):
 garbage-first heap   total 390144K, used 367400K [0x0000000082000000, 0x0000000100000000)
  region size 1024K, 174 young (178176K), 1 survivors (1024K)
 Metaspace       used 18198K, committed 18432K, reserved 1114112K
  class space    used 2218K, committed 2304K, reserved 1048576K
}
Event: 73.837 GC heap after
{Heap after GC invocations=93 (full 0):
 garbage-first heap   total 390144K, used 190256K [0x0000000082000000, 0x0000000100000000)
  region size 1024K, 1 young (1024K), 1 survivors (1024K)
 Metaspace       used 18198K, committed 18432K, reserved 1114112K
  class space    used 2218K, committed 2304K, reserved 1048576K
}
Event: 77.243 GC heap before
{Heap before GC invocations=93 (full 0):
 garbage-first heap   total 390144K, used 367408K [0x0000000082000000, 0x0000000100000000)
  region size 1024K, 174 young (178176K), 1 survivors (1024K)
 Metaspace       used 18211K, committed 18432K, reserved 1114112K
  class space    used 2218K, committed 2304K, reserved 1048576K
}
Event: 77.245 GC heap after
{Heap after GC invocations=94 (full 0):
 garbage-first heap   total 390144K, used 190257K [0x0000000082000000, 0x0000000100000000)
  region size 1024K, 1 young (1024K), 1 survivors (1024K)
 Metaspace       used 18211K, committed 18432K, reserved 1114112K
  class space    used 2218K, committed 2304K, reserved 1048576K
}
Event: 81.382 GC heap before
{Heap before GC invocations=95 (full 0):
 garbage-first heap   total 390144K, used 367409K [0x0000000082000000, 0x0000000100000000)
  region size 1024K, 174 young (178176K), 1 survivors (1024K)
 Metaspace       used 18218K, committed 18432K, reserved 1114112K
  class space    used 2218K, committed 2304K, reserved 1048576K
}
Event: 81.384 GC heap after
{Heap after GC invocations=96 (full 0):
 garbage-first heap   total 390144K, used 190262K [0x0000000082000000, 0x0000000100000000)
  region size 1024K, 1 young (1024K), 1 survivors (1024K)
 Metaspace       used 18218K, committed 18432K, reserved 1114112K
  class space    used 2218K, committed 2304K, reserved 1048576K
}
Event: 86.096 GC heap before
{Heap before GC invocations=96 (full 0):
 garbage-first heap   total 390144K, used 367414K [0x0000000082000000, 0x0000000100000000)
  region size 1024K, 174 young (178176K), 1 survivors (1024K)
 Metaspace       used 18220K, committed 18432K, reserved 1114112K
  class space    used 2218K, committed 2304K, reserved 1048576K
}
Event: 86.098 GC heap after
{Heap after GC invocations=97 (full 0):
 garbage-first heap   total 390144K, used 190266K [0x0000000082000000, 0x0000000100000000)
  region size 1024K, 1 young (1024K), 1 survivors (1024K)
 Metaspace       used 18220K, committed 18432K, reserved 1114112K
  class space    used 2218K, committed 2304K, reserved 1048576K
}
Event: 90.715 GC heap before
{Heap before GC invocations=98 (full 0):
 garbage-first heap   total 390144K, used 366394K [0x0000000082000000, 0x0000000100000000)
  region size 1024K, 174 young (178176K), 1 survivors (1024K)
 Metaspace       used 18230K, committed 18432K, reserved 1114112K
  class space    used 2218K, committed 2304K, reserved 1048576K
}
Event: 90.717 GC heap after
{Heap after GC invocations=99 (full 0):
 garbage-first heap   total 390144K, used 190270K [0x0000000082000000, 0x0000000100000000)
  region size 1024K, 1 young (1024K), 1 survivors (1024K)
 Metaspace       used 18230K, committed 18432K, reserved 1114112K
  class space    used 2218K, committed 2304K, reserved 1048576K
}
Event: 100.533 GC heap before
{Heap before GC invocations=99 (full 0):
 garbage-first heap   total 390144K, used 243518K [0x0000000082000000, 0x0000000100000000)
  region size 1024K, 55 young (56320K), 1 survivors (1024K)
 Metaspace       used 20568K, committed 20800K, reserved 1114112K
  class space    used 2601K, committed 2688K, reserved 1048576K
}
Event: 100.536 GC heap after
{Heap after GC invocations=100 (full 0):
 garbage-first heap   total 390144K, used 192403K [0x0000000082000000, 0x0000000100000000)
  region size 1024K, 3 young (3072K), 3 survivors (3072K)
 Metaspace       used 20568K, committed 20800K, reserved 1114112K
  class space    used 2601K, committed 2688K, reserved 1048576K
}

