# JRE version: Java(TM) SE Runtime Environment (21.0.8+12) (build 21.0.8+12-LTS-250)
# Java VM: Java HotSpot(TM) 64-Bit Server VM (21.0.8+12-LTS-250, mixed mode, sharing, tiered, compressed oops, compressed class ptrs, g1 gc, windows-amd64)
GC Precious Log:
 CardTable entry size: 512
 Card Set container configuration: InlinePtr #cards 5 size 8 Array Of Cards #cards 12 size 40 Howl #buckets 4 coarsen threshold 1843 Howl Bitmap #cards 512 size 80 coarsen threshold 460 Card regions per heap region 1 cards per card region 2048
 CPUs: 4 total, 4 available
 Memory: 8061M
 Large Page Support: Disabled
 NUMA Support: Disabled
 Compressed Oops: Enabled (32-bit)
 Heap Region Size: 1M
 Heap Min Capacity: 8M
 Heap Initial Capacity: 126M
 Heap Max Capacity: 2016M
 Pre-touch: Disabled
 Parallel Workers: 4
 Concurrent Workers: 1
 Concurrent Refinement Workers: 4
 Periodic GC: Disabled
Heap:
 garbage-first heap   total 416768K, used 207111K [0x0000000082000000, 0x0000000100000000)
  region size 1024K, 7 young (7168K), 4 survivors (4096K)
 Metaspace       used 21610K, committed 21888K, reserved 1114112K
  class space    used 2742K, committed 2880K, reserved 1048576K
GC Heap History (20 events):
Event: 5.509 GC heap before
{Heap before GC invocations=9 (full 0):
 garbage-first heap   total 203776K, used 201436K [0x0000000082000000, 0x0000000100000000)
  region size 1024K, 6 young (6144K), 1 survivors (1024K)
 Metaspace       used 14396K, committed 14720K, reserved 1114112K
  class space    used 1701K, committed 1856K, reserved 1048576K
}
Event: 5.511 GC heap after
{Heap after GC invocations=10 (full 0):
 garbage-first heap   total 206848K, used 200197K [0x0000000082000000, 0x0000000100000000)
  region size 1024K, 1 young (1024K), 1 survivors (1024K)
 Metaspace       used 14396K, committed 14720K, reserved 1114112K
  class space    used 1701K, committed 1856K, reserved 1048576K
}
Event: 5.574 GC heap before
{Heap before GC invocations=11 (full 0):
 garbage-first heap   total 336896K, used 204293K [0x0000000082000000, 0x0000000100000000)
  region size 1024K, 6 young (6144K), 1 survivors (1024K)
 Metaspace       used 15286K, committed 15552K, reserved 1114112K
  class space    used 1874K, committed 1984K, reserved 1048576K
}
Event: 5.575 GC heap after
{Heap after GC invocations=12 (full 0):
 garbage-first heap   total 336896K, used 200285K [0x0000000082000000, 0x0000000100000000)
  region size 1024K, 1 young (1024K), 1 survivors (1024K)
 Metaspace       used 15286K, committed 15552K, reserved 1114112K
  class space    used 1874K, committed 1984K, reserved 1048576K
}
Event: 12.645 GC heap before
{Heap before GC invocations=12 (full 0):
 garbage-first heap   total 336896K, used 275037K [0x0000000082000000, 0x0000000100000000)
  region size 1024K, 75 young (76800K), 1 survivors (1024K)
 Metaspace       used 17951K, committed 18176K, reserved 1114112K
  class space    used 2197K, committed 2304K, reserved 1048576K
}
Event: 12.648 GC heap after
{Heap after GC invocations=13 (full 0):
 garbage-first heap   total 336896K, used 200898K [0x0000000082000000, 0x0000000100000000)
  region size 1024K, 1 young (1024K), 1 survivors (1024K)
 Metaspace       used 17951K, committed 18176K, reserved 1114112K
  class space    used 2197K, committed 2304K, reserved 1048576K
}
Event: 16.195 GC heap before
{Heap before GC invocations=13 (full 0):
 garbage-first heap   total 336896K, used 296130K [0x0000000082000000, 0x0000000100000000)
  region size 1024K, 95 young (97280K), 1 survivors (1024K)
 Metaspace       used 18135K, committed 18432K, reserved 1114112K
  class space    used 2201K, committed 2304K, reserved 1048576K
}
Event: 16.197 GC heap after
{Heap after GC invocations=14 (full 0):
 garbage-first heap   total 336896K, used 200914K [0x0000000082000000, 0x0000000100000000)
  region size 1024K, 1 young (1024K), 1 survivors (1024K)
 Metaspace       used 18135K, committed 18432K, reserved 1114112K
  class space    used 2201K, committed 2304K, reserved 1048576K
}
Event: 19.649 GC heap before
{Heap before GC invocations=15 (full 0):
 garbage-first heap   total 347136K, used 306386K [0x0000000082000000, 0x0000000100000000)
  region size 1024K, 104 young (106496K), 1 survivors (1024K)
 Metaspace       used 18210K, committed 18496K, reserved 1114112K
  class space    used 2202K, committed 2304K, reserved 1048576K
}
Event: 19.652 GC heap after
{Heap after GC invocations=16 (full 0):
 garbage-first heap   total 347136K, used 200906K [0x0000000082000000, 0x0000000100000000)
  region size 1024K, 1 young (1024K), 1 survivors (1024K)
 Metaspace       used 18210K, committed 18496K, reserved 1114112K
  class space    used 2202K, committed 2304K, reserved 1048576K
}
Event: 25.103 GC heap before
{Heap before GC invocations=16 (full 0):
 garbage-first heap   total 347136K, used 323786K [0x0000000082000000, 0x0000000100000000)
  region size 1024K, 121 young (123904K), 1 survivors (1024K)
 Metaspace       used 18213K, committed 18496K, reserved 1114112K
  class space    used 2202K, committed 2304K, reserved 1048576K
}
Event: 25.106 GC heap after
{Heap after GC invocations=17 (full 0):
 garbage-first heap   total 347136K, used 200551K [0x0000000082000000, 0x0000000100000000)
  region size 1024K, 1 young (1024K), 1 survivors (1024K)
 Metaspace       used 18213K, committed 18496K, reserved 1114112K
  class space    used 2202K, committed 2304K, reserved 1048576K
}
Event: 29.778 GC heap before
{Heap before GC invocations=17 (full 0):
 garbage-first heap   total 347136K, used 326503K [0x0000000082000000, 0x0000000100000000)
  region size 1024K, 125 young (128000K), 1 survivors (1024K)
 Metaspace       used 18214K, committed 18496K, reserved 1114112K
  class space    used 2202K, committed 2304K, reserved 1048576K
}
Event: 29.780 GC heap after
{Heap after GC invocations=18 (full 0):
 garbage-first heap   total 347136K, used 200515K [0x0000000082000000, 0x0000000100000000)
  region size 1024K, 1 young (1024K), 1 survivors (1024K)
 Metaspace       used 18214K, committed 18496K, reserved 1114112K
  class space    used 2202K, committed 2304K, reserved 1048576K
}
Event: 34.980 GC heap before
{Heap before GC invocations=19 (full 0):
 garbage-first heap   total 347136K, used 326467K [0x0000000082000000, 0x0000000100000000)
  region size 1024K, 125 young (128000K), 1 survivors (1024K)
 Metaspace       used 18243K, committed 18496K, reserved 1114112K
  class space    used 2203K, committed 2304K, reserved 1048576K
}
Event: 34.982 GC heap after
{Heap after GC invocations=20 (full 0):
 garbage-first heap   total 416768K, used 200568K [0x0000000082000000, 0x0000000100000000)
  region size 1024K, 1 young (1024K), 1 survivors (1024K)
 Metaspace       used 18243K, committed 18496K, reserved 1114112K
  class space    used 2203K, committed 2304K, reserved 1048576K
}
Event: 42.157 GC heap before
{Heap before GC invocations=20 (full 0):
 garbage-first heap   total 416768K, used 395128K [0x0000000082000000, 0x0000000100000000)
  region size 1024K, 190 young (194560K), 1 survivors (1024K)
 Metaspace       used 21576K, committed 21888K, reserved 1114112K
  class space    used 2735K, committed 2880K, reserved 1048576K
}
Event: 42.164 GC heap after
{Heap after GC invocations=21 (full 0):
 garbage-first heap   total 416768K, used 204917K [0x0000000082000000, 0x0000000100000000)
  region size 1024K, 4 young (4096K), 4 survivors (4096K)
 Metaspace       used 21576K, committed 21888K, reserved 1114112K
  class space    used 2735K, committed 2880K, reserved 1048576K
}
Event: 44.172 GC heap before
{Heap before GC invocations=21 (full 0):
 garbage-first heap   total 416768K, used 390261K [0x0000000082000000, 0x0000000100000000)
  region size 1024K, 185 young (189440K), 4 survivors (4096K)
 Metaspace       used 21600K, committed 21888K, reserved 1114112K
  class space    used 2740K, committed 2880K, reserved 1048576K
}
Event: 44.176 GC heap after
{Heap after GC invocations=22 (full 0):
 garbage-first heap   total 416768K, used 205063K [0x0000000082000000, 0x0000000100000000)
  region size 1024K, 4 young (4096K), 4 survivors (4096K)
 Metaspace       used 21600K, committed 21888K, reserved 1114112K
  class space    used 2740K, committed 2880K, reserved 1048576K
}

