# JRE version: Java(TM) SE Runtime Environment (21.0.8+12) (build 21.0.8+12-LTS-250)
# Java VM: Java HotSpot(TM) 64-Bit Server VM (21.0.8+12-LTS-250, mixed mode, sharing, tiered, compressed oops, compressed class ptrs, g1 gc, windows-amd64)
GC Precious Log:
 CardTable entry size: 512
 Card Set container configuration: InlinePtr #cards 5 size 8 Array Of Cards #cards 12 size 40 Howl #buckets 4 coarsen threshold 1843 Howl Bitmap #cards 512 size 80 coarsen threshold 460 Card regions per heap region 1 cards per card region 2048
 CPUs: 4 total, 4 available
 Memory: 8061M
 Large Page Support: Disabled
 NUMA Support: Disabled
 Compressed Oops: Enabled (32-bit)
 Heap Region Size: 1M
 Heap Min Capacity: 8M
 Heap Initial Capacity: 126M
 Heap Max Capacity: 2016M
 Pre-touch: Disabled
 Parallel Workers: 4
 Concurrent Workers: 1
 Concurrent Refinement Workers: 4
 Periodic GC: Disabled
Heap:
 garbage-first heap   total 380928K, used 350494K [0x0000000082000000, 0x0000000100000000)
  region size 1024K, 60 young (61440K), 1 survivors (1024K)
 Metaspace       used 16237K, committed 16512K, reserved 1114112K
  class space    used 2055K, committed 2176K, reserved 1048576K
GC Heap History (18 events):
Event: 0.514 GC heap before
{Heap before GC invocations=0 (full 0):
 garbage-first heap   total 129024K, used 12288K [0x0000000082000000, 0x0000000100000000)
  region size 1024K, 13 young (13312K), 0 survivors (0K)
 Metaspace       used 2452K, committed 2624K, reserved 1114112K
  class space    used 226K, committed 320K, reserved 1048576K
}
Event: 0.519 GC heap after
{Heap after GC invocations=1 (full 0):
 garbage-first heap   total 129024K, used 2775K [0x0000000082000000, 0x0000000100000000)
  region size 1024K, 2 young (2048K), 2 survivors (2048K)
 Metaspace       used 2452K, committed 2624K, reserved 1114112K
  class space    used 226K, committed 320K, reserved 1048576K
}
Event: 1.199 GC heap before
{Heap before GC invocations=1 (full 0):
 garbage-first heap   total 129024K, used 39639K [0x0000000082000000, 0x0000000100000000)
  region size 1024K, 22 young (22528K), 2 survivors (2048K)
 Metaspace       used 9104K, committed 9408K, reserved 1114112K
  class space    used 1075K, committed 1216K, reserved 1048576K
}
Event: 1.203 GC heap after
{Heap after GC invocations=2 (full 0):
 garbage-first heap   total 129024K, used 20814K [0x0000000082000000, 0x0000000100000000)
  region size 1024K, 2 young (2048K), 2 survivors (2048K)
 Metaspace       used 9104K, committed 9408K, reserved 1114112K
  class space    used 1075K, committed 1216K, reserved 1048576K
}
Event: 2.493 GC heap before
{Heap before GC invocations=2 (full 0):
 garbage-first heap   total 129024K, used 99662K [0x0000000082000000, 0x0000000100000000)
  region size 1024K, 58 young (59392K), 2 survivors (2048K)
 Metaspace       used 14215K, committed 14528K, reserved 1114112K
  class space    used 1899K, committed 2048K, reserved 1048576K
}
Event: 2.497 GC heap after
{Heap after GC invocations=3 (full 0):
 garbage-first heap   total 129024K, used 44710K [0x0000000082000000, 0x0000000100000000)
  region size 1024K, 3 young (3072K), 3 survivors (3072K)
 Metaspace       used 14215K, committed 14528K, reserved 1114112K
  class space    used 1899K, committed 2048K, reserved 1048576K
}
Event: 3.587 GC heap before
{Heap before GC invocations=3 (full 0):
 garbage-first heap   total 129024K, used 115366K [0x0000000082000000, 0x0000000100000000)
  region size 1024K, 72 young (73728K), 3 survivors (3072K)
 Metaspace       used 14352K, committed 14656K, reserved 1114112K
  class space    used 1904K, committed 2048K, reserved 1048576K
}
Event: 3.591 GC heap after
{Heap after GC invocations=4 (full 0):
 garbage-first heap   total 129024K, used 44726K [0x0000000082000000, 0x0000000100000000)
  region size 1024K, 3 young (3072K), 3 survivors (3072K)
 Metaspace       used 14352K, committed 14656K, reserved 1114112K
  class space    used 1904K, committed 2048K, reserved 1048576K
}
Event: 4.207 GC heap before
{Heap before GC invocations=4 (full 0):
 garbage-first heap   total 129024K, used 111286K [0x0000000082000000, 0x0000000100000000)
  region size 1024K, 54 young (55296K), 3 survivors (3072K)
 Metaspace       used 14649K, committed 14976K, reserved 1114112K
  class space    used 1939K, committed 2112K, reserved 1048576K
}
Event: 4.212 GC heap after
{Heap after GC invocations=5 (full 0):
 garbage-first heap   total 129024K, used 71232K [0x0000000082000000, 0x0000000100000000)
  region size 1024K, 10 young (10240K), 10 survivors (10240K)
 Metaspace       used 14649K, committed 14976K, reserved 1114112K
  class space    used 1939K, committed 2112K, reserved 1048576K
}
Event: 5.010 GC heap before
{Heap before GC invocations=6 (full 0):
 garbage-first heap   total 225280K, used 224832K [0x0000000082000000, 0x0000000100000000)
  region size 1024K, 12 young (12288K), 10 survivors (10240K)
 Metaspace       used 14731K, committed 15040K, reserved 1114112K
  class space    used 1947K, committed 2112K, reserved 1048576K
}
Event: 5.014 GC heap after
{Heap after GC invocations=7 (full 0):
 garbage-first heap   total 236544K, used 222660K [0x0000000082000000, 0x0000000100000000)
  region size 1024K, 1 young (1024K), 1 survivors (1024K)
 Metaspace       used 14731K, committed 15040K, reserved 1114112K
  class space    used 1947K, committed 2112K, reserved 1048576K
}
Event: 5.174 GC heap before
{Heap before GC invocations=7 (full 0):
 garbage-first heap   total 236544K, used 234948K [0x0000000082000000, 0x0000000100000000)
  region size 1024K, 11 young (11264K), 1 survivors (1024K)
 Metaspace       used 14947K, committed 15232K, reserved 1114112K
  class space    used 1980K, committed 2112K, reserved 1048576K
}
Event: 5.176 GC heap after
{Heap after GC invocations=8 (full 0):
 garbage-first heap   total 238592K, used 225327K [0x0000000082000000, 0x0000000100000000)
  region size 1024K, 1 young (1024K), 1 survivors (1024K)
 Metaspace       used 14947K, committed 15232K, reserved 1114112K
  class space    used 1980K, committed 2112K, reserved 1048576K
}
Event: 6.569 GC heap before
{Heap before GC invocations=8 (full 0):
 garbage-first heap   total 238592K, used 234543K [0x0000000082000000, 0x0000000100000000)
  region size 1024K, 11 young (11264K), 1 survivors (1024K)
 Metaspace       used 15470K, committed 15744K, reserved 1114112K
  class space    used 1994K, committed 2112K, reserved 1048576K
}
Event: 6.571 GC heap after
{Heap after GC invocations=9 (full 0):
 garbage-first heap   total 238592K, used 225576K [0x0000000082000000, 0x0000000100000000)
  region size 1024K, 2 young (2048K), 2 survivors (2048K)
 Metaspace       used 15470K, committed 15744K, reserved 1114112K
  class space    used 1994K, committed 2112K, reserved 1048576K
}
Event: 7.181 GC heap before
{Heap before GC invocations=10 (full 0):
 garbage-first heap   total 380928K, used 275752K [0x0000000082000000, 0x0000000100000000)
  region size 1024K, 11 young (11264K), 2 survivors (2048K)
 Metaspace       used 15649K, committed 16000K, reserved 1114112K
  class space    used 2001K, committed 2176K, reserved 1048576K
}
Event: 7.182 GC heap after
{Heap after GC invocations=11 (full 0):
 garbage-first heap   total 380928K, used 267550K [0x0000000082000000, 0x0000000100000000)
  region size 1024K, 1 young (1024K), 1 survivors (1024K)
 Metaspace       used 15649K, committed 16000K, reserved 1114112K
  class space    used 2001K, committed 2176K, reserved 1048576K
}

