# JRE version: Java(TM) SE Runtime Environment (21.0.8+12) (build 21.0.8+12-LTS-250)
# Java VM: Java HotSpot(TM) 64-Bit Server VM (21.0.8+12-LTS-250, mixed mode, sharing, tiered, compressed oops, compressed class ptrs, g1 gc, windows-amd64)
GC Precious Log:
 CardTable entry size: 512
 Card Set container configuration: InlinePtr #cards 5 size 8 Array Of Cards #cards 12 size 40 Howl #buckets 4 coarsen threshold 1843 Howl Bitmap #cards 512 size 80 coarsen threshold 460 Card regions per heap region 1 cards per card region 2048
 CPUs: 4 total, 4 available
 Memory: 8061M
 Large Page Support: Disabled
 NUMA Support: Disabled
 Compressed Oops: Enabled (32-bit)
 Heap Region Size: 1M
 Heap Min Capacity: 8M
 Heap Initial Capacity: 126M
 Heap Max Capacity: 2016M
 Pre-touch: Disabled
 Parallel Workers: 4
 Concurrent Workers: 1
 Concurrent Refinement Workers: 4
 Periodic GC: Disabled
Heap:
 garbage-first heap   total 524288K, used 344278K [0x0000000082000000, 0x0000000100000000)
  region size 1024K, 61 young (62464K), 3 survivors (3072K)
 Metaspace       used 17385K, committed 17728K, reserved 1114112K
  class space    used 2153K, committed 2304K, reserved 1048576K
GC Heap History (20 events):
Event: 29.753 GC heap before
{Heap before GC invocations=69 (full 0):
 garbage-first heap   total 515072K, used 481799K [0x0000000082000000, 0x0000000100000000)
  region size 1024K, 252 young (258048K), 6 survivors (6144K)
 Metaspace       used 16273K, committed 16576K, reserved 1114112K
  class space    used 1998K, committed 2176K, reserved 1048576K
}
Event: 29.756 GC heap after
{Heap after GC invocations=70 (full 0):
 garbage-first heap   total 515072K, used 230033K [0x0000000082000000, 0x0000000100000000)
  region size 1024K, 6 young (6144K), 6 survivors (6144K)
 Metaspace       used 16273K, committed 16576K, reserved 1114112K
  class space    used 1998K, committed 2176K, reserved 1048576K
}
Event: 30.939 GC heap before
{Heap before GC invocations=70 (full 0):
 garbage-first heap   total 515072K, used 481937K [0x0000000082000000, 0x0000000100000000)
  region size 1024K, 252 young (258048K), 6 survivors (6144K)
 Metaspace       used 16273K, committed 16576K, reserved 1114112K
  class space    used 1998K, committed 2176K, reserved 1048576K
}
Event: 30.942 GC heap after
{Heap after GC invocations=71 (full 0):
 garbage-first heap   total 515072K, used 229487K [0x0000000082000000, 0x0000000100000000)
  region size 1024K, 6 young (6144K), 6 survivors (6144K)
 Metaspace       used 16273K, committed 16576K, reserved 1114112K
  class space    used 1998K, committed 2176K, reserved 1048576K
}
Event: 32.558 GC heap before
{Heap before GC invocations=71 (full 0):
 garbage-first heap   total 515072K, used 426095K [0x0000000082000000, 0x0000000100000000)
  region size 1024K, 193 young (197632K), 6 survivors (6144K)
 Metaspace       used 16325K, committed 16640K, reserved 1114112K
  class space    used 1999K, committed 2176K, reserved 1048576K
}
Event: 32.563 GC heap after
{Heap after GC invocations=72 (full 0):
 garbage-first heap   total 515072K, used 236942K [0x0000000082000000, 0x0000000100000000)
  region size 1024K, 6 young (6144K), 6 survivors (6144K)
 Metaspace       used 16325K, committed 16640K, reserved 1114112K
  class space    used 1999K, committed 2176K, reserved 1048576K
}
Event: 32.565 GC heap before
{Heap before GC invocations=72 (full 0):
 garbage-first heap   total 515072K, used 240014K [0x0000000082000000, 0x0000000100000000)
  region size 1024K, 8 young (8192K), 6 survivors (6144K)
 Metaspace       used 16346K, committed 16640K, reserved 1114112K
  class space    used 2006K, committed 2176K, reserved 1048576K
}
Event: 32.569 GC heap after
{Heap after GC invocations=73 (full 0):
 garbage-first heap   total 515072K, used 239155K [0x0000000082000000, 0x0000000100000000)
  region size 1024K, 6 young (6144K), 6 survivors (6144K)
 Metaspace       used 16346K, committed 16640K, reserved 1114112K
  class space    used 2006K, committed 2176K, reserved 1048576K
}
Event: 32.592 GC heap before
{Heap before GC invocations=74 (full 0):
 garbage-first heap   total 515072K, used 260659K [0x0000000082000000, 0x0000000100000000)
  region size 1024K, 10 young (10240K), 6 survivors (6144K)
 Metaspace       used 16416K, committed 16704K, reserved 1114112K
  class space    used 2036K, committed 2176K, reserved 1048576K
}
Event: 32.595 GC heap after
{Heap after GC invocations=75 (full 0):
 garbage-first heap   total 515072K, used 257436K [0x0000000082000000, 0x0000000100000000)
  region size 1024K, 6 young (6144K), 6 survivors (6144K)
 Metaspace       used 16416K, committed 16704K, reserved 1114112K
  class space    used 2036K, committed 2176K, reserved 1048576K
}
Event: 32.620 GC heap before
{Heap before GC invocations=76 (full 0):
 garbage-first heap   total 515072K, used 277916K [0x0000000082000000, 0x0000000100000000)
  region size 1024K, 12 young (12288K), 6 survivors (6144K)
 Metaspace       used 16554K, committed 16832K, reserved 1114112K
  class space    used 2050K, committed 2176K, reserved 1048576K
}
Event: 32.624 GC heap after
{Heap after GC invocations=77 (full 0):
 garbage-first heap   total 515072K, used 274342K [0x0000000082000000, 0x0000000100000000)
  region size 1024K, 6 young (6144K), 6 survivors (6144K)
 Metaspace       used 16554K, committed 16832K, reserved 1114112K
  class space    used 2050K, committed 2176K, reserved 1048576K
}
Event: 32.739 GC heap before
{Heap before GC invocations=78 (full 0):
 garbage-first heap   total 515072K, used 289702K [0x0000000082000000, 0x0000000100000000)
  region size 1024K, 21 young (21504K), 6 survivors (6144K)
 Metaspace       used 16709K, committed 16960K, reserved 1114112K
  class space    used 2065K, committed 2176K, reserved 1048576K
}
Event: 32.744 GC heap after
{Heap after GC invocations=79 (full 0):
 garbage-first heap   total 515072K, used 275141K [0x0000000082000000, 0x0000000100000000)
  region size 1024K, 7 young (7168K), 7 survivors (7168K)
 Metaspace       used 16709K, committed 16960K, reserved 1114112K
  class space    used 2065K, committed 2176K, reserved 1048576K
}
Event: 32.868 GC heap before
{Heap before GC invocations=80 (full 0):
 garbage-first heap   total 515072K, used 290501K [0x0000000082000000, 0x0000000100000000)
  region size 1024K, 18 young (18432K), 7 survivors (7168K)
 Metaspace       used 16710K, committed 16960K, reserved 1114112K
  class space    used 2065K, committed 2176K, reserved 1048576K
}
Event: 32.871 GC heap after
{Heap after GC invocations=81 (full 0):
 garbage-first heap   total 515072K, used 280461K [0x0000000082000000, 0x0000000100000000)
  region size 1024K, 7 young (7168K), 7 survivors (7168K)
 Metaspace       used 16710K, committed 16960K, reserved 1114112K
  class space    used 2065K, committed 2176K, reserved 1048576K
}
Event: 33.230 GC heap before
{Heap before GC invocations=82 (full 0):
 garbage-first heap   total 515072K, used 311181K [0x0000000082000000, 0x0000000100000000)
  region size 1024K, 33 young (33792K), 7 survivors (7168K)
 Metaspace       used 17224K, committed 17536K, reserved 1114112K
  class space    used 2142K, committed 2304K, reserved 1048576K
}
Event: 33.235 GC heap after
{Heap after GC invocations=83 (full 0):
 garbage-first heap   total 515072K, used 285900K [0x0000000082000000, 0x0000000100000000)
  region size 1024K, 8 young (8192K), 8 survivors (8192K)
 Metaspace       used 17224K, committed 17536K, reserved 1114112K
  class space    used 2142K, committed 2304K, reserved 1048576K
}
Event: 37.492 GC heap before
{Heap before GC invocations=84 (full 0):
 garbage-first heap   total 515072K, used 410828K [0x0000000082000000, 0x0000000100000000)
  region size 1024K, 131 young (134144K), 8 survivors (8192K)
 Metaspace       used 17351K, committed 17664K, reserved 1114112K
  class space    used 2148K, committed 2304K, reserved 1048576K
}
Event: 37.498 GC heap after
{Heap after GC invocations=85 (full 0):
 garbage-first heap   total 515072K, used 283862K [0x0000000082000000, 0x0000000100000000)
  region size 1024K, 3 young (3072K), 3 survivors (3072K)
 Metaspace       used 17351K, committed 17664K, reserved 1114112K
  class space    used 2148K, committed 2304K, reserved 1048576K
}

