# JRE version: OpenJDK Runtime Environment Microsoft-11933218 (21.0.8+9) (build 21.0.8+9-LTS)
# Java VM: OpenJDK 64-Bit Server VM Microsoft-11933218 (21.0.8+9-LTS, mixed mode, sharing, tiered, compressed oops, compressed class ptrs, g1 gc, windows-amd64)
GC Precious Log:
 CardTable entry size: 512
 Card Set container configuration: InlinePtr #cards 4 size 8 Array Of Cards #cards 16 size 48 Howl #buckets 8 coarsen threshold 3686 Howl Bitmap #cards 512 size 80 coarsen threshold 460 Card regions per heap region 1 cards per card region 4096
 CPUs: 12 total, 12 available
 Memory: 16091M
 Large Page Support: Disabled
 NUMA Support: Disabled
 Compressed Oops: Enabled (Zero based)
 Heap Region Size: 2M
 Heap Min Capacity: 8M
 Heap Initial Capacity: 252M
 Heap Max Capacity: 4024M
 Pre-touch: Disabled
 Parallel Workers: 10
 Concurrent Workers: 3
 Concurrent Refinement Workers: 10
 Periodic GC: Disabled
Heap:
 garbage-first heap   total 673792K, used 338260K [0x0000000704800000, 0x0000000800000000)
  region size 2048K, 70 young (143360K), 3 survivors (6144K)
 Metaspace       used 21828K, committed 22080K, reserved 1114112K
  class space    used 2804K, committed 2944K, reserved 1048576K
GC Heap History (20 events):
Event: 189.777 GC heap before
{Heap before GC invocations=86 (full 0):
 garbage-first heap   total 663552K, used 591344K [0x0000000704800000, 0x0000000800000000)
  region size 2048K, 194 young (397312K), 1 survivors (2048K)
 Metaspace       used 18629K, committed 18944K, reserved 1114112K
  class space    used 2255K, committed 2432K, reserved 1048576K
}
Event: 189.779 GC heap after
{Heap after GC invocations=87 (full 0):
 garbage-first heap   total 663552K, used 196363K [0x0000000704800000, 0x0000000800000000)
  region size 2048K, 1 young (2048K), 1 survivors (2048K)
 Metaspace       used 18629K, committed 18944K, reserved 1114112K
  class space    used 2255K, committed 2432K, reserved 1048576K
}
Event: 193.345 GC heap before
{Heap before GC invocations=87 (full 0):
 garbage-first heap   total 663552K, used 591627K [0x0000000704800000, 0x0000000800000000)
  region size 2048K, 194 young (397312K), 1 survivors (2048K)
 Metaspace       used 18634K, committed 18944K, reserved 1114112K
  class space    used 2255K, committed 2432K, reserved 1048576K
}
Event: 193.346 GC heap after
{Heap after GC invocations=88 (full 0):
 garbage-first heap   total 663552K, used 196379K [0x0000000704800000, 0x0000000800000000)
  region size 2048K, 1 young (2048K), 1 survivors (2048K)
 Metaspace       used 18634K, committed 18944K, reserved 1114112K
  class space    used 2255K, committed 2432K, reserved 1048576K
}
Event: 195.601 GC heap before
{Heap before GC invocations=89 (full 0):
 garbage-first heap   total 663552K, used 591643K [0x0000000704800000, 0x0000000800000000)
  region size 2048K, 194 young (397312K), 1 survivors (2048K)
 Metaspace       used 18652K, committed 18944K, reserved 1114112K
  class space    used 2255K, committed 2432K, reserved 1048576K
}
Event: 195.601 GC heap after
{Heap after GC invocations=90 (full 0):
 garbage-first heap   total 663552K, used 196093K [0x0000000704800000, 0x0000000800000000)
  region size 2048K, 1 young (2048K), 1 survivors (2048K)
 Metaspace       used 18652K, committed 18944K, reserved 1114112K
  class space    used 2255K, committed 2432K, reserved 1048576K
}
Event: 198.113 GC heap before
{Heap before GC invocations=90 (full 0):
 garbage-first heap   total 663552K, used 589309K [0x0000000704800000, 0x0000000800000000)
  region size 2048K, 194 young (397312K), 1 survivors (2048K)
 Metaspace       used 18652K, committed 18944K, reserved 1114112K
  class space    used 2255K, committed 2432K, reserved 1048576K
}
Event: 198.114 GC heap after
{Heap after GC invocations=91 (full 0):
 garbage-first heap   total 663552K, used 196032K [0x0000000704800000, 0x0000000800000000)
  region size 2048K, 1 young (2048K), 1 survivors (2048K)
 Metaspace       used 18652K, committed 18944K, reserved 1114112K
  class space    used 2255K, committed 2432K, reserved 1048576K
}
Event: 202.336 GC heap before
{Heap before GC invocations=91 (full 0):
 garbage-first heap   total 663552K, used 589248K [0x0000000704800000, 0x0000000800000000)
  region size 2048K, 194 young (397312K), 1 survivors (2048K)
 Metaspace       used 18653K, committed 18944K, reserved 1114112K
  class space    used 2255K, committed 2432K, reserved 1048576K
}
Event: 202.336 GC heap after
{Heap after GC invocations=92 (full 0):
 garbage-first heap   total 663552K, used 196037K [0x0000000704800000, 0x0000000800000000)
  region size 2048K, 1 young (2048K), 1 survivors (2048K)
 Metaspace       used 18653K, committed 18944K, reserved 1114112K
  class space    used 2255K, committed 2432K, reserved 1048576K
}
Event: 207.355 GC heap before
{Heap before GC invocations=93 (full 0):
 garbage-first heap   total 663552K, used 589253K [0x0000000704800000, 0x0000000800000000)
  region size 2048K, 194 young (397312K), 1 survivors (2048K)
 Metaspace       used 18666K, committed 19008K, reserved 1114112K
  class space    used 2255K, committed 2432K, reserved 1048576K
}
Event: 207.356 GC heap after
{Heap after GC invocations=94 (full 0):
 garbage-first heap   total 1193984K, used 196027K [0x0000000704800000, 0x0000000800000000)
  region size 2048K, 1 young (2048K), 1 survivors (2048K)
 Metaspace       used 18666K, committed 19008K, reserved 1114112K
  class space    used 2255K, committed 2432K, reserved 1048576K
}
Event: 208.433 GC heap before
{Heap before GC invocations=94 (full 0):
 garbage-first heap   total 1193984K, used 908731K [0x0000000704800000, 0x0000000800000000)
  region size 2048K, 349 young (714752K), 1 survivors (2048K)
 Metaspace       used 18707K, committed 19008K, reserved 1114112K
  class space    used 2255K, committed 2432K, reserved 1048576K
}
Event: 208.434 GC heap after
{Heap after GC invocations=95 (full 0):
 garbage-first heap   total 1193984K, used 199052K [0x0000000704800000, 0x0000000800000000)
  region size 2048K, 2 young (4096K), 2 survivors (4096K)
 Metaspace       used 18707K, committed 19008K, reserved 1114112K
  class space    used 2255K, committed 2432K, reserved 1048576K
}
Event: 209.392 GC heap before
{Heap before GC invocations=95 (full 0):
 garbage-first heap   total 1193984K, used 909708K [0x0000000704800000, 0x0000000800000000)
  region size 2048K, 349 young (714752K), 2 survivors (4096K)
 Metaspace       used 18713K, committed 19008K, reserved 1114112K
  class space    used 2255K, committed 2432K, reserved 1048576K
}
Event: 209.393 GC heap after
{Heap after GC invocations=96 (full 0):
 garbage-first heap   total 1193984K, used 199079K [0x0000000704800000, 0x0000000800000000)
  region size 2048K, 2 young (4096K), 2 survivors (4096K)
 Metaspace       used 18713K, committed 19008K, reserved 1114112K
  class space    used 2255K, committed 2432K, reserved 1048576K
}
Event: 210.910 GC heap before
{Heap before GC invocations=97 (full 0):
 garbage-first heap   total 669696K, used 666023K [0x0000000704800000, 0x0000000800000000)
  region size 2048K, 231 young (473088K), 2 survivors (4096K)
 Metaspace       used 18713K, committed 19008K, reserved 1114112K
  class space    used 2255K, committed 2432K, reserved 1048576K
}
Event: 210.911 GC heap after
{Heap after GC invocations=98 (full 0):
 garbage-first heap   total 673792K, used 198832K [0x0000000704800000, 0x0000000800000000)
  region size 2048K, 2 young (4096K), 2 survivors (4096K)
 Metaspace       used 18713K, committed 19008K, reserved 1114112K
  class space    used 2255K, committed 2432K, reserved 1048576K
}
Event: 217.774 GC heap before
{Heap before GC invocations=98 (full 0):
 garbage-first heap   total 673792K, used 598192K [0x0000000704800000, 0x0000000800000000)
  region size 2048K, 197 young (403456K), 2 survivors (4096K)
 Metaspace       used 21771K, committed 22080K, reserved 1114112K
  class space    used 2793K, committed 2944K, reserved 1048576K
}
Event: 217.778 GC heap after
{Heap after GC invocations=99 (full 0):
 garbage-first heap   total 673792K, used 203092K [0x0000000704800000, 0x0000000800000000)
  region size 2048K, 3 young (6144K), 3 survivors (6144K)
 Metaspace       used 21771K, committed 22080K, reserved 1114112K
  class space    used 2793K, committed 2944K, reserved 1048576K
}

