# JRE version: OpenJDK Runtime Environment (25.0+36) (build 25+36-3489)
# Java VM: OpenJDK 64-Bit Server VM (25+36-3489, mixed mode, sharing, tiered, compressed oops, compressed class ptrs, g1 gc, windows-amd64)
GC Precious Log:
 CardTable entry size: 512
 Card Set container configuration: InlinePtr #cards 4 size 8 Array Of Cards #cards 16 size 48 Howl #buckets 8 coarsen threshold 3686 Howl Bitmap #cards 512 size 80 coarsen threshold 460 Card regions per heap region 1 cards per card region 4096
 CPUs: 12 total, 12 available
 Memory: 16027M
 Large Page Support: Disabled
 NUMA Support: Disabled
 Compressed Oops: Enabled (Zero based)
 Heap Region Size: 2M
 Heap Min Capacity: 8M
 Heap Initial Capacity: 252M
 Heap Max Capacity: 4008M
 Pre-touch: Disabled
 Parallel Workers: 10
 Concurrent Workers: 3
 Concurrent Refinement Workers: 10
 Periodic GC: Disabled
Heap:
 garbage-first heap   total reserved 4104192K, committed 335872K, used 283974K [0x0000000705800000, 0x0000000800000000)
  region size 2048K, 42 young (86016K), 1 survivors (2048K)
GC Heap Usage History (16 events):
Event: 1.433 {heap Before GC invocations=0 (full 0):
 garbage-first heap   total reserved 4104192K, committed 260096K, used 52371K [0x0000000705800000, 0x0000000800000000)
  region size 2048K, 24 young (49152K), 0 survivors (0K)
}
Event: 1.443 {heap After GC invocations=1 (full 0):
 garbage-first heap   total reserved 4104192K, committed 260096K, used 11855K [0x0000000705800000, 0x0000000800000000)
  region size 2048K, 3 young (6144K), 3 survivors (6144K)
}
Event: 2.267 {heap Before GC invocations=1 (full 0):
 garbage-first heap   total reserved 4104192K, committed 260096K, used 120399K [0x0000000705800000, 0x0000000800000000)
  region size 2048K, 56 young (114688K), 3 survivors (6144K)
}
Event: 2.277 {heap After GC invocations=2 (full 0):
 garbage-first heap   total reserved 4104192K, committed 260096K, used 12041K [0x0000000705800000, 0x0000000800000000)
  region size 2048K, 4 young (8192K), 4 survivors (8192K)
}
Event: 3.076 {heap Before GC invocations=2 (full 0):
 garbage-first heap   total reserved 4104192K, committed 260096K, used 208649K [0x0000000705800000, 0x0000000800000000)
  region size 2048K, 50 young (102400K), 4 survivors (8192K)
}
Event: 3.081 {heap After GC invocations=3 (full 0):
 garbage-first heap   total reserved 4104192K, committed 260096K, used 126543K [0x0000000705800000, 0x0000000800000000)
  region size 2048K, 7 young (14336K), 7 survivors (14336K)
}
Event: 3.087 {heap Before GC invocations=3 (full 0):
 garbage-first heap   total reserved 4104192K, committed 260096K, used 128591K [0x0000000705800000, 0x0000000800000000)
  region size 2048K, 8 young (16384K), 7 survivors (14336K)
}
Event: 3.091 {heap After GC invocations=4 (full 0):
 garbage-first heap   total reserved 4104192K, committed 260096K, used 128783K [0x0000000705800000, 0x0000000800000000)
  region size 2048K, 1 young (2048K), 1 survivors (2048K)
}
Event: 8.133 {heap Before GC invocations=5 (full 0):
 garbage-first heap   total reserved 4104192K, committed 260096K, used 253711K [0x0000000705800000, 0x0000000800000000)
  region size 2048K, 34 young (69632K), 1 survivors (2048K)
}
Event: 8.143 {heap After GC invocations=6 (full 0):
 garbage-first heap   total reserved 4104192K, committed 272384K, used 198384K [0x0000000705800000, 0x0000000800000000)
  region size 2048K, 6 young (12288K), 6 survivors (12288K)
}
Event: 11.559 {heap Before GC invocations=6 (full 0):
 garbage-first heap   total reserved 4104192K, committed 272384K, used 243440K [0x0000000705800000, 0x0000000800000000)
  region size 2048K, 28 young (57344K), 6 survivors (12288K)
}
Event: 11.568 {heap After GC invocations=7 (full 0):
 garbage-first heap   total reserved 4104192K, committed 272384K, used 200594K [0x0000000705800000, 0x0000000800000000)
  region size 2048K, 1 young (2048K), 1 survivors (2048K)
}
Event: 14.280 {heap Before GC invocations=7 (full 0):
 garbage-first heap   total reserved 4104192K, committed 272384K, used 247698K [0x0000000705800000, 0x0000000800000000)
  region size 2048K, 24 young (49152K), 1 survivors (2048K)
}
Event: 14.282 {heap After GC invocations=8 (full 0):
 garbage-first heap   total reserved 4104192K, committed 272384K, used 198393K [0x0000000705800000, 0x0000000800000000)
  region size 2048K, 1 young (2048K), 1 survivors (2048K)
}
Event: 17.256 {heap Before GC invocations=9 (full 0):
 garbage-first heap   total reserved 4104192K, committed 335872K, used 249593K [0x0000000705800000, 0x0000000800000000)
  region size 2048K, 26 young (53248K), 1 survivors (2048K)
}
Event: 17.258 {heap After GC invocations=10 (full 0):
 garbage-first heap   total reserved 4104192K, committed 335872K, used 200006K [0x0000000705800000, 0x0000000800000000)
  region size 2048K, 1 young (2048K), 1 survivors (2048K)
}

