# JRE version: OpenJDK Runtime Environment (25.0+36) (build 25+36-3489)
# Java VM: OpenJDK 64-Bit Server VM (25+36-3489, mixed mode, sharing, tiered, compressed oops, compressed class ptrs, g1 gc, windows-amd64)
GC Precious Log:
 CardTable entry size: 512
 Card Set container configuration: InlinePtr #cards 4 size 8 Array Of Cards #cards 16 size 48 Howl #buckets 8 coarsen threshold 3686 Howl Bitmap #cards 512 size 80 coarsen threshold 460 Card regions per heap region 1 cards per card region 4096
 CPUs: 12 total, 12 available
 Memory: 16027M
 Large Page Support: Disabled
 NUMA Support: Disabled
 Compressed Oops: Enabled (Zero based)
 Heap Region Size: 2M
 Heap Min Capacity: 8M
 Heap Initial Capacity: 252M
 Heap Max Capacity: 4008M
 Pre-touch: Disabled
 Parallel Workers: 10
 Concurrent Workers: 3
 Concurrent Refinement Workers: 10
 Periodic GC: Disabled
Heap:
 garbage-first heap   total reserved 4104192K, committed 475136K, used 406035K [0x0000000705800000, 0x0000000800000000)
  region size 2048K, 54 young (110592K), 1 survivors (2048K)
GC Heap Usage History (20 events):
Event: 3.432 {heap Before GC invocations=4 (full 0):
 garbage-first heap   total reserved 4104192K, committed 260096K, used 133652K [0x0000000705800000, 0x0000000800000000)
  region size 2048K, 10 young (20480K), 9 survivors (18432K)
}
Event: 3.439 {heap After GC invocations=5 (full 0):
 garbage-first heap   total reserved 4104192K, committed 260096K, used 135207K [0x0000000705800000, 0x0000000800000000)
  region size 2048K, 1 young (2048K), 1 survivors (2048K)
}
Event: 3.652 {heap Before GC invocations=6 (full 0):
 garbage-first heap   total reserved 4104192K, committed 260096K, used 253991K [0x0000000705800000, 0x0000000800000000)
  region size 2048K, 13 young (26624K), 1 survivors (2048K)
}
Event: 3.652 {heap After GC invocations=7 (full 0):
 garbage-first heap   total reserved 4104192K, committed 262144K, used 231033K [0x0000000705800000, 0x0000000800000000)
  region size 2048K, 1 young (2048K), 1 survivors (2048K)
}
Event: 6.735 {heap Before GC invocations=7 (full 0):
 garbage-first heap   total reserved 4104192K, committed 262144K, used 241273K [0x0000000705800000, 0x0000000800000000)
  region size 2048K, 7 young (14336K), 1 survivors (2048K)
}
Event: 6.741 {heap After GC invocations=8 (full 0):
 garbage-first heap   total reserved 4104192K, committed 262144K, used 239931K [0x0000000705800000, 0x0000000800000000)
  region size 2048K, 1 young (2048K), 1 survivors (2048K)
}
Event: 6.831 {heap Before GC invocations=8 (full 0):
 garbage-first heap   total reserved 4104192K, committed 262144K, used 250171K [0x0000000705800000, 0x0000000800000000)
  region size 2048K, 6 young (12288K), 1 survivors (2048K)
}
Event: 6.834 {heap After GC invocations=9 (full 0):
 garbage-first heap   total reserved 4104192K, committed 262144K, used 240261K [0x0000000705800000, 0x0000000800000000)
  region size 2048K, 1 young (2048K), 1 survivors (2048K)
}
Event: 6.867 {heap Before GC invocations=10 (full 0):
 garbage-first heap   total reserved 4104192K, committed 407552K, used 250501K [0x0000000705800000, 0x0000000800000000)
  region size 2048K, 6 young (12288K), 1 survivors (2048K)
}
Event: 6.869 {heap After GC invocations=11 (full 0):
 garbage-first heap   total reserved 4104192K, committed 407552K, used 240248K [0x0000000705800000, 0x0000000800000000)
  region size 2048K, 1 young (2048K), 1 survivors (2048K)
}
Event: 9.503 {heap Before GC invocations=11 (full 0):
 garbage-first heap   total reserved 4104192K, committed 407552K, used 377464K [0x0000000705800000, 0x0000000800000000)
  region size 2048K, 68 young (139264K), 1 survivors (2048K)
}
Event: 9.506 {heap After GC invocations=12 (full 0):
 garbage-first heap   total reserved 4104192K, committed 407552K, used 239855K [0x0000000705800000, 0x0000000800000000)
  region size 2048K, 1 young (2048K), 1 survivors (2048K)
}
Event: 11.296 {heap Before GC invocations=12 (full 0):
 garbage-first heap   total reserved 4104192K, committed 407552K, used 383215K [0x0000000705800000, 0x0000000800000000)
  region size 2048K, 71 young (145408K), 1 survivors (2048K)
}
Event: 11.298 {heap After GC invocations=13 (full 0):
 garbage-first heap   total reserved 4104192K, committed 407552K, used 240028K [0x0000000705800000, 0x0000000800000000)
  region size 2048K, 1 young (2048K), 1 survivors (2048K)
}
Event: 12.904 {heap Before GC invocations=14 (full 0):
 garbage-first heap   total reserved 4104192K, committed 407552K, used 383388K [0x0000000705800000, 0x0000000800000000)
  region size 2048K, 71 young (145408K), 1 survivors (2048K)
}
Event: 12.907 {heap After GC invocations=15 (full 0):
 garbage-first heap   total reserved 4104192K, committed 407552K, used 240044K [0x0000000705800000, 0x0000000800000000)
  region size 2048K, 1 young (2048K), 1 survivors (2048K)
}
Event: 15.400 {heap Before GC invocations=15 (full 0):
 garbage-first heap   total reserved 4104192K, committed 409600K, used 405932K [0x0000000705800000, 0x0000000800000000)
  region size 2048K, 64 young (131072K), 1 survivors (2048K)
}
Event: 15.402 {heap After GC invocations=16 (full 0):
 garbage-first heap   total reserved 4104192K, committed 413696K, used 279278K [0x0000000705800000, 0x0000000800000000)
  region size 2048K, 1 young (2048K), 1 survivors (2048K)
}
Event: 15.403 {heap Before GC invocations=16 (full 0):
 garbage-first heap   total reserved 4104192K, committed 413696K, used 279278K [0x0000000705800000, 0x0000000800000000)
  region size 2048K, 2 young (4096K), 1 survivors (2048K)
}
Event: 15.404 {heap After GC invocations=17 (full 0):
 garbage-first heap   total reserved 4104192K, committed 413696K, used 279059K [0x0000000705800000, 0x0000000800000000)
  region size 2048K, 1 young (2048K), 1 survivors (2048K)
}

