# JRE version: Java(TM) SE Runtime Environment (21.0.8+12) (build 21.0.8+12-LTS-250)
# Java VM: Java HotSpot(TM) 64-Bit Server VM (21.0.8+12-LTS-250, mixed mode, sharing, tiered, compressed oops, compressed class ptrs, g1 gc, windows-amd64)
GC Precious Log:
 CardTable entry size: 512
 Card Set container configuration: InlinePtr #cards 5 size 8 Array Of Cards #cards 12 size 40 Howl #buckets 4 coarsen threshold 1843 Howl Bitmap #cards 512 size 80 coarsen threshold 460 Card regions per heap region 1 cards per card region 2048
 CPUs: 4 total, 4 available
 Memory: 8061M
 Large Page Support: Disabled
 NUMA Support: Disabled
 Compressed Oops: Enabled (32-bit)
 Heap Region Size: 1M
 Heap Min Capacity: 8M
 Heap Initial Capacity: 126M
 Heap Max Capacity: 2016M
 Pre-touch: Disabled
 Parallel Workers: 4
 Concurrent Workers: 1
 Concurrent Refinement Workers: 4
 Periodic GC: Disabled
Heap:
 garbage-first heap   total 360448K, used 205805K [0x0000000082000000, 0x0000000100000000)
  region size 1024K, 13 young (13312K), 5 survivors (5120K)
 Metaspace       used 21384K, committed 21632K, reserved 1114112K
  class space    used 2614K, committed 2752K, reserved 1048576K
GC Heap History (20 events):
Event: 19.460 GC heap before
{Heap before GC invocations=20 (full 0):
 garbage-first heap   total 319488K, used 200550K [0x0000000082000000, 0x0000000100000000)
  region size 1024K, 10 young (10240K), 5 survivors (5120K)
 Metaspace       used 20734K, committed 21056K, reserved 1114112K
  class space    used 2593K, committed 2752K, reserved 1048576K
}
Event: 19.463 GC heap after
{Heap after GC invocations=21 (full 0):
 garbage-first heap   total 319488K, used 197462K [0x0000000082000000, 0x0000000100000000)
  region size 1024K, 5 young (5120K), 5 survivors (5120K)
 Metaspace       used 20734K, committed 21056K, reserved 1114112K
  class space    used 2593K, committed 2752K, reserved 1048576K
}
Event: 21.021 GC heap before
{Heap before GC invocations=22 (full 0):
 garbage-first heap   total 336896K, used 262998K [0x0000000082000000, 0x0000000100000000)
  region size 1024K, 67 young (68608K), 5 survivors (5120K)
 Metaspace       used 20867K, committed 21120K, reserved 1114112K
  class space    used 2598K, committed 2752K, reserved 1048576K
}
Event: 21.025 GC heap after
{Heap after GC invocations=23 (full 0):
 garbage-first heap   total 336896K, used 198997K [0x0000000082000000, 0x0000000100000000)
  region size 1024K, 5 young (5120K), 5 survivors (5120K)
 Metaspace       used 20867K, committed 21120K, reserved 1114112K
  class space    used 2598K, committed 2752K, reserved 1048576K
}
Event: 21.635 GC heap before
{Heap before GC invocations=23 (full 0):
 garbage-first heap   total 336896K, used 276821K [0x0000000082000000, 0x0000000100000000)
  region size 1024K, 81 young (82944K), 5 survivors (5120K)
 Metaspace       used 20887K, committed 21184K, reserved 1114112K
  class space    used 2598K, committed 2752K, reserved 1048576K
}
Event: 21.640 GC heap after
{Heap after GC invocations=24 (full 0):
 garbage-first heap   total 336896K, used 198948K [0x0000000082000000, 0x0000000100000000)
  region size 1024K, 5 young (5120K), 5 survivors (5120K)
 Metaspace       used 20887K, committed 21184K, reserved 1114112K
  class space    used 2598K, committed 2752K, reserved 1048576K
}
Event: 22.403 GC heap before
{Heap before GC invocations=24 (full 0):
 garbage-first heap   total 336896K, used 294180K [0x0000000082000000, 0x0000000100000000)
  region size 1024K, 98 young (100352K), 5 survivors (5120K)
 Metaspace       used 20900K, committed 21184K, reserved 1114112K
  class space    used 2598K, committed 2752K, reserved 1048576K
}
Event: 22.407 GC heap after
{Heap after GC invocations=25 (full 0):
 garbage-first heap   total 336896K, used 199103K [0x0000000082000000, 0x0000000100000000)
  region size 1024K, 5 young (5120K), 5 survivors (5120K)
 Metaspace       used 20900K, committed 21184K, reserved 1114112K
  class space    used 2598K, committed 2752K, reserved 1048576K
}
Event: 30.560 GC heap before
{Heap before GC invocations=26 (full 0):
 garbage-first heap   total 360448K, used 301503K [0x0000000082000000, 0x0000000100000000)
  region size 1024K, 106 young (108544K), 5 survivors (5120K)
 Metaspace       used 21152K, committed 21440K, reserved 1114112K
  class space    used 2609K, committed 2752K, reserved 1048576K
}
Event: 30.565 GC heap after
{Heap after GC invocations=27 (full 0):
 garbage-first heap   total 360448K, used 199047K [0x0000000082000000, 0x0000000100000000)
  region size 1024K, 5 young (5120K), 5 survivors (5120K)
 Metaspace       used 21152K, committed 21440K, reserved 1114112K
  class space    used 2609K, committed 2752K, reserved 1048576K
}
Event: 33.451 GC heap before
{Heap before GC invocations=27 (full 0):
 garbage-first heap   total 360448K, used 333191K [0x0000000082000000, 0x0000000100000000)
  region size 1024K, 136 young (139264K), 5 survivors (5120K)
 Metaspace       used 21222K, committed 21504K, reserved 1114112K
  class space    used 2609K, committed 2752K, reserved 1048576K
}
Event: 33.455 GC heap after
{Heap after GC invocations=28 (full 0):
 garbage-first heap   total 360448K, used 198620K [0x0000000082000000, 0x0000000100000000)
  region size 1024K, 5 young (5120K), 5 survivors (5120K)
 Metaspace       used 21222K, committed 21504K, reserved 1114112K
  class space    used 2609K, committed 2752K, reserved 1048576K
}
Event: 34.207 GC heap before
{Heap before GC invocations=28 (full 0):
 garbage-first heap   total 360448K, used 333788K [0x0000000082000000, 0x0000000100000000)
  region size 1024K, 138 young (141312K), 5 survivors (5120K)
 Metaspace       used 21252K, committed 21568K, reserved 1114112K
  class space    used 2609K, committed 2752K, reserved 1048576K
}
Event: 34.212 GC heap after
{Heap after GC invocations=29 (full 0):
 garbage-first heap   total 360448K, used 198880K [0x0000000082000000, 0x0000000100000000)
  region size 1024K, 5 young (5120K), 5 survivors (5120K)
 Metaspace       used 21252K, committed 21568K, reserved 1114112K
  class space    used 2609K, committed 2752K, reserved 1048576K
}
Event: 55.499 GC heap before
{Heap before GC invocations=30 (full 0):
 garbage-first heap   total 360448K, used 334048K [0x0000000082000000, 0x0000000100000000)
  region size 1024K, 138 young (141312K), 5 survivors (5120K)
 Metaspace       used 21372K, committed 21632K, reserved 1114112K
  class space    used 2612K, committed 2752K, reserved 1048576K
}
Event: 55.502 GC heap after
{Heap after GC invocations=31 (full 0):
 garbage-first heap   total 360448K, used 198728K [0x0000000082000000, 0x0000000100000000)
  region size 1024K, 5 young (5120K), 5 survivors (5120K)
 Metaspace       used 21372K, committed 21632K, reserved 1114112K
  class space    used 2612K, committed 2752K, reserved 1048576K
}
Event: 99.513 GC heap before
{Heap before GC invocations=31 (full 0):
 garbage-first heap   total 360448K, used 334920K [0x0000000082000000, 0x0000000100000000)
  region size 1024K, 138 young (141312K), 5 survivors (5120K)
 Metaspace       used 21372K, committed 21632K, reserved 1114112K
  class space    used 2612K, committed 2752K, reserved 1048576K
}
Event: 99.517 GC heap after
{Heap after GC invocations=32 (full 0):
 garbage-first heap   total 360448K, used 198765K [0x0000000082000000, 0x0000000100000000)
  region size 1024K, 5 young (5120K), 5 survivors (5120K)
 Metaspace       used 21372K, committed 21632K, reserved 1114112K
  class space    used 2612K, committed 2752K, reserved 1048576K
}
Event: 143.899 GC heap before
{Heap before GC invocations=32 (full 0):
 garbage-first heap   total 360448K, used 334957K [0x0000000082000000, 0x0000000100000000)
  region size 1024K, 138 young (141312K), 5 survivors (5120K)
 Metaspace       used 21373K, committed 21632K, reserved 1114112K
  class space    used 2612K, committed 2752K, reserved 1048576K
}
Event: 143.903 GC heap after
{Heap after GC invocations=33 (full 0):
 garbage-first heap   total 360448K, used 198637K [0x0000000082000000, 0x0000000100000000)
  region size 1024K, 5 young (5120K), 5 survivors (5120K)
 Metaspace       used 21373K, committed 21632K, reserved 1114112K
  class space    used 2612K, committed 2752K, reserved 1048576K
}

