# JRE version: OpenJDK Runtime Environment Microsoft-11933218 (21.0.8+9) (build 21.0.8+9-LTS)
# Java VM: OpenJDK 64-Bit Server VM Microsoft-11933218 (21.0.8+9-LTS, mixed mode, sharing, tiered, compressed oops, compressed class ptrs, g1 gc, windows-amd64)
GC Precious Log:
 CardTable entry size: 512
 Card Set container configuration: InlinePtr #cards 4 size 8 Array Of Cards #cards 16 size 48 Howl #buckets 8 coarsen threshold 3686 Howl Bitmap #cards 512 size 80 coarsen threshold 460 Card regions per heap region 1 cards per card region 4096
 CPUs: 12 total, 12 available
 Memory: 16091M
 Large Page Support: Disabled
 NUMA Support: Disabled
 Compressed Oops: Enabled (Zero based)
 Heap Region Size: 2M
 Heap Min Capacity: 8M
 Heap Initial Capacity: 252M
 Heap Max Capacity: 4024M
 Pre-touch: Disabled
 Parallel Workers: 10
 Concurrent Workers: 3
 Concurrent Refinement Workers: 10
 Periodic GC: Disabled
Heap:
 garbage-first heap   total 708608K, used 626323K [0x0000000704800000, 0x0000000800000000)
  region size 2048K, 207 young (423936K), 1 survivors (2048K)
 Metaspace       used 22753K, committed 23040K, reserved 1114112K
  class space    used 2827K, committed 2944K, reserved 1048576K
GC Heap History (20 events):
Event: 89.987 GC heap before
{Heap before GC invocations=60 (full 0):
 garbage-first heap   total 704512K, used 629941K [0x0000000704800000, 0x0000000800000000)
  region size 2048K, 207 young (423936K), 1 survivors (2048K)
 Metaspace       used 21459K, committed 21760K, reserved 1114112K
  class space    used 2665K, committed 2816K, reserved 1048576K
}
Event: 89.988 GC heap after
{Heap after GC invocations=61 (full 0):
 garbage-first heap   total 704512K, used 208046K [0x0000000704800000, 0x0000000800000000)
  region size 2048K, 1 young (2048K), 1 survivors (2048K)
 Metaspace       used 21459K, committed 21760K, reserved 1114112K
  class space    used 2665K, committed 2816K, reserved 1048576K
}
Event: 93.715 GC heap before
{Heap before GC invocations=61 (full 0):
 garbage-first heap   total 704512K, used 627886K [0x0000000704800000, 0x0000000800000000)
  region size 2048K, 206 young (421888K), 1 survivors (2048K)
 Metaspace       used 21466K, committed 21760K, reserved 1114112K
  class space    used 2665K, committed 2816K, reserved 1048576K
}
Event: 93.717 GC heap after
{Heap after GC invocations=62 (full 0):
 garbage-first heap   total 704512K, used 208018K [0x0000000704800000, 0x0000000800000000)
  region size 2048K, 1 young (2048K), 1 survivors (2048K)
 Metaspace       used 21466K, committed 21760K, reserved 1114112K
  class space    used 2665K, committed 2816K, reserved 1048576K
}
Event: 96.649 GC heap before
{Heap before GC invocations=62 (full 0):
 garbage-first heap   total 704512K, used 627858K [0x0000000704800000, 0x0000000800000000)
  region size 2048K, 206 young (421888K), 1 survivors (2048K)
 Metaspace       used 22213K, committed 22528K, reserved 1114112K
  class space    used 2817K, committed 2944K, reserved 1048576K
}
Event: 96.650 GC heap after
{Heap after GC invocations=63 (full 0):
 garbage-first heap   total 704512K, used 208411K [0x0000000704800000, 0x0000000800000000)
  region size 2048K, 1 young (2048K), 1 survivors (2048K)
 Metaspace       used 22213K, committed 22528K, reserved 1114112K
  class space    used 2817K, committed 2944K, reserved 1048576K
}
Event: 97.305 GC heap before
{Heap before GC invocations=64 (full 0):
 garbage-first heap   total 704512K, used 628251K [0x0000000704800000, 0x0000000800000000)
  region size 2048K, 206 young (421888K), 1 survivors (2048K)
 Metaspace       used 22215K, committed 22528K, reserved 1114112K
  class space    used 2817K, committed 2944K, reserved 1048576K
}
Event: 97.306 GC heap after
{Heap after GC invocations=65 (full 0):
 garbage-first heap   total 704512K, used 208433K [0x0000000704800000, 0x0000000800000000)
  region size 2048K, 1 young (2048K), 1 survivors (2048K)
 Metaspace       used 22215K, committed 22528K, reserved 1114112K
  class space    used 2817K, committed 2944K, reserved 1048576K
}
Event: 99.175 GC heap before
{Heap before GC invocations=65 (full 0):
 garbage-first heap   total 704512K, used 628273K [0x0000000704800000, 0x0000000800000000)
  region size 2048K, 206 young (421888K), 1 survivors (2048K)
 Metaspace       used 22228K, committed 22528K, reserved 1114112K
  class space    used 2817K, committed 2944K, reserved 1048576K
}
Event: 99.176 GC heap after
{Heap after GC invocations=66 (full 0):
 garbage-first heap   total 704512K, used 208236K [0x0000000704800000, 0x0000000800000000)
  region size 2048K, 1 young (2048K), 1 survivors (2048K)
 Metaspace       used 22228K, committed 22528K, reserved 1114112K
  class space    used 2817K, committed 2944K, reserved 1048576K
}
Event: 108.121 GC heap before
{Heap before GC invocations=66 (full 0):
 garbage-first heap   total 704512K, used 628076K [0x0000000704800000, 0x0000000800000000)
  region size 2048K, 206 young (421888K), 1 survivors (2048K)
 Metaspace       used 22691K, committed 22976K, reserved 1114112K
  class space    used 2822K, committed 2944K, reserved 1048576K
}
Event: 108.123 GC heap after
{Heap after GC invocations=67 (full 0):
 garbage-first heap   total 704512K, used 208547K [0x0000000704800000, 0x0000000800000000)
  region size 2048K, 1 young (2048K), 1 survivors (2048K)
 Metaspace       used 22691K, committed 22976K, reserved 1114112K
  class space    used 2822K, committed 2944K, reserved 1048576K
}
Event: 110.979 GC heap before
{Heap before GC invocations=68 (full 0):
 garbage-first heap   total 704512K, used 628387K [0x0000000704800000, 0x0000000800000000)
  region size 2048K, 206 young (421888K), 1 survivors (2048K)
 Metaspace       used 22711K, committed 22976K, reserved 1114112K
  class space    used 2822K, committed 2944K, reserved 1048576K
}
Event: 110.981 GC heap after
{Heap after GC invocations=69 (full 0):
 garbage-first heap   total 882688K, used 208335K [0x0000000704800000, 0x0000000800000000)
  region size 2048K, 1 young (2048K), 1 survivors (2048K)
 Metaspace       used 22711K, committed 22976K, reserved 1114112K
  class space    used 2822K, committed 2944K, reserved 1048576K
}
Event: 113.578 GC heap before
{Heap before GC invocations=69 (full 0):
 garbage-first heap   total 882688K, used 732623K [0x0000000704800000, 0x0000000800000000)
  region size 2048K, 258 young (528384K), 1 survivors (2048K)
 Metaspace       used 22711K, committed 22976K, reserved 1114112K
  class space    used 2822K, committed 2944K, reserved 1048576K
}
Event: 113.581 GC heap after
{Heap after GC invocations=70 (full 0):
 garbage-first heap   total 882688K, used 208323K [0x0000000704800000, 0x0000000800000000)
  region size 2048K, 1 young (2048K), 1 survivors (2048K)
 Metaspace       used 22711K, committed 22976K, reserved 1114112K
  class space    used 2822K, committed 2944K, reserved 1048576K
}
Event: 118.387 GC heap before
{Heap before GC invocations=70 (full 0):
 garbage-first heap   total 882688K, used 734659K [0x0000000704800000, 0x0000000800000000)
  region size 2048K, 258 young (528384K), 1 survivors (2048K)
 Metaspace       used 22711K, committed 22976K, reserved 1114112K
  class space    used 2822K, committed 2944K, reserved 1048576K
}
Event: 118.388 GC heap after
{Heap after GC invocations=71 (full 0):
 garbage-first heap   total 882688K, used 208326K [0x0000000704800000, 0x0000000800000000)
  region size 2048K, 1 young (2048K), 1 survivors (2048K)
 Metaspace       used 22711K, committed 22976K, reserved 1114112K
  class space    used 2822K, committed 2944K, reserved 1048576K
}
Event: 119.776 GC heap before
{Heap before GC invocations=72 (full 0):
 garbage-first heap   total 704512K, used 701894K [0x0000000704800000, 0x0000000800000000)
  region size 2048K, 242 young (495616K), 1 survivors (2048K)
 Metaspace       used 22732K, committed 23040K, reserved 1114112K
  class space    used 2822K, committed 2944K, reserved 1048576K
}
Event: 119.777 GC heap after
{Heap after GC invocations=73 (full 0):
 garbage-first heap   total 708608K, used 208531K [0x0000000704800000, 0x0000000800000000)
  region size 2048K, 1 young (2048K), 1 survivors (2048K)
 Metaspace       used 22732K, committed 23040K, reserved 1114112K
  class space    used 2822K, committed 2944K, reserved 1048576K
}

