# JRE version: Java(TM) SE Runtime Environment (21.0.8+12) (build 21.0.8+12-LTS-250)
# Java VM: Java HotSpot(TM) 64-Bit Server VM (21.0.8+12-LTS-250, mixed mode, sharing, tiered, compressed oops, compressed class ptrs, g1 gc, windows-amd64)
GC Precious Log:
 CardTable entry size: 512
 Card Set container configuration: InlinePtr #cards 5 size 8 Array Of Cards #cards 12 size 40 Howl #buckets 4 coarsen threshold 1843 Howl Bitmap #cards 512 size 80 coarsen threshold 460 Card regions per heap region 1 cards per card region 2048
 CPUs: 4 total, 4 available
 Memory: 8061M
 Large Page Support: Disabled
 NUMA Support: Disabled
 Compressed Oops: Enabled (32-bit)
 Heap Region Size: 1M
 Heap Min Capacity: 8M
 Heap Initial Capacity: 126M
 Heap Max Capacity: 2016M
 Pre-touch: Disabled
 Parallel Workers: 4
 Concurrent Workers: 1
 Concurrent Refinement Workers: 4
 Periodic GC: Disabled
Heap:
 garbage-first heap   total 337920K, used 272901K [0x0000000082000000, 0x0000000100000000)
  region size 1024K, 70 young (71680K), 4 survivors (4096K)
 Metaspace       used 21396K, committed 21696K, reserved 1114112K
  class space    used 2745K, committed 2880K, reserved 1048576K
GC Heap History (20 events):
Event: 1.506 GC heap before
{Heap before GC invocations=1 (full 0):
 garbage-first heap   total 129024K, used 25354K [0x0000000082000000, 0x0000000100000000)
  region size 1024K, 22 young (22528K), 2 survivors (2048K)
 Metaspace       used 10483K, committed 10752K, reserved 1114112K
  class space    used 1154K, committed 1280K, reserved 1048576K
}
Event: 1.511 GC heap after
{Heap after GC invocations=2 (full 0):
 garbage-first heap   total 129024K, used 8476K [0x0000000082000000, 0x0000000100000000)
  region size 1024K, 3 young (3072K), 3 survivors (3072K)
 Metaspace       used 10483K, committed 10752K, reserved 1114112K
  class space    used 1154K, committed 1280K, reserved 1048576K
}
Event: 2.543 GC heap before
{Heap before GC invocations=2 (full 0):
 garbage-first heap   total 129024K, used 67868K [0x0000000082000000, 0x0000000100000000)
  region size 1024K, 59 young (60416K), 3 survivors (3072K)
 Metaspace       used 12256K, committed 12480K, reserved 1114112K
  class space    used 1341K, committed 1408K, reserved 1048576K
}
Event: 2.548 GC heap after
{Heap after GC invocations=3 (full 0):
 garbage-first heap   total 129024K, used 14211K [0x0000000082000000, 0x0000000100000000)
  region size 1024K, 5 young (5120K), 5 survivors (5120K)
 Metaspace       used 12256K, committed 12480K, reserved 1114112K
  class space    used 1341K, committed 1408K, reserved 1048576K
}
Event: 5.459 GC heap before
{Heap before GC invocations=3 (full 0):
 garbage-first heap   total 133120K, used 130947K [0x0000000082000000, 0x0000000100000000)
  region size 1024K, 73 young (74752K), 5 survivors (5120K)
 Metaspace       used 13743K, committed 13952K, reserved 1114112K
  class space    used 1614K, committed 1728K, reserved 1048576K
}
Event: 5.469 GC heap after
{Heap after GC invocations=4 (full 0):
 garbage-first heap   total 147456K, used 72050K [0x0000000082000000, 0x0000000100000000)
  region size 1024K, 10 young (10240K), 10 survivors (10240K)
 Metaspace       used 13743K, committed 13952K, reserved 1114112K
  class space    used 1614K, committed 1728K, reserved 1048576K
}
Event: 5.499 GC heap before
{Heap before GC invocations=4 (full 0):
 garbage-first heap   total 147456K, used 76146K [0x0000000082000000, 0x0000000100000000)
  region size 1024K, 11 young (11264K), 10 survivors (10240K)
 Metaspace       used 13744K, committed 13952K, reserved 1114112K
  class space    used 1614K, committed 1728K, reserved 1048576K
}
Event: 5.509 GC heap after
{Heap after GC invocations=5 (full 0):
 garbage-first heap   total 147456K, used 77113K [0x0000000082000000, 0x0000000100000000)
  region size 1024K, 1 young (1024K), 1 survivors (1024K)
 Metaspace       used 13744K, committed 13952K, reserved 1114112K
  class space    used 1614K, committed 1728K, reserved 1048576K
}
Event: 5.555 GC heap before
{Heap before GC invocations=6 (full 0):
 garbage-first heap   total 147456K, used 79161K [0x0000000082000000, 0x0000000100000000)
  region size 1024K, 2 young (2048K), 1 survivors (1024K)
 Metaspace       used 13742K, committed 13952K, reserved 1114112K
  class space    used 1613K, committed 1728K, reserved 1048576K
}
Event: 5.556 GC heap after
{Heap after GC invocations=7 (full 0):
 garbage-first heap   total 147456K, used 78961K [0x0000000082000000, 0x0000000100000000)
  region size 1024K, 1 young (1024K), 1 survivors (1024K)
 Metaspace       used 13742K, committed 13952K, reserved 1114112K
  class space    used 1613K, committed 1728K, reserved 1048576K
}
Event: 6.224 GC heap before
{Heap before GC invocations=8 (full 0):
 garbage-first heap   total 198656K, used 196721K [0x0000000082000000, 0x0000000100000000)
  region size 1024K, 5 young (5120K), 1 survivors (1024K)
 Metaspace       used 13746K, committed 13952K, reserved 1114112K
  class space    used 1616K, committed 1728K, reserved 1048576K
}
Event: 6.225 GC heap after
{Heap after GC invocations=9 (full 0):
 garbage-first heap   total 199680K, used 194468K [0x0000000082000000, 0x0000000100000000)
  region size 1024K, 1 young (1024K), 1 survivors (1024K)
 Metaspace       used 13746K, committed 13952K, reserved 1114112K
  class space    used 1616K, committed 1728K, reserved 1048576K
}
Event: 6.284 GC heap before
{Heap before GC invocations=9 (full 0):
 garbage-first heap   total 199680K, used 197540K [0x0000000082000000, 0x0000000100000000)
  region size 1024K, 5 young (5120K), 1 survivors (1024K)
 Metaspace       used 13772K, committed 14016K, reserved 1114112K
  class space    used 1616K, committed 1728K, reserved 1048576K
}
Event: 6.286 GC heap after
{Heap after GC invocations=10 (full 0):
 garbage-first heap   total 203776K, used 197581K [0x0000000082000000, 0x0000000100000000)
  region size 1024K, 1 young (1024K), 1 survivors (1024K)
 Metaspace       used 13772K, committed 14016K, reserved 1114112K
  class space    used 1616K, committed 1728K, reserved 1048576K
}
Event: 6.325 GC heap before
{Heap before GC invocations=10 (full 0):
 garbage-first heap   total 203776K, used 201677K [0x0000000082000000, 0x0000000100000000)
  region size 1024K, 6 young (6144K), 1 survivors (1024K)
 Metaspace       used 13916K, committed 14144K, reserved 1114112K
  class space    used 1637K, committed 1728K, reserved 1048576K
}
Event: 6.328 GC heap after
{Heap after GC invocations=11 (full 0):
 garbage-first heap   total 207872K, used 201690K [0x0000000082000000, 0x0000000100000000)
  region size 1024K, 1 young (1024K), 1 survivors (1024K)
 Metaspace       used 13916K, committed 14144K, reserved 1114112K
  class space    used 1637K, committed 1728K, reserved 1048576K
}
Event: 6.395 GC heap before
{Heap before GC invocations=12 (full 0):
 garbage-first heap   total 337920K, used 205786K [0x0000000082000000, 0x0000000100000000)
  region size 1024K, 6 young (6144K), 1 survivors (1024K)
 Metaspace       used 14960K, committed 15232K, reserved 1114112K
  class space    used 1847K, committed 1984K, reserved 1048576K
}
Event: 6.396 GC heap after
{Heap after GC invocations=13 (full 0):
 garbage-first heap   total 337920K, used 201700K [0x0000000082000000, 0x0000000100000000)
  region size 1024K, 1 young (1024K), 1 survivors (1024K)
 Metaspace       used 14960K, committed 15232K, reserved 1114112K
  class space    used 1847K, committed 1984K, reserved 1048576K
}
Event: 15.384 GC heap before
{Heap before GC invocations=13 (full 0):
 garbage-first heap   total 337920K, used 288740K [0x0000000082000000, 0x0000000100000000)
  region size 1024K, 85 young (87040K), 1 survivors (1024K)
 Metaspace       used 21347K, committed 21632K, reserved 1114112K
  class space    used 2738K, committed 2880K, reserved 1048576K
}
Event: 15.389 GC heap after
{Heap after GC invocations=14 (full 0):
 garbage-first heap   total 337920K, used 207365K [0x0000000082000000, 0x0000000100000000)
  region size 1024K, 4 young (4096K), 4 survivors (4096K)
 Metaspace       used 21347K, committed 21632K, reserved 1114112K
  class space    used 2738K, committed 2880K, reserved 1048576K
}

