# JRE version: Java(TM) SE Runtime Environment (21.0.8+12) (build 21.0.8+12-LTS-250)
# Java VM: Java HotSpot(TM) 64-Bit Server VM (21.0.8+12-LTS-250, mixed mode, sharing, tiered, compressed oops, compressed class ptrs, g1 gc, windows-amd64)
GC Precious Log:
 CardTable entry size: 512
 Card Set container configuration: InlinePtr #cards 5 size 8 Array Of Cards #cards 12 size 40 Howl #buckets 4 coarsen threshold 1843 Howl Bitmap #cards 512 size 80 coarsen threshold 460 Card regions per heap region 1 cards per card region 2048
 CPUs: 4 total, 4 available
 Memory: 8061M
 Large Page Support: Disabled
 NUMA Support: Disabled
 Compressed Oops: Enabled (32-bit)
 Heap Region Size: 1M
 Heap Min Capacity: 8M
 Heap Initial Capacity: 126M
 Heap Max Capacity: 2016M
 Pre-touch: Disabled
 Parallel Workers: 4
 Concurrent Workers: 1
 Concurrent Refinement Workers: 4
 Periodic GC: Disabled
Heap:
 garbage-first heap   total 486400K, used 292486K [0x0000000082000000, 0x0000000100000000)
  region size 1024K, 4 young (4096K), 1 survivors (1024K)
 Metaspace       used 16456K, committed 16704K, reserved 1114112K
  class space    used 2057K, committed 2176K, reserved 1048576K
GC Heap History (20 events):
Event: 9.364 GC heap before
{Heap before GC invocations=94 (full 0):
 garbage-first heap   total 436224K, used 240926K [0x0000000082000000, 0x0000000100000000)
  region size 1024K, 4 young (4096K), 2 survivors (2048K)
 Metaspace       used 15932K, committed 16256K, reserved 1114112K
  class space    used 2002K, committed 2176K, reserved 1048576K
}
Event: 9.366 GC heap after
{Heap after GC invocations=95 (full 0):
 garbage-first heap   total 436224K, used 240065K [0x0000000082000000, 0x0000000100000000)
  region size 1024K, 2 young (2048K), 2 survivors (2048K)
 Metaspace       used 15932K, committed 16256K, reserved 1114112K
  class space    used 2002K, committed 2176K, reserved 1048576K
}
Event: 9.387 GC heap before
{Heap before GC invocations=96 (full 0):
 garbage-first heap   total 436224K, used 251329K [0x0000000082000000, 0x0000000100000000)
  region size 1024K, 5 young (5120K), 2 survivors (2048K)
 Metaspace       used 15933K, committed 16256K, reserved 1114112K
  class space    used 2002K, committed 2176K, reserved 1048576K
}
Event: 9.389 GC heap after
{Heap after GC invocations=97 (full 0):
 garbage-first heap   total 436224K, used 249127K [0x0000000082000000, 0x0000000100000000)
  region size 1024K, 2 young (2048K), 2 survivors (2048K)
 Metaspace       used 15933K, committed 16256K, reserved 1114112K
  class space    used 2002K, committed 2176K, reserved 1048576K
}
Event: 9.407 GC heap before
{Heap before GC invocations=98 (full 0):
 garbage-first heap   total 436224K, used 256295K [0x0000000082000000, 0x0000000100000000)
  region size 1024K, 4 young (4096K), 2 survivors (2048K)
 Metaspace       used 15933K, committed 16256K, reserved 1114112K
  class space    used 2002K, committed 2176K, reserved 1048576K
}
Event: 9.408 GC heap after
{Heap after GC invocations=99 (full 0):
 garbage-first heap   total 436224K, used 256411K [0x0000000082000000, 0x0000000100000000)
  region size 1024K, 2 young (2048K), 2 survivors (2048K)
 Metaspace       used 15933K, committed 16256K, reserved 1114112K
  class space    used 2002K, committed 2176K, reserved 1048576K
}
Event: 9.430 GC heap before
{Heap before GC invocations=100 (full 0):
 garbage-first heap   total 440320K, used 267675K [0x0000000082000000, 0x0000000100000000)
  region size 1024K, 4 young (4096K), 2 survivors (2048K)
 Metaspace       used 15953K, committed 16256K, reserved 1114112K
  class space    used 2004K, committed 2176K, reserved 1048576K
}
Event: 9.432 GC heap after
{Heap after GC invocations=101 (full 0):
 garbage-first heap   total 440320K, used 266819K [0x0000000082000000, 0x0000000100000000)
  region size 1024K, 2 young (2048K), 2 survivors (2048K)
 Metaspace       used 15953K, committed 16256K, reserved 1114112K
  class space    used 2004K, committed 2176K, reserved 1048576K
}
Event: 9.464 GC heap before
{Heap before GC invocations=102 (full 0):
 garbage-first heap   total 445440K, used 268867K [0x0000000082000000, 0x0000000100000000)
  region size 1024K, 4 young (4096K), 2 survivors (2048K)
 Metaspace       used 15953K, committed 16256K, reserved 1114112K
  class space    used 2004K, committed 2176K, reserved 1048576K
}
Event: 9.467 GC heap after
{Heap after GC invocations=103 (full 0):
 garbage-first heap   total 445440K, used 267808K [0x0000000082000000, 0x0000000100000000)
  region size 1024K, 2 young (2048K), 2 survivors (2048K)
 Metaspace       used 15953K, committed 16256K, reserved 1114112K
  class space    used 2004K, committed 2176K, reserved 1048576K
}
Event: 9.505 GC heap before
{Heap before GC invocations=104 (full 0):
 garbage-first heap   total 449536K, used 269856K [0x0000000082000000, 0x0000000100000000)
  region size 1024K, 4 young (4096K), 2 survivors (2048K)
 Metaspace       used 15954K, committed 16256K, reserved 1114112K
  class space    used 2004K, committed 2176K, reserved 1048576K
}
Event: 9.507 GC heap after
{Heap after GC invocations=105 (full 0):
 garbage-first heap   total 449536K, used 268584K [0x0000000082000000, 0x0000000100000000)
  region size 1024K, 2 young (2048K), 2 survivors (2048K)
 Metaspace       used 15954K, committed 16256K, reserved 1114112K
  class space    used 2004K, committed 2176K, reserved 1048576K
}
Event: 9.528 GC heap before
{Heap before GC invocations=106 (full 0):
 garbage-first heap   total 455680K, used 273704K [0x0000000082000000, 0x0000000100000000)
  region size 1024K, 4 young (4096K), 2 survivors (2048K)
 Metaspace       used 15954K, committed 16256K, reserved 1114112K
  class space    used 2004K, committed 2176K, reserved 1048576K
}
Event: 9.529 GC heap after
{Heap after GC invocations=107 (full 0):
 garbage-first heap   total 455680K, used 272831K [0x0000000082000000, 0x0000000100000000)
  region size 1024K, 2 young (2048K), 2 survivors (2048K)
 Metaspace       used 15954K, committed 16256K, reserved 1114112K
  class space    used 2004K, committed 2176K, reserved 1048576K
}
Event: 9.569 GC heap before
{Heap before GC invocations=108 (full 0):
 garbage-first heap   total 470016K, used 282047K [0x0000000082000000, 0x0000000100000000)
  region size 1024K, 5 young (5120K), 2 survivors (2048K)
 Metaspace       used 15959K, committed 16320K, reserved 1114112K
  class space    used 2004K, committed 2176K, reserved 1048576K
}
Event: 9.571 GC heap after
{Heap after GC invocations=109 (full 0):
 garbage-first heap   total 470016K, used 278797K [0x0000000082000000, 0x0000000100000000)
  region size 1024K, 1 young (1024K), 1 survivors (1024K)
 Metaspace       used 15959K, committed 16320K, reserved 1114112K
  class space    used 2004K, committed 2176K, reserved 1048576K
}
Event: 9.632 GC heap before
{Heap before GC invocations=110 (full 0):
 garbage-first heap   total 476160K, used 284941K [0x0000000082000000, 0x0000000100000000)
  region size 1024K, 3 young (3072K), 1 survivors (1024K)
 Metaspace       used 15961K, committed 16320K, reserved 1114112K
  class space    used 2004K, committed 2176K, reserved 1048576K
}
Event: 9.634 GC heap after
{Heap after GC invocations=111 (full 0):
 garbage-first heap   total 476160K, used 284112K [0x0000000082000000, 0x0000000100000000)
  region size 1024K, 1 young (1024K), 1 survivors (1024K)
 Metaspace       used 15961K, committed 16320K, reserved 1114112K
  class space    used 2004K, committed 2176K, reserved 1048576K
}
Event: 20.372 GC heap before
{Heap before GC invocations=112 (full 0):
 garbage-first heap   total 486400K, used 454096K [0x0000000082000000, 0x0000000100000000)
  region size 1024K, 161 young (164864K), 1 survivors (1024K)
 Metaspace       used 16437K, committed 16704K, reserved 1114112K
  class space    used 2054K, committed 2176K, reserved 1048576K
}
Event: 20.374 GC heap after
{Heap after GC invocations=113 (full 0):
 garbage-first heap   total 486400K, used 291462K [0x0000000082000000, 0x0000000100000000)
  region size 1024K, 1 young (1024K), 1 survivors (1024K)
 Metaspace       used 16437K, committed 16704K, reserved 1114112K
  class space    used 2054K, committed 2176K, reserved 1048576K
}

