# JRE version: OpenJDK Runtime Environment (25.0+36) (build 25+36-3489)
# Java VM: OpenJDK 64-Bit Server VM (25+36-3489, mixed mode, sharing, tiered, compressed oops, compressed class ptrs, g1 gc, windows-amd64)
GC Precious Log:
 CardTable entry size: 512
 Card Set container configuration: InlinePtr #cards 4 size 8 Array Of Cards #cards 16 size 48 Howl #buckets 8 coarsen threshold 3686 Howl Bitmap #cards 512 size 80 coarsen threshold 460 Card regions per heap region 1 cards per card region 4096
 CPUs: 12 total, 12 available
 Memory: 16027M
 Large Page Support: Disabled
 NUMA Support: Disabled
 Compressed Oops: Enabled (Zero based)
 Heap Region Size: 2M
 Heap Min Capacity: 8M
 Heap Initial Capacity: 252M
 Heap Max Capacity: 4008M
 Pre-touch: Disabled
 Parallel Workers: 10
 Concurrent Workers: 3
 Concurrent Refinement Workers: 10
 Periodic GC: Disabled
Heap:
 garbage-first heap   total reserved 4104192K, committed 389120K, used 357927K [0x0000000705800000, 0x0000000800000000)
  region size 2048K, 65 young (133120K), 1 survivors (2048K)
GC Heap Usage History (20 events):
Event: 27.647 {heap Before GC invocations=25 (full 0):
 garbage-first heap   total reserved 4104192K, committed 389120K, used 365963K [0x0000000705800000, 0x0000000800000000)
  region size 2048K, 68 young (139264K), 1 survivors (2048K)
}
Event: 27.649 {heap After GC invocations=26 (full 0):
 garbage-first heap   total reserved 4104192K, committed 389120K, used 228942K [0x0000000705800000, 0x0000000800000000)
  region size 2048K, 1 young (2048K), 1 survivors (2048K)
}
Event: 29.955 {heap Before GC invocations=27 (full 0):
 garbage-first heap   total reserved 4104192K, committed 389120K, used 366158K [0x0000000705800000, 0x0000000800000000)
  region size 2048K, 68 young (139264K), 1 survivors (2048K)
}
Event: 29.957 {heap After GC invocations=28 (full 0):
 garbage-first heap   total reserved 4104192K, committed 389120K, used 228944K [0x0000000705800000, 0x0000000800000000)
  region size 2048K, 1 young (2048K), 1 survivors (2048K)
}
Event: 31.125 {heap Before GC invocations=28 (full 0):
 garbage-first heap   total reserved 4104192K, committed 389120K, used 366160K [0x0000000705800000, 0x0000000800000000)
  region size 2048K, 68 young (139264K), 1 survivors (2048K)
}
Event: 31.128 {heap After GC invocations=29 (full 0):
 garbage-first heap   total reserved 4104192K, committed 389120K, used 228926K [0x0000000705800000, 0x0000000800000000)
  region size 2048K, 1 young (2048K), 1 survivors (2048K)
}
Event: 32.951 {heap Before GC invocations=30 (full 0):
 garbage-first heap   total reserved 4104192K, committed 389120K, used 366142K [0x0000000705800000, 0x0000000800000000)
  region size 2048K, 68 young (139264K), 1 survivors (2048K)
}
Event: 32.953 {heap After GC invocations=31 (full 0):
 garbage-first heap   total reserved 4104192K, committed 389120K, used 228935K [0x0000000705800000, 0x0000000800000000)
  region size 2048K, 1 young (2048K), 1 survivors (2048K)
}
Event: 33.644 {heap Before GC invocations=31 (full 0):
 garbage-first heap   total reserved 4104192K, committed 389120K, used 366151K [0x0000000705800000, 0x0000000800000000)
  region size 2048K, 68 young (139264K), 1 survivors (2048K)
}
Event: 33.645 {heap After GC invocations=32 (full 0):
 garbage-first heap   total reserved 4104192K, committed 389120K, used 228942K [0x0000000705800000, 0x0000000800000000)
  region size 2048K, 1 young (2048K), 1 survivors (2048K)
}
Event: 34.507 {heap Before GC invocations=33 (full 0):
 garbage-first heap   total reserved 4104192K, committed 389120K, used 366158K [0x0000000705800000, 0x0000000800000000)
  region size 2048K, 68 young (139264K), 1 survivors (2048K)
}
Event: 34.509 {heap After GC invocations=34 (full 0):
 garbage-first heap   total reserved 4104192K, committed 389120K, used 228907K [0x0000000705800000, 0x0000000800000000)
  region size 2048K, 1 young (2048K), 1 survivors (2048K)
}
Event: 37.040 {heap Before GC invocations=34 (full 0):
 garbage-first heap   total reserved 4104192K, committed 389120K, used 366123K [0x0000000705800000, 0x0000000800000000)
  region size 2048K, 68 young (139264K), 1 survivors (2048K)
}
Event: 37.042 {heap After GC invocations=35 (full 0):
 garbage-first heap   total reserved 4104192K, committed 389120K, used 228917K [0x0000000705800000, 0x0000000800000000)
  region size 2048K, 1 young (2048K), 1 survivors (2048K)
}
Event: 38.937 {heap Before GC invocations=36 (full 0):
 garbage-first heap   total reserved 4104192K, committed 389120K, used 366133K [0x0000000705800000, 0x0000000800000000)
  region size 2048K, 68 young (139264K), 1 survivors (2048K)
}
Event: 38.939 {heap After GC invocations=37 (full 0):
 garbage-first heap   total reserved 4104192K, committed 389120K, used 228913K [0x0000000705800000, 0x0000000800000000)
  region size 2048K, 1 young (2048K), 1 survivors (2048K)
}
Event: 40.378 {heap Before GC invocations=37 (full 0):
 garbage-first heap   total reserved 4104192K, committed 389120K, used 366129K [0x0000000705800000, 0x0000000800000000)
  region size 2048K, 68 young (139264K), 1 survivors (2048K)
}
Event: 40.380 {heap After GC invocations=38 (full 0):
 garbage-first heap   total reserved 4104192K, committed 389120K, used 228913K [0x0000000705800000, 0x0000000800000000)
  region size 2048K, 1 young (2048K), 1 survivors (2048K)
}
Event: 41.476 {heap Before GC invocations=39 (full 0):
 garbage-first heap   total reserved 4104192K, committed 389120K, used 366129K [0x0000000705800000, 0x0000000800000000)
  region size 2048K, 68 young (139264K), 1 survivors (2048K)
}
Event: 41.479 {heap After GC invocations=40 (full 0):
 garbage-first heap   total reserved 4104192K, committed 389120K, used 228903K [0x0000000705800000, 0x0000000800000000)
  region size 2048K, 1 young (2048K), 1 survivors (2048K)
}

