# JRE version: OpenJDK Runtime Environment Microsoft-11933218 (21.0.8+9) (build 21.0.8+9-LTS)
# Java VM: OpenJDK 64-Bit Server VM Microsoft-11933218 (21.0.8+9-LTS, mixed mode, sharing, tiered, compressed oops, compressed class ptrs, g1 gc, windows-amd64)
GC Precious Log:
 CardTable entry size: 512
 Card Set container configuration: InlinePtr #cards 4 size 8 Array Of Cards #cards 16 size 48 Howl #buckets 8 coarsen threshold 3686 Howl Bitmap #cards 512 size 80 coarsen threshold 460 Card regions per heap region 1 cards per card region 4096
 CPUs: 12 total, 12 available
 Memory: 16091M
 Large Page Support: Disabled
 NUMA Support: Disabled
 Compressed Oops: Enabled (Zero based)
 Heap Region Size: 2M
 Heap Min Capacity: 8M
 Heap Initial Capacity: 252M
 Heap Max Capacity: 4024M
 Pre-touch: Disabled
 Parallel Workers: 10
 Concurrent Workers: 3
 Concurrent Refinement Workers: 10
 Periodic GC: Disabled
Heap:
 garbage-first heap   total 378880K, used 264846K [0x0000000704800000, 0x0000000800000000)
  region size 2048K, 22 young (45056K), 1 survivors (2048K)
 Metaspace       used 17736K, committed 18048K, reserved 1114112K
  class space    used 2388K, committed 2496K, reserved 1048576K
GC Heap History (20 events):
Event: 6.800 GC heap before
{Heap before GC invocations=2 (full 0):
 garbage-first heap   total 258048K, used 250070K [0x0000000704800000, 0x0000000800000000)
  region size 2048K, 69 young (141312K), 3 survivors (6144K)
 Metaspace       used 16628K, committed 16896K, reserved 1114112K
  class space    used 2309K, committed 2432K, reserved 1048576K
}
Event: 6.804 GC heap after
{Heap after GC invocations=3 (full 0):
 garbage-first heap   total 274432K, used 125452K [0x0000000704800000, 0x0000000800000000)
  region size 2048K, 9 young (18432K), 9 survivors (18432K)
 Metaspace       used 16628K, committed 16896K, reserved 1114112K
  class space    used 2309K, committed 2432K, reserved 1048576K
}
Event: 6.832 GC heap before
{Heap before GC invocations=3 (full 0):
 garbage-first heap   total 274432K, used 137740K [0x0000000704800000, 0x0000000800000000)
  region size 2048K, 10 young (20480K), 9 survivors (18432K)
 Metaspace       used 16633K, committed 16896K, reserved 1114112K
  class space    used 2309K, committed 2432K, reserved 1048576K
}
Event: 6.836 GC heap after
{Heap after GC invocations=4 (full 0):
 garbage-first heap   total 274432K, used 137853K [0x0000000704800000, 0x0000000800000000)
  region size 2048K, 1 young (2048K), 1 survivors (2048K)
 Metaspace       used 16633K, committed 16896K, reserved 1114112K
  class space    used 2309K, committed 2432K, reserved 1048576K
}
Event: 12.166 GC heap before
{Heap before GC invocations=5 (full 0):
 garbage-first heap   total 274432K, used 268925K [0x0000000704800000, 0x0000000800000000)
  region size 2048K, 27 young (55296K), 1 survivors (2048K)
 Metaspace       used 17169K, committed 17408K, reserved 1114112K
  class space    used 2324K, committed 2432K, reserved 1048576K
}
Event: 12.168 GC heap after
{Heap after GC invocations=6 (full 0):
 garbage-first heap   total 282624K, used 225123K [0x0000000704800000, 0x0000000800000000)
  region size 2048K, 4 young (8192K), 4 survivors (8192K)
 Metaspace       used 17169K, committed 17408K, reserved 1114112K
  class space    used 2324K, committed 2432K, reserved 1048576K
}
Event: 13.379 GC heap before
{Heap before GC invocations=6 (full 0):
 garbage-first heap   total 282624K, used 255843K [0x0000000704800000, 0x0000000800000000)
  region size 2048K, 19 young (38912K), 4 survivors (8192K)
 Metaspace       used 17288K, committed 17536K, reserved 1114112K
  class space    used 2324K, committed 2432K, reserved 1048576K
}
Event: 13.382 GC heap after
{Heap after GC invocations=7 (full 0):
 garbage-first heap   total 282624K, used 224206K [0x0000000704800000, 0x0000000800000000)
  region size 2048K, 1 young (2048K), 1 survivors (2048K)
 Metaspace       used 17288K, committed 17536K, reserved 1114112K
  class space    used 2324K, committed 2432K, reserved 1048576K
}
Event: 14.669 GC heap before
{Heap before GC invocations=7 (full 0):
 garbage-first heap   total 282624K, used 261070K [0x0000000704800000, 0x0000000800000000)
  region size 2048K, 19 young (38912K), 1 survivors (2048K)
 Metaspace       used 17358K, committed 17664K, reserved 1114112K
  class space    used 2324K, committed 2432K, reserved 1048576K
}
Event: 14.671 GC heap after
{Heap after GC invocations=8 (full 0):
 garbage-first heap   total 282624K, used 224214K [0x0000000704800000, 0x0000000800000000)
  region size 2048K, 1 young (2048K), 1 survivors (2048K)
 Metaspace       used 17358K, committed 17664K, reserved 1114112K
  class space    used 2324K, committed 2432K, reserved 1048576K
}
Event: 16.369 GC heap before
{Heap before GC invocations=9 (full 0):
 garbage-first heap   total 378880K, used 256982K [0x0000000704800000, 0x0000000800000000)
  region size 2048K, 17 young (34816K), 1 survivors (2048K)
 Metaspace       used 17361K, committed 17664K, reserved 1114112K
  class space    used 2324K, committed 2432K, reserved 1048576K
}
Event: 16.370 GC heap after
{Heap after GC invocations=10 (full 0):
 garbage-first heap   total 378880K, used 224222K [0x0000000704800000, 0x0000000800000000)
  region size 2048K, 1 young (2048K), 1 survivors (2048K)
 Metaspace       used 17361K, committed 17664K, reserved 1114112K
  class space    used 2324K, committed 2432K, reserved 1048576K
}
Event: 18.064 GC heap before
{Heap before GC invocations=10 (full 0):
 garbage-first heap   total 378880K, used 334814K [0x0000000704800000, 0x0000000800000000)
  region size 2048K, 55 young (112640K), 1 survivors (2048K)
 Metaspace       used 17365K, committed 17664K, reserved 1114112K
  class space    used 2325K, committed 2432K, reserved 1048576K
}
Event: 18.066 GC heap after
{Heap after GC invocations=11 (full 0):
 garbage-first heap   total 378880K, used 224191K [0x0000000704800000, 0x0000000800000000)
  region size 2048K, 1 young (2048K), 1 survivors (2048K)
 Metaspace       used 17365K, committed 17664K, reserved 1114112K
  class space    used 2325K, committed 2432K, reserved 1048576K
}
Event: 20.169 GC heap before
{Heap before GC invocations=11 (full 0):
 garbage-first heap   total 378880K, used 340927K [0x0000000704800000, 0x0000000800000000)
  region size 2048K, 58 young (118784K), 1 survivors (2048K)
 Metaspace       used 17367K, committed 17664K, reserved 1114112K
  class space    used 2325K, committed 2432K, reserved 1048576K
}
Event: 20.170 GC heap after
{Heap after GC invocations=12 (full 0):
 garbage-first heap   total 378880K, used 224190K [0x0000000704800000, 0x0000000800000000)
  region size 2048K, 1 young (2048K), 1 survivors (2048K)
 Metaspace       used 17367K, committed 17664K, reserved 1114112K
  class space    used 2325K, committed 2432K, reserved 1048576K
}
Event: 22.084 GC heap before
{Heap before GC invocations=13 (full 0):
 garbage-first heap   total 378880K, used 345022K [0x0000000704800000, 0x0000000800000000)
  region size 2048K, 60 young (122880K), 1 survivors (2048K)
 Metaspace       used 17367K, committed 17664K, reserved 1114112K
  class space    used 2325K, committed 2432K, reserved 1048576K
}
Event: 22.085 GC heap after
{Heap after GC invocations=14 (full 0):
 garbage-first heap   total 378880K, used 224192K [0x0000000704800000, 0x0000000800000000)
  region size 2048K, 1 young (2048K), 1 survivors (2048K)
 Metaspace       used 17367K, committed 17664K, reserved 1114112K
  class space    used 2325K, committed 2432K, reserved 1048576K
}
Event: 24.449 GC heap before
{Heap before GC invocations=14 (full 0):
 garbage-first heap   total 378880K, used 351168K [0x0000000704800000, 0x0000000800000000)
  region size 2048K, 63 young (129024K), 1 survivors (2048K)
 Metaspace       used 17698K, committed 17920K, reserved 1114112K
  class space    used 2382K, committed 2496K, reserved 1048576K
}
Event: 24.452 GC heap after
{Heap after GC invocations=15 (full 0):
 garbage-first heap   total 378880K, used 223886K [0x0000000704800000, 0x0000000800000000)
  region size 2048K, 1 young (2048K), 1 survivors (2048K)
 Metaspace       used 17698K, committed 17920K, reserved 1114112K
  class space    used 2382K, committed 2496K, reserved 1048576K
}

