# JRE version: Java(TM) SE Runtime Environment (21.0.8+12) (build 21.0.8+12-LTS-250)
# Java VM: Java HotSpot(TM) 64-Bit Server VM (21.0.8+12-LTS-250, mixed mode, sharing, tiered, compressed oops, compressed class ptrs, g1 gc, windows-amd64)
GC Precious Log:
 CardTable entry size: 512
 Card Set container configuration: InlinePtr #cards 5 size 8 Array Of Cards #cards 12 size 40 Howl #buckets 4 coarsen threshold 1843 Howl Bitmap #cards 512 size 80 coarsen threshold 460 Card regions per heap region 1 cards per card region 2048
 CPUs: 4 total, 4 available
 Memory: 8061M
 Large Page Support: Disabled
 NUMA Support: Disabled
 Compressed Oops: Enabled (32-bit)
 Heap Region Size: 1M
 Heap Min Capacity: 8M
 Heap Initial Capacity: 126M
 Heap Max Capacity: 2016M
 Pre-touch: Disabled
 Parallel Workers: 4
 Concurrent Workers: 1
 Concurrent Refinement Workers: 4
 Periodic GC: Disabled
Heap:
 garbage-first heap   total 527360K, used 446429K [0x0000000082000000, 0x0000000100000000)
  region size 1024K, 117 young (119808K), 6 survivors (6144K)
 Metaspace       used 17916K, committed 18176K, reserved 1114112K
  class space    used 2238K, committed 2368K, reserved 1048576K
GC Heap History (20 events):
Event: 55.135 GC heap before
{Heap before GC invocations=31 (full 0):
 garbage-first heap   total 183296K, used 103874K [0x0000000082000000, 0x0000000100000000)
  region size 1024K, 11 young (11264K), 10 survivors (10240K)
 Metaspace       used 17182K, committed 17472K, reserved 1114112K
  class space    used 2169K, committed 2304K, reserved 1048576K
}
Event: 55.138 GC heap after
{Heap after GC invocations=32 (full 0):
 garbage-first heap   total 183296K, used 103445K [0x0000000082000000, 0x0000000100000000)
  region size 1024K, 1 young (1024K), 1 survivors (1024K)
 Metaspace       used 17182K, committed 17472K, reserved 1114112K
  class space    used 2169K, committed 2304K, reserved 1048576K
}
Event: 55.795 GC heap before
{Heap before GC invocations=33 (full 0):
 garbage-first heap   total 220160K, used 219157K [0x0000000082000000, 0x0000000100000000)
  region size 1024K, 2 young (2048K), 1 survivors (1024K)
 Metaspace       used 17196K, committed 17472K, reserved 1114112K
  class space    used 2169K, committed 2304K, reserved 1048576K
}
Event: 55.796 GC heap after
{Heap after GC invocations=34 (full 0):
 garbage-first heap   total 221184K, used 218242K [0x0000000082000000, 0x0000000100000000)
  region size 1024K, 1 young (1024K), 1 survivors (1024K)
 Metaspace       used 17196K, committed 17472K, reserved 1114112K
  class space    used 2169K, committed 2304K, reserved 1048576K
}
Event: 56.043 GC heap before
{Heap before GC invocations=34 (full 0):
 garbage-first heap   total 272384K, used 269442K [0x0000000082000000, 0x0000000100000000)
  region size 1024K, 2 young (2048K), 1 survivors (1024K)
 Metaspace       used 17308K, committed 17600K, reserved 1114112K
  class space    used 2177K, committed 2304K, reserved 1048576K
}
Event: 56.045 GC heap after
{Heap after GC invocations=35 (full 0):
 garbage-first heap   total 273408K, used 269189K [0x0000000082000000, 0x0000000100000000)
  region size 1024K, 1 young (1024K), 1 survivors (1024K)
 Metaspace       used 17308K, committed 17600K, reserved 1114112K
  class space    used 2177K, committed 2304K, reserved 1048576K
}
Event: 56.047 GC heap before
{Heap before GC invocations=35 (full 0):
 garbage-first heap   total 273408K, used 269189K [0x0000000082000000, 0x0000000100000000)
  region size 1024K, 2 young (2048K), 1 survivors (1024K)
 Metaspace       used 17309K, committed 17600K, reserved 1114112K
  class space    used 2177K, committed 2304K, reserved 1048576K
}
Event: 56.048 GC heap after
{Heap after GC invocations=36 (full 0):
 garbage-first heap   total 273408K, used 269578K [0x0000000082000000, 0x0000000100000000)
  region size 1024K, 1 young (1024K), 1 survivors (1024K)
 Metaspace       used 17309K, committed 17600K, reserved 1114112K
  class space    used 2177K, committed 2304K, reserved 1048576K
}
Event: 56.095 GC heap before
{Heap before GC invocations=37 (full 0):
 garbage-first heap   total 455680K, used 272650K [0x0000000082000000, 0x0000000100000000)
  region size 1024K, 3 young (3072K), 1 survivors (1024K)
 Metaspace       used 17339K, committed 17600K, reserved 1114112K
  class space    used 2177K, committed 2304K, reserved 1048576K
}
Event: 56.097 GC heap after
{Heap after GC invocations=38 (full 0):
 garbage-first heap   total 455680K, used 273650K [0x0000000082000000, 0x0000000100000000)
  region size 1024K, 1 young (1024K), 1 survivors (1024K)
 Metaspace       used 17339K, committed 17600K, reserved 1114112K
  class space    used 2177K, committed 2304K, reserved 1048576K
}
Event: 59.547 GC heap before
{Heap before GC invocations=38 (full 0):
 garbage-first heap   total 455680K, used 362738K [0x0000000082000000, 0x0000000100000000)
  region size 1024K, 90 young (92160K), 1 survivors (1024K)
 Metaspace       used 17587K, committed 17920K, reserved 1114112K
  class space    used 2211K, committed 2368K, reserved 1048576K
}
Event: 59.550 GC heap after
{Heap after GC invocations=39 (full 0):
 garbage-first heap   total 455680K, used 278241K [0x0000000082000000, 0x0000000100000000)
  region size 1024K, 6 young (6144K), 6 survivors (6144K)
 Metaspace       used 17587K, committed 17920K, reserved 1114112K
  class space    used 2211K, committed 2368K, reserved 1048576K
}
Event: 59.631 GC heap before
{Heap before GC invocations=40 (full 0):
 garbage-first heap   total 501760K, used 372449K [0x0000000082000000, 0x0000000100000000)
  region size 1024K, 99 young (101376K), 6 survivors (6144K)
 Metaspace       used 17592K, committed 17920K, reserved 1114112K
  class space    used 2211K, committed 2368K, reserved 1048576K
}
Event: 59.637 GC heap after
{Heap after GC invocations=41 (full 0):
 garbage-first heap   total 501760K, used 278231K [0x0000000082000000, 0x0000000100000000)
  region size 1024K, 6 young (6144K), 6 survivors (6144K)
 Metaspace       used 17592K, committed 17920K, reserved 1114112K
  class space    used 2211K, committed 2368K, reserved 1048576K
}
Event: 63.857 GC heap before
{Heap before GC invocations=41 (full 0):
 garbage-first heap   total 501760K, used 438999K [0x0000000082000000, 0x0000000100000000)
  region size 1024K, 163 young (166912K), 6 survivors (6144K)
 Metaspace       used 17706K, committed 17984K, reserved 1114112K
  class space    used 2217K, committed 2368K, reserved 1048576K
}
Event: 63.861 GC heap after
{Heap after GC invocations=42 (full 0):
 garbage-first heap   total 501760K, used 278489K [0x0000000082000000, 0x0000000100000000)
  region size 1024K, 6 young (6144K), 6 survivors (6144K)
 Metaspace       used 17706K, committed 17984K, reserved 1114112K
  class space    used 2217K, committed 2368K, reserved 1048576K
}
Event: 69.852 GC heap before
{Heap before GC invocations=42 (full 0):
 garbage-first heap   total 501760K, used 454617K [0x0000000082000000, 0x0000000100000000)
  region size 1024K, 178 young (182272K), 6 survivors (6144K)
 Metaspace       used 17748K, committed 18048K, reserved 1114112K
  class space    used 2218K, committed 2368K, reserved 1048576K
}
Event: 69.855 GC heap after
{Heap after GC invocations=43 (full 0):
 garbage-first heap   total 501760K, used 278485K [0x0000000082000000, 0x0000000100000000)
  region size 1024K, 6 young (6144K), 6 survivors (6144K)
 Metaspace       used 17748K, committed 18048K, reserved 1114112K
  class space    used 2218K, committed 2368K, reserved 1048576K
}
Event: 77.512 GC heap before
{Heap before GC invocations=44 (full 0):
 garbage-first heap   total 521216K, used 519125K [0x0000000082000000, 0x0000000100000000)
  region size 1024K, 187 young (191488K), 6 survivors (6144K)
 Metaspace       used 17838K, committed 18112K, reserved 1114112K
  class space    used 2232K, committed 2368K, reserved 1048576K
}
Event: 77.516 GC heap after
{Heap after GC invocations=45 (full 0):
 garbage-first heap   total 527360K, used 332765K [0x0000000082000000, 0x0000000100000000)
  region size 1024K, 6 young (6144K), 6 survivors (6144K)
 Metaspace       used 17838K, committed 18112K, reserved 1114112K
  class space    used 2232K, committed 2368K, reserved 1048576K
}

