# JRE version: Java(TM) SE Runtime Environment (21.0.8+12) (build 21.0.8+12-LTS-250)
# Java VM: Java HotSpot(TM) 64-Bit Server VM (21.0.8+12-LTS-250, mixed mode, sharing, tiered, compressed oops, compressed class ptrs, g1 gc, windows-amd64)
GC Precious Log:
 CardTable entry size: 512
 Card Set container configuration: InlinePtr #cards 5 size 8 Array Of Cards #cards 12 size 40 Howl #buckets 4 coarsen threshold 1843 Howl Bitmap #cards 512 size 80 coarsen threshold 460 Card regions per heap region 1 cards per card region 2048
 CPUs: 4 total, 4 available
 Memory: 8061M
 Large Page Support: Disabled
 NUMA Support: Disabled
 Compressed Oops: Enabled (32-bit)
 Heap Region Size: 1M
 Heap Min Capacity: 8M
 Heap Initial Capacity: 126M
 Heap Max Capacity: 2016M
 Pre-touch: Disabled
 Parallel Workers: 4
 Concurrent Workers: 1
 Concurrent Refinement Workers: 4
 Periodic GC: Disabled
Heap:
 garbage-first heap   total 505856K, used 304402K [0x0000000082000000, 0x0000000100000000)
  region size 1024K, 18 young (18432K), 2 survivors (2048K)
 Metaspace       used 17109K, committed 17408K, reserved 1114112K
  class space    used 2142K, committed 2304K, reserved 1048576K
GC Heap History (20 events):
Event: 26.183 GC heap before
{Heap before GC invocations=28 (full 0):
 garbage-first heap   total 454656K, used 275320K [0x0000000082000000, 0x0000000100000000)
  region size 1024K, 8 young (8192K), 5 survivors (5120K)
 Metaspace       used 16252K, committed 16512K, reserved 1114112K
  class space    used 2051K, committed 2176K, reserved 1048576K
}
Event: 26.187 GC heap after
{Heap after GC invocations=29 (full 0):
 garbage-first heap   total 454656K, used 274748K [0x0000000082000000, 0x0000000100000000)
  region size 1024K, 5 young (5120K), 5 survivors (5120K)
 Metaspace       used 16252K, committed 16512K, reserved 1114112K
  class space    used 2051K, committed 2176K, reserved 1048576K
}
Event: 26.213 GC heap before
{Heap before GC invocations=30 (full 0):
 garbage-first heap   total 465920K, used 277820K [0x0000000082000000, 0x0000000100000000)
  region size 1024K, 7 young (7168K), 5 survivors (5120K)
 Metaspace       used 16252K, committed 16512K, reserved 1114112K
  class space    used 2052K, committed 2176K, reserved 1048576K
}
Event: 26.217 GC heap after
{Heap after GC invocations=31 (full 0):
 garbage-first heap   total 465920K, used 276961K [0x0000000082000000, 0x0000000100000000)
  region size 1024K, 5 young (5120K), 5 survivors (5120K)
 Metaspace       used 16252K, committed 16512K, reserved 1114112K
  class space    used 2052K, committed 2176K, reserved 1048576K
}
Event: 26.309 GC heap before
{Heap before GC invocations=32 (full 0):
 garbage-first heap   total 465920K, used 280033K [0x0000000082000000, 0x0000000100000000)
  region size 1024K, 7 young (7168K), 5 survivors (5120K)
 Metaspace       used 16252K, committed 16512K, reserved 1114112K
  class space    used 2052K, committed 2176K, reserved 1048576K
}
Event: 26.312 GC heap after
{Heap after GC invocations=33 (full 0):
 garbage-first heap   total 465920K, used 278739K [0x0000000082000000, 0x0000000100000000)
  region size 1024K, 5 young (5120K), 5 survivors (5120K)
 Metaspace       used 16252K, committed 16512K, reserved 1114112K
  class space    used 2052K, committed 2176K, reserved 1048576K
}
Event: 26.352 GC heap before
{Heap before GC invocations=34 (full 0):
 garbage-first heap   total 465920K, used 281811K [0x0000000082000000, 0x0000000100000000)
  region size 1024K, 7 young (7168K), 5 survivors (5120K)
 Metaspace       used 16253K, committed 16512K, reserved 1114112K
  class space    used 2052K, committed 2176K, reserved 1048576K
}
Event: 26.355 GC heap after
{Heap after GC invocations=35 (full 0):
 garbage-first heap   total 465920K, used 278709K [0x0000000082000000, 0x0000000100000000)
  region size 1024K, 5 young (5120K), 5 survivors (5120K)
 Metaspace       used 16253K, committed 16512K, reserved 1114112K
  class space    used 2052K, committed 2176K, reserved 1048576K
}
Event: 26.424 GC heap before
{Heap before GC invocations=36 (full 0):
 garbage-first heap   total 478208K, used 284853K [0x0000000082000000, 0x0000000100000000)
  region size 1024K, 7 young (7168K), 5 survivors (5120K)
 Metaspace       used 16254K, committed 16512K, reserved 1114112K
  class space    used 2052K, committed 2176K, reserved 1048576K
}
Event: 26.428 GC heap after
{Heap after GC invocations=37 (full 0):
 garbage-first heap   total 478208K, used 283426K [0x0000000082000000, 0x0000000100000000)
  region size 1024K, 4 young (4096K), 4 survivors (4096K)
 Metaspace       used 16254K, committed 16512K, reserved 1114112K
  class space    used 2052K, committed 2176K, reserved 1048576K
}
Event: 26.638 GC heap before
{Heap before GC invocations=38 (full 0):
 garbage-first heap   total 485376K, used 294690K [0x0000000082000000, 0x0000000100000000)
  region size 1024K, 11 young (11264K), 4 survivors (4096K)
 Metaspace       used 16768K, committed 17024K, reserved 1114112K
  class space    used 2131K, committed 2240K, reserved 1048576K
}
Event: 26.642 GC heap after
{Heap after GC invocations=39 (full 0):
 garbage-first heap   total 485376K, used 289214K [0x0000000082000000, 0x0000000100000000)
  region size 1024K, 4 young (4096K), 4 survivors (4096K)
 Metaspace       used 16768K, committed 17024K, reserved 1114112K
  class space    used 2131K, committed 2240K, reserved 1048576K
}
Event: 27.540 GC heap before
{Heap before GC invocations=40 (full 0):
 garbage-first heap   total 485376K, used 323006K [0x0000000082000000, 0x0000000100000000)
  region size 1024K, 38 young (38912K), 4 survivors (4096K)
 Metaspace       used 16876K, committed 17152K, reserved 1114112K
  class space    used 2137K, committed 2304K, reserved 1048576K
}
Event: 27.544 GC heap after
{Heap after GC invocations=41 (full 0):
 garbage-first heap   total 485376K, used 287084K [0x0000000082000000, 0x0000000100000000)
  region size 1024K, 2 young (2048K), 2 survivors (2048K)
 Metaspace       used 16876K, committed 17152K, reserved 1114112K
  class space    used 2137K, committed 2304K, reserved 1048576K
}
Event: 29.053 GC heap before
{Heap before GC invocations=42 (full 0):
 garbage-first heap   total 505856K, used 458092K [0x0000000082000000, 0x0000000100000000)
  region size 1024K, 167 young (171008K), 2 survivors (2048K)
 Metaspace       used 16989K, committed 17344K, reserved 1114112K
  class space    used 2137K, committed 2304K, reserved 1048576K
}
Event: 29.057 GC heap after
{Heap after GC invocations=43 (full 0):
 garbage-first heap   total 505856K, used 289139K [0x0000000082000000, 0x0000000100000000)
  region size 1024K, 2 young (2048K), 2 survivors (2048K)
 Metaspace       used 16989K, committed 17344K, reserved 1114112K
  class space    used 2137K, committed 2304K, reserved 1048576K
}
Event: 29.928 GC heap before
{Heap before GC invocations=43 (full 0):
 garbage-first heap   total 505856K, used 476531K [0x0000000082000000, 0x0000000100000000)
  region size 1024K, 185 young (189440K), 2 survivors (2048K)
 Metaspace       used 17070K, committed 17408K, reserved 1114112K
  class space    used 2137K, committed 2304K, reserved 1048576K
}
Event: 29.932 GC heap after
{Heap after GC invocations=44 (full 0):
 garbage-first heap   total 505856K, used 288879K [0x0000000082000000, 0x0000000100000000)
  region size 1024K, 2 young (2048K), 2 survivors (2048K)
 Metaspace       used 17070K, committed 17408K, reserved 1114112K
  class space    used 2137K, committed 2304K, reserved 1048576K
}
Event: 30.148 GC heap before
{Heap before GC invocations=44 (full 0):
 garbage-first heap   total 505856K, used 476271K [0x0000000082000000, 0x0000000100000000)
  region size 1024K, 185 young (189440K), 2 survivors (2048K)
 Metaspace       used 17083K, committed 17408K, reserved 1114112K
  class space    used 2137K, committed 2304K, reserved 1048576K
}
Event: 30.150 GC heap after
{Heap after GC invocations=45 (full 0):
 garbage-first heap   total 505856K, used 289042K [0x0000000082000000, 0x0000000100000000)
  region size 1024K, 2 young (2048K), 2 survivors (2048K)
 Metaspace       used 17083K, committed 17408K, reserved 1114112K
  class space    used 2137K, committed 2304K, reserved 1048576K
}

