# JRE version: OpenJDK Runtime Environment Microsoft-11933218 (21.0.8+9) (build 21.0.8+9-LTS)
# Java VM: OpenJDK 64-Bit Server VM Microsoft-11933218 (21.0.8+9-LTS, mixed mode, sharing, tiered, compressed oops, compressed class ptrs, g1 gc, windows-amd64)
GC Precious Log:
 CardTable entry size: 512
 Card Set container configuration: InlinePtr #cards 4 size 8 Array Of Cards #cards 16 size 48 Howl #buckets 8 coarsen threshold 3686 Howl Bitmap #cards 512 size 80 coarsen threshold 460 Card regions per heap region 1 cards per card region 4096
 CPUs: 12 total, 12 available
 Memory: 16091M
 Large Page Support: Disabled
 NUMA Support: Disabled
 Compressed Oops: Enabled (Zero based)
 Heap Region Size: 2M
 Heap Min Capacity: 8M
 Heap Initial Capacity: 252M
 Heap Max Capacity: 4024M
 Pre-touch: Disabled
 Parallel Workers: 10
 Concurrent Workers: 3
 Concurrent Refinement Workers: 10
 Periodic GC: Disabled
Heap:
 garbage-first heap   total 710656K, used 329865K [0x0000000704800000, 0x0000000800000000)
  region size 2048K, 62 young (126976K), 1 survivors (2048K)
 Metaspace       used 22516K, committed 22784K, reserved 1114112K
  class space    used 2829K, committed 2944K, reserved 1048576K
GC Heap History (20 events):
Event: 342.704 GC heap before
{Heap before GC invocations=143 (full 1):
 garbage-first heap   total 710656K, used 630495K [0x0000000704800000, 0x0000000800000000)
  region size 2048K, 208 young (425984K), 1 survivors (2048K)
 Metaspace       used 21705K, committed 22016K, reserved 1114112K
  class space    used 2679K, committed 2816K, reserved 1048576K
}
Event: 342.707 GC heap after
{Heap after GC invocations=144 (full 1):
 garbage-first heap   total 710656K, used 206558K [0x0000000704800000, 0x0000000800000000)
  region size 2048K, 1 young (2048K), 1 survivors (2048K)
 Metaspace       used 21705K, committed 22016K, reserved 1114112K
  class space    used 2679K, committed 2816K, reserved 1048576K
}
Event: 346.931 GC heap before
{Heap before GC invocations=144 (full 1):
 garbage-first heap   total 710656K, used 630494K [0x0000000704800000, 0x0000000800000000)
  region size 2048K, 208 young (425984K), 1 survivors (2048K)
 Metaspace       used 21705K, committed 22016K, reserved 1114112K
  class space    used 2679K, committed 2816K, reserved 1048576K
}
Event: 346.934 GC heap after
{Heap after GC invocations=145 (full 1):
 garbage-first heap   total 710656K, used 206563K [0x0000000704800000, 0x0000000800000000)
  region size 2048K, 1 young (2048K), 1 survivors (2048K)
 Metaspace       used 21705K, committed 22016K, reserved 1114112K
  class space    used 2679K, committed 2816K, reserved 1048576K
}
Event: 351.785 GC heap before
{Heap before GC invocations=145 (full 1):
 garbage-first heap   total 710656K, used 628451K [0x0000000704800000, 0x0000000800000000)
  region size 2048K, 208 young (425984K), 1 survivors (2048K)
 Metaspace       used 22402K, committed 22656K, reserved 1114112K
  class space    used 2825K, committed 2944K, reserved 1048576K
}
Event: 351.787 GC heap after
{Heap after GC invocations=146 (full 1):
 garbage-first heap   total 710656K, used 206951K [0x0000000704800000, 0x0000000800000000)
  region size 2048K, 1 young (2048K), 1 survivors (2048K)
 Metaspace       used 22402K, committed 22656K, reserved 1114112K
  class space    used 2825K, committed 2944K, reserved 1048576K
}
Event: 368.030 GC heap before
{Heap before GC invocations=147 (full 1):
 garbage-first heap   total 710656K, used 628839K [0x0000000704800000, 0x0000000800000000)
  region size 2048K, 208 young (425984K), 1 survivors (2048K)
 Metaspace       used 22415K, committed 22656K, reserved 1114112K
  class space    used 2825K, committed 2944K, reserved 1048576K
}
Event: 368.033 GC heap after
{Heap after GC invocations=148 (full 1):
 garbage-first heap   total 847872K, used 206955K [0x0000000704800000, 0x0000000800000000)
  region size 2048K, 1 young (2048K), 1 survivors (2048K)
 Metaspace       used 22415K, committed 22656K, reserved 1114112K
  class space    used 2825K, committed 2944K, reserved 1048576K
}
Event: 373.687 GC heap before
{Heap before GC invocations=148 (full 1):
 garbage-first heap   total 847872K, used 712811K [0x0000000704800000, 0x0000000800000000)
  region size 2048K, 248 young (507904K), 1 survivors (2048K)
 Metaspace       used 22421K, committed 22656K, reserved 1114112K
  class space    used 2825K, committed 2944K, reserved 1048576K
}
Event: 373.689 GC heap after
{Heap after GC invocations=149 (full 1):
 garbage-first heap   total 847872K, used 206942K [0x0000000704800000, 0x0000000800000000)
  region size 2048K, 1 young (2048K), 1 survivors (2048K)
 Metaspace       used 22421K, committed 22656K, reserved 1114112K
  class space    used 2825K, committed 2944K, reserved 1048576K
}
Event: 384.694 GC heap before
{Heap before GC invocations=149 (full 1):
 garbage-first heap   total 847872K, used 712798K [0x0000000704800000, 0x0000000800000000)
  region size 2048K, 248 young (507904K), 1 survivors (2048K)
 Metaspace       used 22443K, committed 22720K, reserved 1114112K
  class space    used 2825K, committed 2944K, reserved 1048576K
}
Event: 384.696 GC heap after
{Heap after GC invocations=150 (full 1):
 garbage-first heap   total 847872K, used 206765K [0x0000000704800000, 0x0000000800000000)
  region size 2048K, 1 young (2048K), 1 survivors (2048K)
 Metaspace       used 22443K, committed 22720K, reserved 1114112K
  class space    used 2825K, committed 2944K, reserved 1048576K
}
Event: 390.075 GC heap before
{Heap before GC invocations=151 (full 1):
 garbage-first heap   total 710656K, used 704429K [0x0000000704800000, 0x0000000800000000)
  region size 2048K, 244 young (499712K), 1 survivors (2048K)
 Metaspace       used 22443K, committed 22720K, reserved 1114112K
  class space    used 2825K, committed 2944K, reserved 1048576K
}
Event: 390.078 GC heap after
{Heap after GC invocations=152 (full 1):
 garbage-first heap   total 712704K, used 206770K [0x0000000704800000, 0x0000000800000000)
  region size 2048K, 1 young (2048K), 1 survivors (2048K)
 Metaspace       used 22443K, committed 22720K, reserved 1114112K
  class space    used 2825K, committed 2944K, reserved 1048576K
}
Event: 393.350 GC heap before
{Heap before GC invocations=152 (full 1):
 garbage-first heap   total 712704K, used 630706K [0x0000000704800000, 0x0000000800000000)
  region size 2048K, 208 young (425984K), 1 survivors (2048K)
 Metaspace       used 22477K, committed 22720K, reserved 1114112K
  class space    used 2825K, committed 2944K, reserved 1048576K
}
Event: 393.353 GC heap after
{Heap after GC invocations=153 (full 1):
 garbage-first heap   total 712704K, used 206946K [0x0000000704800000, 0x0000000800000000)
  region size 2048K, 1 young (2048K), 1 survivors (2048K)
 Metaspace       used 22477K, committed 22720K, reserved 1114112K
  class space    used 2825K, committed 2944K, reserved 1048576K
}
Event: 400.044 GC heap before
{Heap before GC invocations=153 (full 1):
 garbage-first heap   total 712704K, used 630882K [0x0000000704800000, 0x0000000800000000)
  region size 2048K, 208 young (425984K), 1 survivors (2048K)
 Metaspace       used 22498K, committed 22784K, reserved 1114112K
  class space    used 2825K, committed 2944K, reserved 1048576K
}
Event: 400.045 GC heap after
{Heap after GC invocations=154 (full 1):
 garbage-first heap   total 712704K, used 206982K [0x0000000704800000, 0x0000000800000000)
  region size 2048K, 1 young (2048K), 1 survivors (2048K)
 Metaspace       used 22498K, committed 22784K, reserved 1114112K
  class space    used 2825K, committed 2944K, reserved 1048576K
}
Event: 400.568 GC heap before
{Heap before GC invocations=155 (full 1):
 garbage-first heap   total 710656K, used 630918K [0x0000000704800000, 0x0000000800000000)
  region size 2048K, 208 young (425984K), 1 survivors (2048K)
 Metaspace       used 22498K, committed 22784K, reserved 1114112K
  class space    used 2825K, committed 2944K, reserved 1048576K
}
Event: 400.569 GC heap after
{Heap after GC invocations=156 (full 1):
 garbage-first heap   total 710656K, used 206985K [0x0000000704800000, 0x0000000800000000)
  region size 2048K, 1 young (2048K), 1 survivors (2048K)
 Metaspace       used 22498K, committed 22784K, reserved 1114112K
  class space    used 2825K, committed 2944K, reserved 1048576K
}

