# JRE version: Java(TM) SE Runtime Environment (21.0.8+12) (build 21.0.8+12-LTS-250)
# Java VM: Java HotSpot(TM) 64-Bit Server VM (21.0.8+12-LTS-250, mixed mode, sharing, tiered, compressed oops, compressed class ptrs, g1 gc, windows-amd64)
GC Precious Log:
 CardTable entry size: 512
 Card Set container configuration: InlinePtr #cards 5 size 8 Array Of Cards #cards 12 size 40 Howl #buckets 4 coarsen threshold 1843 Howl Bitmap #cards 512 size 80 coarsen threshold 460 Card regions per heap region 1 cards per card region 2048
 CPUs: 4 total, 4 available
 Memory: 8061M
 Large Page Support: Disabled
 NUMA Support: Disabled
 Compressed Oops: Enabled (32-bit)
 Heap Region Size: 1M
 Heap Min Capacity: 8M
 Heap Initial Capacity: 126M
 Heap Max Capacity: 2016M
 Pre-touch: Disabled
 Parallel Workers: 4
 Concurrent Workers: 1
 Concurrent Refinement Workers: 4
 Periodic GC: Disabled
Heap:
 garbage-first heap   total 573440K, used 298914K [0x0000000082000000, 0x0000000100000000)
  region size 1024K, 16 young (16384K), 8 survivors (8192K)
 Metaspace       used 18076K, committed 18432K, reserved 1114112K
  class space    used 2214K, committed 2368K, reserved 1048576K
GC Heap History (20 events):
Event: 100.793 GC heap before
{Heap before GC invocations=83 (full 0):
 garbage-first heap   total 445440K, used 268427K [0x0000000082000000, 0x0000000100000000)
  region size 1024K, 3 young (3072K), 1 survivors (1024K)
 Metaspace       used 16621K, committed 16896K, reserved 1114112K
  class space    used 2017K, committed 2176K, reserved 1048576K
}
Event: 100.794 GC heap after
{Heap after GC invocations=84 (full 0):
 garbage-first heap   total 445440K, used 268440K [0x0000000082000000, 0x0000000100000000)
  region size 1024K, 1 young (1024K), 1 survivors (1024K)
 Metaspace       used 16621K, committed 16896K, reserved 1114112K
  class space    used 2017K, committed 2176K, reserved 1048576K
}
Event: 100.817 GC heap before
{Heap before GC invocations=85 (full 0):
 garbage-first heap   total 464896K, used 278680K [0x0000000082000000, 0x0000000100000000)
  region size 1024K, 3 young (3072K), 1 survivors (1024K)
 Metaspace       used 16621K, committed 16896K, reserved 1114112K
  class space    used 2017K, committed 2176K, reserved 1048576K
}
Event: 100.818 GC heap after
{Heap after GC invocations=86 (full 0):
 garbage-first heap   total 464896K, used 277648K [0x0000000082000000, 0x0000000100000000)
  region size 1024K, 1 young (1024K), 1 survivors (1024K)
 Metaspace       used 16621K, committed 16896K, reserved 1114112K
  class space    used 2017K, committed 2176K, reserved 1048576K
}
Event: 100.841 GC heap before
{Heap before GC invocations=87 (full 0):
 garbage-first heap   total 488448K, used 293008K [0x0000000082000000, 0x0000000100000000)
  region size 1024K, 4 young (4096K), 1 survivors (1024K)
 Metaspace       used 16622K, committed 16896K, reserved 1114112K
  class space    used 2017K, committed 2176K, reserved 1048576K
}
Event: 100.842 GC heap after
{Heap after GC invocations=88 (full 0):
 garbage-first heap   total 488448K, used 292020K [0x0000000082000000, 0x0000000100000000)
  region size 1024K, 1 young (1024K), 1 survivors (1024K)
 Metaspace       used 16622K, committed 16896K, reserved 1114112K
  class space    used 2017K, committed 2176K, reserved 1048576K
}
Event: 101.839 GC heap before
{Heap before GC invocations=89 (full 0):
 garbage-first heap   total 493568K, used 389300K [0x0000000082000000, 0x0000000100000000)
  region size 1024K, 95 young (97280K), 1 survivors (1024K)
 Metaspace       used 16944K, committed 17216K, reserved 1114112K
  class space    used 2058K, committed 2176K, reserved 1048576K
}
Event: 101.841 GC heap after
{Heap after GC invocations=90 (full 0):
 garbage-first heap   total 493568K, used 293004K [0x0000000082000000, 0x0000000100000000)
  region size 1024K, 1 young (1024K), 1 survivors (1024K)
 Metaspace       used 16944K, committed 17216K, reserved 1114112K
  class space    used 2058K, committed 2176K, reserved 1048576K
}
Event: 104.740 GC heap before
{Heap before GC invocations=91 (full 0):
 garbage-first heap   total 573440K, used 400524K [0x0000000082000000, 0x0000000100000000)
  region size 1024K, 108 young (110592K), 1 survivors (1024K)
 Metaspace       used 17240K, committed 17472K, reserved 1114112K
  class space    used 2080K, committed 2176K, reserved 1048576K
}
Event: 104.744 GC heap after
{Heap after GC invocations=92 (full 0):
 garbage-first heap   total 573440K, used 235365K [0x0000000082000000, 0x0000000100000000)
  region size 1024K, 6 young (6144K), 6 survivors (6144K)
 Metaspace       used 17240K, committed 17472K, reserved 1114112K
  class space    used 2080K, committed 2176K, reserved 1048576K
}
Event: 104.774 GC heap before
{Heap before GC invocations=93 (full 0):
 garbage-first heap   total 573440K, used 261989K [0x0000000082000000, 0x0000000100000000)
  region size 1024K, 9 young (9216K), 6 survivors (6144K)
 Metaspace       used 17240K, committed 17472K, reserved 1114112K
  class space    used 2080K, committed 2176K, reserved 1048576K
}
Event: 104.779 GC heap after
{Heap after GC invocations=94 (full 0):
 garbage-first heap   total 573440K, used 261259K [0x0000000082000000, 0x0000000100000000)
  region size 1024K, 7 young (7168K), 7 survivors (7168K)
 Metaspace       used 17240K, committed 17472K, reserved 1114112K
  class space    used 2080K, committed 2176K, reserved 1048576K
}
Event: 104.810 GC heap before
{Heap before GC invocations=95 (full 0):
 garbage-first heap   total 573440K, used 277643K [0x0000000082000000, 0x0000000100000000)
  region size 1024K, 11 young (11264K), 7 survivors (7168K)
 Metaspace       used 17451K, committed 17728K, reserved 1114112K
  class space    used 2126K, committed 2240K, reserved 1048576K
}
Event: 104.815 GC heap after
{Heap after GC invocations=96 (full 0):
 garbage-first heap   total 573440K, used 275857K [0x0000000082000000, 0x0000000100000000)
  region size 1024K, 7 young (7168K), 7 survivors (7168K)
 Metaspace       used 17451K, committed 17728K, reserved 1114112K
  class space    used 2126K, committed 2240K, reserved 1048576K
}
Event: 104.911 GC heap before
{Heap before GC invocations=97 (full 0):
 garbage-first heap   total 573440K, used 286097K [0x0000000082000000, 0x0000000100000000)
  region size 1024K, 12 young (12288K), 7 survivors (7168K)
 Metaspace       used 17626K, committed 17920K, reserved 1114112K
  class space    used 2143K, committed 2304K, reserved 1048576K
}
Event: 104.915 GC heap after
{Heap after GC invocations=98 (full 0):
 garbage-first heap   total 573440K, used 281184K [0x0000000082000000, 0x0000000100000000)
  region size 1024K, 8 young (8192K), 8 survivors (8192K)
 Metaspace       used 17626K, committed 17920K, reserved 1114112K
  class space    used 2143K, committed 2304K, reserved 1048576K
}
Event: 104.986 GC heap before
{Heap before GC invocations=99 (full 0):
 garbage-first heap   total 573440K, used 286304K [0x0000000082000000, 0x0000000100000000)
  region size 1024K, 9 young (9216K), 8 survivors (8192K)
 Metaspace       used 17628K, committed 17920K, reserved 1114112K
  class space    used 2143K, committed 2304K, reserved 1048576K
}
Event: 104.989 GC heap after
{Heap after GC invocations=100 (full 0):
 garbage-first heap   total 573440K, used 286607K [0x0000000082000000, 0x0000000100000000)
  region size 1024K, 8 young (8192K), 8 survivors (8192K)
 Metaspace       used 17628K, committed 17920K, reserved 1114112K
  class space    used 2143K, committed 2304K, reserved 1048576K
}
Event: 106.167 GC heap before
{Heap before GC invocations=101 (full 0):
 garbage-first heap   total 573440K, used 541583K [0x0000000082000000, 0x0000000100000000)
  region size 1024K, 252 young (258048K), 8 survivors (8192K)
 Metaspace       used 18049K, committed 18368K, reserved 1114112K
  class space    used 2208K, committed 2368K, reserved 1048576K
}
Event: 106.170 GC heap after
{Heap after GC invocations=102 (full 0):
 garbage-first heap   total 573440K, used 291746K [0x0000000082000000, 0x0000000100000000)
  region size 1024K, 8 young (8192K), 8 survivors (8192K)
 Metaspace       used 18049K, committed 18368K, reserved 1114112K
  class space    used 2208K, committed 2368K, reserved 1048576K
}

