# JRE version: Java(TM) SE Runtime Environment (21.0.8+12) (build 21.0.8+12-LTS-250)
# Java VM: Java HotSpot(TM) 64-Bit Server VM (21.0.8+12-LTS-250, mixed mode, sharing, tiered, compressed oops, compressed class ptrs, g1 gc, windows-amd64)
GC Precious Log:
 CardTable entry size: 512
 Card Set container configuration: InlinePtr #cards 5 size 8 Array Of Cards #cards 12 size 40 Howl #buckets 4 coarsen threshold 1843 Howl Bitmap #cards 512 size 80 coarsen threshold 460 Card regions per heap region 1 cards per card region 2048
 CPUs: 4 total, 4 available
 Memory: 8061M
 Large Page Support: Disabled
 NUMA Support: Disabled
 Compressed Oops: Enabled (32-bit)
 Heap Region Size: 1M
 Heap Min Capacity: 8M
 Heap Initial Capacity: 126M
 Heap Max Capacity: 2016M
 Pre-touch: Disabled
 Parallel Workers: 4
 Concurrent Workers: 1
 Concurrent Refinement Workers: 4
 Periodic GC: Disabled
Heap:
 garbage-first heap   total 570368K, used 466915K [0x0000000082000000, 0x0000000100000000)
  region size 1024K, 174 young (178176K), 2 survivors (2048K)
 Metaspace       used 18095K, committed 18368K, reserved 1114112K
  class space    used 2210K, committed 2368K, reserved 1048576K
GC Heap History (20 events):
Event: 142.133 GC heap before
{Heap before GC invocations=111 (full 0):
 garbage-first heap   total 567296K, used 532793K [0x0000000082000000, 0x0000000100000000)
  region size 1024K, 239 young (244736K), 4 survivors (4096K)
 Metaspace       used 17210K, committed 17536K, reserved 1114112K
  class space    used 2077K, committed 2240K, reserved 1048576K
}
Event: 142.135 GC heap after
{Heap after GC invocations=112 (full 0):
 garbage-first heap   total 567296K, used 292203K [0x0000000082000000, 0x0000000100000000)
  region size 1024K, 4 young (4096K), 4 survivors (4096K)
 Metaspace       used 17210K, committed 17536K, reserved 1114112K
  class space    used 2077K, committed 2240K, reserved 1048576K
}
Event: 143.175 GC heap before
{Heap before GC invocations=112 (full 0):
 garbage-first heap   total 567296K, used 532843K [0x0000000082000000, 0x0000000100000000)
  region size 1024K, 239 young (244736K), 4 survivors (4096K)
 Metaspace       used 17210K, committed 17536K, reserved 1114112K
  class space    used 2077K, committed 2240K, reserved 1048576K
}
Event: 143.177 GC heap after
{Heap after GC invocations=113 (full 0):
 garbage-first heap   total 567296K, used 292248K [0x0000000082000000, 0x0000000100000000)
  region size 1024K, 4 young (4096K), 4 survivors (4096K)
 Metaspace       used 17210K, committed 17536K, reserved 1114112K
  class space    used 2077K, committed 2240K, reserved 1048576K
}
Event: 152.548 GC heap before
{Heap before GC invocations=114 (full 0):
 garbage-first heap   total 567296K, used 532888K [0x0000000082000000, 0x0000000100000000)
  region size 1024K, 239 young (244736K), 4 survivors (4096K)
 Metaspace       used 17210K, committed 17536K, reserved 1114112K
  class space    used 2077K, committed 2240K, reserved 1048576K
}
Event: 152.550 GC heap after
{Heap after GC invocations=115 (full 0):
 garbage-first heap   total 567296K, used 292299K [0x0000000082000000, 0x0000000100000000)
  region size 1024K, 4 young (4096K), 4 survivors (4096K)
 Metaspace       used 17210K, committed 17536K, reserved 1114112K
  class space    used 2077K, committed 2240K, reserved 1048576K
}
Event: 154.352 GC heap before
{Heap before GC invocations=115 (full 0):
 garbage-first heap   total 567296K, used 532939K [0x0000000082000000, 0x0000000100000000)
  region size 1024K, 239 young (244736K), 4 survivors (4096K)
 Metaspace       used 17210K, committed 17536K, reserved 1114112K
  class space    used 2077K, committed 2240K, reserved 1048576K
}
Event: 154.355 GC heap after
{Heap after GC invocations=116 (full 0):
 garbage-first heap   total 567296K, used 292341K [0x0000000082000000, 0x0000000100000000)
  region size 1024K, 1 young (1024K), 1 survivors (1024K)
 Metaspace       used 17210K, committed 17536K, reserved 1114112K
  class space    used 2077K, committed 2240K, reserved 1048576K
}
Event: 162.661 GC heap before
{Heap before GC invocations=117 (full 0):
 garbage-first heap   total 567296K, used 535029K [0x0000000082000000, 0x0000000100000000)
  region size 1024K, 238 young (243712K), 1 survivors (1024K)
 Metaspace       used 17210K, committed 17536K, reserved 1114112K
  class space    used 2077K, committed 2240K, reserved 1048576K
}
Event: 162.663 GC heap after
{Heap after GC invocations=118 (full 0):
 garbage-first heap   total 567296K, used 292341K [0x0000000082000000, 0x0000000100000000)
  region size 1024K, 1 young (1024K), 1 survivors (1024K)
 Metaspace       used 17210K, committed 17536K, reserved 1114112K
  class space    used 2077K, committed 2240K, reserved 1048576K
}
Event: 165.399 GC heap before
{Heap before GC invocations=118 (full 0):
 garbage-first heap   total 567296K, used 535029K [0x0000000082000000, 0x0000000100000000)
  region size 1024K, 238 young (243712K), 1 survivors (1024K)
 Metaspace       used 17210K, committed 17536K, reserved 1114112K
  class space    used 2077K, committed 2240K, reserved 1048576K
}
Event: 165.400 GC heap after
{Heap after GC invocations=119 (full 0):
 garbage-first heap   total 567296K, used 292201K [0x0000000082000000, 0x0000000100000000)
  region size 1024K, 1 young (1024K), 1 survivors (1024K)
 Metaspace       used 17210K, committed 17536K, reserved 1114112K
  class space    used 2077K, committed 2240K, reserved 1048576K
}
Event: 172.823 GC heap before
{Heap before GC invocations=119 (full 0):
 garbage-first heap   total 567296K, used 534889K [0x0000000082000000, 0x0000000100000000)
  region size 1024K, 238 young (243712K), 1 survivors (1024K)
 Metaspace       used 17210K, committed 17536K, reserved 1114112K
  class space    used 2077K, committed 2240K, reserved 1048576K
}
Event: 172.824 GC heap after
{Heap after GC invocations=120 (full 0):
 garbage-first heap   total 567296K, used 292201K [0x0000000082000000, 0x0000000100000000)
  region size 1024K, 1 young (1024K), 1 survivors (1024K)
 Metaspace       used 17210K, committed 17536K, reserved 1114112K
  class space    used 2077K, committed 2240K, reserved 1048576K
}
Event: 176.751 GC heap before
{Heap before GC invocations=121 (full 0):
 garbage-first heap   total 567296K, used 476521K [0x0000000082000000, 0x0000000100000000)
  region size 1024K, 238 young (243712K), 1 survivors (1024K)
 Metaspace       used 17210K, committed 17536K, reserved 1114112K
  class space    used 2077K, committed 2240K, reserved 1048576K
}
Event: 176.752 GC heap after
{Heap after GC invocations=122 (full 0):
 garbage-first heap   total 567296K, used 233833K [0x0000000082000000, 0x0000000100000000)
  region size 1024K, 1 young (1024K), 1 survivors (1024K)
 Metaspace       used 17210K, committed 17536K, reserved 1114112K
  class space    used 2077K, committed 2240K, reserved 1048576K
}
Event: 183.574 GC heap before
{Heap before GC invocations=122 (full 0):
 garbage-first heap   total 567296K, used 564585K [0x0000000082000000, 0x0000000100000000)
  region size 1024K, 268 young (274432K), 1 survivors (1024K)
 Metaspace       used 18014K, committed 18304K, reserved 1114112K
  class space    used 2203K, committed 2368K, reserved 1048576K
}
Event: 183.578 GC heap after
{Heap after GC invocations=123 (full 0):
 garbage-first heap   total 570368K, used 291751K [0x0000000082000000, 0x0000000100000000)
  region size 1024K, 2 young (2048K), 2 survivors (2048K)
 Metaspace       used 18014K, committed 18304K, reserved 1114112K
  class space    used 2203K, committed 2368K, reserved 1048576K
}
Event: 189.852 GC heap before
{Heap before GC invocations=123 (full 0):
 garbage-first heap   total 570368K, used 536487K [0x0000000082000000, 0x0000000100000000)
  region size 1024K, 242 young (247808K), 2 survivors (2048K)
 Metaspace       used 18064K, committed 18368K, reserved 1114112K
  class space    used 2205K, committed 2368K, reserved 1048576K
}
Event: 189.857 GC heap after
{Heap after GC invocations=124 (full 0):
 garbage-first heap   total 570368K, used 291811K [0x0000000082000000, 0x0000000100000000)
  region size 1024K, 2 young (2048K), 2 survivors (2048K)
 Metaspace       used 18064K, committed 18368K, reserved 1114112K
  class space    used 2205K, committed 2368K, reserved 1048576K
}

