# JRE version: Java(TM) SE Runtime Environment (21.0.8+12) (build 21.0.8+12-LTS-250)
# Java VM: Java HotSpot(TM) 64-Bit Server VM (21.0.8+12-LTS-250, mixed mode, sharing, tiered, compressed oops, compressed class ptrs, g1 gc, windows-amd64)
GC Precious Log:
 CardTable entry size: 512
 Card Set container configuration: InlinePtr #cards 5 size 8 Array Of Cards #cards 12 size 40 Howl #buckets 4 coarsen threshold 1843 Howl Bitmap #cards 512 size 80 coarsen threshold 460 Card regions per heap region 1 cards per card region 2048
 CPUs: 4 total, 4 available
 Memory: 8061M
 Large Page Support: Disabled
 NUMA Support: Disabled
 Compressed Oops: Enabled (32-bit)
 Heap Region Size: 1M
 Heap Min Capacity: 8M
 Heap Initial Capacity: 126M
 Heap Max Capacity: 2016M
 Pre-touch: Disabled
 Parallel Workers: 4
 Concurrent Workers: 1
 Concurrent Refinement Workers: 4
 Periodic GC: Disabled
Heap:
 garbage-first heap   total 331776K, used 258138K [0x0000000082000000, 0x0000000100000000)
  region size 1024K, 25 young (25600K), 3 survivors (3072K)
 Metaspace       used 17075K, committed 17408K, reserved 1114112K
  class space    used 2141K, committed 2304K, reserved 1048576K
GC Heap History (20 events):
Event: 10.640 GC heap before
{Heap before GC invocations=12 (full 0):
 garbage-first heap   total 129024K, used 81496K [0x0000000082000000, 0x0000000100000000)
  region size 1024K, 75 young (76800K), 3 survivors (3072K)
 Metaspace       used 14902K, committed 15232K, reserved 1114112K
  class space    used 1856K, committed 2048K, reserved 1048576K
}
Event: 10.643 GC heap after
{Heap after GC invocations=13 (full 0):
 garbage-first heap   total 129024K, used 7994K [0x0000000082000000, 0x0000000100000000)
  region size 1024K, 3 young (3072K), 3 survivors (3072K)
 Metaspace       used 14902K, committed 15232K, reserved 1114112K
  class space    used 1856K, committed 2048K, reserved 1048576K
}
Event: 12.038 GC heap before
{Heap before GC invocations=13 (full 0):
 garbage-first heap   total 129024K, used 102202K [0x0000000082000000, 0x0000000100000000)
  region size 1024K, 45 young (46080K), 3 survivors (3072K)
 Metaspace       used 15331K, committed 15552K, reserved 1114112K
  class space    used 1922K, committed 2048K, reserved 1048576K
}
Event: 12.043 GC heap after
{Heap after GC invocations=14 (full 0):
 garbage-first heap   total 129024K, used 71616K [0x0000000082000000, 0x0000000100000000)
  region size 1024K, 10 young (10240K), 10 survivors (10240K)
 Metaspace       used 15331K, committed 15552K, reserved 1114112K
  class space    used 1922K, committed 2048K, reserved 1048576K
}
Event: 12.055 GC heap before
{Heap before GC invocations=15 (full 0):
 garbage-first heap   total 129024K, used 73664K [0x0000000082000000, 0x0000000100000000)
  region size 1024K, 11 young (11264K), 10 survivors (10240K)
 Metaspace       used 15333K, committed 15616K, reserved 1114112K
  class space    used 1922K, committed 2048K, reserved 1048576K
}
Event: 12.060 GC heap after
{Heap after GC invocations=16 (full 0):
 garbage-first heap   total 129024K, used 73268K [0x0000000082000000, 0x0000000100000000)
  region size 1024K, 1 young (1024K), 1 survivors (1024K)
 Metaspace       used 15333K, committed 15616K, reserved 1114112K
  class space    used 1922K, committed 2048K, reserved 1048576K
}
Event: 12.557 GC heap before
{Heap before GC invocations=17 (full 0):
 garbage-first heap   total 188416K, used 186932K [0x0000000082000000, 0x0000000100000000)
  region size 1024K, 2 young (2048K), 1 survivors (1024K)
 Metaspace       used 15373K, committed 15616K, reserved 1114112K
  class space    used 1925K, committed 2048K, reserved 1048576K
}
Event: 12.558 GC heap after
{Heap after GC invocations=18 (full 0):
 garbage-first heap   total 189440K, used 185820K [0x0000000082000000, 0x0000000100000000)
  region size 1024K, 1 young (1024K), 1 survivors (1024K)
 Metaspace       used 15373K, committed 15616K, reserved 1114112K
  class space    used 1925K, committed 2048K, reserved 1048576K
}
Event: 12.708 GC heap before
{Heap before GC invocations=18 (full 0):
 garbage-first heap   total 190464K, used 187868K [0x0000000082000000, 0x0000000100000000)
  region size 1024K, 2 young (2048K), 1 survivors (1024K)
 Metaspace       used 15409K, committed 15680K, reserved 1114112K
  class space    used 1931K, committed 2048K, reserved 1048576K
}
Event: 12.710 GC heap after
{Heap after GC invocations=19 (full 0):
 garbage-first heap   total 192512K, used 188348K [0x0000000082000000, 0x0000000100000000)
  region size 1024K, 1 young (1024K), 1 survivors (1024K)
 Metaspace       used 15409K, committed 15680K, reserved 1114112K
  class space    used 1931K, committed 2048K, reserved 1048576K
}
Event: 12.907 GC heap before
{Heap before GC invocations=19 (full 0):
 garbage-first heap   total 192512K, used 189372K [0x0000000082000000, 0x0000000100000000)
  region size 1024K, 3 young (3072K), 1 survivors (1024K)
 Metaspace       used 15437K, committed 15680K, reserved 1114112K
  class space    used 1931K, committed 2048K, reserved 1048576K
}
Event: 12.909 GC heap after
{Heap after GC invocations=20 (full 0):
 garbage-first heap   total 193536K, used 189947K [0x0000000082000000, 0x0000000100000000)
  region size 1024K, 1 young (1024K), 1 survivors (1024K)
 Metaspace       used 15437K, committed 15680K, reserved 1114112K
  class space    used 1931K, committed 2048K, reserved 1048576K
}
Event: 13.057 GC heap before
{Heap before GC invocations=21 (full 0):
 garbage-first heap   total 319488K, used 190971K [0x0000000082000000, 0x0000000100000000)
  region size 1024K, 3 young (3072K), 1 survivors (1024K)
 Metaspace       used 15511K, committed 15808K, reserved 1114112K
  class space    used 1947K, committed 2112K, reserved 1048576K
}
Event: 13.060 GC heap after
{Heap after GC invocations=22 (full 0):
 garbage-first heap   total 319488K, used 191732K [0x0000000082000000, 0x0000000100000000)
  region size 1024K, 1 young (1024K), 1 survivors (1024K)
 Metaspace       used 15511K, committed 15808K, reserved 1114112K
  class space    used 1947K, committed 2112K, reserved 1048576K
}
Event: 16.246 GC heap before
{Heap before GC invocations=22 (full 0):
 garbage-first heap   total 319488K, used 246004K [0x0000000082000000, 0x0000000100000000)
  region size 1024K, 55 young (56320K), 1 survivors (1024K)
 Metaspace       used 15769K, committed 16064K, reserved 1114112K
  class space    used 1980K, committed 2112K, reserved 1048576K
}
Event: 16.248 GC heap after
{Heap after GC invocations=23 (full 0):
 garbage-first heap   total 319488K, used 191646K [0x0000000082000000, 0x0000000100000000)
  region size 1024K, 2 young (2048K), 2 survivors (2048K)
 Metaspace       used 15769K, committed 16064K, reserved 1114112K
  class space    used 1980K, committed 2112K, reserved 1048576K
}
Event: 19.009 GC heap before
{Heap before GC invocations=23 (full 0):
 garbage-first heap   total 319488K, used 250014K [0x0000000082000000, 0x0000000100000000)
  region size 1024K, 61 young (62464K), 2 survivors (2048K)
 Metaspace       used 15949K, committed 16192K, reserved 1114112K
  class space    used 1993K, committed 2112K, reserved 1048576K
}
Event: 19.011 GC heap after
{Heap after GC invocations=24 (full 0):
 garbage-first heap   total 319488K, used 191926K [0x0000000082000000, 0x0000000100000000)
  region size 1024K, 2 young (2048K), 2 survivors (2048K)
 Metaspace       used 15949K, committed 16192K, reserved 1114112K
  class space    used 1993K, committed 2112K, reserved 1048576K
}
Event: 20.095 GC heap before
{Heap before GC invocations=25 (full 0):
 garbage-first heap   total 331776K, used 302518K [0x0000000082000000, 0x0000000100000000)
  region size 1024K, 67 young (68608K), 2 survivors (2048K)
 Metaspace       used 17001K, committed 17280K, reserved 1114112K
  class space    used 2136K, committed 2304K, reserved 1048576K
}
Event: 20.100 GC heap after
{Heap after GC invocations=26 (full 0):
 garbage-first heap   total 331776K, used 236634K [0x0000000082000000, 0x0000000100000000)
  region size 1024K, 3 young (3072K), 3 survivors (3072K)
 Metaspace       used 17001K, committed 17280K, reserved 1114112K
  class space    used 2136K, committed 2304K, reserved 1048576K
}

