# JRE version: Java(TM) SE Runtime Environment (21.0.8+12) (build 21.0.8+12-LTS-250)
# Java VM: Java HotSpot(TM) 64-Bit Server VM (21.0.8+12-LTS-250, mixed mode, sharing, tiered, compressed oops, compressed class ptrs, g1 gc, windows-amd64)
GC Precious Log:
 CardTable entry size: 512
 Card Set container configuration: InlinePtr #cards 5 size 8 Array Of Cards #cards 12 size 40 Howl #buckets 4 coarsen threshold 1843 Howl Bitmap #cards 512 size 80 coarsen threshold 460 Card regions per heap region 1 cards per card region 2048
 CPUs: 4 total, 4 available
 Memory: 8061M
 Large Page Support: Disabled
 NUMA Support: Disabled
 Compressed Oops: Enabled (32-bit)
 Heap Region Size: 1M
 Heap Min Capacity: 8M
 Heap Initial Capacity: 126M
 Heap Max Capacity: 2016M
 Pre-touch: Disabled
 Parallel Workers: 4
 Concurrent Workers: 1
 Concurrent Refinement Workers: 4
 Periodic GC: Disabled
Heap:
 garbage-first heap   total 380928K, used 237557K [0x0000000082000000, 0x0000000100000000)
  region size 1024K, 36 young (36864K), 4 survivors (4096K)
 Metaspace       used 23189K, committed 23488K, reserved 1114112K
  class space    used 2799K, committed 2944K, reserved 1048576K
GC Heap History (20 events):
Event: 8.357 GC heap before
{Heap before GC invocations=8 (full 0):
 garbage-first heap   total 129024K, used 73912K [0x0000000082000000, 0x0000000100000000)
  region size 1024K, 5 young (5120K), 3 survivors (3072K)
 Metaspace       used 14567K, committed 14784K, reserved 1114112K
  class space    used 1669K, committed 1792K, reserved 1048576K
}
Event: 8.358 GC heap after
{Heap after GC invocations=9 (full 0):
 garbage-first heap   total 129024K, used 72606K [0x0000000082000000, 0x0000000100000000)
  region size 1024K, 2 young (2048K), 2 survivors (2048K)
 Metaspace       used 14567K, committed 14784K, reserved 1114112K
  class space    used 1669K, committed 1792K, reserved 1048576K
}
Event: 9.678 GC heap before
{Heap before GC invocations=10 (full 0):
 garbage-first heap   total 197632K, used 196510K [0x0000000082000000, 0x0000000100000000)
  region size 1024K, 6 young (6144K), 2 survivors (2048K)
 Metaspace       used 14573K, committed 14784K, reserved 1114112K
  class space    used 1672K, committed 1792K, reserved 1048576K
}
Event: 9.679 GC heap after
{Heap after GC invocations=11 (full 0):
 garbage-first heap   total 200704K, used 194268K [0x0000000082000000, 0x0000000100000000)
  region size 1024K, 3 young (3072K), 3 survivors (3072K)
 Metaspace       used 14573K, committed 14784K, reserved 1114112K
  class space    used 1672K, committed 1792K, reserved 1048576K
}
Event: 9.770 GC heap before
{Heap before GC invocations=11 (full 0):
 garbage-first heap   total 200704K, used 196316K [0x0000000082000000, 0x0000000100000000)
  region size 1024K, 6 young (6144K), 3 survivors (3072K)
 Metaspace       used 14609K, committed 14912K, reserved 1114112K
  class space    used 1672K, committed 1792K, reserved 1048576K
}
Event: 9.772 GC heap after
{Heap after GC invocations=12 (full 0):
 garbage-first heap   total 204800K, used 197108K [0x0000000082000000, 0x0000000100000000)
  region size 1024K, 1 young (1024K), 1 survivors (1024K)
 Metaspace       used 14609K, committed 14912K, reserved 1114112K
  class space    used 1672K, committed 1792K, reserved 1048576K
}
Event: 9.842 GC heap before
{Heap before GC invocations=12 (full 0):
 garbage-first heap   total 204800K, used 202228K [0x0000000082000000, 0x0000000100000000)
  region size 1024K, 7 young (7168K), 1 survivors (1024K)
 Metaspace       used 15156K, committed 15424K, reserved 1114112K
  class space    used 1739K, committed 1856K, reserved 1048576K
}
Event: 9.845 GC heap after
{Heap after GC invocations=13 (full 0):
 garbage-first heap   total 207872K, used 200167K [0x0000000082000000, 0x0000000100000000)
  region size 1024K, 1 young (1024K), 1 survivors (1024K)
 Metaspace       used 15156K, committed 15424K, reserved 1114112K
  class space    used 1739K, committed 1856K, reserved 1048576K
}
Event: 9.905 GC heap before
{Heap before GC invocations=14 (full 0):
 garbage-first heap   total 337920K, used 205287K [0x0000000082000000, 0x0000000100000000)
  region size 1024K, 7 young (7168K), 1 survivors (1024K)
 Metaspace       used 16297K, committed 16512K, reserved 1114112K
  class space    used 1970K, committed 2048K, reserved 1048576K
}
Event: 9.908 GC heap after
{Heap after GC invocations=15 (full 0):
 garbage-first heap   total 337920K, used 200354K [0x0000000082000000, 0x0000000100000000)
  region size 1024K, 1 young (1024K), 1 survivors (1024K)
 Metaspace       used 16297K, committed 16512K, reserved 1114112K
  class space    used 1970K, committed 2048K, reserved 1048576K
}
Event: 21.521 GC heap before
{Heap before GC invocations=15 (full 0):
 garbage-first heap   total 337920K, used 286370K [0x0000000082000000, 0x0000000100000000)
  region size 1024K, 84 young (86016K), 1 survivors (1024K)
 Metaspace       used 22529K, committed 22848K, reserved 1114112K
  class space    used 2784K, committed 2944K, reserved 1048576K
}
Event: 21.531 GC heap after
{Heap after GC invocations=16 (full 0):
 garbage-first heap   total 337920K, used 207317K [0x0000000082000000, 0x0000000100000000)
  region size 1024K, 6 young (6144K), 6 survivors (6144K)
 Metaspace       used 22529K, committed 22848K, reserved 1114112K
  class space    used 2784K, committed 2944K, reserved 1048576K
}
Event: 38.771 GC heap before
{Heap before GC invocations=16 (full 0):
 garbage-first heap   total 337920K, used 296405K [0x0000000082000000, 0x0000000100000000)
  region size 1024K, 94 young (96256K), 6 survivors (6144K)
 Metaspace       used 22923K, committed 23232K, reserved 1114112K
  class space    used 2791K, committed 2944K, reserved 1048576K
}
Event: 38.783 GC heap after
{Heap after GC invocations=17 (full 0):
 garbage-first heap   total 337920K, used 207263K [0x0000000082000000, 0x0000000100000000)
  region size 1024K, 6 young (6144K), 6 survivors (6144K)
 Metaspace       used 22923K, committed 23232K, reserved 1114112K
  class space    used 2791K, committed 2944K, reserved 1048576K
}
Event: 52.878 GC heap before
{Heap before GC invocations=18 (full 0):
 garbage-first heap   total 352256K, used 305567K [0x0000000082000000, 0x0000000100000000)
  region size 1024K, 103 young (105472K), 6 survivors (6144K)
 Metaspace       used 23134K, committed 23424K, reserved 1114112K
  class space    used 2791K, committed 2944K, reserved 1048576K
}
Event: 52.885 GC heap after
{Heap after GC invocations=19 (full 0):
 garbage-first heap   total 352256K, used 207722K [0x0000000082000000, 0x0000000100000000)
  region size 1024K, 6 young (6144K), 6 survivors (6144K)
 Metaspace       used 23134K, committed 23424K, reserved 1114112K
  class space    used 2791K, committed 2944K, reserved 1048576K
}
Event: 69.839 GC heap before
{Heap before GC invocations=19 (full 0):
 garbage-first heap   total 352256K, used 325482K [0x0000000082000000, 0x0000000100000000)
  region size 1024K, 122 young (124928K), 6 survivors (6144K)
 Metaspace       used 23158K, committed 23488K, reserved 1114112K
  class space    used 2791K, committed 2944K, reserved 1048576K
}
Event: 69.850 GC heap after
{Heap after GC invocations=20 (full 0):
 garbage-first heap   total 352256K, used 206770K [0x0000000082000000, 0x0000000100000000)
  region size 1024K, 5 young (5120K), 5 survivors (5120K)
 Metaspace       used 23158K, committed 23488K, reserved 1114112K
  class space    used 2791K, committed 2944K, reserved 1048576K
}
Event: 78.314 GC heap before
{Heap before GC invocations=20 (full 0):
 garbage-first heap   total 352256K, used 328626K [0x0000000082000000, 0x0000000100000000)
  region size 1024K, 124 young (126976K), 5 survivors (5120K)
 Metaspace       used 23168K, committed 23488K, reserved 1114112K
  class space    used 2794K, committed 2944K, reserved 1048576K
}
Event: 78.320 GC heap after
{Heap after GC invocations=21 (full 0):
 garbage-first heap   total 352256K, used 205813K [0x0000000082000000, 0x0000000100000000)
  region size 1024K, 4 young (4096K), 4 survivors (4096K)
 Metaspace       used 23168K, committed 23488K, reserved 1114112K
  class space    used 2794K, committed 2944K, reserved 1048576K
}

