# JRE version: OpenJDK Runtime Environment Microsoft-11933218 (21.0.8+9) (build 21.0.8+9-LTS)
# Java VM: OpenJDK 64-Bit Server VM Microsoft-11933218 (21.0.8+9-LTS, mixed mode, sharing, tiered, compressed oops, compressed class ptrs, g1 gc, windows-amd64)
GC Precious Log:
 CardTable entry size: 512
 Card Set container configuration: InlinePtr #cards 4 size 8 Array Of Cards #cards 16 size 48 Howl #buckets 8 coarsen threshold 3686 Howl Bitmap #cards 512 size 80 coarsen threshold 460 Card regions per heap region 1 cards per card region 4096
 CPUs: 12 total, 12 available
 Memory: 16091M
 Large Page Support: Disabled
 NUMA Support: Disabled
 Compressed Oops: Enabled (Zero based)
 Heap Region Size: 2M
 Heap Min Capacity: 8M
 Heap Initial Capacity: 252M
 Heap Max Capacity: 4024M
 Pre-touch: Disabled
 Parallel Workers: 10
 Concurrent Workers: 3
 Concurrent Refinement Workers: 10
 Periodic GC: Disabled
Heap:
 garbage-first heap   total 520192K, used 283263K [0x0000000704800000, 0x0000000800000000)
  region size 2048K, 44 young (90112K), 3 survivors (6144K)
 Metaspace       used 21978K, committed 22272K, reserved 1114112K
  class space    used 2803K, committed 2944K, reserved 1048576K
GC Heap History (20 events):
Event: 151.255 GC heap before
{Heap before GC invocations=65 (full 0):
 garbage-first heap   total 520192K, used 482628K [0x0000000704800000, 0x0000000800000000)
  region size 2048K, 141 young (288768K), 2 survivors (4096K)
 Metaspace       used 21851K, committed 22208K, reserved 1114112K
  class space    used 2798K, committed 2944K, reserved 1048576K
}
Event: 151.257 GC heap after
{Heap after GC invocations=66 (full 0):
 garbage-first heap   total 520192K, used 199939K [0x0000000704800000, 0x0000000800000000)
  region size 2048K, 2 young (4096K), 2 survivors (4096K)
 Metaspace       used 21851K, committed 22208K, reserved 1114112K
  class space    used 2798K, committed 2944K, reserved 1048576K
}
Event: 153.136 GC heap before
{Heap before GC invocations=66 (full 0):
 garbage-first heap   total 520192K, used 484611K [0x0000000704800000, 0x0000000800000000)
  region size 2048K, 141 young (288768K), 2 survivors (4096K)
 Metaspace       used 21852K, committed 22208K, reserved 1114112K
  class space    used 2798K, committed 2944K, reserved 1048576K
}
Event: 153.139 GC heap after
{Heap after GC invocations=67 (full 0):
 garbage-first heap   total 520192K, used 200046K [0x0000000704800000, 0x0000000800000000)
  region size 2048K, 2 young (4096K), 2 survivors (4096K)
 Metaspace       used 21852K, committed 22208K, reserved 1114112K
  class space    used 2798K, committed 2944K, reserved 1048576K
}
Event: 154.416 GC heap before
{Heap before GC invocations=67 (full 0):
 garbage-first heap   total 520192K, used 484718K [0x0000000704800000, 0x0000000800000000)
  region size 2048K, 141 young (288768K), 2 survivors (4096K)
 Metaspace       used 21853K, committed 22208K, reserved 1114112K
  class space    used 2798K, committed 2944K, reserved 1048576K
}
Event: 154.419 GC heap after
{Heap after GC invocations=68 (full 0):
 garbage-first heap   total 520192K, used 200052K [0x0000000704800000, 0x0000000800000000)
  region size 2048K, 2 young (4096K), 2 survivors (4096K)
 Metaspace       used 21853K, committed 22208K, reserved 1114112K
  class space    used 2798K, committed 2944K, reserved 1048576K
}
Event: 157.593 GC heap before
{Heap before GC invocations=68 (full 0):
 garbage-first heap   total 520192K, used 484724K [0x0000000704800000, 0x0000000800000000)
  region size 2048K, 141 young (288768K), 2 survivors (4096K)
 Metaspace       used 21853K, committed 22208K, reserved 1114112K
  class space    used 2798K, committed 2944K, reserved 1048576K
}
Event: 157.594 GC heap after
{Heap after GC invocations=69 (full 0):
 garbage-first heap   total 520192K, used 200056K [0x0000000704800000, 0x0000000800000000)
  region size 2048K, 2 young (4096K), 2 survivors (4096K)
 Metaspace       used 21853K, committed 22208K, reserved 1114112K
  class space    used 2798K, committed 2944K, reserved 1048576K
}
Event: 158.712 GC heap before
{Heap before GC invocations=69 (full 0):
 garbage-first heap   total 520192K, used 482680K [0x0000000704800000, 0x0000000800000000)
  region size 2048K, 141 young (288768K), 2 survivors (4096K)
 Metaspace       used 21903K, committed 22208K, reserved 1114112K
  class space    used 2798K, committed 2944K, reserved 1048576K
}
Event: 158.716 GC heap after
{Heap after GC invocations=70 (full 0):
 garbage-first heap   total 520192K, used 203047K [0x0000000704800000, 0x0000000800000000)
  region size 2048K, 3 young (6144K), 3 survivors (6144K)
 Metaspace       used 21903K, committed 22208K, reserved 1114112K
  class space    used 2798K, committed 2944K, reserved 1048576K
}
Event: 159.947 GC heap before
{Heap before GC invocations=70 (full 0):
 garbage-first heap   total 520192K, used 483623K [0x0000000704800000, 0x0000000800000000)
  region size 2048K, 140 young (286720K), 3 survivors (6144K)
 Metaspace       used 21905K, committed 22208K, reserved 1114112K
  class space    used 2798K, committed 2944K, reserved 1048576K
}
Event: 159.950 GC heap after
{Heap after GC invocations=71 (full 0):
 garbage-first heap   total 520192K, used 203275K [0x0000000704800000, 0x0000000800000000)
  region size 2048K, 3 young (6144K), 3 survivors (6144K)
 Metaspace       used 21905K, committed 22208K, reserved 1114112K
  class space    used 2798K, committed 2944K, reserved 1048576K
}
Event: 162.673 GC heap before
{Heap before GC invocations=71 (full 0):
 garbage-first heap   total 520192K, used 483851K [0x0000000704800000, 0x0000000800000000)
  region size 2048K, 140 young (286720K), 3 survivors (6144K)
 Metaspace       used 21908K, committed 22208K, reserved 1114112K
  class space    used 2798K, committed 2944K, reserved 1048576K
}
Event: 162.677 GC heap after
{Heap after GC invocations=72 (full 0):
 garbage-first heap   total 520192K, used 203035K [0x0000000704800000, 0x0000000800000000)
  region size 2048K, 3 young (6144K), 3 survivors (6144K)
 Metaspace       used 21908K, committed 22208K, reserved 1114112K
  class space    used 2798K, committed 2944K, reserved 1048576K
}
Event: 166.144 GC heap before
{Heap before GC invocations=72 (full 0):
 garbage-first heap   total 520192K, used 483611K [0x0000000704800000, 0x0000000800000000)
  region size 2048K, 140 young (286720K), 3 survivors (6144K)
 Metaspace       used 21908K, committed 22208K, reserved 1114112K
  class space    used 2798K, committed 2944K, reserved 1048576K
}
Event: 166.147 GC heap after
{Heap after GC invocations=73 (full 0):
 garbage-first heap   total 520192K, used 202845K [0x0000000704800000, 0x0000000800000000)
  region size 2048K, 3 young (6144K), 3 survivors (6144K)
 Metaspace       used 21908K, committed 22208K, reserved 1114112K
  class space    used 2798K, committed 2944K, reserved 1048576K
}
Event: 170.067 GC heap before
{Heap before GC invocations=73 (full 0):
 garbage-first heap   total 520192K, used 483421K [0x0000000704800000, 0x0000000800000000)
  region size 2048K, 140 young (286720K), 3 survivors (6144K)
 Metaspace       used 21908K, committed 22208K, reserved 1114112K
  class space    used 2798K, committed 2944K, reserved 1048576K
}
Event: 170.070 GC heap after
{Heap after GC invocations=74 (full 0):
 garbage-first heap   total 520192K, used 202887K [0x0000000704800000, 0x0000000800000000)
  region size 2048K, 3 young (6144K), 3 survivors (6144K)
 Metaspace       used 21908K, committed 22208K, reserved 1114112K
  class space    used 2798K, committed 2944K, reserved 1048576K
}
Event: 172.817 GC heap before
{Heap before GC invocations=74 (full 0):
 garbage-first heap   total 520192K, used 483463K [0x0000000704800000, 0x0000000800000000)
  region size 2048K, 140 young (286720K), 3 survivors (6144K)
 Metaspace       used 21956K, committed 22272K, reserved 1114112K
  class space    used 2798K, committed 2944K, reserved 1048576K
}
Event: 172.821 GC heap after
{Heap after GC invocations=75 (full 0):
 garbage-first heap   total 520192K, used 203391K [0x0000000704800000, 0x0000000800000000)
  region size 2048K, 3 young (6144K), 3 survivors (6144K)
 Metaspace       used 21956K, committed 22272K, reserved 1114112K
  class space    used 2798K, committed 2944K, reserved 1048576K
}

