# JRE version: Java(TM) SE Runtime Environment (24.0.2+12) (build 24.0.2+12-54)
# Java VM: Java HotSpot(TM) 64-Bit Server VM (24.0.2+12-54, mixed mode, sharing, tiered, compressed oops, compressed class ptrs, g1 gc, windows-amd64)
GC Precious Log:
 CardTable entry size: 512
 Card Set container configuration: InlinePtr #cards 4 size 8 Array Of Cards #cards 16 size 48 Howl #buckets 8 coarsen threshold 3686 Howl Bitmap #cards 512 size 80 coarsen threshold 460 Card regions per heap region 1 cards per card region 4096
 CPUs: 12 total, 12 available
 Memory: 16085M
 Large Page Support: Disabled
 NUMA Support: Disabled
 Compressed Oops: Enabled (Zero based)
 Heap Region Size: 2M
 Heap Min Capacity: 8M
 Heap Initial Capacity: 252M
 Heap Max Capacity: 4022M
 Pre-touch: Disabled
 Parallel Workers: 10
 Concurrent Workers: 3
 Concurrent Refinement Workers: 10
 Periodic GC: Disabled
Heap:
 garbage-first heap   total reserved 4118528K, committed 378880K, used 273142K [0x0000000704a00000, 0x0000000800000000)
  region size 2048K, 25 young (51200K), 1 survivors (2048K)
 Metaspace       used 14739K, committed 14976K, reserved 1114112K
  class space    used 1792K, committed 1920K, reserved 1048576K
GC Heap History (20 events):
Event: 7.559 GC heap before
{Heap before GC invocations=17 (full 0):
 garbage-first heap   total reserved 4118528K, committed 313344K, used 222775K [0x0000000704a00000, 0x0000000800000000)
  region size 2048K, 91 young (186368K), 1 survivors (2048K)
 Metaspace       used 12911K, committed 13120K, reserved 1114112K
  class space    used 1470K, committed 1536K, reserved 1048576K
}
Event: 7.560 GC heap after
{Heap after GC invocations=18 (full 0):
 garbage-first heap   total reserved 4118528K, committed 313344K, used 38324K [0x0000000704a00000, 0x0000000800000000)
  region size 2048K, 1 young (2048K), 1 survivors (2048K)
 Metaspace       used 12911K, committed 13120K, reserved 1114112K
  class space    used 1470K, committed 1536K, reserved 1048576K
}
Event: 7.874 GC heap before
{Heap before GC invocations=18 (full 0):
 garbage-first heap   total reserved 4118528K, committed 313344K, used 222644K [0x0000000704a00000, 0x0000000800000000)
  region size 2048K, 91 young (186368K), 1 survivors (2048K)
 Metaspace       used 12914K, committed 13120K, reserved 1114112K
  class space    used 1470K, committed 1536K, reserved 1048576K
}
Event: 7.874 GC heap after
{Heap after GC invocations=19 (full 0):
 garbage-first heap   total reserved 4118528K, committed 313344K, used 38319K [0x0000000704a00000, 0x0000000800000000)
  region size 2048K, 1 young (2048K), 1 survivors (2048K)
 Metaspace       used 12914K, committed 13120K, reserved 1114112K
  class space    used 1470K, committed 1536K, reserved 1048576K
}
Event: 8.097 GC heap before
{Heap before GC invocations=19 (full 0):
 garbage-first heap   total reserved 4118528K, committed 313344K, used 222639K [0x0000000704a00000, 0x0000000800000000)
  region size 2048K, 91 young (186368K), 1 survivors (2048K)
 Metaspace       used 12915K, committed 13120K, reserved 1114112K
  class space    used 1470K, committed 1536K, reserved 1048576K
}
Event: 8.098 GC heap after
{Heap after GC invocations=20 (full 0):
 garbage-first heap   total reserved 4118528K, committed 313344K, used 38335K [0x0000000704a00000, 0x0000000800000000)
  region size 2048K, 1 young (2048K), 1 survivors (2048K)
 Metaspace       used 12915K, committed 13120K, reserved 1114112K
  class space    used 1470K, committed 1536K, reserved 1048576K
}
Event: 8.212 GC heap before
{Heap before GC invocations=20 (full 0):
 garbage-first heap   total reserved 4118528K, committed 313344K, used 222655K [0x0000000704a00000, 0x0000000800000000)
  region size 2048K, 91 young (186368K), 1 survivors (2048K)
 Metaspace       used 12915K, committed 13120K, reserved 1114112K
  class space    used 1470K, committed 1536K, reserved 1048576K
}
Event: 8.212 GC heap after
{Heap after GC invocations=21 (full 0):
 garbage-first heap   total reserved 4118528K, committed 313344K, used 38337K [0x0000000704a00000, 0x0000000800000000)
  region size 2048K, 1 young (2048K), 1 survivors (2048K)
 Metaspace       used 12915K, committed 13120K, reserved 1114112K
  class space    used 1470K, committed 1536K, reserved 1048576K
}
Event: 8.377 GC heap before
{Heap before GC invocations=21 (full 0):
 garbage-first heap   total reserved 4118528K, committed 313344K, used 222657K [0x0000000704a00000, 0x0000000800000000)
  region size 2048K, 91 young (186368K), 1 survivors (2048K)
 Metaspace       used 12919K, committed 13120K, reserved 1114112K
  class space    used 1470K, committed 1536K, reserved 1048576K
}
Event: 8.378 GC heap after
{Heap after GC invocations=22 (full 0):
 garbage-first heap   total reserved 4118528K, committed 313344K, used 38344K [0x0000000704a00000, 0x0000000800000000)
  region size 2048K, 1 young (2048K), 1 survivors (2048K)
 Metaspace       used 12919K, committed 13120K, reserved 1114112K
  class space    used 1470K, committed 1536K, reserved 1048576K
}
Event: 8.589 GC heap before
{Heap before GC invocations=22 (full 0):
 garbage-first heap   total reserved 4118528K, committed 313344K, used 222664K [0x0000000704a00000, 0x0000000800000000)
  region size 2048K, 91 young (186368K), 1 survivors (2048K)
 Metaspace       used 12925K, committed 13120K, reserved 1114112K
  class space    used 1470K, committed 1536K, reserved 1048576K
}
Event: 8.589 GC heap after
{Heap after GC invocations=23 (full 0):
 garbage-first heap   total reserved 4118528K, committed 313344K, used 38345K [0x0000000704a00000, 0x0000000800000000)
  region size 2048K, 1 young (2048K), 1 survivors (2048K)
 Metaspace       used 12925K, committed 13120K, reserved 1114112K
  class space    used 1470K, committed 1536K, reserved 1048576K
}
Event: 9.750 GC heap before
{Heap before GC invocations=23 (full 0):
 garbage-first heap   total reserved 4118528K, committed 313344K, used 179657K [0x0000000704a00000, 0x0000000800000000)
  region size 2048K, 23 young (47104K), 1 survivors (2048K)
 Metaspace       used 13094K, committed 13312K, reserved 1114112K
  class space    used 1504K, committed 1600K, reserved 1048576K
}
Event: 9.753 GC heap after
{Heap after GC invocations=24 (full 0):
 garbage-first heap   total reserved 4118528K, committed 313344K, used 147625K [0x0000000704a00000, 0x0000000800000000)
  region size 2048K, 5 young (10240K), 5 survivors (10240K)
 Metaspace       used 13094K, committed 13312K, reserved 1114112K
  class space    used 1504K, committed 1600K, reserved 1048576K
}
Event: 15.024 GC heap before
{Heap before GC invocations=25 (full 0):
 garbage-first heap   total reserved 4118528K, committed 313344K, used 307369K [0x0000000704a00000, 0x0000000800000000)
  region size 2048K, 51 young (104448K), 5 survivors (10240K)
 Metaspace       used 13333K, committed 13504K, reserved 1114112K
  class space    used 1526K, committed 1600K, reserved 1048576K
}
Event: 15.030 GC heap after
{Heap after GC invocations=26 (full 0):
 garbage-first heap   total reserved 4118528K, committed 331776K, used 224560K [0x0000000704a00000, 0x0000000800000000)
  region size 2048K, 9 young (18432K), 9 survivors (18432K)
 Metaspace       used 13333K, committed 13504K, reserved 1114112K
  class space    used 1526K, committed 1600K, reserved 1048576K
}
Event: 16.717 GC heap before
{Heap before GC invocations=26 (full 0):
 garbage-first heap   total reserved 4118528K, committed 331776K, used 292144K [0x0000000704a00000, 0x0000000800000000)
  region size 2048K, 42 young (86016K), 9 survivors (18432K)
 Metaspace       used 13344K, committed 13504K, reserved 1114112K
  class space    used 1527K, committed 1600K, reserved 1048576K
}
Event: 16.722 GC heap after
{Heap after GC invocations=27 (full 0):
 garbage-first heap   total reserved 4118528K, committed 331776K, used 224230K [0x0000000704a00000, 0x0000000800000000)
  region size 2048K, 1 young (2048K), 1 survivors (2048K)
 Metaspace       used 13344K, committed 13504K, reserved 1114112K
  class space    used 1527K, committed 1600K, reserved 1048576K
}
Event: 20.347 GC heap before
{Heap before GC invocations=27 (full 0):
 garbage-first heap   total reserved 4118528K, committed 331776K, used 306150K [0x0000000704a00000, 0x0000000800000000)
  region size 2048K, 42 young (86016K), 1 survivors (2048K)
 Metaspace       used 14720K, committed 14976K, reserved 1114112K
  class space    used 1788K, committed 1920K, reserved 1048576K
}
Event: 20.349 GC heap after
{Heap after GC invocations=28 (full 0):
 garbage-first heap   total reserved 4118528K, committed 331776K, used 226038K [0x0000000704a00000, 0x0000000800000000)
  region size 2048K, 1 young (2048K), 1 survivors (2048K)
 Metaspace       used 14720K, committed 14976K, reserved 1114112K
  class space    used 1788K, committed 1920K, reserved 1048576K
}

