# JRE version: OpenJDK Runtime Environment (25.0+36) (build 25+36-3489)
# Java VM: OpenJDK 64-Bit Server VM (25+36-3489, mixed mode, sharing, tiered, compressed oops, compressed class ptrs, g1 gc, windows-amd64)
GC Precious Log:
 CardTable entry size: 512
 Card Set container configuration: InlinePtr #cards 4 size 8 Array Of Cards #cards 16 size 48 Howl #buckets 8 coarsen threshold 3686 Howl Bitmap #cards 512 size 80 coarsen threshold 460 Card regions per heap region 1 cards per card region 4096
 CPUs: 12 total, 12 available
 Memory: 16027M
 Large Page Support: Disabled
 NUMA Support: Disabled
 Compressed Oops: Enabled (Zero based)
 Heap Region Size: 2M
 Heap Min Capacity: 8M
 Heap Initial Capacity: 252M
 Heap Max Capacity: 4008M
 Pre-touch: Disabled
 Parallel Workers: 10
 Concurrent Workers: 3
 Concurrent Refinement Workers: 10
 Periodic GC: Disabled
Heap:
 garbage-first heap   total reserved 4104192K, committed 548864K, used 451625K [0x0000000705800000, 0x0000000800000000)
  region size 2048K, 72 young (147456K), 1 survivors (2048K)
GC Heap Usage History (20 events):
Event: 26.813 {heap Before GC invocations=19 (full 0):
 garbage-first heap   total reserved 4104192K, committed 522240K, used 473974K [0x0000000705800000, 0x0000000800000000)
  region size 2048K, 82 young (167936K), 1 survivors (2048K)
}
Event: 26.819 {heap After GC invocations=20 (full 0):
 garbage-first heap   total reserved 4104192K, committed 522240K, used 310115K [0x0000000705800000, 0x0000000800000000)
  region size 2048K, 1 young (2048K), 1 survivors (2048K)
}
Event: 29.208 {heap Before GC invocations=21 (full 0):
 garbage-first heap   total reserved 4104192K, committed 536576K, used 533347K [0x0000000705800000, 0x0000000800000000)
  region size 2048K, 71 young (145408K), 1 survivors (2048K)
}
Event: 29.213 {heap After GC invocations=22 (full 0):
 garbage-first heap   total reserved 4104192K, committed 538624K, used 310163K [0x0000000705800000, 0x0000000800000000)
  region size 2048K, 1 young (2048K), 1 survivors (2048K)
}
Event: 31.577 {heap Before GC invocations=22 (full 0):
 garbage-first heap   total reserved 4104192K, committed 538624K, used 535443K [0x0000000705800000, 0x0000000800000000)
  region size 2048K, 72 young (147456K), 1 survivors (2048K)
}
Event: 31.581 {heap After GC invocations=23 (full 0):
 garbage-first heap   total reserved 4104192K, committed 540672K, used 308448K [0x0000000705800000, 0x0000000800000000)
  region size 2048K, 1 young (2048K), 1 survivors (2048K)
}
Event: 32.769 {heap Before GC invocations=23 (full 0):
 garbage-first heap   total reserved 4104192K, committed 540672K, used 451808K [0x0000000705800000, 0x0000000800000000)
  region size 2048K, 72 young (147456K), 1 survivors (2048K)
}
Event: 32.772 {heap After GC invocations=24 (full 0):
 garbage-first heap   total reserved 4104192K, committed 540672K, used 308364K [0x0000000705800000, 0x0000000800000000)
  region size 2048K, 1 young (2048K), 1 survivors (2048K)
}
Event: 34.100 {heap Before GC invocations=25 (full 0):
 garbage-first heap   total reserved 4104192K, committed 540672K, used 537740K [0x0000000705800000, 0x0000000800000000)
  region size 2048K, 74 young (151552K), 1 survivors (2048K)
}
Event: 34.104 {heap After GC invocations=26 (full 0):
 garbage-first heap   total reserved 4104192K, committed 542720K, used 308439K [0x0000000705800000, 0x0000000800000000)
  region size 2048K, 1 young (2048K), 1 survivors (2048K)
}
Event: 35.768 {heap Before GC invocations=26 (full 0):
 garbage-first heap   total reserved 4104192K, committed 542720K, used 539863K [0x0000000705800000, 0x0000000800000000)
  region size 2048K, 75 young (153600K), 1 survivors (2048K)
}
Event: 35.773 {heap After GC invocations=27 (full 0):
 garbage-first heap   total reserved 4104192K, committed 546816K, used 308568K [0x0000000705800000, 0x0000000800000000)
  region size 2048K, 1 young (2048K), 1 survivors (2048K)
}
Event: 36.192 {heap Before GC invocations=27 (full 0):
 garbage-first heap   total reserved 4104192K, committed 546816K, used 392536K [0x0000000705800000, 0x0000000800000000)
  region size 2048K, 43 young (88064K), 1 survivors (2048K)
}
Event: 36.196 {heap After GC invocations=28 (full 0):
 garbage-first heap   total reserved 4104192K, committed 546816K, used 308458K [0x0000000705800000, 0x0000000800000000)
  region size 2048K, 1 young (2048K), 1 survivors (2048K)
}
Event: 36.632 {heap Before GC invocations=29 (full 0):
 garbage-first heap   total reserved 4104192K, committed 546816K, used 543978K [0x0000000705800000, 0x0000000800000000)
  region size 2048K, 77 young (157696K), 1 survivors (2048K)
}
Event: 36.637 {heap After GC invocations=30 (full 0):
 garbage-first heap   total reserved 4104192K, committed 548864K, used 308540K [0x0000000705800000, 0x0000000800000000)
  region size 2048K, 1 young (2048K), 1 survivors (2048K)
}
Event: 37.387 {heap Before GC invocations=30 (full 0):
 garbage-first heap   total reserved 4104192K, committed 548864K, used 519484K [0x0000000705800000, 0x0000000800000000)
  region size 2048K, 104 young (212992K), 1 survivors (2048K)
}
Event: 37.391 {heap After GC invocations=31 (full 0):
 garbage-first heap   total reserved 4104192K, committed 548864K, used 308202K [0x0000000705800000, 0x0000000800000000)
  region size 2048K, 1 young (2048K), 1 survivors (2048K)
}
Event: 37.666 {heap Before GC invocations=31 (full 0):
 garbage-first heap   total reserved 4104192K, committed 548864K, used 517098K [0x0000000705800000, 0x0000000800000000)
  region size 2048K, 103 young (210944K), 1 survivors (2048K)
}
Event: 37.668 {heap After GC invocations=32 (full 0):
 garbage-first heap   total reserved 4104192K, committed 548864K, used 308265K [0x0000000705800000, 0x0000000800000000)
  region size 2048K, 1 young (2048K), 1 survivors (2048K)
}

