# JRE version: Java(TM) SE Runtime Environment (21.0.8+12) (build 21.0.8+12-LTS-250)
# Java VM: Java HotSpot(TM) 64-Bit Server VM (21.0.8+12-LTS-250, mixed mode, sharing, tiered, compressed oops, compressed class ptrs, g1 gc, windows-amd64)
GC Precious Log:
 CardTable entry size: 512
 Card Set container configuration: InlinePtr #cards 5 size 8 Array Of Cards #cards 12 size 40 Howl #buckets 4 coarsen threshold 1843 Howl Bitmap #cards 512 size 80 coarsen threshold 460 Card regions per heap region 1 cards per card region 2048
 CPUs: 4 total, 4 available
 Memory: 8061M
 Large Page Support: Disabled
 NUMA Support: Disabled
 Compressed Oops: Enabled (32-bit)
 Heap Region Size: 1M
 Heap Min Capacity: 8M
 Heap Initial Capacity: 126M
 Heap Max Capacity: 2016M
 Pre-touch: Disabled
 Parallel Workers: 4
 Concurrent Workers: 1
 Concurrent Refinement Workers: 4
 Periodic GC: Disabled
Heap:
 garbage-first heap   total 350208K, used 309899K [0x0000000082000000, 0x0000000100000000)
  region size 1024K, 102 young (104448K), 1 survivors (1024K)
 Metaspace       used 22250K, committed 22528K, reserved 1114112K
  class space    used 2718K, committed 2816K, reserved 1048576K
GC Heap History (20 events):
Event: 377.008 GC heap before
{Heap before GC invocations=27 (full 0):
 garbage-first heap   total 350208K, used 324546K [0x0000000082000000, 0x0000000100000000)
  region size 1024K, 120 young (122880K), 6 survivors (6144K)
 Metaspace       used 22241K, committed 22528K, reserved 1114112K
  class space    used 2716K, committed 2816K, reserved 1048576K
}
Event: 377.014 GC heap after
{Heap after GC invocations=28 (full 0):
 garbage-first heap   total 350208K, used 207578K [0x0000000082000000, 0x0000000100000000)
  region size 1024K, 6 young (6144K), 6 survivors (6144K)
 Metaspace       used 22241K, committed 22528K, reserved 1114112K
  class space    used 2716K, committed 2816K, reserved 1048576K
}
Event: 414.549 GC heap before
{Heap before GC invocations=29 (full 0):
 garbage-first heap   total 350208K, used 324314K [0x0000000082000000, 0x0000000100000000)
  region size 1024K, 120 young (122880K), 6 survivors (6144K)
 Metaspace       used 22241K, committed 22528K, reserved 1114112K
  class space    used 2716K, committed 2816K, reserved 1048576K
}
Event: 414.556 GC heap after
{Heap after GC invocations=30 (full 0):
 garbage-first heap   total 350208K, used 207810K [0x0000000082000000, 0x0000000100000000)
  region size 1024K, 6 young (6144K), 6 survivors (6144K)
 Metaspace       used 22241K, committed 22528K, reserved 1114112K
  class space    used 2716K, committed 2816K, reserved 1048576K
}
Event: 452.197 GC heap before
{Heap before GC invocations=30 (full 0):
 garbage-first heap   total 350208K, used 324546K [0x0000000082000000, 0x0000000100000000)
  region size 1024K, 120 young (122880K), 6 survivors (6144K)
 Metaspace       used 22241K, committed 22528K, reserved 1114112K
  class space    used 2716K, committed 2816K, reserved 1048576K
}
Event: 452.203 GC heap after
{Heap after GC invocations=31 (full 0):
 garbage-first heap   total 350208K, used 208068K [0x0000000082000000, 0x0000000100000000)
  region size 1024K, 6 young (6144K), 6 survivors (6144K)
 Metaspace       used 22241K, committed 22528K, reserved 1114112K
  class space    used 2716K, committed 2816K, reserved 1048576K
}
Event: 489.809 GC heap before
{Heap before GC invocations=31 (full 0):
 garbage-first heap   total 350208K, used 324804K [0x0000000082000000, 0x0000000100000000)
  region size 1024K, 120 young (122880K), 6 survivors (6144K)
 Metaspace       used 22241K, committed 22528K, reserved 1114112K
  class space    used 2716K, committed 2816K, reserved 1048576K
}
Event: 489.815 GC heap after
{Heap after GC invocations=32 (full 0):
 garbage-first heap   total 350208K, used 207787K [0x0000000082000000, 0x0000000100000000)
  region size 1024K, 6 young (6144K), 6 survivors (6144K)
 Metaspace       used 22241K, committed 22528K, reserved 1114112K
  class space    used 2716K, committed 2816K, reserved 1048576K
}
Event: 527.303 GC heap before
{Heap before GC invocations=33 (full 0):
 garbage-first heap   total 350208K, used 324523K [0x0000000082000000, 0x0000000100000000)
  region size 1024K, 120 young (122880K), 6 survivors (6144K)
 Metaspace       used 22241K, committed 22528K, reserved 1114112K
  class space    used 2716K, committed 2816K, reserved 1048576K
}
Event: 527.308 GC heap after
{Heap after GC invocations=34 (full 0):
 garbage-first heap   total 350208K, used 207942K [0x0000000082000000, 0x0000000100000000)
  region size 1024K, 6 young (6144K), 6 survivors (6144K)
 Metaspace       used 22241K, committed 22528K, reserved 1114112K
  class space    used 2716K, committed 2816K, reserved 1048576K
}
Event: 564.782 GC heap before
{Heap before GC invocations=34 (full 0):
 garbage-first heap   total 350208K, used 324678K [0x0000000082000000, 0x0000000100000000)
  region size 1024K, 120 young (122880K), 6 survivors (6144K)
 Metaspace       used 22241K, committed 22528K, reserved 1114112K
  class space    used 2716K, committed 2816K, reserved 1048576K
}
Event: 564.786 GC heap after
{Heap after GC invocations=35 (full 0):
 garbage-first heap   total 350208K, used 207782K [0x0000000082000000, 0x0000000100000000)
  region size 1024K, 1 young (1024K), 1 survivors (1024K)
 Metaspace       used 22241K, committed 22528K, reserved 1114112K
  class space    used 2716K, committed 2816K, reserved 1048576K
}
Event: 604.498 GC heap before
{Heap before GC invocations=35 (full 0):
 garbage-first heap   total 350208K, used 330662K [0x0000000082000000, 0x0000000100000000)
  region size 1024K, 121 young (123904K), 1 survivors (1024K)
 Metaspace       used 22241K, committed 22528K, reserved 1114112K
  class space    used 2716K, committed 2816K, reserved 1048576K
}
Event: 604.500 GC heap after
{Heap after GC invocations=36 (full 0):
 garbage-first heap   total 350208K, used 207979K [0x0000000082000000, 0x0000000100000000)
  region size 1024K, 1 young (1024K), 1 survivors (1024K)
 Metaspace       used 22241K, committed 22528K, reserved 1114112K
  class space    used 2716K, committed 2816K, reserved 1048576K
}
Event: 643.775 GC heap before
{Heap before GC invocations=37 (full 0):
 garbage-first heap   total 350208K, used 329835K [0x0000000082000000, 0x0000000100000000)
  region size 1024K, 120 young (122880K), 1 survivors (1024K)
 Metaspace       used 22241K, committed 22528K, reserved 1114112K
  class space    used 2716K, committed 2816K, reserved 1048576K
}
Event: 643.777 GC heap after
{Heap after GC invocations=38 (full 0):
 garbage-first heap   total 350208K, used 207755K [0x0000000082000000, 0x0000000100000000)
  region size 1024K, 1 young (1024K), 1 survivors (1024K)
 Metaspace       used 22241K, committed 22528K, reserved 1114112K
  class space    used 2716K, committed 2816K, reserved 1048576K
}
Event: 684.329 GC heap before
{Heap before GC invocations=38 (full 0):
 garbage-first heap   total 350208K, used 329611K [0x0000000082000000, 0x0000000100000000)
  region size 1024K, 120 young (122880K), 1 survivors (1024K)
 Metaspace       used 22241K, committed 22528K, reserved 1114112K
  class space    used 2716K, committed 2816K, reserved 1048576K
}
Event: 684.331 GC heap after
{Heap after GC invocations=39 (full 0):
 garbage-first heap   total 350208K, used 207502K [0x0000000082000000, 0x0000000100000000)
  region size 1024K, 1 young (1024K), 1 survivors (1024K)
 Metaspace       used 22241K, committed 22528K, reserved 1114112K
  class space    used 2716K, committed 2816K, reserved 1048576K
}
Event: 723.999 GC heap before
{Heap before GC invocations=39 (full 0):
 garbage-first heap   total 350208K, used 329358K [0x0000000082000000, 0x0000000100000000)
  region size 1024K, 120 young (122880K), 1 survivors (1024K)
 Metaspace       used 22241K, committed 22528K, reserved 1114112K
  class space    used 2716K, committed 2816K, reserved 1048576K
}
Event: 724.001 GC heap after
{Heap after GC invocations=40 (full 0):
 garbage-first heap   total 350208K, used 207499K [0x0000000082000000, 0x0000000100000000)
  region size 1024K, 1 young (1024K), 1 survivors (1024K)
 Metaspace       used 22241K, committed 22528K, reserved 1114112K
  class space    used 2716K, committed 2816K, reserved 1048576K
}

